#
# There is insufficient memory for the Java Runtime Environment to continue.
# Native memory allocation (malloc) failed to allocate 70254592 bytes for committing reserved memory.
# Possible reasons:
#   The system is out of physical RAM or swap space
#   In 32 bit mode, the process size limit was hit
# Possible solutions:
#   Reduce memory load on the system
#   Increase physical memory or swap space
#   Check if swap backing store is full
#   Use 64 bit Java on a 64 bit OS
#   Decrease Java heap size (-Xmx/-Xms)
#   Decrease number of Java threads
#   Decrease Java thread stack sizes (-Xss)
#   Set larger code cache with -XX:ReservedCodeCacheSize=
# This output file may be truncated or incomplete.
#
#  Out of Memory Error (os_linux.cpp:2827), pid=5045, tid=140350209484544
#
# JRE version: OpenJDK Runtime Environment (7.0_101) (build 1.7.0_101-b00)
# Java VM: OpenJDK 64-Bit Server VM (24.95-b01 mixed mode linux-amd64 compressed oops)
# Derivative: IcedTea 2.6.6
# Distribution: Debian GNU/Linux 8.2 (jessie), package 7u101-2.6.6-1~deb8u1
# Failed to write core dump. Core dumps have been disabled. To enable core dumping, try "ulimit -c unlimited" before starting Java again
#

---------------  T H R E A D  ---------------

Current thread (0x00007fa5d0076000):  VMThread [stack: 0x00007fa5d4516000,0x00007fa5d4617000] [id=5060]

Stack: [0x00007fa5d4516000,0x00007fa5d4617000],  sp=0x00007fa5d46154e0,  free space=1021k
Native frames: (J=compiled Java code, j=interpreted, Vv=VM code, C=native code)
V  [libjvm.so+0x9893b6]
V  [libjvm.so+0x493832]
V  [libjvm.so+0x7fb2db]
V  [libjvm.so+0x7f59be]
V  [libjvm.so+0x86937b]
V  [libjvm.so+0x86a233]
V  [libjvm.so+0x86a94b]
V  [libjvm.so+0x8662b1]
V  [libjvm.so+0x866b28]
V  [libjvm.so+0x81e603]
V  [libjvm.so+0x98ac82]
V  [libjvm.so+0x98f107]
V  [libjvm.so+0x98d87b]
V  [libjvm.so+0x98df26]
V  [libjvm.so+0x98e3f1]
V  [libjvm.so+0x7f8202]

VM_Operation (0x00007fa5c8808130): ParallelGCFailedAllocation, mode: safepoint, requested by thread 0x00007fa5d0197800


---------------  P R O C E S S  ---------------

Java Threads: ( => current thread )
  0x00007fa5d0197800 JavaThread "pool-1-thread-4" [_thread_blocked, id=5078, stack(0x00007fa5c8709000,0x00007fa5c880a000)]
  0x00007fa5d0196800 JavaThread "pool-1-thread-3" [_thread_blocked, id=5077, stack(0x00007fa5c880a000,0x00007fa5c890b000)]
  0x00007fa5d0194800 JavaThread "pool-1-thread-2" [_thread_blocked, id=5076, stack(0x00007fa5c890b000,0x00007fa5c8a0c000)]
  0x00007fa5d0191000 JavaThread "pool-2-thread-1" [_thread_blocked, id=5075, stack(0x00007fa5c8a0c000,0x00007fa5c8b0d000)]
  0x00007fa5d018f800 JavaThread "pool-1-thread-1" [_thread_blocked, id=5074, stack(0x00007fa5c8b0d000,0x00007fa5c8c0e000)]
  0x00007fa5d00b1000 JavaThread "Service Thread" daemon [_thread_blocked, id=5066, stack(0x00007fa5ca7cd000,0x00007fa5ca8ce000)]
  0x00007fa5d00ae800 JavaThread "C2 CompilerThread1" daemon [_thread_blocked, id=5065, stack(0x00007fa5ca8ce000,0x00007fa5ca9cf000)]
  0x00007fa5d00ab800 JavaThread "C2 CompilerThread0" daemon [_thread_in_native, id=5064, stack(0x00007fa5ca9cf000,0x00007fa5caad0000)]
  0x00007fa5d00a9800 JavaThread "Signal Dispatcher" daemon [_thread_blocked, id=5063, stack(0x00007fa5d408a000,0x00007fa5d418b000)]
  0x00007fa5d007c800 JavaThread "Finalizer" daemon [_thread_blocked, id=5062, stack(0x00007fa5d4314000,0x00007fa5d4415000)]
  0x00007fa5d007a800 JavaThread "Reference Handler" daemon [_thread_blocked, id=5061, stack(0x00007fa5d4415000,0x00007fa5d4516000)]
  0x00007fa5d000a800 JavaThread "main" [_thread_blocked, id=5046, stack(0x00007fa5d96f7000,0x00007fa5d97f8000)]

Other Threads:
=>0x00007fa5d0076000 VMThread [stack: 0x00007fa5d4516000,0x00007fa5d4617000] [id=5060]
  0x00007fa5d00bb800 WatcherThread [stack: 0x00007fa5ca6cc000,0x00007fa5ca7cd000] [id=5067]

VM state:at safepoint (normal execution)

VM Mutex/Monitor currently owned by a thread:  ([mutex/lock_event])
[0x00007fa5d0006b40] Threads_lock - owner thread: 0x00007fa5d0076000
[0x00007fa5d0007040] Heap_lock - owner thread: 0x00007fa5d0197800

Heap
 PSYoungGen      total 69632K, used 9187K [0x00000000eaa80000, 0x00000000ef880000, 0x0000000100000000)
  eden space 60416K, 0% used [0x00000000eaa80000,0x00000000eaa80000,0x00000000ee580000)
  from space 9216K, 99% used [0x00000000ee580000,0x00000000eee78d60,0x00000000eee80000)
  to   space 8192K, 0% used [0x00000000eee80000,0x00000000eee80000,0x00000000ef680000)
 ParOldGen       total 40960K, used 20602K [0x00000000c0000000, 0x00000000c2800000, 0x00000000eaa80000)
  object space 40960K, 50% used [0x00000000c0000000,0x00000000c141e898,0x00000000c2800000)
 PSPermGen       total 21504K, used 6349K [0x00000000b5a00000, 0x00000000b6f00000, 0x00000000c0000000)
  object space 21504K, 29% used [0x00000000b5a00000,0x00000000b6033448,0x00000000b6f00000)

Card table byte_map: [0x00007fa5d60bf000,0x00007fa5d6313000] byte_map_base: 0x00007fa5d5b12000

Polling page: 0x00007fa5d9817000

Code Cache  [0x00007fa5cd000000, 0x00007fa5cd270000, 0x00007fa5d0000000)
 total_blobs=513 nmethods=282 adapters=184 free_code_cache=47892Kb largest_free_block=48999488

Compilation events (10 events):
Event: 16,767 Thread 0x00007fa5d00ae800 nmethod 283 0x00007fa5cd0f9210 code [0x00007fa5cd0f93a0, 0x00007fa5cd0f97b8]
Event: 16,768 Thread 0x00007fa5d00ae800  284             com.android.dx.rop.code.RegisterSpecSet::intersect (117 bytes)
Event: 16,826 Thread 0x00007fa5d00ae800 nmethod 284 0x00007fa5cd115290 code [0x00007fa5cd115440, 0x00007fa5cd115bf8]
Event: 16,826 Thread 0x00007fa5d00ae800  285             com.android.dx.ssa.SsaMethod$2::visitNonMoveInsn (6 bytes)
Event: 16,826 Thread 0x00007fa5d00ae800 nmethod 285 0x00007fa5cd07d090 code [0x00007fa5cd07d1e0, 0x00007fa5cd07d248]
Event: 16,826 Thread 0x00007fa5d00ae800  286             com.android.dx.util.FixedSizeList::hashCode (8 bytes)
Event: 16,829 Thread 0x00007fa5d00ae800 nmethod 286 0x00007fa5cd114dd0 code [0x00007fa5cd114f20, 0x00007fa5cd115098]
Event: 16,829 Thread 0x00007fa5d00ae800  287             com.android.dx.ssa.Dominators::compress (229 bytes)
Event: 17,009 Thread 0x00007fa5d00ae800 nmethod 287 0x00007fa5cd12eed0 code [0x00007fa5cd12f1c0, 0x00007fa5cd1302c0]
Event: 17,009 Thread 0x00007fa5d00ae800  288             com.android.dx.cf.code.BasicBlocker::getBlockList (208 bytes)

GC Heap History (10 events):
Event: 3,729 GC heap after
Heap after GC invocations=2 (full 0):
 PSYoungGen      total 17920K, used 2542K [0x00000000eaa80000, 0x00000000ecd80000, 0x0000000100000000)
  eden space 15360K, 0% used [0x00000000eaa80000,0x00000000eaa80000,0x00000000eb980000)
  from space 2560K, 99% used [0x00000000ebc00000,0x00000000ebe7bb18,0x00000000ebe80000)
  to   space 2560K, 0% used [0x00000000eb980000,0x00000000eb980000,0x00000000ebc00000)
 ParOldGen       total 40960K, used 3165K [0x00000000c0000000, 0x00000000c2800000, 0x00000000eaa80000)
  object space 40960K, 7% used [0x00000000c0000000,0x00000000c0317518,0x00000000c2800000)
 PSPermGen       total 21504K, used 6156K [0x00000000b5a00000, 0x00000000b6f00000, 0x00000000c0000000)
  object space 21504K, 28% used [0x00000000b5a00000,0x00000000b6003180,0x00000000b6f00000)
}
Event: 5,134 GC heap before
{Heap before GC invocations=3 (full 0):
 PSYoungGen      total 17920K, used 17902K [0x00000000eaa80000, 0x00000000ecd80000, 0x0000000100000000)
  eden space 15360K, 100% used [0x00000000eaa80000,0x00000000eb980000,0x00000000eb980000)
  from space 2560K, 99% used [0x00000000ebc00000,0x00000000ebe7bb18,0x00000000ebe80000)
  to   space 2560K, 0% used [0x00000000eb980000,0x00000000eb980000,0x00000000ebc00000)
 ParOldGen       total 40960K, used 3165K [0x00000000c0000000, 0x00000000c2800000, 0x00000000eaa80000)
  object space 40960K, 7% used [0x00000000c0000000,0x00000000c0317518,0x00000000c2800000)
 PSPermGen       total 21504K, used 6201K [0x00000000b5a00000, 0x00000000b6f00000, 0x00000000c0000000)
  object space 21504K, 28% used [0x00000000b5a00000,0x00000000b600e550,0x00000000b6f00000)
Event: 5,203 GC heap after
Heap after GC invocations=3 (full 0):
 PSYoungGen      total 17920K, used 2528K [0x00000000eaa80000, 0x00000000ecd80000, 0x0000000100000000)
  eden space 15360K, 0% used [0x00000000eaa80000,0x00000000eaa80000,0x00000000eb980000)
  from space 2560K, 98% used [0x00000000eb980000,0x00000000ebbf8048,0x00000000ebc00000)
  to   space 2560K, 0% used [0x00000000ecb00000,0x00000000ecb00000,0x00000000ecd80000)
 ParOldGen       total 40960K, used 5749K [0x00000000c0000000, 0x00000000c2800000, 0x00000000eaa80000)
  object space 40960K, 14% used [0x00000000c0000000,0x00000000c059d778,0x00000000c2800000)
 PSPermGen       total 21504K, used 6201K [0x00000000b5a00000, 0x00000000b6f00000, 0x00000000c0000000)
  object space 21504K, 28% used [0x00000000b5a00000,0x00000000b600e550,0x00000000b6f00000)
}
Event: 7,194 GC heap before
{Heap before GC invocations=4 (full 0):
 PSYoungGen      total 17920K, used 17888K [0x00000000eaa80000, 0x00000000ecd80000, 0x0000000100000000)
  eden space 15360K, 100% used [0x00000000eaa80000,0x00000000eb980000,0x00000000eb980000)
  from space 2560K, 98% used [0x00000000eb980000,0x00000000ebbf8048,0x00000000ebc00000)
  to   space 2560K, 0% used [0x00000000ecb00000,0x00000000ecb00000,0x00000000ecd80000)
 ParOldGen       total 40960K, used 5749K [0x00000000c0000000, 0x00000000c2800000, 0x00000000eaa80000)
  object space 40960K, 14% used [0x00000000c0000000,0x00000000c059d778,0x00000000c2800000)
 PSPermGen       total 21504K, used 6247K [0x00000000b5a00000, 0x00000000b6f00000, 0x00000000c0000000)
  object space 21504K, 29% used [0x00000000b5a00000,0x00000000b6019ee0,0x00000000b6f00000)
Event: 7,243 GC heap after
Heap after GC invocations=4 (full 0):
 PSYoungGen      total 33280K, used 2529K [0x00000000eaa80000, 0x00000000ecd80000, 0x0000000100000000)
  eden space 30720K, 0% used [0x00000000eaa80000,0x00000000eaa80000,0x00000000ec880000)
  from space 2560K, 98% used [0x00000000ecb00000,0x00000000ecd78440,0x00000000ecd80000)
  to   space 2560K, 0% used [0x00000000ec880000,0x00000000ec880000,0x00000000ecb00000)
 ParOldGen       total 40960K, used 8519K [0x00000000c0000000, 0x00000000c2800000, 0x00000000eaa80000)
  object space 40960K, 20% used [0x00000000c0000000,0x00000000c0851e38,0x00000000c2800000)
 PSPermGen       total 21504K, used 6247K [0x00000000b5a00000, 0x00000000b6f00000, 0x00000000c0000000)
  object space 21504K, 29% used [0x00000000b5a00000,0x00000000b6019ee0,0x00000000b6f00000)
}
Event: 9,885 GC heap before
{Heap before GC invocations=5 (full 0):
 PSYoungGen      total 33280K, used 33249K [0x00000000eaa80000, 0x00000000ecd80000, 0x0000000100000000)
  eden space 30720K, 100% used [0x00000000eaa80000,0x00000000ec880000,0x00000000ec880000)
  from space 2560K, 98% used [0x00000000ecb00000,0x00000000ecd78440,0x00000000ecd80000)
  to   space 2560K, 0% used [0x00000000ec880000,0x00000000ec880000,0x00000000ecb00000)
 ParOldGen       total 40960K, used 8519K [0x00000000c0000000, 0x00000000c2800000, 0x00000000eaa80000)
  object space 40960K, 20% used [0x00000000c0000000,0x00000000c0851e38,0x00000000c2800000)
 PSPermGen       total 21504K, used 6292K [0x00000000b5a00000, 0x00000000b6f00000, 0x00000000c0000000)
  object space 21504K, 29% used [0x00000000b5a00000,0x00000000b60250f8,0x00000000b6f00000)
Event: 9,933 GC heap after
Heap after GC invocations=5 (full 0):
 PSYoungGen      total 33280K, used 2538K [0x00000000eaa80000, 0x00000000ef680000, 0x0000000100000000)
  eden space 30720K, 0% used [0x00000000eaa80000,0x00000000eaa80000,0x00000000ec880000)
  from space 2560K, 99% used [0x00000000ec880000,0x00000000ecafa960,0x00000000ecb00000)
  to   space 8192K, 0% used [0x00000000eee80000,0x00000000eee80000,0x00000000ef680000)
 ParOldGen       total 40960K, used 14025K [0x00000000c0000000, 0x00000000c2800000, 0x00000000eaa80000)
  object space 40960K, 34% used [0x00000000c0000000,0x00000000c0db25f8,0x00000000c2800000)
 PSPermGen       total 21504K, used 6292K [0x00000000b5a00000, 0x00000000b6f00000, 0x00000000c0000000)
  object space 21504K, 29% used [0x00000000b5a00000,0x00000000b60250f8,0x00000000b6f00000)
}
Event: 12,898 GC heap before
{Heap before GC invocations=6 (full 0):
 PSYoungGen      total 33280K, used 33258K [0x00000000eaa80000, 0x00000000ef680000, 0x0000000100000000)
  eden space 30720K, 100% used [0x00000000eaa80000,0x00000000ec880000,0x00000000ec880000)
  from space 2560K, 99% used [0x00000000ec880000,0x00000000ecafa960,0x00000000ecb00000)
  to   space 8192K, 0% used [0x00000000eee80000,0x00000000eee80000,0x00000000ef680000)
 ParOldGen       total 40960K, used 14025K [0x00000000c0000000, 0x00000000c2800000, 0x00000000eaa80000)
  object space 40960K, 34% used [0x00000000c0000000,0x00000000c0db25f8,0x00000000c2800000)
 PSPermGen       total 21504K, used 6305K [0x00000000b5a00000, 0x00000000b6f00000, 0x00000000c0000000)
  object space 21504K, 29% used [0x00000000b5a00000,0x00000000b60284e0,0x00000000b6f00000)
Event: 12,949 GC heap after
Heap after GC invocations=6 (full 0):
 PSYoungGen      total 68608K, used 7425K [0x00000000eaa80000, 0x00000000ef880000, 0x0000000100000000)
  eden space 60416K, 0% used [0x00000000eaa80000,0x00000000eaa80000,0x00000000ee580000)
  from space 8192K, 90% used [0x00000000eee80000,0x00000000ef5c07f0,0x00000000ef680000)
  to   space 9216K, 0% used [0x00000000ee580000,0x00000000ee580000,0x00000000eee80000)
 ParOldGen       total 40960K, used 14025K [0x00000000c0000000, 0x00000000c2800000, 0x00000000eaa80000)
  object space 40960K, 34% used [0x00000000c0000000,0x00000000c0db25f8,0x00000000c2800000)
 PSPermGen       total 21504K, used 6305K [0x00000000b5a00000, 0x00000000b6f00000, 0x00000000c0000000)
  object space 21504K, 29% used [0x00000000b5a00000,0x00000000b60284e0,0x00000000b6f00000)
}
Event: 17,118 GC heap before
{Heap before GC invocations=7 (full 0):
 PSYoungGen      total 68608K, used 67841K [0x00000000eaa80000, 0x00000000ef880000, 0x0000000100000000)
  eden space 60416K, 100% used [0x00000000eaa80000,0x00000000ee580000,0x00000000ee580000)
  from space 8192K, 90% used [0x00000000eee80000,0x00000000ef5c07f0,0x00000000ef680000)
  to   space 9216K, 0% used [0x00000000ee580000,0x00000000ee580000,0x00000000eee80000)
 ParOldGen       total 40960K, used 14025K [0x00000000c0000000, 0x00000000c2800000, 0x00000000eaa80000)
  object space 40960K, 34% used [0x00000000c0000000,0x00000000c0db25f8,0x00000000c2800000)
 PSPermGen       total 21504K, used 6349K [0x00000000b5a00000, 0x00000000b6f00000, 0x00000000c0000000)
  object space 21504K, 29% used [0x00000000b5a00000,0x00000000b6033448,0x00000000b6f00000)

Deoptimization events (10 events):
Event: 2,351 Thread 0x00007fa5d0196800 Uncommon trap: reason=null_check action=make_not_entrant pc=0x00007fa5cd07ff88 method=com.android.dx.rop.code.LocalItem.equals(Ljava/lang/Object;)Z @ 1
Event: 3,305 Thread 0x00007fa5d0197800 Uncommon trap: reason=unstable_if action=reinterpret pc=0x00007fa5cd099c84 method=com.android.dx.rop.cst.Constant.compareTo(Lcom/android/dx/rop/cst/Constant;)I @ 12
Event: 3,747 Thread 0x00007fa5d0196800 Uncommon trap: reason=unstable_if action=reinterpret pc=0x00007fa5cd0932ac method=com.android.dx.rop.code.RegisterSpec.equals(ILcom/android/dx/rop/type/TypeBearer;Lcom/android/dx/rop/code/LocalItem;)Z @ 42
Event: 6,683 Thread 0x00007fa5d018f800 Uncommon trap: reason=null_check action=make_not_entrant pc=0x00007fa5cd08e9dc method=com.android.dx.ssa.SsaRenamer.getLocalForNewReg(I)Lcom/android/dx/rop/code/LocalItem; @ 19
Event: 6,962 Thread 0x00007fa5d000a800 Uncommon trap: reason=null_check action=make_not_entrant pc=0x00007fa5cd0866dc method=com.android.dx.ssa.SsaRenamer.getLocalForNewReg(I)Lcom/android/dx/rop/code/LocalItem; @ 19
Event: 7,352 Thread 0x00007fa5d0194800 Uncommon trap: reason=unstable_if action=reinterpret pc=0x00007fa5cd0d8208 method=com.android.dx.ssa.SCCP.simulateBranch(Lcom/android/dx/ssa/SsaInsn;)V @ 64
Event: 8,704 Thread 0x00007fa5d0194800 Uncommon trap: reason=unstable_if action=reinterpret pc=0x00007fa5cd09e474 method=com.android.dx.util.IntList.binarysearch(I)I @ 105
Event: 11,267 Thread 0x00007fa5d0196800 Uncommon trap: reason=unstable_if action=reinterpret pc=0x00007fa5cd0c6884 method=java.util.HashMap.put(Ljava/lang/Object;Ljava/lang/Object;)Ljava/lang/Object; @ 86
Event: 13,968 Thread 0x00007fa5d000a800 Uncommon trap: reason=unstable_if action=reinterpret pc=0x00007fa5cd0cb924 method=com.android.dx.ssa.LocalVariableExtractor.processBlock(I)V @ 251
Event: 15,187 Thread 0x00007fa5d0197800 Uncommon trap: reason=unstable_if action=reinterpret pc=0x00007fa5cd0f1550 method=com.android.dx.rop.code.LocalVariableInfo.mergeStarts(ILcom/android/dx/rop/code/RegisterSpecSet;)Z @ 31

Internal exceptions (10 events):
Event: 2,997 Thread 0x00007fa5d000a800 Threw 0x00000000eafb95c0 at /home/jmm/jdk4/openjdk-7-7u101-2.6.6/build/openjdk/hotspot/src/share/vm/prims/jvm.cpp:1322
Event: 5,724 Thread 0x00007fa5d0194800 Threw 0x00000000eaec0d98 at /home/jmm/jdk4/openjdk-7-7u101-2.6.6/build/openjdk/hotspot/src/share/vm/prims/jvm.cpp:1322
Event: 5,725 Thread 0x00007fa5d0194800 Threw 0x00000000eaec7000 at /home/jmm/jdk4/openjdk-7-7u101-2.6.6/build/openjdk/hotspot/src/share/vm/prims/jvm.cpp:1322
Event: 5,726 Thread 0x00007fa5d0194800 Threw 0x00000000eaef04e8 at /home/jmm/jdk4/openjdk-7-7u101-2.6.6/build/openjdk/hotspot/src/share/vm/prims/jvm.cpp:1322
Event: 6,683 Thread 0x00007fa5d018f800 Implicit null exception at 0x00007fa5cd08df17 to 0x00007fa5cd08e9c1
Event: 6,962 Thread 0x00007fa5d000a800 Implicit null exception at 0x00007fa5cd085d96 to 0x00007fa5cd0866c5
Event: 8,171 Thread 0x00007fa5d000a800 Threw 0x00000000eb568518 at /home/jmm/jdk4/openjdk-7-7u101-2.6.6/build/openjdk/hotspot/src/share/vm/prims/jvm.cpp:1322
Event: 8,172 Thread 0x00007fa5d000a800 Threw 0x00000000eb56b648 at /home/jmm/jdk4/openjdk-7-7u101-2.6.6/build/openjdk/hotspot/src/share/vm/prims/jvm.cpp:1322
Event: 9,544 Thread 0x00007fa5d0197800 Threw 0x00000000ec4a05a0 at /home/jmm/jdk4/openjdk-7-7u101-2.6.6/build/openjdk/hotspot/src/share/vm/prims/jvm.cpp:1322
Event: 15,207 Thread 0x00007fa5d000a800 Threw 0x00000000ec69a330 at /home/jmm/jdk4/openjdk-7-7u101-2.6.6/build/openjdk/hotspot/src/share/vm/prims/jvm.cpp:1322

Events (10 events):
Event: 15,187 Thread 0x00007fa5d0197800 Uncommon trap: trap_request=0xffffff75 fr.pc=0x00007fa5cd0f1550
Event: 15,187 Thread 0x00007fa5d0197800 DEOPT PACKING pc=0x00007fa5cd0f1550 sp=0x00007fa5c8808350
Event: 15,187 Thread 0x00007fa5d0197800 DEOPT UNPACKING pc=0x00007fa5cd039445 sp=0x00007fa5c88082b0 mode 2
Event: 15,206 loading class 0x00007fa5d0118120
Event: 15,206 loading class 0x00007fa5d0118120 done
Event: 16,141 loading class 0x00007fa5d58782f0
Event: 16,141 loading class 0x00007fa5d58782f0 done
Event: 16,141 loading class 0x00007fa5d5878260
Event: 16,142 loading class 0x00007fa5d5878260 done
Event: 17,111 Executing VM operation: ParallelGCFailedAllocation


Dynamic libraries:
00400000-00401000 r-xp 00000000 08:01 1582995                            /usr/lib/jvm/java-7-openjdk-amd64/jre/bin/java
00600000-00601000 r--p 00000000 08:01 1582995                            /usr/lib/jvm/java-7-openjdk-amd64/jre/bin/java
00601000-00602000 rw-p 00001000 08:01 1582995                            /usr/lib/jvm/java-7-openjdk-amd64/jre/bin/java
0170e000-0172f000 rw-p 00000000 00:00 0                                  [heap]
b5a00000-b6f00000 rw-p 00000000 00:00 0 
b6f00000-c0000000 rw-p 00000000 00:00 0 
c0000000-c2800000 rw-p 00000000 00:00 0 
c2800000-eaa80000 rw-p 00000000 00:00 0 
eaa80000-ef880000 rw-p 00000000 00:00 0 
f3b80000-100000000 rw-p 00000000 00:00 0 
7fa584000000-7fa584021000 rw-p 00000000 00:00 0 
7fa584021000-7fa588000000 ---p 00000000 00:00 0 
7fa588000000-7fa588021000 rw-p 00000000 00:00 0 
7fa588021000-7fa58c000000 ---p 00000000 00:00 0 
7fa58c000000-7fa58c021000 rw-p 00000000 00:00 0 
7fa58c021000-7fa590000000 ---p 00000000 00:00 0 
7fa590000000-7fa59003d000 rw-p 00000000 00:00 0 
7fa59003d000-7fa594000000 ---p 00000000 00:00 0 
7fa594000000-7fa594021000 rw-p 00000000 00:00 0 
7fa594021000-7fa598000000 ---p 00000000 00:00 0 
7fa598000000-7fa598041000 rw-p 00000000 00:00 0 
7fa598041000-7fa59c000000 ---p 00000000 00:00 0 
7fa59c000000-7fa59d71d000 rw-p 00000000 00:00 0 
7fa59d71d000-7fa5a0000000 ---p 00000000 00:00 0 
7fa5a0000000-7fa5a0021000 rw-p 00000000 00:00 0 
7fa5a0021000-7fa5a4000000 ---p 00000000 00:00 0 
7fa5a4000000-7fa5a4021000 rw-p 00000000 00:00 0 
7fa5a4021000-7fa5a8000000 ---p 00000000 00:00 0 
7fa5a8000000-7fa5a949e000 rw-p 00000000 00:00 0 
7fa5a949e000-7fa5ac000000 ---p 00000000 00:00 0 
7fa5ac000000-7fa5ac021000 rw-p 00000000 00:00 0 
7fa5ac021000-7fa5b0000000 ---p 00000000 00:00 0 
7fa5b0000000-7fa5b0021000 rw-p 00000000 00:00 0 
7fa5b0021000-7fa5b4000000 ---p 00000000 00:00 0 
7fa5b4000000-7fa5b4021000 rw-p 00000000 00:00 0 
7fa5b4021000-7fa5b8000000 ---p 00000000 00:00 0 
7fa5b8000000-7fa5b8021000 rw-p 00000000 00:00 0 
7fa5b8021000-7fa5bc000000 ---p 00000000 00:00 0 
7fa5bc000000-7fa5bc021000 rw-p 00000000 00:00 0 
7fa5bc021000-7fa5c0000000 ---p 00000000 00:00 0 
7fa5c0000000-7fa5c0021000 rw-p 00000000 00:00 0 
7fa5c0021000-7fa5c4000000 ---p 00000000 00:00 0 
7fa5c4000000-7fa5c4021000 rw-p 00000000 00:00 0 
7fa5c4021000-7fa5c8000000 ---p 00000000 00:00 0 
7fa5c8709000-7fa5c870c000 ---p 00000000 00:00 0 
7fa5c870c000-7fa5c880a000 rw-p 00000000 00:00 0                          [stack:5078]
7fa5c880a000-7fa5c880d000 ---p 00000000 00:00 0 
7fa5c880d000-7fa5c890b000 rw-p 00000000 00:00 0                          [stack:5077]
7fa5c890b000-7fa5c890e000 ---p 00000000 00:00 0 
7fa5c890e000-7fa5c8a0c000 rw-p 00000000 00:00 0                          [stack:5076]
7fa5c8a0c000-7fa5c8a0f000 ---p 00000000 00:00 0 
7fa5c8a0f000-7fa5c8b0d000 rw-p 00000000 00:00 0                          [stack:5075]
7fa5c8b0d000-7fa5c8b10000 ---p 00000000 00:00 0 
7fa5c8b10000-7fa5c8f0f000 rw-p 00000000 00:00 0                          [stack:5074]
7fa5c8f0f000-7fa5c8f7b000 r-xp 00000000 08:01 5373998                    /lib/x86_64-linux-gnu/libpcre.so.3.13.1
7fa5c8f7b000-7fa5c917b000 ---p 0006c000 08:01 5373998                    /lib/x86_64-linux-gnu/libpcre.so.3.13.1
7fa5c917b000-7fa5c917c000 r--p 0006c000 08:01 5373998                    /lib/x86_64-linux-gnu/libpcre.so.3.13.1
7fa5c917c000-7fa5c917d000 rw-p 0006d000 08:01 5373998                    /lib/x86_64-linux-gnu/libpcre.so.3.13.1
7fa5c917d000-7fa5c9184000 r-xp 00000000 08:01 790748                     /usr/lib/x86_64-linux-gnu/libffi.so.6.0.2
7fa5c9184000-7fa5c9383000 ---p 00007000 08:01 790748                     /usr/lib/x86_64-linux-gnu/libffi.so.6.0.2
7fa5c9383000-7fa5c9384000 r--p 00006000 08:01 790748                     /usr/lib/x86_64-linux-gnu/libffi.so.6.0.2
7fa5c9384000-7fa5c9385000 rw-p 00007000 08:01 790748                     /usr/lib/x86_64-linux-gnu/libffi.so.6.0.2
7fa5c9385000-7fa5c9399000 r-xp 00000000 08:01 5373974                    /lib/x86_64-linux-gnu/libresolv-2.19.so
7fa5c9399000-7fa5c9598000 ---p 00014000 08:01 5373974                    /lib/x86_64-linux-gnu/libresolv-2.19.so
7fa5c9598000-7fa5c9599000 r--p 00013000 08:01 5373974                    /lib/x86_64-linux-gnu/libresolv-2.19.so
7fa5c9599000-7fa5c959a000 rw-p 00014000 08:01 5373974                    /lib/x86_64-linux-gnu/libresolv-2.19.so
7fa5c959a000-7fa5c959c000 rw-p 00000000 00:00 0 
7fa5c959c000-7fa5c95bd000 r-xp 00000000 08:01 5374051                    /lib/x86_64-linux-gnu/libselinux.so.1
7fa5c95bd000-7fa5c97bd000 ---p 00021000 08:01 5374051                    /lib/x86_64-linux-gnu/libselinux.so.1
7fa5c97bd000-7fa5c97be000 r--p 00021000 08:01 5374051                    /lib/x86_64-linux-gnu/libselinux.so.1
7fa5c97be000-7fa5c97bf000 rw-p 00022000 08:01 5374051                    /lib/x86_64-linux-gnu/libselinux.so.1
7fa5c97bf000-7fa5c97c1000 rw-p 00000000 00:00 0 
7fa5c97c1000-7fa5c97c4000 r-xp 00000000 08:01 793762                     /usr/lib/x86_64-linux-gnu/libgmodule-2.0.so.0.4200.1
7fa5c97c4000-7fa5c99c3000 ---p 00003000 08:01 793762                     /usr/lib/x86_64-linux-gnu/libgmodule-2.0.so.0.4200.1
7fa5c99c3000-7fa5c99c4000 r--p 00002000 08:01 793762                     /usr/lib/x86_64-linux-gnu/libgmodule-2.0.so.0.4200.1
7fa5c99c4000-7fa5c99c5000 rw-p 00003000 08:01 793762                     /usr/lib/x86_64-linux-gnu/libgmodule-2.0.so.0.4200.1
7fa5c99c5000-7fa5c9ad1000 r-xp 00000000 08:01 5374471                    /lib/x86_64-linux-gnu/libglib-2.0.so.0.4200.1
7fa5c9ad1000-7fa5c9cd1000 ---p 0010c000 08:01 5374471                    /lib/x86_64-linux-gnu/libglib-2.0.so.0.4200.1
7fa5c9cd1000-7fa5c9cd2000 r--p 0010c000 08:01 5374471                    /lib/x86_64-linux-gnu/libglib-2.0.so.0.4200.1
7fa5c9cd2000-7fa5c9cd3000 rw-p 0010d000 08:01 5374471                    /lib/x86_64-linux-gnu/libglib-2.0.so.0.4200.1
7fa5c9cd3000-7fa5c9cd4000 rw-p 00000000 00:00 0 
7fa5c9cd4000-7fa5c9d25000 r-xp 00000000 08:01 793761                     /usr/lib/x86_64-linux-gnu/libgobject-2.0.so.0.4200.1
7fa5c9d25000-7fa5c9f25000 ---p 00051000 08:01 793761                     /usr/lib/x86_64-linux-gnu/libgobject-2.0.so.0.4200.1
7fa5c9f25000-7fa5c9f26000 r--p 00051000 08:01 793761                     /usr/lib/x86_64-linux-gnu/libgobject-2.0.so.0.4200.1
7fa5c9f26000-7fa5c9f27000 rw-p 00052000 08:01 793761                     /usr/lib/x86_64-linux-gnu/libgobject-2.0.so.0.4200.1
7fa5c9f27000-7fa5ca099000 r-xp 00000000 08:01 793764                     /usr/lib/x86_64-linux-gnu/libgio-2.0.so.0.4200.1
7fa5ca099000-7fa5ca299000 ---p 00172000 08:01 793764                     /usr/lib/x86_64-linux-gnu/libgio-2.0.so.0.4200.1
7fa5ca299000-7fa5ca29d000 r--p 00172000 08:01 793764                     /usr/lib/x86_64-linux-gnu/libgio-2.0.so.0.4200.1
7fa5ca29d000-7fa5ca29f000 rw-p 00176000 08:01 793764                     /usr/lib/x86_64-linux-gnu/libgio-2.0.so.0.4200.1
7fa5ca29f000-7fa5ca2a1000 rw-p 00000000 00:00 0 
7fa5ca2a1000-7fa5ca2b9000 r-xp 00000000 08:01 1448978                    /usr/lib/jvm/java-7-openjdk-amd64/jre/lib/amd64/libnet.so
7fa5ca2b9000-7fa5ca4b8000 ---p 00018000 08:01 1448978                    /usr/lib/jvm/java-7-openjdk-amd64/jre/lib/amd64/libnet.so
7fa5ca4b8000-7fa5ca4b9000 r--p 00017000 08:01 1448978                    /usr/lib/jvm/java-7-openjdk-amd64/jre/lib/amd64/libnet.so
7fa5ca4b9000-7fa5ca4ba000 rw-p 00018000 08:01 1448978                    /usr/lib/jvm/java-7-openjdk-amd64/jre/lib/amd64/libnet.so
7fa5ca4ba000-7fa5ca4cb000 r-xp 00000000 08:01 1448965                    /usr/lib/jvm/java-7-openjdk-amd64/jre/lib/amd64/libnio.so
7fa5ca4cb000-7fa5ca6ca000 ---p 00011000 08:01 1448965                    /usr/lib/jvm/java-7-openjdk-amd64/jre/lib/amd64/libnio.so
7fa5ca6ca000-7fa5ca6cb000 r--p 00010000 08:01 1448965                    /usr/lib/jvm/java-7-openjdk-amd64/jre/lib/amd64/libnio.so
7fa5ca6cb000-7fa5ca6cc000 rw-p 00011000 08:01 1448965                    /usr/lib/jvm/java-7-openjdk-amd64/jre/lib/amd64/libnio.so
7fa5ca6cc000-7fa5ca6cd000 ---p 00000000 00:00 0 
7fa5ca6cd000-7fa5ca7cd000 rw-p 00000000 00:00 0                          [stack:5067]
7fa5ca7cd000-7fa5ca7d0000 ---p 00000000 00:00 0 
7fa5ca7d0000-7fa5ca8ce000 rw-p 00000000 00:00 0                          [stack:5066]
7fa5ca8ce000-7fa5ca8d1000 ---p 00000000 00:00 0 
7fa5ca8d1000-7fa5ca9cf000 rw-p 00000000 00:00 0                          [stack:5065]
7fa5ca9cf000-7fa5ca9d2000 ---p 00000000 00:00 0 
7fa5ca9d2000-7fa5cd000000 rw-p 00000000 00:00 0                          [stack:5064]
7fa5cd000000-7fa5cd270000 rwxp 00000000 00:00 0 
7fa5cd270000-7fa5d01c6000 rw-p 00000000 00:00 0 
7fa5d01c6000-7fa5d4000000 ---p 00000000 00:00 0 
7fa5d404e000-7fa5d4055000 r--s 00000000 08:01 788991                     /usr/lib/x86_64-linux-gnu/gconv/gconv-modules.cache
7fa5d4055000-7fa5d407b000 r--p 00000000 08:01 791914                     /usr/share/locale/fr/LC_MESSAGES/libc.mo
7fa5d407b000-7fa5d408a000 r--s 000df000 08:01 4338904                    /home/yann/Documents/Programmation/Android/android-sdk/build-tools/23.0.2/lib/dx.jar
7fa5d408a000-7fa5d408d000 ---p 00000000 00:00 0 
7fa5d408d000-7fa5d418b000 rw-p 00000000 00:00 0                          [stack:5063]
7fa5d418b000-7fa5d4314000 r--p 00000000 08:01 790100                     /usr/lib/locale/locale-archive
7fa5d4314000-7fa5d4317000 ---p 00000000 00:00 0 
7fa5d4317000-7fa5d4415000 rw-p 00000000 00:00 0                          [stack:5062]
7fa5d4415000-7fa5d4418000 ---p 00000000 00:00 0 
7fa5d4418000-7fa5d4516000 rw-p 00000000 00:00 0                          [stack:5061]
7fa5d4516000-7fa5d4517000 ---p 00000000 00:00 0 
7fa5d4517000-7fa5d5614000 rw-p 00000000 00:00 0                          [stack:5060]
7fa5d5614000-7fa5d57c6000 r--s 01d32000 08:01 1320128                    /usr/lib/jvm/java-7-openjdk-amd64/jre/lib/rt.jar
7fa5d57c6000-7fa5d5b12000 rw-p 00000000 00:00 0 
7fa5d5b12000-7fa5d5b13000 ---p 00000000 00:00 0 
7fa5d5b13000-7fa5d5c13000 rw-p 00000000 00:00 0                          [stack:5059]
7fa5d5c13000-7fa5d5c14000 ---p 00000000 00:00 0 
7fa5d5c14000-7fa5d5d14000 rw-p 00000000 00:00 0                          [stack:5058]
7fa5d5d14000-7fa5d5d15000 ---p 00000000 00:00 0 
7fa5d5d15000-7fa5d5e15000 rw-p 00000000 00:00 0                          [stack:5057]
7fa5d5e15000-7fa5d5e16000 ---p 00000000 00:00 0 
7fa5d5e16000-7fa5d5f21000 rw-p 00000000 00:00 0                          [stack:5052]
7fa5d5f21000-7fa5d5f69000 rw-p 00000000 00:00 0 
7fa5d5f69000-7fa5d5f7d000 rw-p 00000000 00:00 0 
7fa5d5f7d000-7fa5d60bf000 rw-p 00000000 00:00 0 
7fa5d60bf000-7fa5d60ca000 rw-p 00000000 00:00 0 
7fa5d60ca000-7fa5d6112000 rw-p 00000000 00:00 0 
7fa5d6112000-7fa5d6126000 rw-p 00000000 00:00 0 
7fa5d6126000-7fa5d6267000 rw-p 00000000 00:00 0 
7fa5d6267000-7fa5d628f000 rw-p 00000000 00:00 0 
7fa5d628f000-7fa5d6312000 rw-p 00000000 00:00 0 
7fa5d6312000-7fa5d6313000 rw-p 00000000 00:00 0 
7fa5d6313000-7fa5d631b000 r-xp 00000000 08:01 1448960                    /usr/lib/jvm/java-7-openjdk-amd64/jre/lib/amd64/libzip.so
7fa5d631b000-7fa5d651a000 ---p 00008000 08:01 1448960                    /usr/lib/jvm/java-7-openjdk-amd64/jre/lib/amd64/libzip.so
7fa5d651a000-7fa5d651b000 r--p 00007000 08:01 1448960                    /usr/lib/jvm/java-7-openjdk-amd64/jre/lib/amd64/libzip.so
7fa5d651b000-7fa5d651c000 rw-p 00008000 08:01 1448960                    /usr/lib/jvm/java-7-openjdk-amd64/jre/lib/amd64/libzip.so
7fa5d651c000-7fa5d6527000 r-xp 00000000 08:01 5373969                    /lib/x86_64-linux-gnu/libnss_files-2.19.so
7fa5d6527000-7fa5d6726000 ---p 0000b000 08:01 5373969                    /lib/x86_64-linux-gnu/libnss_files-2.19.so
7fa5d6726000-7fa5d6727000 r--p 0000a000 08:01 5373969                    /lib/x86_64-linux-gnu/libnss_files-2.19.so
7fa5d6727000-7fa5d6728000 rw-p 0000b000 08:01 5373969                    /lib/x86_64-linux-gnu/libnss_files-2.19.so
7fa5d6728000-7fa5d6732000 r-xp 00000000 08:01 5373971                    /lib/x86_64-linux-gnu/libnss_nis-2.19.so
7fa5d6732000-7fa5d6931000 ---p 0000a000 08:01 5373971                    /lib/x86_64-linux-gnu/libnss_nis-2.19.so
7fa5d6931000-7fa5d6932000 r--p 00009000 08:01 5373971                    /lib/x86_64-linux-gnu/libnss_nis-2.19.so
7fa5d6932000-7fa5d6933000 rw-p 0000a000 08:01 5373971                    /lib/x86_64-linux-gnu/libnss_nis-2.19.so
7fa5d6933000-7fa5d6948000 r-xp 00000000 08:01 5373966                    /lib/x86_64-linux-gnu/libnsl-2.19.so
7fa5d6948000-7fa5d6b47000 ---p 00015000 08:01 5373966                    /lib/x86_64-linux-gnu/libnsl-2.19.so
7fa5d6b47000-7fa5d6b48000 r--p 00014000 08:01 5373966                    /lib/x86_64-linux-gnu/libnsl-2.19.so
7fa5d6b48000-7fa5d6b49000 rw-p 00015000 08:01 5373966                    /lib/x86_64-linux-gnu/libnsl-2.19.so
7fa5d6b49000-7fa5d6b4b000 rw-p 00000000 00:00 0 
7fa5d6b4b000-7fa5d6b52000 r-xp 00000000 08:01 5373967                    /lib/x86_64-linux-gnu/libnss_compat-2.19.so
7fa5d6b52000-7fa5d6d51000 ---p 00007000 08:01 5373967                    /lib/x86_64-linux-gnu/libnss_compat-2.19.so
7fa5d6d51000-7fa5d6d52000 r--p 00006000 08:01 5373967                    /lib/x86_64-linux-gnu/libnss_compat-2.19.so
7fa5d6d52000-7fa5d6d53000 rw-p 00007000 08:01 5373967                    /lib/x86_64-linux-gnu/libnss_compat-2.19.so
7fa5d6d53000-7fa5d6d80000 r-xp 00000000 08:01 1448987                    /usr/lib/jvm/java-7-openjdk-amd64/jre/lib/amd64/libjava.so
7fa5d6d80000-7fa5d6f7f000 ---p 0002d000 08:01 1448987                    /usr/lib/jvm/java-7-openjdk-amd64/jre/lib/amd64/libjava.so
7fa5d6f7f000-7fa5d6f80000 r--p 0002c000 08:01 1448987                    /usr/lib/jvm/java-7-openjdk-amd64/jre/lib/amd64/libjava.so
7fa5d6f80000-7fa5d6f82000 rw-p 0002d000 08:01 1448987                    /usr/lib/jvm/java-7-openjdk-amd64/jre/lib/amd64/libjava.so
7fa5d6f82000-7fa5d6f91000 r-xp 00000000 08:01 1448956                    /usr/lib/jvm/java-7-openjdk-amd64/jre/lib/amd64/libverify.so
7fa5d6f91000-7fa5d7190000 ---p 0000f000 08:01 1448956                    /usr/lib/jvm/java-7-openjdk-amd64/jre/lib/amd64/libverify.so
7fa5d7190000-7fa5d7193000 r--p 0000e000 08:01 1448956                    /usr/lib/jvm/java-7-openjdk-amd64/jre/lib/amd64/libverify.so
7fa5d7193000-7fa5d7194000 rw-p 00011000 08:01 1448956                    /usr/lib/jvm/java-7-openjdk-amd64/jre/lib/amd64/libverify.so
7fa5d7194000-7fa5d719b000 r-xp 00000000 08:01 5373975                    /lib/x86_64-linux-gnu/librt-2.19.so
7fa5d719b000-7fa5d739a000 ---p 00007000 08:01 5373975                    /lib/x86_64-linux-gnu/librt-2.19.so
7fa5d739a000-7fa5d739b000 r--p 00006000 08:01 5373975                    /lib/x86_64-linux-gnu/librt-2.19.so
7fa5d739b000-7fa5d739c000 rw-p 00007000 08:01 5373975                    /lib/x86_64-linux-gnu/librt-2.19.so
7fa5d739c000-7fa5d73b2000 r-xp 00000000 08:01 5373956                    /lib/x86_64-linux-gnu/libgcc_s.so.1
7fa5d73b2000-7fa5d75b1000 ---p 00016000 08:01 5373956                    /lib/x86_64-linux-gnu/libgcc_s.so.1
7fa5d75b1000-7fa5d75b2000 rw-p 00015000 08:01 5373956                    /lib/x86_64-linux-gnu/libgcc_s.so.1
7fa5d75b2000-7fa5d76b2000 r-xp 00000000 08:01 5373964                    /lib/x86_64-linux-gnu/libm-2.19.so
7fa5d76b2000-7fa5d78b1000 ---p 00100000 08:01 5373964                    /lib/x86_64-linux-gnu/libm-2.19.so
7fa5d78b1000-7fa5d78b2000 r--p 000ff000 08:01 5373964                    /lib/x86_64-linux-gnu/libm-2.19.so
7fa5d78b2000-7fa5d78b3000 rw-p 00100000 08:01 5373964                    /lib/x86_64-linux-gnu/libm-2.19.so
7fa5d78b3000-7fa5d799f000 r-xp 00000000 08:01 791154                     /usr/lib/x86_64-linux-gnu/libstdc++.so.6.0.20
7fa5d799f000-7fa5d7b9f000 ---p 000ec000 08:01 791154                     /usr/lib/x86_64-linux-gnu/libstdc++.so.6.0.20
7fa5d7b9f000-7fa5d7ba7000 r--p 000ec000 08:01 791154                     /usr/lib/x86_64-linux-gnu/libstdc++.so.6.0.20
7fa5d7ba7000-7fa5d7ba9000 rw-p 000f4000 08:01 791154                     /usr/lib/x86_64-linux-gnu/libstdc++.so.6.0.20
7fa5d7ba9000-7fa5d7bbe000 rw-p 00000000 00:00 0 
7fa5d7bbe000-7fa5d8715000 r-xp 00000000 08:01 1580483                    /usr/lib/jvm/java-7-openjdk-amd64/jre/lib/amd64/server/libjvm.so
7fa5d8715000-7fa5d8915000 ---p 00b57000 08:01 1580483                    /usr/lib/jvm/java-7-openjdk-amd64/jre/lib/amd64/server/libjvm.so
7fa5d8915000-7fa5d89b4000 r--p 00b57000 08:01 1580483                    /usr/lib/jvm/java-7-openjdk-amd64/jre/lib/amd64/server/libjvm.so
7fa5d89b4000-7fa5d89d7000 rw-p 00bf6000 08:01 1580483                    /usr/lib/jvm/java-7-openjdk-amd64/jre/lib/amd64/server/libjvm.so
7fa5d89d7000-7fa5d8a05000 rw-p 00000000 00:00 0 
7fa5d8a05000-7fa5d8a1f000 r-xp 00000000 08:01 5374052                    /lib/x86_64-linux-gnu/libz.so.1.2.8
7fa5d8a1f000-7fa5d8c1e000 ---p 0001a000 08:01 5374052                    /lib/x86_64-linux-gnu/libz.so.1.2.8
7fa5d8c1e000-7fa5d8c1f000 r--p 00019000 08:01 5374052                    /lib/x86_64-linux-gnu/libz.so.1.2.8
7fa5d8c1f000-7fa5d8c20000 rw-p 0001a000 08:01 5374052                    /lib/x86_64-linux-gnu/libz.so.1.2.8
7fa5d8c20000-7fa5d8dc2000 r-xp 00000000 08:01 5373960                    /lib/x86_64-linux-gnu/libc-2.19.so
7fa5d8dc2000-7fa5d8fc1000 ---p 001a2000 08:01 5373960                    /lib/x86_64-linux-gnu/libc-2.19.so
7fa5d8fc1000-7fa5d8fc5000 r--p 001a1000 08:01 5373960                    /lib/x86_64-linux-gnu/libc-2.19.so
7fa5d8fc5000-7fa5d8fc7000 rw-p 001a5000 08:01 5373960                    /lib/x86_64-linux-gnu/libc-2.19.so
7fa5d8fc7000-7fa5d8fcb000 rw-p 00000000 00:00 0 
7fa5d8fcb000-7fa5d8fce000 r-xp 00000000 08:01 5373963                    /lib/x86_64-linux-gnu/libdl-2.19.so
7fa5d8fce000-7fa5d91cd000 ---p 00003000 08:01 5373963                    /lib/x86_64-linux-gnu/libdl-2.19.so
7fa5d91cd000-7fa5d91ce000 r--p 00002000 08:01 5373963                    /lib/x86_64-linux-gnu/libdl-2.19.so
7fa5d91ce000-7fa5d91cf000 rw-p 00003000 08:01 5373963                    /lib/x86_64-linux-gnu/libdl-2.19.so
7fa5d91cf000-7fa5d91dc000 r-xp 00000000 08:01 1580479                    /usr/lib/jvm/java-7-openjdk-amd64/jre/lib/amd64/jli/libjli.so
7fa5d91dc000-7fa5d93db000 ---p 0000d000 08:01 1580479                    /usr/lib/jvm/java-7-openjdk-amd64/jre/lib/amd64/jli/libjli.so
7fa5d93db000-7fa5d93dc000 r--p 0000c000 08:01 1580479                    /usr/lib/jvm/java-7-openjdk-amd64/jre/lib/amd64/jli/libjli.so
7fa5d93dc000-7fa5d93dd000 rw-p 0000d000 08:01 1580479                    /usr/lib/jvm/java-7-openjdk-amd64/jre/lib/amd64/jli/libjli.so
7fa5d93dd000-7fa5d93f5000 r-xp 00000000 08:01 5373955                    /lib/x86_64-linux-gnu/libpthread-2.19.so
7fa5d93f5000-7fa5d95f4000 ---p 00018000 08:01 5373955                    /lib/x86_64-linux-gnu/libpthread-2.19.so
7fa5d95f4000-7fa5d95f5000 r--p 00017000 08:01 5373955                    /lib/x86_64-linux-gnu/libpthread-2.19.so
7fa5d95f5000-7fa5d95f6000 rw-p 00018000 08:01 5373955                    /lib/x86_64-linux-gnu/libpthread-2.19.so
7fa5d95f6000-7fa5d95fa000 rw-p 00000000 00:00 0 
7fa5d95fa000-7fa5d961a000 r-xp 00000000 08:01 5373957                    /lib/x86_64-linux-gnu/ld-2.19.so
7fa5d961b000-7fa5d961f000 r--s 00085000 08:01 1446929                    /usr/lib/jvm/java-7-openjdk-amd64/jre/lib/ext/localedata.jar
7fa5d961f000-7fa5d9641000 rw-p 00000000 00:00 0 
7fa5d9641000-7fa5d96f7000 rw-p 00000000 00:00 0 
7fa5d96f7000-7fa5d96fa000 ---p 00000000 00:00 0 
7fa5d96fa000-7fa5d97fe000 rw-p 00000000 00:00 0                          [stack:5046]
7fa5d97fe000-7fa5d9800000 r--s 00012000 08:01 1446928                    /usr/lib/jvm/java-7-openjdk-amd64/jre/lib/ext/zipfs.jar
7fa5d9800000-7fa5d9804000 r--s 00034000 08:01 1446934                    /usr/lib/jvm/java-7-openjdk-amd64/jre/lib/ext/sunjce_provider.jar
7fa5d9804000-7fa5d9805000 r--s 00002000 08:01 1446930                    /usr/lib/jvm/java-7-openjdk-amd64/jre/lib/ext/dnsns.jar
7fa5d9805000-7fa5d9808000 r--s 0000f000 08:01 1446932                    /usr/lib/jvm/java-7-openjdk-amd64/jre/lib/ext/icedtea-sound.jar
7fa5d9808000-7fa5d980c000 r--s 0003c000 08:01 1446933                    /usr/lib/jvm/java-7-openjdk-amd64/jre/lib/ext/sunpkcs11.jar
7fa5d980c000-7fa5d980e000 r--s 00006000 08:01 1317928                    /usr/share/java/java-atk-wrapper.jar
7fa5d980e000-7fa5d9816000 rw-s 00000000 08:01 3937025                    /tmp/hsperfdata_yann/5045
7fa5d9816000-7fa5d9817000 rw-p 00000000 00:00 0 
7fa5d9817000-7fa5d9818000 ---p 00000000 00:00 0 
7fa5d9818000-7fa5d981a000 rw-p 00000000 00:00 0 
7fa5d981a000-7fa5d981b000 r--p 00020000 08:01 5373957                    /lib/x86_64-linux-gnu/ld-2.19.so
7fa5d981b000-7fa5d981c000 rw-p 00021000 08:01 5373957                    /lib/x86_64-linux-gnu/ld-2.19.so
7fa5d981c000-7fa5d981d000 rw-p 00000000 00:00 0 
7ffc2fe35000-7ffc2fe56000 rw-p 00000000 00:00 0                          [stack]
7ffc2ffe0000-7ffc2ffe2000 r-xp 00000000 00:00 0                          [vdso]
7ffc2ffe2000-7ffc2ffe4000 r--p 00000000 00:00 0                          [vvar]
ffffffffff600000-ffffffffff601000 r-xp 00000000 00:00 0                  [vsyscall]

VM Arguments:
jvm_args: -Djava.awt.headless=true -Xmx1024M -Dfile.encoding=UTF-8 -Duser.country=FR -Duser.language=fr -Duser.variant 
java_command: com.android.dx.command.Main --dex --force-jumbo --num-threads=4 --output /home/yann/Documents/Programmation/Android/Groupe4/univLocation/app/build/intermediates/pre-dexed/debug/com.android.support-recyclerview-v7-23.2.0_77ee1d96e6484560b24886fa709bd56bc4dcc1aa.jar /home/yann/Documents/Programmation/Android/Groupe4/univLocation/app/build/intermediates/exploded-aar/com.android.support/recyclerview-v7/23.2.0/jars/classes.jar
Launcher Type: SUN_STANDARD

Environment Variables:
JAVA_HOME=/usr/lib/jvm/java-7-openjdk-amd64
PATH=/usr/local/bin:/usr/bin:/bin:/usr/local/games:/usr/games
USERNAME=yann
LD_LIBRARY_PATH=./android-studio/bin:
SHELL=/bin/bash
DISPLAY=:0

Signal Handlers:
SIGSEGV: [libjvm.so+0x989ea0], sa_mask[0]=0x7ffbfeff, sa_flags=0x10000004
SIGBUS: [libjvm.so+0x989ea0], sa_mask[0]=0x7ffbfeff, sa_flags=0x10000004
SIGFPE: [libjvm.so+0x7f6820], sa_mask[0]=0x7ffbfeff, sa_flags=0x10000004
SIGPIPE: [libjvm.so+0x7f6820], sa_mask[0]=0x7ffbfeff, sa_flags=0x10000004
SIGXFSZ: [libjvm.so+0x7f6820], sa_mask[0]=0x7ffbfeff, sa_flags=0x10000004
SIGILL: [libjvm.so+0x7f6820], sa_mask[0]=0x7ffbfeff, sa_flags=0x10000004
SIGUSR1: SIG_DFL, sa_mask[0]=0x00000000, sa_flags=0x00000000
SIGUSR2: [libjvm.so+0x7f66a0], sa_mask[0]=0x00000004, sa_flags=0x10000004
SIGHUP: [libjvm.so+0x7f68a0], sa_mask[0]=0x7ffbfeff, sa_flags=0x10000004
SIGINT: [libjvm.so+0x7f68a0], sa_mask[0]=0x7ffbfeff, sa_flags=0x10000004
SIGTERM: [libjvm.so+0x7f68a0], sa_mask[0]=0x7ffbfeff, sa_flags=0x10000004
SIGQUIT: [libjvm.so+0x7f68a0], sa_mask[0]=0x7ffbfeff, sa_flags=0x10000004
SIGTRAP: SIG_DFL, sa_mask[0]=0x00000000, sa_flags=0x00000000


---------------  S Y S T E M  ---------------

OS:8.4

uname:Linux 3.16.0-4-amd64 #1 SMP Debian 3.16.7-ckt25-2 (2016-04-08) x86_64
libc:glibc 2.19 NPTL 2.19 
rlimit: STACK 8192k, CORE 0k, NPROC 15318, NOFILE 65536, AS infinity
load average:18,78 9,58 4,26

/proc/meminfo:
MemTotal:        3938628 kB
MemFree:          100664 kB
MemAvailable:      53392 kB
Buffers:            3980 kB
Cached:           391620 kB
SwapCached:            0 kB
Active:          3330868 kB
Inactive:         372448 kB
Active(anon):    3308760 kB
Inactive(anon):   352912 kB
Active(file):      22108 kB
Inactive(file):    19536 kB
Unevictable:           0 kB
Mlocked:               0 kB
SwapTotal:             0 kB
SwapFree:              0 kB
Dirty:              2972 kB
Writeback:             0 kB
AnonPages:       3307280 kB
Mapped:            56400 kB
Shmem:            354312 kB
Slab:              64056 kB
SReclaimable:      32736 kB
SUnreclaim:        31320 kB
KernelStack:        9152 kB
PageTables:        32112 kB
NFS_Unstable:          0 kB
Bounce:                0 kB
WritebackTmp:          0 kB
CommitLimit:     1969312 kB
Committed_AS:    6759492 kB
VmallocTotal:   34359738367 kB
VmallocUsed:      347164 kB
VmallocChunk:   34359387100 kB
HardwareCorrupted:     0 kB
AnonHugePages:         0 kB
HugePages_Total:       0
HugePages_Free:        0
HugePages_Rsvd:        0
HugePages_Surp:        0
Hugepagesize:       2048 kB
DirectMap4k:       59008 kB
DirectMap2M:     4016128 kB


CPU:total 4 (2 cores per cpu, 2 threads per core) family 6 model 42 stepping 7, cmov, cx8, fxsr, mmx, sse, sse2, sse3, ssse3, sse4.1, sse4.2, popcnt, avx, aes, ht, tsc, tscinvbit

/proc/cpuinfo:
processor	: 0
vendor_id	: GenuineIntel
cpu family	: 6
model		: 42
model name	: Intel(R) Core(TM) i5-2520M CPU @ 2.50GHz
stepping	: 7
microcode	: 0x23
cpu MHz		: 3000.000
cache size	: 3072 KB
physical id	: 0
siblings	: 4
core id		: 0
cpu cores	: 2
apicid		: 0
initial apicid	: 0
fpu		: yes
fpu_exception	: yes
cpuid level	: 13
wp		: yes
flags		: fpu vme de pse tsc msr pae mce cx8 apic sep mtrr pge mca cmov pat pse36 clflush dts acpi mmx fxsr sse sse2 ss ht tm pbe syscall nx rdtscp lm constant_tsc arch_perfmon pebs bts nopl xtopology nonstop_tsc aperfmperf eagerfpu pni pclmulqdq dtes64 ds_cpl vmx smx est tm2 ssse3 cx16 xtpr pdcm pcid sse4_1 sse4_2 x2apic popcnt tsc_deadline_timer aes xsave avx lahf_lm ida arat epb xsaveopt pln pts dtherm tpr_shadow vnmi flexpriority ept vpid
bogomips	: 4983.71
clflush size	: 64
cache_alignment	: 64
address sizes	: 36 bits physical, 48 bits virtual
power management:

processor	: 1
vendor_id	: GenuineIntel
cpu family	: 6
model		: 42
model name	: Intel(R) Core(TM) i5-2520M CPU @ 2.50GHz
stepping	: 7
microcode	: 0x23
cpu MHz		: 3000.000
cache size	: 3072 KB
physical id	: 0
siblings	: 4
core id		: 0
cpu cores	: 2
apicid		: 1
initial apicid	: 1
fpu		: yes
fpu_exception	: yes
cpuid level	: 13
wp		: yes
flags		: fpu vme de pse tsc msr pae mce cx8 apic sep mtrr pge mca cmov pat pse36 clflush dts acpi mmx fxsr sse sse2 ss ht tm pbe syscall nx rdtscp lm constant_tsc arch_perfmon pebs bts nopl xtopology nonstop_tsc aperfmperf eagerfpu pni pclmulqdq dtes64 ds_cpl vmx smx est tm2 ssse3 cx16 xtpr pdcm pcid sse4_1 sse4_2 x2apic popcnt tsc_deadline_timer aes xsave avx lahf_lm ida arat epb xsaveopt pln pts dtherm tpr_shadow vnmi flexpriority ept vpid
bogomips	: 4983.71
clflush size	: 64
cache_alignment	: 64
address sizes	: 36 bits physical, 48 bits virtual
power management:

processor	: 2
vendor_id	: GenuineIntel
cpu family	: 6
model		: 42
model name	: Intel(R) Core(TM) i5-2520M CPU @ 2.50GHz
stepping	: 7
microcode	: 0x23
cpu MHz		: 3000.000
cache size	: 3072 KB
physical id	: 0
siblings	: 4
core id		: 1
cpu cores	: 2
apicid		: 2
initial apicid	: 2
fpu		: yes
fpu_exception	: yes
cpuid level	: 13
wp		: yes
flags		: fpu vme de pse tsc msr pae mce cx8 apic sep mtrr pge mca cmov pat pse36 clflush dts acpi mmx fxsr sse sse2 ss ht tm pbe syscall nx rdtscp lm constant_tsc arch_perfmon pebs bts nopl xtopology nonstop_tsc aperfmperf eagerfpu pni pclmulqdq dtes64 ds_cpl vmx smx est tm2 ssse3 cx16 xtpr pdcm pcid sse4_1 sse4_2 x2apic popcnt tsc_deadline_timer aes xsave avx lahf_lm ida arat epb xsaveopt pln pts dtherm tpr_shadow vnmi flexpriority ept vpid
bogomips	: 4983.71
clflush size	: 64
cache_alignment	: 64
address sizes	: 36 bits physical, 48 bits virtual
power management:

processor	: 3
vendor_id	: GenuineIntel
cpu family	: 6
model		: 42
model name	: Intel(R) Core(TM) i5-2520M CPU @ 2.50GHz
stepping	: 7
microcode	: 0x23
cpu MHz		: 3000.000
cache size	: 3072 KB
physical id	: 0
siblings	: 4
core id		: 1
cpu cores	: 2
apicid		: 3
initial apicid	: 3
fpu		: yes
fpu_exception	: yes
cpuid level	: 13
wp		: yes
flags		: fpu vme de pse tsc msr pae mce cx8 apic sep mtrr pge mca cmov pat pse36 clflush dts acpi mmx fxsr sse sse2 ss ht tm pbe syscall nx rdtscp lm constant_tsc arch_perfmon pebs bts nopl xtopology nonstop_tsc aperfmperf eagerfpu pni pclmulqdq dtes64 ds_cpl vmx smx est tm2 ssse3 cx16 xtpr pdcm pcid sse4_1 sse4_2 x2apic popcnt tsc_deadline_timer aes xsave avx lahf_lm ida arat epb xsaveopt pln pts dtherm tpr_shadow vnmi flexpriority ept vpid
bogomips	: 4983.71
clflush size	: 64
cache_alignment	: 64
address sizes	: 36 bits physical, 48 bits virtual
power management:



Memory: 4k page, physical 3938628k(101404k free), swap 0k(0k free)

vm_info: OpenJDK 64-Bit Server VM (24.95-b01) for linux-amd64 JRE (1.7.0_101-b00), built on Apr 25 2016 09:53:23 by "jmm" with gcc 4.9.2

time: Tue May 24 19:41:18 2016
elapsed time: 17 seconds

