#
# There is insufficient memory for the Java Runtime Environment to continue.
# Native memory allocation (malloc) failed to allocate 138412032 bytes for committing reserved memory.
# Possible reasons:
#   The system is out of physical RAM or swap space
#   In 32 bit mode, the process size limit was hit
# Possible solutions:
#   Reduce memory load on the system
#   Increase physical memory or swap space
#   Check if swap backing store is full
#   Use 64 bit Java on a 64 bit OS
#   Decrease Java heap size (-Xmx/-Xms)
#   Decrease number of Java threads
#   Decrease Java thread stack sizes (-Xss)
#   Set larger code cache with -XX:ReservedCodeCacheSize=
# This output file may be truncated or incomplete.
#
#  Out of Memory Error (os_linux.cpp:2827), pid=4279, tid=140210383644416
#
# JRE version: OpenJDK Runtime Environment (7.0_101) (build 1.7.0_101-b00)
# Java VM: OpenJDK 64-Bit Server VM (24.95-b01 mixed mode linux-amd64 compressed oops)
# Derivative: IcedTea 2.6.6
# Distribution: Debian GNU/Linux 8.2 (jessie), package 7u101-2.6.6-1~deb8u1
# Failed to write core dump. Core dumps have been disabled. To enable core dumping, try "ulimit -c unlimited" before starting Java again
#

---------------  T H R E A D  ---------------

Current thread (0x00007f854c076000):  VMThread [stack: 0x00007f85460c6000,0x00007f85461c7000] [id=4297]

Stack: [0x00007f85460c6000,0x00007f85461c7000],  sp=0x00007f85461c54e0,  free space=1021k
Native frames: (J=compiled Java code, j=interpreted, Vv=VM code, C=native code)
V  [libjvm.so+0x9893b6]
V  [libjvm.so+0x493832]
V  [libjvm.so+0x7fb2db]
V  [libjvm.so+0x7f59be]
V  [libjvm.so+0x86937b]
V  [libjvm.so+0x86a233]
V  [libjvm.so+0x86a94b]
V  [libjvm.so+0x8662b1]
V  [libjvm.so+0x866b28]
V  [libjvm.so+0x81e603]
V  [libjvm.so+0x98ac82]
V  [libjvm.so+0x98f107]
V  [libjvm.so+0x98d87b]
V  [libjvm.so+0x98df26]
V  [libjvm.so+0x98e3f1]
V  [libjvm.so+0x7f8202]

VM_Operation (0x00007f8554905200): ParallelGCFailedAllocation, mode: safepoint, requested by thread 0x00007f854c00a800


---------------  P R O C E S S  ---------------

Java Threads: ( => current thread )
  0x00007f854c0b1000 JavaThread "Service Thread" daemon [_thread_blocked, id=4327, stack(0x00007f8545937000,0x00007f8545a38000)]
  0x00007f854c0ae800 JavaThread "C2 CompilerThread1" daemon [_thread_in_native, id=4326, stack(0x00007f8545a38000,0x00007f8545b39000)]
  0x00007f854c0ab800 JavaThread "C2 CompilerThread0" daemon [_thread_blocked, id=4325, stack(0x00007f8545b39000,0x00007f8545c3a000)]
  0x00007f854c0a9800 JavaThread "Signal Dispatcher" daemon [_thread_blocked, id=4324, stack(0x00007f8545c3a000,0x00007f8545d3b000)]
  0x00007f854c07c800 JavaThread "Finalizer" daemon [_thread_blocked, id=4314, stack(0x00007f8545ec4000,0x00007f8545fc5000)]
  0x00007f854c07a800 JavaThread "Reference Handler" daemon [_thread_blocked, id=4311, stack(0x00007f8545fc5000,0x00007f85460c6000)]
  0x00007f854c00a800 JavaThread "main" [_thread_blocked, id=4284, stack(0x00007f8554806000,0x00007f8554907000)]

Other Threads:
=>0x00007f854c076000 VMThread [stack: 0x00007f85460c6000,0x00007f85461c7000] [id=4297]
  0x00007f854c0bb800 WatcherThread [stack: 0x00007f8545836000,0x00007f8545937000] [id=4328]

VM state:at safepoint (normal execution)

VM Mutex/Monitor currently owned by a thread:  ([mutex/lock_event])
[0x00007f854c006b40] Threads_lock - owner thread: 0x00007f854c076000
[0x00007f854c007040] Heap_lock - owner thread: 0x00007f854c00a800

Heap
 PSYoungGen      total 139264K, used 19448K [0x00000000eaa80000, 0x00000000f4880000, 0x0000000100000000)
  eden space 119808K, 0% used [0x00000000eaa80000,0x00000000eaa80000,0x00000000f1f80000)
  from space 19456K, 99% used [0x00000000f1f80000,0x00000000f327e280,0x00000000f3280000)
  to   space 16384K, 0% used [0x00000000f3280000,0x00000000f3280000,0x00000000f4280000)
 ParOldGen       total 40960K, used 33724K [0x00000000c0000000, 0x00000000c2800000, 0x00000000eaa80000)
  object space 40960K, 82% used [0x00000000c0000000,0x00000000c20ef130,0x00000000c2800000)
 PSPermGen       total 21504K, used 6639K [0x00000000b5a00000, 0x00000000b6f00000, 0x00000000c0000000)
  object space 21504K, 30% used [0x00000000b5a00000,0x00000000b607bf78,0x00000000b6f00000)

Card table byte_map: [0x00007f85511ce000,0x00007f8551422000] byte_map_base: 0x00007f8550c21000

Polling page: 0x00007f8554926000

Code Cache  [0x00007f8549000000, 0x00007f85492a0000, 0x00007f854c000000)
 total_blobs=963 nmethods=732 adapters=184 free_code_cache=46530Kb largest_free_block=47601408

Compilation events (10 events):
Event: 32,536 Thread 0x00007f854c0ab800 nmethod 740 0x00007f8549298fd0 code [0x00007f85492991e0, 0x00007f8549299a08]
Event: 32,536 Thread 0x00007f854c0ab800  741             com.android.dx.ssa.SsaRenamer::getLocalForNewReg (25 bytes)
Event: 32,549 Thread 0x00007f854c0ab800 nmethod 741 0x00007f8549293ed0 code [0x00007f8549294020, 0x00007f85492940f8]
Event: 32,549 Thread 0x00007f854c0ab800  742             com.android.dx.ssa.SsaRenamer::access$500 (6 bytes)
Event: 32,550 Thread 0x00007f854c0ab800 nmethod 742 0x00007f8549293b10 code [0x00007f8549293c60, 0x00007f8549293d38]
Event: 32,550 Thread 0x00007f854c0ab800  743             java.lang.StringBuilder::append (8 bytes)
Event: 32,554 Thread 0x00007f854c0ab800 nmethod 743 0x00007f8549293450 code [0x00007f85492935a0, 0x00007f85492938b8]
Event: 32,554 Thread 0x00007f854c0ab800  744             java.lang.AbstractStringBuilder::append (29 bytes)
Event: 32,576 Thread 0x00007f854c0ab800 nmethod 744 0x00007f8549292e10 code [0x00007f8549292f60, 0x00007f8549293278]
Event: 32,576 Thread 0x00007f854c0ab800  745   !         com.android.dx.cf.code.Ropper::processBlock (1101 bytes)

GC Heap History (10 events):
Event: 2,485 GC heap after
Heap after GC invocations=2 (full 0):
 PSYoungGen      total 33280K, used 2538K [0x00000000eaa80000, 0x00000000ecd80000, 0x0000000100000000)
  eden space 30720K, 0% used [0x00000000eaa80000,0x00000000eaa80000,0x00000000ec880000)
  from space 2560K, 99% used [0x00000000ecb00000,0x00000000ecd7aac8,0x00000000ecd80000)
  to   space 2560K, 0% used [0x00000000ec880000,0x00000000ec880000,0x00000000ecb00000)
 ParOldGen       total 40960K, used 1485K [0x00000000c0000000, 0x00000000c2800000, 0x00000000eaa80000)
  object space 40960K, 3% used [0x00000000c0000000,0x00000000c01735b8,0x00000000c2800000)
 PSPermGen       total 21504K, used 5998K [0x00000000b5a00000, 0x00000000b6f00000, 0x00000000c0000000)
  object space 21504K, 27% used [0x00000000b5a00000,0x00000000b5fdb948,0x00000000b6f00000)
}
Event: 5,356 GC heap before
{Heap before GC invocations=3 (full 0):
 PSYoungGen      total 33280K, used 33258K [0x00000000eaa80000, 0x00000000ecd80000, 0x0000000100000000)
  eden space 30720K, 100% used [0x00000000eaa80000,0x00000000ec880000,0x00000000ec880000)
  from space 2560K, 99% used [0x00000000ecb00000,0x00000000ecd7aac8,0x00000000ecd80000)
  to   space 2560K, 0% used [0x00000000ec880000,0x00000000ec880000,0x00000000ecb00000)
 ParOldGen       total 40960K, used 1485K [0x00000000c0000000, 0x00000000c2800000, 0x00000000eaa80000)
  object space 40960K, 3% used [0x00000000c0000000,0x00000000c01735b8,0x00000000c2800000)
 PSPermGen       total 21504K, used 6202K [0x00000000b5a00000, 0x00000000b6f00000, 0x00000000c0000000)
  object space 21504K, 28% used [0x00000000b5a00000,0x00000000b600ea78,0x00000000b6f00000)
Event: 5,387 GC heap after
Heap after GC invocations=3 (full 0):
 PSYoungGen      total 33280K, used 2535K [0x00000000eaa80000, 0x00000000eeb80000, 0x0000000100000000)
  eden space 30720K, 0% used [0x00000000eaa80000,0x00000000eaa80000,0x00000000ec880000)
  from space 2560K, 99% used [0x00000000ec880000,0x00000000ecaf9c78,0x00000000ecb00000)
  to   space 2560K, 0% used [0x00000000ee900000,0x00000000ee900000,0x00000000eeb80000)
 ParOldGen       total 40960K, used 5721K [0x00000000c0000000, 0x00000000c2800000, 0x00000000eaa80000)
  object space 40960K, 13% used [0x00000000c0000000,0x00000000c05966a0,0x00000000c2800000)
 PSPermGen       total 21504K, used 6202K [0x00000000b5a00000, 0x00000000b6f00000, 0x00000000c0000000)
  object space 21504K, 28% used [0x00000000b5a00000,0x00000000b600ea78,0x00000000b6f00000)
}
Event: 8,072 GC heap before
{Heap before GC invocations=4 (full 0):
 PSYoungGen      total 33280K, used 33255K [0x00000000eaa80000, 0x00000000eeb80000, 0x0000000100000000)
  eden space 30720K, 100% used [0x00000000eaa80000,0x00000000ec880000,0x00000000ec880000)
  from space 2560K, 99% used [0x00000000ec880000,0x00000000ecaf9c78,0x00000000ecb00000)
  to   space 2560K, 0% used [0x00000000ee900000,0x00000000ee900000,0x00000000eeb80000)
 ParOldGen       total 40960K, used 5721K [0x00000000c0000000, 0x00000000c2800000, 0x00000000eaa80000)
  object space 40960K, 13% used [0x00000000c0000000,0x00000000c05966a0,0x00000000c2800000)
 PSPermGen       total 21504K, used 6269K [0x00000000b5a00000, 0x00000000b6f00000, 0x00000000c0000000)
  object space 21504K, 29% used [0x00000000b5a00000,0x00000000b601f4f0,0x00000000b6f00000)
Event: 8,137 GC heap after
Heap after GC invocations=4 (full 0):
 PSYoungGen      total 64000K, used 2533K [0x00000000eaa80000, 0x00000000eeb80000, 0x0000000100000000)
  eden space 61440K, 0% used [0x00000000eaa80000,0x00000000eaa80000,0x00000000ee680000)
  from space 2560K, 98% used [0x00000000ee900000,0x00000000eeb796f0,0x00000000eeb80000)
  to   space 2560K, 0% used [0x00000000ee680000,0x00000000ee680000,0x00000000ee900000)
 ParOldGen       total 40960K, used 11180K [0x00000000c0000000, 0x00000000c2800000, 0x00000000eaa80000)
  object space 40960K, 27% used [0x00000000c0000000,0x00000000c0aeb1e0,0x00000000c2800000)
 PSPermGen       total 21504K, used 6269K [0x00000000b5a00000, 0x00000000b6f00000, 0x00000000c0000000)
  object space 21504K, 29% used [0x00000000b5a00000,0x00000000b601f4f0,0x00000000b6f00000)
}
Event: 12,752 GC heap before
{Heap before GC invocations=5 (full 0):
 PSYoungGen      total 64000K, used 63973K [0x00000000eaa80000, 0x00000000eeb80000, 0x0000000100000000)
  eden space 61440K, 100% used [0x00000000eaa80000,0x00000000ee680000,0x00000000ee680000)
  from space 2560K, 98% used [0x00000000ee900000,0x00000000eeb796f0,0x00000000eeb80000)
  to   space 2560K, 0% used [0x00000000ee680000,0x00000000ee680000,0x00000000ee900000)
 ParOldGen       total 40960K, used 11180K [0x00000000c0000000, 0x00000000c2800000, 0x00000000eaa80000)
  object space 40960K, 27% used [0x00000000c0000000,0x00000000c0aeb1e0,0x00000000c2800000)
 PSPermGen       total 21504K, used 6334K [0x00000000b5a00000, 0x00000000b6f00000, 0x00000000c0000000)
  object space 21504K, 29% used [0x00000000b5a00000,0x00000000b602f990,0x00000000b6f00000)
Event: 12,854 GC heap after
Heap after GC invocations=5 (full 0):
 PSYoungGen      total 64000K, used 2549K [0x00000000eaa80000, 0x00000000f4280000, 0x0000000100000000)
  eden space 61440K, 0% used [0x00000000eaa80000,0x00000000eaa80000,0x00000000ee680000)
  from space 2560K, 99% used [0x00000000ee680000,0x00000000ee8fd540,0x00000000ee900000)
  to   space 16384K, 0% used [0x00000000f3280000,0x00000000f3280000,0x00000000f4280000)
 ParOldGen       total 40960K, used 23893K [0x00000000c0000000, 0x00000000c2800000, 0x00000000eaa80000)
  object space 40960K, 58% used [0x00000000c0000000,0x00000000c17554c8,0x00000000c2800000)
 PSPermGen       total 21504K, used 6334K [0x00000000b5a00000, 0x00000000b6f00000, 0x00000000c0000000)
  object space 21504K, 29% used [0x00000000b5a00000,0x00000000b602f990,0x00000000b6f00000)
}
Event: 17,149 GC heap before
{Heap before GC invocations=6 (full 0):
 PSYoungGen      total 64000K, used 63989K [0x00000000eaa80000, 0x00000000f4280000, 0x0000000100000000)
  eden space 61440K, 100% used [0x00000000eaa80000,0x00000000ee680000,0x00000000ee680000)
  from space 2560K, 99% used [0x00000000ee680000,0x00000000ee8fd540,0x00000000ee900000)
  to   space 16384K, 0% used [0x00000000f3280000,0x00000000f3280000,0x00000000f4280000)
 ParOldGen       total 40960K, used 23893K [0x00000000c0000000, 0x00000000c2800000, 0x00000000eaa80000)
  object space 40960K, 58% used [0x00000000c0000000,0x00000000c17554c8,0x00000000c2800000)
 PSPermGen       total 21504K, used 6374K [0x00000000b5a00000, 0x00000000b6f00000, 0x00000000c0000000)
  object space 21504K, 29% used [0x00000000b5a00000,0x00000000b6039b98,0x00000000b6f00000)
Event: 17,286 GC heap after
Heap after GC invocations=6 (full 0):
 PSYoungGen      total 136192K, used 15177K [0x00000000eaa80000, 0x00000000f4880000, 0x0000000100000000)
  eden space 119808K, 0% used [0x00000000eaa80000,0x00000000eaa80000,0x00000000f1f80000)
  from space 16384K, 92% used [0x00000000f3280000,0x00000000f41525e0,0x00000000f4280000)
  to   space 19456K, 0% used [0x00000000f1f80000,0x00000000f1f80000,0x00000000f3280000)
 ParOldGen       total 40960K, used 23893K [0x00000000c0000000, 0x00000000c2800000, 0x00000000eaa80000)
  object space 40960K, 58% used [0x00000000c0000000,0x00000000c17554c8,0x00000000c2800000)
 PSPermGen       total 21504K, used 6374K [0x00000000b5a00000, 0x00000000b6f00000, 0x00000000c0000000)
  object space 21504K, 29% used [0x00000000b5a00000,0x00000000b6039b98,0x00000000b6f00000)
}
Event: 32,628 GC heap before
{Heap before GC invocations=7 (full 0):
 PSYoungGen      total 136192K, used 134985K [0x00000000eaa80000, 0x00000000f4880000, 0x0000000100000000)
  eden space 119808K, 100% used [0x00000000eaa80000,0x00000000f1f80000,0x00000000f1f80000)
  from space 16384K, 92% used [0x00000000f3280000,0x00000000f41525e0,0x00000000f4280000)
  to   space 19456K, 0% used [0x00000000f1f80000,0x00000000f1f80000,0x00000000f3280000)
 ParOldGen       total 40960K, used 23893K [0x00000000c0000000, 0x00000000c2800000, 0x00000000eaa80000)
  object space 40960K, 58% used [0x00000000c0000000,0x00000000c17554c8,0x00000000c2800000)
 PSPermGen       total 21504K, used 6639K [0x00000000b5a00000, 0x00000000b6f00000, 0x00000000c0000000)
  object space 21504K, 30% used [0x00000000b5a00000,0x00000000b607bf78,0x00000000b6f00000)

Deoptimization events (10 events):
Event: 29,221 Thread 0x00007f854c00a800 Uncommon trap: reason=unstable_if action=reinterpret pc=0x00007f85490e9f10 method=com.android.dx.rop.code.RegisterSpecSet.equals(Ljava/lang/Object;)Z @ 30
Event: 29,873 Thread 0x00007f854c00a800 Uncommon trap: reason=class_check action=maybe_recompile pc=0x00007f85490a2ec4 method=com.android.dx.util.FixedSizeList.equals(Ljava/lang/Object;)Z @ 25
Event: 29,873 Thread 0x00007f854c00a800 Uncommon trap: reason=class_check action=maybe_recompile pc=0x00007f85490aa218 method=java.util.Arrays.equals([Ljava/lang/Object;[Ljava/lang/Object;)Z @ 62
Event: 29,873 Thread 0x00007f854c00a800 Uncommon trap: reason=class_check action=maybe_recompile pc=0x00007f85490a2ec4 method=com.android.dx.util.FixedSizeList.equals(Ljava/lang/Object;)Z @ 25
Event: 29,873 Thread 0x00007f854c00a800 Uncommon trap: reason=class_check action=maybe_recompile pc=0x00007f85490aa218 method=java.util.Arrays.equals([Ljava/lang/Object;[Ljava/lang/Object;)Z @ 62
Event: 29,873 Thread 0x00007f854c00a800 Uncommon trap: reason=class_check action=maybe_recompile pc=0x00007f85490a2ec4 method=com.android.dx.util.FixedSizeList.equals(Ljava/lang/Object;)Z @ 25
Event: 29,873 Thread 0x00007f854c00a800 Uncommon trap: reason=class_check action=maybe_recompile pc=0x00007f85490aa218 method=java.util.Arrays.equals([Ljava/lang/Object;[Ljava/lang/Object;)Z @ 62
Event: 29,873 Thread 0x00007f854c00a800 Uncommon trap: reason=class_check action=maybe_recompile pc=0x00007f85490a2ec4 method=com.android.dx.util.FixedSizeList.equals(Ljava/lang/Object;)Z @ 25
Event: 29,873 Thread 0x00007f854c00a800 Uncommon trap: reason=class_check action=maybe_recompile pc=0x00007f85490aa218 method=java.util.Arrays.equals([Ljava/lang/Object;[Ljava/lang/Object;)Z @ 62
Event: 29,874 Thread 0x00007f854c00a800 Uncommon trap: reason=unstable_if action=reinterpret pc=0x00007f854907e9b8 method=java.util.TreeMap.put(Ljava/lang/Object;Ljava/lang/Object;)Ljava/lang/Object; @ 163

Internal exceptions (10 events):
Event: 29,044 Thread 0x00007f854c00a800 Threw 0x00000000f1b15330 at /home/jmm/jdk4/openjdk-7-7u101-2.6.6/build/openjdk/hotspot/src/share/vm/prims/jvm.cpp:1322
Event: 29,045 Thread 0x00007f854c00a800 Threw 0x00000000f1b1aea0 at /home/jmm/jdk4/openjdk-7-7u101-2.6.6/build/openjdk/hotspot/src/share/vm/prims/jvm.cpp:1322
Event: 29,046 Thread 0x00007f854c00a800 Threw 0x00000000f1b21df8 at /home/jmm/jdk4/openjdk-7-7u101-2.6.6/build/openjdk/hotspot/src/share/vm/prims/jvm.cpp:1322
Event: 29,046 Thread 0x00007f854c00a800 Threw 0x00000000f1b25600 at /home/jmm/jdk4/openjdk-7-7u101-2.6.6/build/openjdk/hotspot/src/share/vm/prims/jvm.cpp:1322
Event: 29,048 Thread 0x00007f854c00a800 Threw 0x00000000f1b2ad40 at /home/jmm/jdk4/openjdk-7-7u101-2.6.6/build/openjdk/hotspot/src/share/vm/prims/jvm.cpp:1322
Event: 29,049 Thread 0x00007f854c00a800 Threw 0x00000000f1b2fbd0 at /home/jmm/jdk4/openjdk-7-7u101-2.6.6/build/openjdk/hotspot/src/share/vm/prims/jvm.cpp:1322
Event: 29,064 Thread 0x00007f854c00a800 Threw 0x00000000f1b36de0 at /home/jmm/jdk4/openjdk-7-7u101-2.6.6/build/openjdk/hotspot/src/share/vm/prims/jvm.cpp:1322
Event: 29,872 Thread 0x00007f854c00a800 Threw 0x00000000f1c959b8 at /home/jmm/jdk4/openjdk-7-7u101-2.6.6/build/openjdk/hotspot/src/share/vm/prims/jvm.cpp:1322
Event: 29,873 Thread 0x00007f854c00a800 Threw 0x00000000f1c99458 at /home/jmm/jdk4/openjdk-7-7u101-2.6.6/build/openjdk/hotspot/src/share/vm/prims/jvm.cpp:1322
Event: 29,874 Thread 0x00007f854c00a800 Threw 0x00000000f1c9d010 at /home/jmm/jdk4/openjdk-7-7u101-2.6.6/build/openjdk/hotspot/src/share/vm/prims/jvm.cpp:1322

Events (10 events):
Event: 29,873 loading class 0x00007f854c1c02b0
Event: 29,873 loading class 0x00007f854c1c02b0 done
Event: 29,874 Thread 0x00007f854c00a800 Uncommon trap: trap_request=0xffffff75 fr.pc=0x00007f854907e9b8
Event: 29,874 Thread 0x00007f854c00a800 DEOPT PACKING pc=0x00007f854907e9b8 sp=0x00007f8554905490
Event: 29,874 Thread 0x00007f854c00a800 DEOPT UNPACKING pc=0x00007f8549039445 sp=0x00007f8554905450 mode 2
Event: 29,874 loading class 0x00007f854c12ef00
Event: 29,874 loading class 0x00007f854c12ef00 done
Event: 30,576 Thread 0x00007f854c0ab800 flushing nmethod 0x00007f854911ed10
Event: 30,658 Thread 0x00007f854c0ab800 flushing nmethod 0x00007f8549148650
Event: 32,628 Executing VM operation: ParallelGCFailedAllocation


Dynamic libraries:
00400000-00401000 r-xp 00000000 08:01 1582995                            /usr/lib/jvm/java-7-openjdk-amd64/jre/bin/java
00600000-00601000 r--p 00000000 08:01 1582995                            /usr/lib/jvm/java-7-openjdk-amd64/jre/bin/java
00601000-00602000 rw-p 00001000 08:01 1582995                            /usr/lib/jvm/java-7-openjdk-amd64/jre/bin/java
022d8000-022f9000 rw-p 00000000 00:00 0                                  [heap]
b5a00000-b6f00000 rw-p 00000000 00:00 0 
b6f00000-c0000000 rw-p 00000000 00:00 0 
c0000000-c2800000 rw-p 00000000 00:00 0 
c2800000-eaa80000 rw-p 00000000 00:00 0 
eaa80000-f4880000 rw-p 00000000 00:00 0 
fcc80000-100000000 rw-p 00000000 00:00 0 
7f84fc000000-7f84fc021000 rw-p 00000000 00:00 0 
7f84fc021000-7f8500000000 ---p 00000000 00:00 0 
7f8500000000-7f8500031000 rw-p 00000000 00:00 0 
7f8500031000-7f8504000000 ---p 00000000 00:00 0 
7f8504000000-7f8504021000 rw-p 00000000 00:00 0 
7f8504021000-7f8508000000 ---p 00000000 00:00 0 
7f8508000000-7f850803c000 rw-p 00000000 00:00 0 
7f850803c000-7f850c000000 ---p 00000000 00:00 0 
7f850c000000-7f850c024000 rw-p 00000000 00:00 0 
7f850c024000-7f8510000000 ---p 00000000 00:00 0 
7f8510000000-7f8510021000 rw-p 00000000 00:00 0 
7f8510021000-7f8514000000 ---p 00000000 00:00 0 
7f85177fa000-7f85177fd000 ---p 00000000 00:00 0 
7f85177fd000-7f85178fb000 rw-p 00000000 00:00 0 
7f85178fb000-7f85178fe000 ---p 00000000 00:00 0 
7f85178fe000-7f85179fc000 rw-p 00000000 00:00 0 
7f85179fc000-7f85179ff000 ---p 00000000 00:00 0 
7f85179ff000-7f8517afd000 rw-p 00000000 00:00 0 
7f8517afd000-7f8517b00000 ---p 00000000 00:00 0 
7f8517b00000-7f8517bfe000 rw-p 00000000 00:00 0 
7f8517bfe000-7f8517c01000 ---p 00000000 00:00 0 
7f8517c01000-7f8518000000 rw-p 00000000 00:00 0 
7f8518000000-7f85196a5000 rw-p 00000000 00:00 0 
7f85196a5000-7f851c000000 ---p 00000000 00:00 0 
7f851c000000-7f851c021000 rw-p 00000000 00:00 0 
7f851c021000-7f8520000000 ---p 00000000 00:00 0 
7f8520000000-7f8521b11000 rw-p 00000000 00:00 0 
7f8521b11000-7f8524000000 ---p 00000000 00:00 0 
7f8524000000-7f8524021000 rw-p 00000000 00:00 0 
7f8524021000-7f8528000000 ---p 00000000 00:00 0 
7f8528000000-7f8528021000 rw-p 00000000 00:00 0 
7f8528021000-7f852c000000 ---p 00000000 00:00 0 
7f852c000000-7f852c021000 rw-p 00000000 00:00 0 
7f852c021000-7f8530000000 ---p 00000000 00:00 0 
7f8530000000-7f8530021000 rw-p 00000000 00:00 0 
7f8530021000-7f8534000000 ---p 00000000 00:00 0 
7f8534000000-7f8534021000 rw-p 00000000 00:00 0 
7f8534021000-7f8538000000 ---p 00000000 00:00 0 
7f8538000000-7f8538021000 rw-p 00000000 00:00 0 
7f8538021000-7f853c000000 ---p 00000000 00:00 0 
7f853c000000-7f853c021000 rw-p 00000000 00:00 0 
7f853c021000-7f8540000000 ---p 00000000 00:00 0 
7f8540000000-7f8540021000 rw-p 00000000 00:00 0 
7f8540021000-7f8544000000 ---p 00000000 00:00 0 
7f8544038000-7f854405e000 r--p 00000000 08:01 791914                     /usr/share/locale/fr/LC_MESSAGES/libc.mo
7f854405e000-7f85440ca000 r-xp 00000000 08:01 5373998                    /lib/x86_64-linux-gnu/libpcre.so.3.13.1
7f85440ca000-7f85442ca000 ---p 0006c000 08:01 5373998                    /lib/x86_64-linux-gnu/libpcre.so.3.13.1
7f85442ca000-7f85442cb000 r--p 0006c000 08:01 5373998                    /lib/x86_64-linux-gnu/libpcre.so.3.13.1
7f85442cb000-7f85442cc000 rw-p 0006d000 08:01 5373998                    /lib/x86_64-linux-gnu/libpcre.so.3.13.1
7f85442cc000-7f85442d3000 r-xp 00000000 08:01 790748                     /usr/lib/x86_64-linux-gnu/libffi.so.6.0.2
7f85442d3000-7f85444d2000 ---p 00007000 08:01 790748                     /usr/lib/x86_64-linux-gnu/libffi.so.6.0.2
7f85444d2000-7f85444d3000 r--p 00006000 08:01 790748                     /usr/lib/x86_64-linux-gnu/libffi.so.6.0.2
7f85444d3000-7f85444d4000 rw-p 00007000 08:01 790748                     /usr/lib/x86_64-linux-gnu/libffi.so.6.0.2
7f85444d4000-7f85444e8000 r-xp 00000000 08:01 5373974                    /lib/x86_64-linux-gnu/libresolv-2.19.so
7f85444e8000-7f85446e7000 ---p 00014000 08:01 5373974                    /lib/x86_64-linux-gnu/libresolv-2.19.so
7f85446e7000-7f85446e8000 r--p 00013000 08:01 5373974                    /lib/x86_64-linux-gnu/libresolv-2.19.so
7f85446e8000-7f85446e9000 rw-p 00014000 08:01 5373974                    /lib/x86_64-linux-gnu/libresolv-2.19.so
7f85446e9000-7f85446eb000 rw-p 00000000 00:00 0 
7f85446eb000-7f854470c000 r-xp 00000000 08:01 5374051                    /lib/x86_64-linux-gnu/libselinux.so.1
7f854470c000-7f854490c000 ---p 00021000 08:01 5374051                    /lib/x86_64-linux-gnu/libselinux.so.1
7f854490c000-7f854490d000 r--p 00021000 08:01 5374051                    /lib/x86_64-linux-gnu/libselinux.so.1
7f854490d000-7f854490e000 rw-p 00022000 08:01 5374051                    /lib/x86_64-linux-gnu/libselinux.so.1
7f854490e000-7f8544910000 rw-p 00000000 00:00 0 
7f8544910000-7f8544913000 r-xp 00000000 08:01 793762                     /usr/lib/x86_64-linux-gnu/libgmodule-2.0.so.0.4200.1
7f8544913000-7f8544b12000 ---p 00003000 08:01 793762                     /usr/lib/x86_64-linux-gnu/libgmodule-2.0.so.0.4200.1
7f8544b12000-7f8544b13000 r--p 00002000 08:01 793762                     /usr/lib/x86_64-linux-gnu/libgmodule-2.0.so.0.4200.1
7f8544b13000-7f8544b14000 rw-p 00003000 08:01 793762                     /usr/lib/x86_64-linux-gnu/libgmodule-2.0.so.0.4200.1
7f8544b14000-7f8544c20000 r-xp 00000000 08:01 5374471                    /lib/x86_64-linux-gnu/libglib-2.0.so.0.4200.1
7f8544c20000-7f8544e20000 ---p 0010c000 08:01 5374471                    /lib/x86_64-linux-gnu/libglib-2.0.so.0.4200.1
7f8544e20000-7f8544e21000 r--p 0010c000 08:01 5374471                    /lib/x86_64-linux-gnu/libglib-2.0.so.0.4200.1
7f8544e21000-7f8544e22000 rw-p 0010d000 08:01 5374471                    /lib/x86_64-linux-gnu/libglib-2.0.so.0.4200.1
7f8544e22000-7f8544e23000 rw-p 00000000 00:00 0 
7f8544e23000-7f8544e74000 r-xp 00000000 08:01 793761                     /usr/lib/x86_64-linux-gnu/libgobject-2.0.so.0.4200.1
7f8544e74000-7f8545074000 ---p 00051000 08:01 793761                     /usr/lib/x86_64-linux-gnu/libgobject-2.0.so.0.4200.1
7f8545074000-7f8545075000 r--p 00051000 08:01 793761                     /usr/lib/x86_64-linux-gnu/libgobject-2.0.so.0.4200.1
7f8545075000-7f8545076000 rw-p 00052000 08:01 793761                     /usr/lib/x86_64-linux-gnu/libgobject-2.0.so.0.4200.1
7f8545076000-7f85451e8000 r-xp 00000000 08:01 793764                     /usr/lib/x86_64-linux-gnu/libgio-2.0.so.0.4200.1
7f85451e8000-7f85453e8000 ---p 00172000 08:01 793764                     /usr/lib/x86_64-linux-gnu/libgio-2.0.so.0.4200.1
7f85453e8000-7f85453ec000 r--p 00172000 08:01 793764                     /usr/lib/x86_64-linux-gnu/libgio-2.0.so.0.4200.1
7f85453ec000-7f85453ee000 rw-p 00176000 08:01 793764                     /usr/lib/x86_64-linux-gnu/libgio-2.0.so.0.4200.1
7f85453ee000-7f85453f0000 rw-p 00000000 00:00 0 
7f854540b000-7f8545423000 r-xp 00000000 08:01 1448978                    /usr/lib/jvm/java-7-openjdk-amd64/jre/lib/amd64/libnet.so
7f8545423000-7f8545622000 ---p 00018000 08:01 1448978                    /usr/lib/jvm/java-7-openjdk-amd64/jre/lib/amd64/libnet.so
7f8545622000-7f8545623000 r--p 00017000 08:01 1448978                    /usr/lib/jvm/java-7-openjdk-amd64/jre/lib/amd64/libnet.so
7f8545623000-7f8545624000 rw-p 00018000 08:01 1448978                    /usr/lib/jvm/java-7-openjdk-amd64/jre/lib/amd64/libnet.so
7f8545624000-7f8545635000 r-xp 00000000 08:01 1448965                    /usr/lib/jvm/java-7-openjdk-amd64/jre/lib/amd64/libnio.so
7f8545635000-7f8545834000 ---p 00011000 08:01 1448965                    /usr/lib/jvm/java-7-openjdk-amd64/jre/lib/amd64/libnio.so
7f8545834000-7f8545835000 r--p 00010000 08:01 1448965                    /usr/lib/jvm/java-7-openjdk-amd64/jre/lib/amd64/libnio.so
7f8545835000-7f8545836000 rw-p 00011000 08:01 1448965                    /usr/lib/jvm/java-7-openjdk-amd64/jre/lib/amd64/libnio.so
7f8545836000-7f8545837000 ---p 00000000 00:00 0 
7f8545837000-7f8545937000 rw-p 00000000 00:00 0                          [stack:4328]
7f8545937000-7f854593a000 ---p 00000000 00:00 0 
7f854593a000-7f8545a38000 rw-p 00000000 00:00 0                          [stack:4327]
7f8545a38000-7f8545a3b000 ---p 00000000 00:00 0 
7f8545a3b000-7f8545b39000 rw-p 00000000 00:00 0                          [stack:4326]
7f8545b39000-7f8545b3c000 ---p 00000000 00:00 0 
7f8545b3c000-7f8545c3a000 rw-p 00000000 00:00 0                          [stack:4325]
7f8545c3a000-7f8545c3d000 ---p 00000000 00:00 0 
7f8545c3d000-7f8545d3b000 rw-p 00000000 00:00 0                          [stack:4324]
7f8545d3b000-7f8545ec4000 r--p 00000000 08:01 790100                     /usr/lib/locale/locale-archive
7f8545ec4000-7f8545ec7000 ---p 00000000 00:00 0 
7f8545ec7000-7f8545fc5000 rw-p 00000000 00:00 0                          [stack:4314]
7f8545fc5000-7f8545fc8000 ---p 00000000 00:00 0 
7f8545fc8000-7f85460c6000 rw-p 00000000 00:00 0                          [stack:4311]
7f85460c6000-7f85460c7000 ---p 00000000 00:00 0 
7f85460c7000-7f8549000000 rw-p 00000000 00:00 0                          [stack:4297]
7f8549000000-7f85492a0000 rwxp 00000000 00:00 0 
7f85492a0000-7f854c1cb000 rw-p 00000000 00:00 0 
7f854c1cb000-7f8550000000 ---p 00000000 00:00 0 
7f8550019000-7f8550020000 r--s 00000000 08:01 788991                     /usr/lib/x86_64-linux-gnu/gconv/gconv-modules.cache
7f8550020000-7f855002f000 r--s 000df000 08:01 4338904                    /home/yann/Documents/Programmation/Android/android-sdk/build-tools/23.0.2/lib/dx.jar
7f855002f000-7f8550723000 rw-p 00000000 00:00 0 
7f8550723000-7f85508d5000 r--s 01d32000 08:01 1320128                    /usr/lib/jvm/java-7-openjdk-amd64/jre/lib/rt.jar
7f85508d5000-7f8550c21000 rw-p 00000000 00:00 0 
7f8550c21000-7f8550c22000 ---p 00000000 00:00 0 
7f8550c22000-7f8550d22000 rw-p 00000000 00:00 0                          [stack:4292]
7f8550d22000-7f8550d23000 ---p 00000000 00:00 0 
7f8550d23000-7f8550e23000 rw-p 00000000 00:00 0                          [stack:4291]
7f8550e23000-7f8550e24000 ---p 00000000 00:00 0 
7f8550e24000-7f8550f24000 rw-p 00000000 00:00 0                          [stack:4290]
7f8550f24000-7f8550f25000 ---p 00000000 00:00 0 
7f8550f25000-7f8551030000 rw-p 00000000 00:00 0                          [stack:4289]
7f8551030000-7f8551078000 rw-p 00000000 00:00 0 
7f8551078000-7f855108c000 rw-p 00000000 00:00 0 
7f855108c000-7f85511ce000 rw-p 00000000 00:00 0 
7f85511ce000-7f85511d9000 rw-p 00000000 00:00 0 
7f85511d9000-7f8551221000 rw-p 00000000 00:00 0 
7f8551221000-7f8551235000 rw-p 00000000 00:00 0 
7f8551235000-7f8551376000 rw-p 00000000 00:00 0 
7f8551376000-7f85513c6000 rw-p 00000000 00:00 0 
7f85513c6000-7f8551421000 rw-p 00000000 00:00 0 
7f8551421000-7f8551422000 rw-p 00000000 00:00 0 
7f8551422000-7f855142a000 r-xp 00000000 08:01 1448960                    /usr/lib/jvm/java-7-openjdk-amd64/jre/lib/amd64/libzip.so
7f855142a000-7f8551629000 ---p 00008000 08:01 1448960                    /usr/lib/jvm/java-7-openjdk-amd64/jre/lib/amd64/libzip.so
7f8551629000-7f855162a000 r--p 00007000 08:01 1448960                    /usr/lib/jvm/java-7-openjdk-amd64/jre/lib/amd64/libzip.so
7f855162a000-7f855162b000 rw-p 00008000 08:01 1448960                    /usr/lib/jvm/java-7-openjdk-amd64/jre/lib/amd64/libzip.so
7f855162b000-7f8551636000 r-xp 00000000 08:01 5373969                    /lib/x86_64-linux-gnu/libnss_files-2.19.so
7f8551636000-7f8551835000 ---p 0000b000 08:01 5373969                    /lib/x86_64-linux-gnu/libnss_files-2.19.so
7f8551835000-7f8551836000 r--p 0000a000 08:01 5373969                    /lib/x86_64-linux-gnu/libnss_files-2.19.so
7f8551836000-7f8551837000 rw-p 0000b000 08:01 5373969                    /lib/x86_64-linux-gnu/libnss_files-2.19.so
7f8551837000-7f8551841000 r-xp 00000000 08:01 5373971                    /lib/x86_64-linux-gnu/libnss_nis-2.19.so
7f8551841000-7f8551a40000 ---p 0000a000 08:01 5373971                    /lib/x86_64-linux-gnu/libnss_nis-2.19.so
7f8551a40000-7f8551a41000 r--p 00009000 08:01 5373971                    /lib/x86_64-linux-gnu/libnss_nis-2.19.so
7f8551a41000-7f8551a42000 rw-p 0000a000 08:01 5373971                    /lib/x86_64-linux-gnu/libnss_nis-2.19.so
7f8551a42000-7f8551a57000 r-xp 00000000 08:01 5373966                    /lib/x86_64-linux-gnu/libnsl-2.19.so
7f8551a57000-7f8551c56000 ---p 00015000 08:01 5373966                    /lib/x86_64-linux-gnu/libnsl-2.19.so
7f8551c56000-7f8551c57000 r--p 00014000 08:01 5373966                    /lib/x86_64-linux-gnu/libnsl-2.19.so
7f8551c57000-7f8551c58000 rw-p 00015000 08:01 5373966                    /lib/x86_64-linux-gnu/libnsl-2.19.so
7f8551c58000-7f8551c5a000 rw-p 00000000 00:00 0 
7f8551c5a000-7f8551c61000 r-xp 00000000 08:01 5373967                    /lib/x86_64-linux-gnu/libnss_compat-2.19.so
7f8551c61000-7f8551e60000 ---p 00007000 08:01 5373967                    /lib/x86_64-linux-gnu/libnss_compat-2.19.so
7f8551e60000-7f8551e61000 r--p 00006000 08:01 5373967                    /lib/x86_64-linux-gnu/libnss_compat-2.19.so
7f8551e61000-7f8551e62000 rw-p 00007000 08:01 5373967                    /lib/x86_64-linux-gnu/libnss_compat-2.19.so
7f8551e62000-7f8551e8f000 r-xp 00000000 08:01 1448987                    /usr/lib/jvm/java-7-openjdk-amd64/jre/lib/amd64/libjava.so
7f8551e8f000-7f855208e000 ---p 0002d000 08:01 1448987                    /usr/lib/jvm/java-7-openjdk-amd64/jre/lib/amd64/libjava.so
7f855208e000-7f855208f000 r--p 0002c000 08:01 1448987                    /usr/lib/jvm/java-7-openjdk-amd64/jre/lib/amd64/libjava.so
7f855208f000-7f8552091000 rw-p 0002d000 08:01 1448987                    /usr/lib/jvm/java-7-openjdk-amd64/jre/lib/amd64/libjava.so
7f8552091000-7f85520a0000 r-xp 00000000 08:01 1448956                    /usr/lib/jvm/java-7-openjdk-amd64/jre/lib/amd64/libverify.so
7f85520a0000-7f855229f000 ---p 0000f000 08:01 1448956                    /usr/lib/jvm/java-7-openjdk-amd64/jre/lib/amd64/libverify.so
7f855229f000-7f85522a2000 r--p 0000e000 08:01 1448956                    /usr/lib/jvm/java-7-openjdk-amd64/jre/lib/amd64/libverify.so
7f85522a2000-7f85522a3000 rw-p 00011000 08:01 1448956                    /usr/lib/jvm/java-7-openjdk-amd64/jre/lib/amd64/libverify.so
7f85522a3000-7f85522aa000 r-xp 00000000 08:01 5373975                    /lib/x86_64-linux-gnu/librt-2.19.so
7f85522aa000-7f85524a9000 ---p 00007000 08:01 5373975                    /lib/x86_64-linux-gnu/librt-2.19.so
7f85524a9000-7f85524aa000 r--p 00006000 08:01 5373975                    /lib/x86_64-linux-gnu/librt-2.19.so
7f85524aa000-7f85524ab000 rw-p 00007000 08:01 5373975                    /lib/x86_64-linux-gnu/librt-2.19.so
7f85524ab000-7f85524c1000 r-xp 00000000 08:01 5373956                    /lib/x86_64-linux-gnu/libgcc_s.so.1
7f85524c1000-7f85526c0000 ---p 00016000 08:01 5373956                    /lib/x86_64-linux-gnu/libgcc_s.so.1
7f85526c0000-7f85526c1000 rw-p 00015000 08:01 5373956                    /lib/x86_64-linux-gnu/libgcc_s.so.1
7f85526c1000-7f85527c1000 r-xp 00000000 08:01 5373964                    /lib/x86_64-linux-gnu/libm-2.19.so
7f85527c1000-7f85529c0000 ---p 00100000 08:01 5373964                    /lib/x86_64-linux-gnu/libm-2.19.so
7f85529c0000-7f85529c1000 r--p 000ff000 08:01 5373964                    /lib/x86_64-linux-gnu/libm-2.19.so
7f85529c1000-7f85529c2000 rw-p 00100000 08:01 5373964                    /lib/x86_64-linux-gnu/libm-2.19.so
7f85529c2000-7f8552aae000 r-xp 00000000 08:01 791154                     /usr/lib/x86_64-linux-gnu/libstdc++.so.6.0.20
7f8552aae000-7f8552cae000 ---p 000ec000 08:01 791154                     /usr/lib/x86_64-linux-gnu/libstdc++.so.6.0.20
7f8552cae000-7f8552cb6000 r--p 000ec000 08:01 791154                     /usr/lib/x86_64-linux-gnu/libstdc++.so.6.0.20
7f8552cb6000-7f8552cb8000 rw-p 000f4000 08:01 791154                     /usr/lib/x86_64-linux-gnu/libstdc++.so.6.0.20
7f8552cb8000-7f8552ccd000 rw-p 00000000 00:00 0 
7f8552ccd000-7f8553824000 r-xp 00000000 08:01 1580483                    /usr/lib/jvm/java-7-openjdk-amd64/jre/lib/amd64/server/libjvm.so
7f8553824000-7f8553a24000 ---p 00b57000 08:01 1580483                    /usr/lib/jvm/java-7-openjdk-amd64/jre/lib/amd64/server/libjvm.so
7f8553a24000-7f8553ac3000 r--p 00b57000 08:01 1580483                    /usr/lib/jvm/java-7-openjdk-amd64/jre/lib/amd64/server/libjvm.so
7f8553ac3000-7f8553ae6000 rw-p 00bf6000 08:01 1580483                    /usr/lib/jvm/java-7-openjdk-amd64/jre/lib/amd64/server/libjvm.so
7f8553ae6000-7f8553b14000 rw-p 00000000 00:00 0 
7f8553b14000-7f8553b2e000 r-xp 00000000 08:01 5374052                    /lib/x86_64-linux-gnu/libz.so.1.2.8
7f8553b2e000-7f8553d2d000 ---p 0001a000 08:01 5374052                    /lib/x86_64-linux-gnu/libz.so.1.2.8
7f8553d2d000-7f8553d2e000 r--p 00019000 08:01 5374052                    /lib/x86_64-linux-gnu/libz.so.1.2.8
7f8553d2e000-7f8553d2f000 rw-p 0001a000 08:01 5374052                    /lib/x86_64-linux-gnu/libz.so.1.2.8
7f8553d2f000-7f8553ed1000 r-xp 00000000 08:01 5373960                    /lib/x86_64-linux-gnu/libc-2.19.so
7f8553ed1000-7f85540d0000 ---p 001a2000 08:01 5373960                    /lib/x86_64-linux-gnu/libc-2.19.so
7f85540d0000-7f85540d4000 r--p 001a1000 08:01 5373960                    /lib/x86_64-linux-gnu/libc-2.19.so
7f85540d4000-7f85540d6000 rw-p 001a5000 08:01 5373960                    /lib/x86_64-linux-gnu/libc-2.19.so
7f85540d6000-7f85540da000 rw-p 00000000 00:00 0 
7f85540da000-7f85540dd000 r-xp 00000000 08:01 5373963                    /lib/x86_64-linux-gnu/libdl-2.19.so
7f85540dd000-7f85542dc000 ---p 00003000 08:01 5373963                    /lib/x86_64-linux-gnu/libdl-2.19.so
7f85542dc000-7f85542dd000 r--p 00002000 08:01 5373963                    /lib/x86_64-linux-gnu/libdl-2.19.so
7f85542dd000-7f85542de000 rw-p 00003000 08:01 5373963                    /lib/x86_64-linux-gnu/libdl-2.19.so
7f85542de000-7f85542eb000 r-xp 00000000 08:01 1580479                    /usr/lib/jvm/java-7-openjdk-amd64/jre/lib/amd64/jli/libjli.so
7f85542eb000-7f85544ea000 ---p 0000d000 08:01 1580479                    /usr/lib/jvm/java-7-openjdk-amd64/jre/lib/amd64/jli/libjli.so
7f85544ea000-7f85544eb000 r--p 0000c000 08:01 1580479                    /usr/lib/jvm/java-7-openjdk-amd64/jre/lib/amd64/jli/libjli.so
7f85544eb000-7f85544ec000 rw-p 0000d000 08:01 1580479                    /usr/lib/jvm/java-7-openjdk-amd64/jre/lib/amd64/jli/libjli.so
7f85544ec000-7f8554504000 r-xp 00000000 08:01 5373955                    /lib/x86_64-linux-gnu/libpthread-2.19.so
7f8554504000-7f8554703000 ---p 00018000 08:01 5373955                    /lib/x86_64-linux-gnu/libpthread-2.19.so
7f8554703000-7f8554704000 r--p 00017000 08:01 5373955                    /lib/x86_64-linux-gnu/libpthread-2.19.so
7f8554704000-7f8554705000 rw-p 00018000 08:01 5373955                    /lib/x86_64-linux-gnu/libpthread-2.19.so
7f8554705000-7f8554709000 rw-p 00000000 00:00 0 
7f8554709000-7f8554729000 r-xp 00000000 08:01 5373957                    /lib/x86_64-linux-gnu/ld-2.19.so
7f855472a000-7f855472e000 r--s 00085000 08:01 1446929                    /usr/lib/jvm/java-7-openjdk-amd64/jre/lib/ext/localedata.jar
7f855472e000-7f8554751000 rw-p 00000000 00:00 0 
7f8554751000-7f8554806000 rw-p 00000000 00:00 0 
7f8554806000-7f8554809000 ---p 00000000 00:00 0 
7f8554809000-7f855490d000 rw-p 00000000 00:00 0                          [stack:4284]
7f855490d000-7f855490f000 r--s 00012000 08:01 1446928                    /usr/lib/jvm/java-7-openjdk-amd64/jre/lib/ext/zipfs.jar
7f855490f000-7f8554913000 r--s 00034000 08:01 1446934                    /usr/lib/jvm/java-7-openjdk-amd64/jre/lib/ext/sunjce_provider.jar
7f8554913000-7f8554914000 r--s 00002000 08:01 1446930                    /usr/lib/jvm/java-7-openjdk-amd64/jre/lib/ext/dnsns.jar
7f8554914000-7f8554917000 r--s 0000f000 08:01 1446932                    /usr/lib/jvm/java-7-openjdk-amd64/jre/lib/ext/icedtea-sound.jar
7f8554917000-7f855491b000 r--s 0003c000 08:01 1446933                    /usr/lib/jvm/java-7-openjdk-amd64/jre/lib/ext/sunpkcs11.jar
7f855491b000-7f855491d000 r--s 00006000 08:01 1317928                    /usr/share/java/java-atk-wrapper.jar
7f855491d000-7f8554925000 rw-s 00000000 08:01 3937025                    /tmp/hsperfdata_yann/4279
7f8554925000-7f8554926000 rw-p 00000000 00:00 0 
7f8554926000-7f8554927000 ---p 00000000 00:00 0 
7f8554927000-7f8554929000 rw-p 00000000 00:00 0 
7f8554929000-7f855492a000 r--p 00020000 08:01 5373957                    /lib/x86_64-linux-gnu/ld-2.19.so
7f855492a000-7f855492b000 rw-p 00021000 08:01 5373957                    /lib/x86_64-linux-gnu/ld-2.19.so
7f855492b000-7f855492c000 rw-p 00000000 00:00 0 
7ffcaae3b000-7ffcaae5c000 rw-p 00000000 00:00 0                          [stack]
7ffcaae93000-7ffcaae95000 r-xp 00000000 00:00 0                          [vdso]
7ffcaae95000-7ffcaae97000 r--p 00000000 00:00 0                          [vvar]
ffffffffff600000-ffffffffff601000 r-xp 00000000 00:00 0                  [vsyscall]

VM Arguments:
jvm_args: -Djava.awt.headless=true -Xmx1024M -Dfile.encoding=UTF-8 -Duser.country=FR -Duser.language=fr -Duser.variant 
java_command: com.android.dx.command.Main --dex --force-jumbo --num-threads=4 --output /home/yann/Documents/Programmation/Android/Groupe4/univLocation/app/build/intermediates/pre-dexed/debug/com.google.android.gms-play-services-games-8.4.0_021f4cdb7c9fcfc64992208b8c5ab4642092705c.jar /home/yann/Documents/Programmation/Android/Groupe4/univLocation/app/build/intermediates/exploded-aar/com.google.android.gms/play-services-games/8.4.0/jars/classes.jar
Launcher Type: SUN_STANDARD

Environment Variables:
JAVA_HOME=/usr/lib/jvm/java-7-openjdk-amd64
PATH=/usr/local/bin:/usr/bin:/bin:/usr/local/games:/usr/games
USERNAME=yann
LD_LIBRARY_PATH=./android-studio/bin:
SHELL=/bin/bash
DISPLAY=:0

Signal Handlers:
SIGSEGV: [libjvm.so+0x989ea0], sa_mask[0]=0x7ffbfeff, sa_flags=0x10000004
SIGBUS: [libjvm.so+0x989ea0], sa_mask[0]=0x7ffbfeff, sa_flags=0x10000004
SIGFPE: [libjvm.so+0x7f6820], sa_mask[0]=0x7ffbfeff, sa_flags=0x10000004
SIGPIPE: [libjvm.so+0x7f6820], sa_mask[0]=0x7ffbfeff, sa_flags=0x10000004
SIGXFSZ: [libjvm.so+0x7f6820], sa_mask[0]=0x7ffbfeff, sa_flags=0x10000004
SIGILL: [libjvm.so+0x7f6820], sa_mask[0]=0x7ffbfeff, sa_flags=0x10000004
SIGUSR1: SIG_DFL, sa_mask[0]=0x00000000, sa_flags=0x00000000
SIGUSR2: [libjvm.so+0x7f66a0], sa_mask[0]=0x00000004, sa_flags=0x10000004
SIGHUP: [libjvm.so+0x7f68a0], sa_mask[0]=0x7ffbfeff, sa_flags=0x10000004
SIGINT: [libjvm.so+0x7f68a0], sa_mask[0]=0x7ffbfeff, sa_flags=0x10000004
SIGTERM: [libjvm.so+0x7f68a0], sa_mask[0]=0x7ffbfeff, sa_flags=0x10000004
SIGQUIT: [libjvm.so+0x7f68a0], sa_mask[0]=0x7ffbfeff, sa_flags=0x10000004
SIGTRAP: SIG_DFL, sa_mask[0]=0x00000000, sa_flags=0x00000000


---------------  S Y S T E M  ---------------

OS:8.4

uname:Linux 3.16.0-4-amd64 #1 SMP Debian 3.16.7-ckt25-2 (2016-04-08) x86_64
libc:glibc 2.19 NPTL 2.19 
rlimit: STACK 8192k, CORE 0k, NPROC 15318, NOFILE 65536, AS infinity
load average:12,37 5,40 2,45

/proc/meminfo:
MemTotal:        3938628 kB
MemFree:          120012 kB
MemAvailable:      90792 kB
Buffers:            3696 kB
Cached:           428128 kB
SwapCached:            0 kB
Active:          3275136 kB
Inactive:         408228 kB
Active(anon):    3253148 kB
Inactive(anon):   353472 kB
Active(file):      21988 kB
Inactive(file):    54756 kB
Unevictable:           0 kB
Mlocked:               0 kB
SwapTotal:             0 kB
SwapFree:              0 kB
Dirty:              1164 kB
Writeback:             0 kB
AnonPages:       3251812 kB
Mapped:            74148 kB
Shmem:            354864 kB
Slab:              65524 kB
SReclaimable:      33744 kB
SUnreclaim:        31780 kB
KernelStack:        9392 kB
PageTables:        32040 kB
NFS_Unstable:          0 kB
Bounce:                0 kB
WritebackTmp:          0 kB
CommitLimit:     1969312 kB
Committed_AS:    6677584 kB
VmallocTotal:   34359738367 kB
VmallocUsed:      347164 kB
VmallocChunk:   34359387100 kB
HardwareCorrupted:     0 kB
AnonHugePages:         0 kB
HugePages_Total:       0
HugePages_Free:        0
HugePages_Rsvd:        0
HugePages_Surp:        0
Hugepagesize:       2048 kB
DirectMap4k:       59008 kB
DirectMap2M:     4016128 kB


CPU:total 4 (2 cores per cpu, 2 threads per core) family 6 model 42 stepping 7, cmov, cx8, fxsr, mmx, sse, sse2, sse3, ssse3, sse4.1, sse4.2, popcnt, avx, aes, ht, tsc, tscinvbit

/proc/cpuinfo:
processor	: 0
vendor_id	: GenuineIntel
cpu family	: 6
model		: 42
model name	: Intel(R) Core(TM) i5-2520M CPU @ 2.50GHz
stepping	: 7
microcode	: 0x23
cpu MHz		: 3000.000
cache size	: 3072 KB
physical id	: 0
siblings	: 4
core id		: 0
cpu cores	: 2
apicid		: 0
initial apicid	: 0
fpu		: yes
fpu_exception	: yes
cpuid level	: 13
wp		: yes
flags		: fpu vme de pse tsc msr pae mce cx8 apic sep mtrr pge mca cmov pat pse36 clflush dts acpi mmx fxsr sse sse2 ss ht tm pbe syscall nx rdtscp lm constant_tsc arch_perfmon pebs bts nopl xtopology nonstop_tsc aperfmperf eagerfpu pni pclmulqdq dtes64 ds_cpl vmx smx est tm2 ssse3 cx16 xtpr pdcm pcid sse4_1 sse4_2 x2apic popcnt tsc_deadline_timer aes xsave avx lahf_lm ida arat epb xsaveopt pln pts dtherm tpr_shadow vnmi flexpriority ept vpid
bogomips	: 4983.71
clflush size	: 64
cache_alignment	: 64
address sizes	: 36 bits physical, 48 bits virtual
power management:

processor	: 1
vendor_id	: GenuineIntel
cpu family	: 6
model		: 42
model name	: Intel(R) Core(TM) i5-2520M CPU @ 2.50GHz
stepping	: 7
microcode	: 0x23
cpu MHz		: 3000.000
cache size	: 3072 KB
physical id	: 0
siblings	: 4
core id		: 0
cpu cores	: 2
apicid		: 1
initial apicid	: 1
fpu		: yes
fpu_exception	: yes
cpuid level	: 13
wp		: yes
flags		: fpu vme de pse tsc msr pae mce cx8 apic sep mtrr pge mca cmov pat pse36 clflush dts acpi mmx fxsr sse sse2 ss ht tm pbe syscall nx rdtscp lm constant_tsc arch_perfmon pebs bts nopl xtopology nonstop_tsc aperfmperf eagerfpu pni pclmulqdq dtes64 ds_cpl vmx smx est tm2 ssse3 cx16 xtpr pdcm pcid sse4_1 sse4_2 x2apic popcnt tsc_deadline_timer aes xsave avx lahf_lm ida arat epb xsaveopt pln pts dtherm tpr_shadow vnmi flexpriority ept vpid
bogomips	: 4983.71
clflush size	: 64
cache_alignment	: 64
address sizes	: 36 bits physical, 48 bits virtual
power management:

processor	: 2
vendor_id	: GenuineIntel
cpu family	: 6
model		: 42
model name	: Intel(R) Core(TM) i5-2520M CPU @ 2.50GHz
stepping	: 7
microcode	: 0x23
cpu MHz		: 3000.000
cache size	: 3072 KB
physical id	: 0
siblings	: 4
core id		: 1
cpu cores	: 2
apicid		: 2
initial apicid	: 2
fpu		: yes
fpu_exception	: yes
cpuid level	: 13
wp		: yes
flags		: fpu vme de pse tsc msr pae mce cx8 apic sep mtrr pge mca cmov pat pse36 clflush dts acpi mmx fxsr sse sse2 ss ht tm pbe syscall nx rdtscp lm constant_tsc arch_perfmon pebs bts nopl xtopology nonstop_tsc aperfmperf eagerfpu pni pclmulqdq dtes64 ds_cpl vmx smx est tm2 ssse3 cx16 xtpr pdcm pcid sse4_1 sse4_2 x2apic popcnt tsc_deadline_timer aes xsave avx lahf_lm ida arat epb xsaveopt pln pts dtherm tpr_shadow vnmi flexpriority ept vpid
bogomips	: 4983.71
clflush size	: 64
cache_alignment	: 64
address sizes	: 36 bits physical, 48 bits virtual
power management:

processor	: 3
vendor_id	: GenuineIntel
cpu family	: 6
model		: 42
model name	: Intel(R) Core(TM) i5-2520M CPU @ 2.50GHz
stepping	: 7
microcode	: 0x23
cpu MHz		: 3000.000
cache size	: 3072 KB
physical id	: 0
siblings	: 4
core id		: 1
cpu cores	: 2
apicid		: 3
initial apicid	: 3
fpu		: yes
fpu_exception	: yes
cpuid level	: 13
wp		: yes
flags		: fpu vme de pse tsc msr pae mce cx8 apic sep mtrr pge mca cmov pat pse36 clflush dts acpi mmx fxsr sse sse2 ss ht tm pbe syscall nx rdtscp lm constant_tsc arch_perfmon pebs bts nopl xtopology nonstop_tsc aperfmperf eagerfpu pni pclmulqdq dtes64 ds_cpl vmx smx est tm2 ssse3 cx16 xtpr pdcm pcid sse4_1 sse4_2 x2apic popcnt tsc_deadline_timer aes xsave avx lahf_lm ida arat epb xsaveopt pln pts dtherm tpr_shadow vnmi flexpriority ept vpid
bogomips	: 4983.71
clflush size	: 64
cache_alignment	: 64
address sizes	: 36 bits physical, 48 bits virtual
power management:



Memory: 4k page, physical 3938628k(120012k free), swap 0k(0k free)

vm_info: OpenJDK 64-Bit Server VM (24.95-b01) for linux-amd64 JRE (1.7.0_101-b00), built on Apr 25 2016 09:53:23 by "jmm" with gcc 4.9.2

time: Tue May 24 19:39:38 2016
elapsed time: 32 seconds

