#
# There is insufficient memory for the Java Runtime Environment to continue.
# Native memory allocation (malloc) failed to allocate 42991616 bytes for committing reserved memory.
# Possible reasons:
#   The system is out of physical RAM or swap space
#   In 32 bit mode, the process size limit was hit
# Possible solutions:
#   Reduce memory load on the system
#   Increase physical memory or swap space
#   Check if swap backing store is full
#   Use 64 bit Java on a 64 bit OS
#   Decrease Java heap size (-Xmx/-Xms)
#   Decrease number of Java threads
#   Decrease Java thread stack sizes (-Xss)
#   Set larger code cache with -XX:ReservedCodeCacheSize=
# This output file may be truncated or incomplete.
#
#  Out of Memory Error (os_linux.cpp:2827), pid=5838, tid=139896417220352
#
# JRE version: OpenJDK Runtime Environment (7.0_101) (build 1.7.0_101-b00)
# Java VM: OpenJDK 64-Bit Server VM (24.95-b01 mixed mode linux-amd64 compressed oops)
# Derivative: IcedTea 2.6.6
# Distribution: Debian GNU/Linux 8.2 (jessie), package 7u101-2.6.6-1~deb8u1
# Failed to write core dump. Core dumps have been disabled. To enable core dumping, try "ulimit -c unlimited" before starting Java again
#

---------------  T H R E A D  ---------------

Current thread (0x00007f3c28076000):  VMThread [stack: 0x00007f3c2c30f000,0x00007f3c2c410000] [id=5847]

Stack: [0x00007f3c2c30f000,0x00007f3c2c410000],  sp=0x00007f3c2c40e4e0,  free space=1021k
Native frames: (J=compiled Java code, j=interpreted, Vv=VM code, C=native code)
V  [libjvm.so+0x9893b6]
V  [libjvm.so+0x493832]
V  [libjvm.so+0x7fb2db]
V  [libjvm.so+0x7f59be]
V  [libjvm.so+0x86937b]
V  [libjvm.so+0x86a233]
V  [libjvm.so+0x86a94b]
V  [libjvm.so+0x8662b1]
V  [libjvm.so+0x866b28]
V  [libjvm.so+0x81e603]
V  [libjvm.so+0x98ac82]
V  [libjvm.so+0x98f107]
V  [libjvm.so+0x98d87b]
V  [libjvm.so+0x98df26]
V  [libjvm.so+0x98e3f1]
V  [libjvm.so+0x7f8202]

VM_Operation (0x00007f3c1c603d60): ParallelGCFailedAllocation, mode: safepoint, requested by thread 0x00007f3c2819d800


---------------  P R O C E S S  ---------------

Java Threads: ( => current thread )
  0x00007f3c2819d800 JavaThread "pool-1-thread-4" [_thread_blocked, id=5859, stack(0x00007f3c1c505000,0x00007f3c1c606000)]
  0x00007f3c2819c000 JavaThread "pool-1-thread-3" [_thread_blocked, id=5858, stack(0x00007f3c1c606000,0x00007f3c1c707000)]
  0x00007f3c28194800 JavaThread "pool-1-thread-2" [_thread_blocked, id=5857, stack(0x00007f3c1c707000,0x00007f3c1c808000)]
  0x00007f3c28192000 JavaThread "pool-2-thread-1" [_thread_blocked, id=5856, stack(0x00007f3c1c808000,0x00007f3c1c909000)]
  0x00007f3c28190000 JavaThread "pool-1-thread-1" [_thread_blocked, id=5855, stack(0x00007f3c1c909000,0x00007f3c1ca0a000)]
  0x00007f3c280b1000 JavaThread "Service Thread" daemon [_thread_blocked, id=5853, stack(0x00007f3c24b74000,0x00007f3c24c75000)]
  0x00007f3c280ae800 JavaThread "C2 CompilerThread1" daemon [_thread_in_native, id=5852, stack(0x00007f3c24c75000,0x00007f3c24d76000)]
  0x00007f3c280ab800 JavaThread "C2 CompilerThread0" daemon [_thread_blocked, id=5851, stack(0x00007f3c24d76000,0x00007f3c24e77000)]
  0x00007f3c280a9800 JavaThread "Signal Dispatcher" daemon [_thread_blocked, id=5850, stack(0x00007f3c2c00c000,0x00007f3c2c10d000)]
  0x00007f3c2807c800 JavaThread "Finalizer" daemon [_thread_blocked, id=5849, stack(0x00007f3c2c10d000,0x00007f3c2c20e000)]
  0x00007f3c2807a800 JavaThread "Reference Handler" daemon [_thread_blocked, id=5848, stack(0x00007f3c2c20e000,0x00007f3c2c30f000)]
  0x00007f3c2800a800 JavaThread "main" [_thread_blocked, id=5842, stack(0x00007f3c314f0000,0x00007f3c315f1000)]

Other Threads:
=>0x00007f3c28076000 VMThread [stack: 0x00007f3c2c30f000,0x00007f3c2c410000] [id=5847]
  0x00007f3c280bb800 WatcherThread [stack: 0x00007f3c24a73000,0x00007f3c24b74000] [id=5854]

VM state:at safepoint (normal execution)

VM Mutex/Monitor currently owned by a thread:  ([mutex/lock_event])
[0x00007f3c28006b60] Threads_lock - owner thread: 0x00007f3c28076000
[0x00007f3c28007060] Heap_lock - owner thread: 0x00007f3c2819d800

Heap
 PSYoungGen      total 33280K, used 2528K [0x00000000eaa80000, 0x00000000ecd80000, 0x0000000100000000)
  eden space 30720K, 0% used [0x00000000eaa80000,0x00000000eaa80000,0x00000000ec880000)
  from space 2560K, 98% used [0x00000000ec880000,0x00000000ecaf8028,0x00000000ecb00000)
  to   space 2560K, 0% used [0x00000000ecb00000,0x00000000ecb00000,0x00000000ecd80000)
 ParOldGen       total 40960K, used 13520K [0x00000000c0000000, 0x00000000c2800000, 0x00000000eaa80000)
  object space 40960K, 33% used [0x00000000c0000000,0x00000000c0d340b8,0x00000000c2800000)
 PSPermGen       total 21504K, used 6251K [0x00000000b5a00000, 0x00000000b6f00000, 0x00000000c0000000)
  object space 21504K, 29% used [0x00000000b5a00000,0x00000000b601af50,0x00000000b6f00000)

Card table byte_map: [0x00007f3c2deb8000,0x00007f3c2e10c000] byte_map_base: 0x00007f3c2d90b000

Polling page: 0x00007f3c31610000

Code Cache  [0x00007f3c25000000, 0x00007f3c25270000, 0x00007f3c28000000)
 total_blobs=447 nmethods=214 adapters=184 free_code_cache=48285Kb largest_free_block=49406208

Compilation events (10 events):
Event: 7,912 Thread 0x00007f3c280ae800 nmethod 210 0x00007f3c250d4a10 code [0x00007f3c250d4d40, 0x00007f3c250d61a0]
Event: 7,912 Thread 0x00007f3c280ae800  211             com.android.dx.rop.code.PlainInsn::accept (8 bytes)
Event: 7,912 Thread 0x00007f3c280ae800 nmethod 211 0x00007f3c250b41d0 code [0x00007f3c250b4320, 0x00007f3c250b4398]
Event: 7,912 Thread 0x00007f3c280ae800  212             java.util.TreeMap::parentOf (13 bytes)
Event: 7,913 Thread 0x00007f3c280ae800 nmethod 212 0x00007f3c250b3fd0 code [0x00007f3c250b4100, 0x00007f3c250b4158]
Event: 7,913 Thread 0x00007f3c280ae800  213             com.android.dx.ssa.SsaMethod::getUseListCopy (56 bytes)
Event: 7,960 Thread 0x00007f3c280ae800 nmethod 213 0x00007f3c250afb10 code [0x00007f3c250afc80, 0x00007f3c250b0148]
Event: 7,960 Thread 0x00007f3c280ae800  214             com.android.dx.ssa.back.LivenessAnalyzer::run (231 bytes)
Event: 9,140 Thread 0x00007f3c280ae800 nmethod 214 0x00007f3c250d8790 code [0x00007f3c250d8b80, 0x00007f3c250daf10]
Event: 9,140 Thread 0x00007f3c280ae800  215             com.android.dx.ssa.SCCP::simulateBranch (666 bytes)

GC Heap History (9 events):
Event: 2,770 GC heap before
{Heap before GC invocations=1 (full 0):
 PSYoungGen      total 17920K, used 15360K [0x00000000eaa80000, 0x00000000ebe80000, 0x0000000100000000)
  eden space 15360K, 100% used [0x00000000eaa80000,0x00000000eb980000,0x00000000eb980000)
  from space 2560K, 0% used [0x00000000ebc00000,0x00000000ebc00000,0x00000000ebe80000)
  to   space 2560K, 0% used [0x00000000eb980000,0x00000000eb980000,0x00000000ebc00000)
 ParOldGen       total 40960K, used 0K [0x00000000c0000000, 0x00000000c2800000, 0x00000000eaa80000)
  object space 40960K, 0% used [0x00000000c0000000,0x00000000c0000000,0x00000000c2800000)
 PSPermGen       total 21504K, used 5857K [0x00000000b5a00000, 0x00000000b6f00000, 0x00000000c0000000)
  object space 21504K, 27% used [0x00000000b5a00000,0x00000000b5fb85c0,0x00000000b6f00000)
Event: 2,791 GC heap after
Heap after GC invocations=1 (full 0):
 PSYoungGen      total 17920K, used 2534K [0x00000000eaa80000, 0x00000000ebe80000, 0x0000000100000000)
  eden space 15360K, 0% used [0x00000000eaa80000,0x00000000eaa80000,0x00000000eb980000)
  from space 2560K, 98% used [0x00000000eb980000,0x00000000ebbf9950,0x00000000ebc00000)
  to   space 2560K, 0% used [0x00000000ebc00000,0x00000000ebc00000,0x00000000ebe80000)
 ParOldGen       total 40960K, used 749K [0x00000000c0000000, 0x00000000c2800000, 0x00000000eaa80000)
  object space 40960K, 1% used [0x00000000c0000000,0x00000000c00bb720,0x00000000c2800000)
 PSPermGen       total 21504K, used 5857K [0x00000000b5a00000, 0x00000000b6f00000, 0x00000000c0000000)
  object space 21504K, 27% used [0x00000000b5a00000,0x00000000b5fb85c0,0x00000000b6f00000)
}
Event: 4,422 GC heap before
{Heap before GC invocations=2 (full 0):
 PSYoungGen      total 17920K, used 17894K [0x00000000eaa80000, 0x00000000ebe80000, 0x0000000100000000)
  eden space 15360K, 100% used [0x00000000eaa80000,0x00000000eb980000,0x00000000eb980000)
  from space 2560K, 98% used [0x00000000eb980000,0x00000000ebbf9950,0x00000000ebc00000)
  to   space 2560K, 0% used [0x00000000ebc00000,0x00000000ebc00000,0x00000000ebe80000)
 ParOldGen       total 40960K, used 749K [0x00000000c0000000, 0x00000000c2800000, 0x00000000eaa80000)
  object space 40960K, 1% used [0x00000000c0000000,0x00000000c00bb720,0x00000000c2800000)
 PSPermGen       total 21504K, used 6082K [0x00000000b5a00000, 0x00000000b6f00000, 0x00000000c0000000)
  object space 21504K, 28% used [0x00000000b5a00000,0x00000000b5ff0930,0x00000000b6f00000)
Event: 4,440 GC heap after
Heap after GC invocations=2 (full 0):
 PSYoungGen      total 17920K, used 2535K [0x00000000eaa80000, 0x00000000ebe80000, 0x0000000100000000)
  eden space 15360K, 0% used [0x00000000eaa80000,0x00000000eaa80000,0x00000000eb980000)
  from space 2560K, 99% used [0x00000000ebc00000,0x00000000ebe79c88,0x00000000ebe80000)
  to   space 2560K, 0% used [0x00000000eb980000,0x00000000eb980000,0x00000000ebc00000)
 ParOldGen       total 40960K, used 2377K [0x00000000c0000000, 0x00000000c2800000, 0x00000000eaa80000)
  object space 40960K, 5% used [0x00000000c0000000,0x00000000c02526e8,0x00000000c2800000)
 PSPermGen       total 21504K, used 6082K [0x00000000b5a00000, 0x00000000b6f00000, 0x00000000c0000000)
  object space 21504K, 28% used [0x00000000b5a00000,0x00000000b5ff0930,0x00000000b6f00000)
}
Event: 5,623 GC heap before
{Heap before GC invocations=3 (full 0):
 PSYoungGen      total 17920K, used 17895K [0x00000000eaa80000, 0x00000000ebe80000, 0x0000000100000000)
  eden space 15360K, 100% used [0x00000000eaa80000,0x00000000eb980000,0x00000000eb980000)
  from space 2560K, 99% used [0x00000000ebc00000,0x00000000ebe79c88,0x00000000ebe80000)
  to   space 2560K, 0% used [0x00000000eb980000,0x00000000eb980000,0x00000000ebc00000)
 ParOldGen       total 40960K, used 2377K [0x00000000c0000000, 0x00000000c2800000, 0x00000000eaa80000)
  object space 40960K, 5% used [0x00000000c0000000,0x00000000c02526e8,0x00000000c2800000)
 PSPermGen       total 21504K, used 6172K [0x00000000b5a00000, 0x00000000b6f00000, 0x00000000c0000000)
  object space 21504K, 28% used [0x00000000b5a00000,0x00000000b6007278,0x00000000b6f00000)
Event: 5,671 GC heap after
Heap after GC invocations=3 (full 0):
 PSYoungGen      total 17920K, used 2528K [0x00000000eaa80000, 0x00000000ecd80000, 0x0000000100000000)
  eden space 15360K, 0% used [0x00000000eaa80000,0x00000000eaa80000,0x00000000eb980000)
  from space 2560K, 98% used [0x00000000eb980000,0x00000000ebbf8028,0x00000000ebc00000)
  to   space 2560K, 0% used [0x00000000ecb00000,0x00000000ecb00000,0x00000000ecd80000)
 ParOldGen       total 40960K, used 5570K [0x00000000c0000000, 0x00000000c2800000, 0x00000000eaa80000)
  object space 40960K, 13% used [0x00000000c0000000,0x00000000c0570a78,0x00000000c2800000)
 PSPermGen       total 21504K, used 6172K [0x00000000b5a00000, 0x00000000b6f00000, 0x00000000c0000000)
  object space 21504K, 28% used [0x00000000b5a00000,0x00000000b6007278,0x00000000b6f00000)
}
Event: 6,819 GC heap before
{Heap before GC invocations=4 (full 0):
 PSYoungGen      total 17920K, used 17888K [0x00000000eaa80000, 0x00000000ecd80000, 0x0000000100000000)
  eden space 15360K, 100% used [0x00000000eaa80000,0x00000000eb980000,0x00000000eb980000)
  from space 2560K, 98% used [0x00000000eb980000,0x00000000ebbf8028,0x00000000ebc00000)
  to   space 2560K, 0% used [0x00000000ecb00000,0x00000000ecb00000,0x00000000ecd80000)
 ParOldGen       total 40960K, used 5570K [0x00000000c0000000, 0x00000000c2800000, 0x00000000eaa80000)
  object space 40960K, 13% used [0x00000000c0000000,0x00000000c0570a78,0x00000000c2800000)
 PSPermGen       total 21504K, used 6218K [0x00000000b5a00000, 0x00000000b6f00000, 0x00000000c0000000)
  object space 21504K, 28% used [0x00000000b5a00000,0x00000000b6012bf8,0x00000000b6f00000)
Event: 6,850 GC heap after
Heap after GC invocations=4 (full 0):
 PSYoungGen      total 33280K, used 2528K [0x00000000eaa80000, 0x00000000ecd80000, 0x0000000100000000)
  eden space 30720K, 0% used [0x00000000eaa80000,0x00000000eaa80000,0x00000000ec880000)
  from space 2560K, 98% used [0x00000000ecb00000,0x00000000ecd78028,0x00000000ecd80000)
  to   space 2560K, 0% used [0x00000000ec880000,0x00000000ec880000,0x00000000ecb00000)
 ParOldGen       total 40960K, used 8370K [0x00000000c0000000, 0x00000000c2800000, 0x00000000eaa80000)
  object space 40960K, 20% used [0x00000000c0000000,0x00000000c082caf8,0x00000000c2800000)
 PSPermGen       total 21504K, used 6218K [0x00000000b5a00000, 0x00000000b6f00000, 0x00000000c0000000)
  object space 21504K, 28% used [0x00000000b5a00000,0x00000000b6012bf8,0x00000000b6f00000)
}
Event: 9,749 GC heap before
{Heap before GC invocations=5 (full 0):
 PSYoungGen      total 33280K, used 33248K [0x00000000eaa80000, 0x00000000ecd80000, 0x0000000100000000)
  eden space 30720K, 100% used [0x00000000eaa80000,0x00000000ec880000,0x00000000ec880000)
  from space 2560K, 98% used [0x00000000ecb00000,0x00000000ecd78028,0x00000000ecd80000)
  to   space 2560K, 0% used [0x00000000ec880000,0x00000000ec880000,0x00000000ecb00000)
 ParOldGen       total 40960K, used 8370K [0x00000000c0000000, 0x00000000c2800000, 0x00000000eaa80000)
  object space 40960K, 20% used [0x00000000c0000000,0x00000000c082caf8,0x00000000c2800000)
 PSPermGen       total 21504K, used 6251K [0x00000000b5a00000, 0x00000000b6f00000, 0x00000000c0000000)
  object space 21504K, 29% used [0x00000000b5a00000,0x00000000b601af50,0x00000000b6f00000)

Deoptimization events (9 events):
Event: 1,717 Thread 0x00007f3c2800a800 Uncommon trap: reason=unstable_if action=reinterpret pc=0x00007f3c25060c34 method=java.lang.String.indexOf(II)I @ 49
Event: 3,530 Thread 0x00007f3c2819c000 Uncommon trap: reason=class_check action=maybe_recompile pc=0x00007f3c2507f1cc method=com.android.dx.ssa.NormalSsaInsn.accept(Lcom/android/dx/ssa/SsaInsn$Visitor;)V @ 9
Event: 3,671 Thread 0x00007f3c28194800 Uncommon trap: reason=null_check action=make_not_entrant pc=0x00007f3c2507e060 method=com.android.dx.rop.code.LocalItem.equals(Ljava/lang/Object;)Z @ 1
Event: 3,861 Thread 0x00007f3c28194800 Uncommon trap: reason=class_check action=maybe_recompile pc=0x00007f3c2507f1cc method=com.android.dx.ssa.NormalSsaInsn.accept(Lcom/android/dx/ssa/SsaInsn$Visitor;)V @ 9
Event: 3,956 Thread 0x00007f3c28194800 Uncommon trap: reason=class_check action=maybe_recompile pc=0x00007f3c2507f1cc method=com.android.dx.ssa.NormalSsaInsn.accept(Lcom/android/dx/ssa/SsaInsn$Visitor;)V @ 9
Event: 4,160 Thread 0x00007f3c2800a800 Uncommon trap: reason=class_check action=maybe_recompile pc=0x00007f3c2507f1cc method=com.android.dx.ssa.NormalSsaInsn.accept(Lcom/android/dx/ssa/SsaInsn$Visitor;)V @ 9
Event: 5,108 Thread 0x00007f3c2800a800 Uncommon trap: reason=unstable_if action=reinterpret pc=0x00007f3c25077418 method=com.android.dx.cf.code.Ropper.labelToResultIndex(I)I @ 34
Event: 5,398 Thread 0x00007f3c2800a800 Uncommon trap: reason=unstable_if action=reinterpret pc=0x00007f3c2506f484 method=com.android.dx.rop.cst.Constant.compareTo(Lcom/android/dx/rop/cst/Constant;)I @ 12
Event: 6,210 Thread 0x00007f3c2800a800 Uncommon trap: reason=unstable_if action=reinterpret pc=0x00007f3c250b8594 method=com.android.dx.ssa.LocalVariableExtractor.processBlock(I)V @ 77

Internal exceptions (10 events):
Event: 2,740 Thread 0x00007f3c2819d800 Threw 0x00000000eb6d3950 at /home/jmm/jdk4/openjdk-7-7u101-2.6.6/build/openjdk/hotspot/src/share/vm/prims/jvm.cpp:1322
Event: 2,741 Thread 0x00007f3c2819d800 Threw 0x00000000eb6da260 at /home/jmm/jdk4/openjdk-7-7u101-2.6.6/build/openjdk/hotspot/src/share/vm/prims/jvm.cpp:1322
Event: 2,744 Thread 0x00007f3c28194800 Threw 0x00000000eb94b128 at /home/jmm/jdk4/openjdk-7-7u101-2.6.6/build/openjdk/hotspot/src/share/vm/prims/jvm.cpp:1322
Event: 3,671 Thread 0x00007f3c28194800 Implicit null exception at 0x00007f3c2507de63 to 0x00007f3c2507e049
Event: 3,904 Thread 0x00007f3c2800a800 Threw 0x00000000eb357760 at /home/jmm/jdk4/openjdk-7-7u101-2.6.6/build/openjdk/hotspot/src/share/vm/prims/jvm.cpp:1322
Event: 4,171 Thread 0x00007f3c2819c000 Threw 0x00000000eb70cd68 at /home/jmm/jdk4/openjdk-7-7u101-2.6.6/build/openjdk/hotspot/src/share/vm/prims/jvm.cpp:1322
Event: 6,119 Thread 0x00007f3c2800a800 Threw 0x00000000eb056be8 at /home/jmm/jdk4/openjdk-7-7u101-2.6.6/build/openjdk/hotspot/src/share/vm/prims/jvm.cpp:1322
Event: 6,154 Thread 0x00007f3c2800a800 Threw 0x00000000eb1480f0 at /home/jmm/jdk4/openjdk-7-7u101-2.6.6/build/openjdk/hotspot/src/share/vm/prims/jvm.cpp:1322
Event: 6,777 Thread 0x00007f3c2819c000 Threw 0x00000000eb8da958 at /home/jmm/jdk4/openjdk-7-7u101-2.6.6/build/openjdk/hotspot/src/share/vm/prims/jvm.cpp:1322
Event: 8,089 Thread 0x00007f3c28190000 Threw 0x00000000eb719b48 at /home/jmm/jdk4/openjdk-7-7u101-2.6.6/build/openjdk/hotspot/src/share/vm/prims/jvm.cpp:1322

Events (10 events):
Event: 6,210 Thread 0x00007f3c2800a800 Uncommon trap: trap_request=0xffffff75 fr.pc=0x00007f3c250b8594
Event: 6,210 Thread 0x00007f3c2800a800 DEOPT PACKING pc=0x00007f3c250b8594 sp=0x00007f3c315eea00
Event: 6,210 Thread 0x00007f3c2800a800 DEOPT UNPACKING pc=0x00007f3c25039445 sp=0x00007f3c315ee9c0 mode 2
Event: 6,777 loading class 0x00007f3bdc010bd0
Event: 6,777 loading class 0x00007f3bdc010bd0 done
Event: 6,799 Executing VM operation: ParallelGCFailedAllocation
Event: 6,850 Executing VM operation: ParallelGCFailedAllocation done
Event: 8,088 loading class 0x00007f3c2819a330
Event: 8,088 loading class 0x00007f3c2819a330 done
Event: 9,710 Executing VM operation: ParallelGCFailedAllocation


Dynamic libraries:
00400000-00401000 r-xp 00000000 08:01 1582995                            /usr/lib/jvm/java-7-openjdk-amd64/jre/bin/java
00600000-00601000 r--p 00000000 08:01 1582995                            /usr/lib/jvm/java-7-openjdk-amd64/jre/bin/java
00601000-00602000 rw-p 00001000 08:01 1582995                            /usr/lib/jvm/java-7-openjdk-amd64/jre/bin/java
016ec000-0170d000 rw-p 00000000 00:00 0                                  [heap]
b5a00000-b6f00000 rw-p 00000000 00:00 0 
b6f00000-c0000000 rw-p 00000000 00:00 0 
c0000000-c2800000 rw-p 00000000 00:00 0 
c2800000-eaa80000 rw-p 00000000 00:00 0 
eaa80000-ecd80000 rw-p 00000000 00:00 0 
ef680000-100000000 rw-p 00000000 00:00 0 
7f3bd8000000-7f3bd8021000 rw-p 00000000 00:00 0 
7f3bd8021000-7f3bdc000000 ---p 00000000 00:00 0 
7f3bdc000000-7f3bdc021000 rw-p 00000000 00:00 0 
7f3bdc021000-7f3be0000000 ---p 00000000 00:00 0 
7f3be0000000-7f3be0022000 rw-p 00000000 00:00 0 
7f3be0022000-7f3be4000000 ---p 00000000 00:00 0 
7f3be4000000-7f3be4021000 rw-p 00000000 00:00 0 
7f3be4021000-7f3be8000000 ---p 00000000 00:00 0 
7f3be8000000-7f3be8021000 rw-p 00000000 00:00 0 
7f3be8021000-7f3bec000000 ---p 00000000 00:00 0 
7f3bec000000-7f3bec021000 rw-p 00000000 00:00 0 
7f3bec021000-7f3bf0000000 ---p 00000000 00:00 0 
7f3bf0000000-7f3bf090e000 rw-p 00000000 00:00 0 
7f3bf090e000-7f3bf4000000 ---p 00000000 00:00 0 
7f3bf4000000-7f3bf4021000 rw-p 00000000 00:00 0 
7f3bf4021000-7f3bf8000000 ---p 00000000 00:00 0 
7f3bf8000000-7f3bf8021000 rw-p 00000000 00:00 0 
7f3bf8021000-7f3bfc000000 ---p 00000000 00:00 0 
7f3bfc000000-7f3bfcadc000 rw-p 00000000 00:00 0 
7f3bfcadc000-7f3c00000000 ---p 00000000 00:00 0 
7f3c00000000-7f3c00021000 rw-p 00000000 00:00 0 
7f3c00021000-7f3c04000000 ---p 00000000 00:00 0 
7f3c04000000-7f3c04021000 rw-p 00000000 00:00 0 
7f3c04021000-7f3c08000000 ---p 00000000 00:00 0 
7f3c08000000-7f3c08021000 rw-p 00000000 00:00 0 
7f3c08021000-7f3c0c000000 ---p 00000000 00:00 0 
7f3c0c000000-7f3c0c021000 rw-p 00000000 00:00 0 
7f3c0c021000-7f3c10000000 ---p 00000000 00:00 0 
7f3c10000000-7f3c10021000 rw-p 00000000 00:00 0 
7f3c10021000-7f3c14000000 ---p 00000000 00:00 0 
7f3c18000000-7f3c18021000 rw-p 00000000 00:00 0 
7f3c18021000-7f3c1c000000 ---p 00000000 00:00 0 
7f3c1c505000-7f3c1c508000 ---p 00000000 00:00 0 
7f3c1c508000-7f3c1c606000 rw-p 00000000 00:00 0                          [stack:5859]
7f3c1c606000-7f3c1c609000 ---p 00000000 00:00 0 
7f3c1c609000-7f3c1c707000 rw-p 00000000 00:00 0                          [stack:5858]
7f3c1c707000-7f3c1c70a000 ---p 00000000 00:00 0 
7f3c1c70a000-7f3c1c808000 rw-p 00000000 00:00 0                          [stack:5857]
7f3c1c808000-7f3c1c80b000 ---p 00000000 00:00 0 
7f3c1c80b000-7f3c1c909000 rw-p 00000000 00:00 0                          [stack:5856]
7f3c1c909000-7f3c1c90c000 ---p 00000000 00:00 0 
7f3c1c90c000-7f3c1cd0b000 rw-p 00000000 00:00 0                          [stack:5855]
7f3c1cd0b000-7f3c1cd77000 r-xp 00000000 08:01 5373998                    /lib/x86_64-linux-gnu/libpcre.so.3.13.1
7f3c1cd77000-7f3c1cf77000 ---p 0006c000 08:01 5373998                    /lib/x86_64-linux-gnu/libpcre.so.3.13.1
7f3c1cf77000-7f3c1cf78000 r--p 0006c000 08:01 5373998                    /lib/x86_64-linux-gnu/libpcre.so.3.13.1
7f3c1cf78000-7f3c1cf79000 rw-p 0006d000 08:01 5373998                    /lib/x86_64-linux-gnu/libpcre.so.3.13.1
7f3c1cf79000-7f3c1cf80000 r-xp 00000000 08:01 790748                     /usr/lib/x86_64-linux-gnu/libffi.so.6.0.2
7f3c1cf80000-7f3c1d17f000 ---p 00007000 08:01 790748                     /usr/lib/x86_64-linux-gnu/libffi.so.6.0.2
7f3c1d17f000-7f3c1d180000 r--p 00006000 08:01 790748                     /usr/lib/x86_64-linux-gnu/libffi.so.6.0.2
7f3c1d180000-7f3c1d181000 rw-p 00007000 08:01 790748                     /usr/lib/x86_64-linux-gnu/libffi.so.6.0.2
7f3c1d181000-7f3c1d195000 r-xp 00000000 08:01 5373974                    /lib/x86_64-linux-gnu/libresolv-2.19.so
7f3c1d195000-7f3c1d394000 ---p 00014000 08:01 5373974                    /lib/x86_64-linux-gnu/libresolv-2.19.so
7f3c1d394000-7f3c1d395000 r--p 00013000 08:01 5373974                    /lib/x86_64-linux-gnu/libresolv-2.19.so
7f3c1d395000-7f3c1d396000 rw-p 00014000 08:01 5373974                    /lib/x86_64-linux-gnu/libresolv-2.19.so
7f3c1d396000-7f3c1d398000 rw-p 00000000 00:00 0 
7f3c1d398000-7f3c1d3b9000 r-xp 00000000 08:01 5374051                    /lib/x86_64-linux-gnu/libselinux.so.1
7f3c1d3b9000-7f3c1d5b9000 ---p 00021000 08:01 5374051                    /lib/x86_64-linux-gnu/libselinux.so.1
7f3c1d5b9000-7f3c1d5ba000 r--p 00021000 08:01 5374051                    /lib/x86_64-linux-gnu/libselinux.so.1
7f3c1d5ba000-7f3c1d5bb000 rw-p 00022000 08:01 5374051                    /lib/x86_64-linux-gnu/libselinux.so.1
7f3c1d5bb000-7f3c1d5bd000 rw-p 00000000 00:00 0 
7f3c1d5bd000-7f3c1d5c0000 r-xp 00000000 08:01 793762                     /usr/lib/x86_64-linux-gnu/libgmodule-2.0.so.0.4200.1
7f3c1d5c0000-7f3c1d7bf000 ---p 00003000 08:01 793762                     /usr/lib/x86_64-linux-gnu/libgmodule-2.0.so.0.4200.1
7f3c1d7bf000-7f3c1d7c0000 r--p 00002000 08:01 793762                     /usr/lib/x86_64-linux-gnu/libgmodule-2.0.so.0.4200.1
7f3c1d7c0000-7f3c1d7c1000 rw-p 00003000 08:01 793762                     /usr/lib/x86_64-linux-gnu/libgmodule-2.0.so.0.4200.1
7f3c1d7c1000-7f3c1d8cd000 r-xp 00000000 08:01 5374471                    /lib/x86_64-linux-gnu/libglib-2.0.so.0.4200.1
7f3c1d8cd000-7f3c1dacd000 ---p 0010c000 08:01 5374471                    /lib/x86_64-linux-gnu/libglib-2.0.so.0.4200.1
7f3c1dacd000-7f3c1dace000 r--p 0010c000 08:01 5374471                    /lib/x86_64-linux-gnu/libglib-2.0.so.0.4200.1
7f3c1dace000-7f3c1dacf000 rw-p 0010d000 08:01 5374471                    /lib/x86_64-linux-gnu/libglib-2.0.so.0.4200.1
7f3c1dacf000-7f3c20000000 rw-p 00000000 00:00 0 
7f3c20000000-7f3c20021000 rw-p 00000000 00:00 0 
7f3c20021000-7f3c24000000 ---p 00000000 00:00 0 
7f3c2402b000-7f3c24051000 r--p 00000000 08:01 791914                     /usr/share/locale/fr/LC_MESSAGES/libc.mo
7f3c24051000-7f3c240a2000 r-xp 00000000 08:01 793761                     /usr/lib/x86_64-linux-gnu/libgobject-2.0.so.0.4200.1
7f3c240a2000-7f3c242a2000 ---p 00051000 08:01 793761                     /usr/lib/x86_64-linux-gnu/libgobject-2.0.so.0.4200.1
7f3c242a2000-7f3c242a3000 r--p 00051000 08:01 793761                     /usr/lib/x86_64-linux-gnu/libgobject-2.0.so.0.4200.1
7f3c242a3000-7f3c242a4000 rw-p 00052000 08:01 793761                     /usr/lib/x86_64-linux-gnu/libgobject-2.0.so.0.4200.1
7f3c242a4000-7f3c24416000 r-xp 00000000 08:01 793764                     /usr/lib/x86_64-linux-gnu/libgio-2.0.so.0.4200.1
7f3c24416000-7f3c24616000 ---p 00172000 08:01 793764                     /usr/lib/x86_64-linux-gnu/libgio-2.0.so.0.4200.1
7f3c24616000-7f3c2461a000 r--p 00172000 08:01 793764                     /usr/lib/x86_64-linux-gnu/libgio-2.0.so.0.4200.1
7f3c2461a000-7f3c2461c000 rw-p 00176000 08:01 793764                     /usr/lib/x86_64-linux-gnu/libgio-2.0.so.0.4200.1
7f3c2461c000-7f3c2461e000 rw-p 00000000 00:00 0 
7f3c24632000-7f3c24639000 r--s 00000000 08:01 788991                     /usr/lib/x86_64-linux-gnu/gconv/gconv-modules.cache
7f3c24639000-7f3c24651000 r-xp 00000000 08:01 1448978                    /usr/lib/jvm/java-7-openjdk-amd64/jre/lib/amd64/libnet.so
7f3c24651000-7f3c24850000 ---p 00018000 08:01 1448978                    /usr/lib/jvm/java-7-openjdk-amd64/jre/lib/amd64/libnet.so
7f3c24850000-7f3c24851000 r--p 00017000 08:01 1448978                    /usr/lib/jvm/java-7-openjdk-amd64/jre/lib/amd64/libnet.so
7f3c24851000-7f3c24852000 rw-p 00018000 08:01 1448978                    /usr/lib/jvm/java-7-openjdk-amd64/jre/lib/amd64/libnet.so
7f3c24852000-7f3c24863000 r-xp 00000000 08:01 1448965                    /usr/lib/jvm/java-7-openjdk-amd64/jre/lib/amd64/libnio.so
7f3c24863000-7f3c24a62000 ---p 00011000 08:01 1448965                    /usr/lib/jvm/java-7-openjdk-amd64/jre/lib/amd64/libnio.so
7f3c24a62000-7f3c24a63000 r--p 00010000 08:01 1448965                    /usr/lib/jvm/java-7-openjdk-amd64/jre/lib/amd64/libnio.so
7f3c24a63000-7f3c24a64000 rw-p 00011000 08:01 1448965                    /usr/lib/jvm/java-7-openjdk-amd64/jre/lib/amd64/libnio.so
7f3c24a64000-7f3c24a73000 r--s 000df000 08:01 4338904                    /home/yann/Documents/Programmation/Android/android-sdk/build-tools/23.0.2/lib/dx.jar
7f3c24a73000-7f3c24a74000 ---p 00000000 00:00 0 
7f3c24a74000-7f3c24b74000 rw-p 00000000 00:00 0                          [stack:5854]
7f3c24b74000-7f3c24b77000 ---p 00000000 00:00 0 
7f3c24b77000-7f3c24c75000 rw-p 00000000 00:00 0                          [stack:5853]
7f3c24c75000-7f3c24c78000 ---p 00000000 00:00 0 
7f3c24c78000-7f3c24d76000 rw-p 00000000 00:00 0                          [stack:5852]
7f3c24d76000-7f3c24d79000 ---p 00000000 00:00 0 
7f3c24d79000-7f3c24e77000 rw-p 00000000 00:00 0                          [stack:5851]
7f3c24e77000-7f3c25000000 r--p 00000000 08:01 790100                     /usr/lib/locale/locale-archive
7f3c25000000-7f3c25270000 rwxp 00000000 00:00 0 
7f3c25270000-7f3c281c5000 rw-p 00000000 00:00 0 
7f3c281c5000-7f3c2c000000 ---p 00000000 00:00 0 
7f3c2c003000-7f3c2c00c000 r--s 00055000 08:01 3937092                    /home/yann/Documents/Programmation/Android/Groupe4/univLocation/app/build/intermediates/exploded-aar/com.google.android.gms/play-services-fitness/8.4.0/jars/classes.jar
7f3c2c00c000-7f3c2c00f000 ---p 00000000 00:00 0 
7f3c2c00f000-7f3c2c10d000 rw-p 00000000 00:00 0                          [stack:5850]
7f3c2c10d000-7f3c2c110000 ---p 00000000 00:00 0 
7f3c2c110000-7f3c2c20e000 rw-p 00000000 00:00 0                          [stack:5849]
7f3c2c20e000-7f3c2c211000 ---p 00000000 00:00 0 
7f3c2c211000-7f3c2c30f000 rw-p 00000000 00:00 0                          [stack:5848]
7f3c2c30f000-7f3c2c310000 ---p 00000000 00:00 0 
7f3c2c310000-7f3c2d40d000 rw-p 00000000 00:00 0                          [stack:5847]
7f3c2d40d000-7f3c2d5bf000 r--s 01d32000 08:01 1320128                    /usr/lib/jvm/java-7-openjdk-amd64/jre/lib/rt.jar
7f3c2d5bf000-7f3c2d90b000 rw-p 00000000 00:00 0 
7f3c2d90b000-7f3c2d90c000 ---p 00000000 00:00 0 
7f3c2d90c000-7f3c2da0c000 rw-p 00000000 00:00 0                          [stack:5846]
7f3c2da0c000-7f3c2da0d000 ---p 00000000 00:00 0 
7f3c2da0d000-7f3c2db0d000 rw-p 00000000 00:00 0                          [stack:5845]
7f3c2db0d000-7f3c2db0e000 ---p 00000000 00:00 0 
7f3c2db0e000-7f3c2dc0e000 rw-p 00000000 00:00 0                          [stack:5844]
7f3c2dc0e000-7f3c2dc0f000 ---p 00000000 00:00 0 
7f3c2dc0f000-7f3c2dd1a000 rw-p 00000000 00:00 0                          [stack:5843]
7f3c2dd1a000-7f3c2dd62000 rw-p 00000000 00:00 0 
7f3c2dd62000-7f3c2dd76000 rw-p 00000000 00:00 0 
7f3c2dd76000-7f3c2deb8000 rw-p 00000000 00:00 0 
7f3c2deb8000-7f3c2dec3000 rw-p 00000000 00:00 0 
7f3c2dec3000-7f3c2df0b000 rw-p 00000000 00:00 0 
7f3c2df0b000-7f3c2df1f000 rw-p 00000000 00:00 0 
7f3c2df1f000-7f3c2e060000 rw-p 00000000 00:00 0 
7f3c2e060000-7f3c2e072000 rw-p 00000000 00:00 0 
7f3c2e072000-7f3c2e10b000 rw-p 00000000 00:00 0 
7f3c2e10b000-7f3c2e10c000 rw-p 00000000 00:00 0 
7f3c2e10c000-7f3c2e114000 r-xp 00000000 08:01 1448960                    /usr/lib/jvm/java-7-openjdk-amd64/jre/lib/amd64/libzip.so
7f3c2e114000-7f3c2e313000 ---p 00008000 08:01 1448960                    /usr/lib/jvm/java-7-openjdk-amd64/jre/lib/amd64/libzip.so
7f3c2e313000-7f3c2e314000 r--p 00007000 08:01 1448960                    /usr/lib/jvm/java-7-openjdk-amd64/jre/lib/amd64/libzip.so
7f3c2e314000-7f3c2e315000 rw-p 00008000 08:01 1448960                    /usr/lib/jvm/java-7-openjdk-amd64/jre/lib/amd64/libzip.so
7f3c2e315000-7f3c2e320000 r-xp 00000000 08:01 5373969                    /lib/x86_64-linux-gnu/libnss_files-2.19.so
7f3c2e320000-7f3c2e51f000 ---p 0000b000 08:01 5373969                    /lib/x86_64-linux-gnu/libnss_files-2.19.so
7f3c2e51f000-7f3c2e520000 r--p 0000a000 08:01 5373969                    /lib/x86_64-linux-gnu/libnss_files-2.19.so
7f3c2e520000-7f3c2e521000 rw-p 0000b000 08:01 5373969                    /lib/x86_64-linux-gnu/libnss_files-2.19.so
7f3c2e521000-7f3c2e52b000 r-xp 00000000 08:01 5373971                    /lib/x86_64-linux-gnu/libnss_nis-2.19.so
7f3c2e52b000-7f3c2e72a000 ---p 0000a000 08:01 5373971                    /lib/x86_64-linux-gnu/libnss_nis-2.19.so
7f3c2e72a000-7f3c2e72b000 r--p 00009000 08:01 5373971                    /lib/x86_64-linux-gnu/libnss_nis-2.19.so
7f3c2e72b000-7f3c2e72c000 rw-p 0000a000 08:01 5373971                    /lib/x86_64-linux-gnu/libnss_nis-2.19.so
7f3c2e72c000-7f3c2e741000 r-xp 00000000 08:01 5373966                    /lib/x86_64-linux-gnu/libnsl-2.19.so
7f3c2e741000-7f3c2e940000 ---p 00015000 08:01 5373966                    /lib/x86_64-linux-gnu/libnsl-2.19.so
7f3c2e940000-7f3c2e941000 r--p 00014000 08:01 5373966                    /lib/x86_64-linux-gnu/libnsl-2.19.so
7f3c2e941000-7f3c2e942000 rw-p 00015000 08:01 5373966                    /lib/x86_64-linux-gnu/libnsl-2.19.so
7f3c2e942000-7f3c2e944000 rw-p 00000000 00:00 0 
7f3c2e944000-7f3c2e94b000 r-xp 00000000 08:01 5373967                    /lib/x86_64-linux-gnu/libnss_compat-2.19.so
7f3c2e94b000-7f3c2eb4a000 ---p 00007000 08:01 5373967                    /lib/x86_64-linux-gnu/libnss_compat-2.19.so
7f3c2eb4a000-7f3c2eb4b000 r--p 00006000 08:01 5373967                    /lib/x86_64-linux-gnu/libnss_compat-2.19.so
7f3c2eb4b000-7f3c2eb4c000 rw-p 00007000 08:01 5373967                    /lib/x86_64-linux-gnu/libnss_compat-2.19.so
7f3c2eb4c000-7f3c2eb79000 r-xp 00000000 08:01 1448987                    /usr/lib/jvm/java-7-openjdk-amd64/jre/lib/amd64/libjava.so
7f3c2eb79000-7f3c2ed78000 ---p 0002d000 08:01 1448987                    /usr/lib/jvm/java-7-openjdk-amd64/jre/lib/amd64/libjava.so
7f3c2ed78000-7f3c2ed79000 r--p 0002c000 08:01 1448987                    /usr/lib/jvm/java-7-openjdk-amd64/jre/lib/amd64/libjava.so
7f3c2ed79000-7f3c2ed7b000 rw-p 0002d000 08:01 1448987                    /usr/lib/jvm/java-7-openjdk-amd64/jre/lib/amd64/libjava.so
7f3c2ed7b000-7f3c2ed8a000 r-xp 00000000 08:01 1448956                    /usr/lib/jvm/java-7-openjdk-amd64/jre/lib/amd64/libverify.so
7f3c2ed8a000-7f3c2ef89000 ---p 0000f000 08:01 1448956                    /usr/lib/jvm/java-7-openjdk-amd64/jre/lib/amd64/libverify.so
7f3c2ef89000-7f3c2ef8c000 r--p 0000e000 08:01 1448956                    /usr/lib/jvm/java-7-openjdk-amd64/jre/lib/amd64/libverify.so
7f3c2ef8c000-7f3c2ef8d000 rw-p 00011000 08:01 1448956                    /usr/lib/jvm/java-7-openjdk-amd64/jre/lib/amd64/libverify.so
7f3c2ef8d000-7f3c2ef94000 r-xp 00000000 08:01 5373975                    /lib/x86_64-linux-gnu/librt-2.19.so
7f3c2ef94000-7f3c2f193000 ---p 00007000 08:01 5373975                    /lib/x86_64-linux-gnu/librt-2.19.so
7f3c2f193000-7f3c2f194000 r--p 00006000 08:01 5373975                    /lib/x86_64-linux-gnu/librt-2.19.so
7f3c2f194000-7f3c2f195000 rw-p 00007000 08:01 5373975                    /lib/x86_64-linux-gnu/librt-2.19.so
7f3c2f195000-7f3c2f1ab000 r-xp 00000000 08:01 5373956                    /lib/x86_64-linux-gnu/libgcc_s.so.1
7f3c2f1ab000-7f3c2f3aa000 ---p 00016000 08:01 5373956                    /lib/x86_64-linux-gnu/libgcc_s.so.1
7f3c2f3aa000-7f3c2f3ab000 rw-p 00015000 08:01 5373956                    /lib/x86_64-linux-gnu/libgcc_s.so.1
7f3c2f3ab000-7f3c2f4ab000 r-xp 00000000 08:01 5373964                    /lib/x86_64-linux-gnu/libm-2.19.so
7f3c2f4ab000-7f3c2f6aa000 ---p 00100000 08:01 5373964                    /lib/x86_64-linux-gnu/libm-2.19.so
7f3c2f6aa000-7f3c2f6ab000 r--p 000ff000 08:01 5373964                    /lib/x86_64-linux-gnu/libm-2.19.so
7f3c2f6ab000-7f3c2f6ac000 rw-p 00100000 08:01 5373964                    /lib/x86_64-linux-gnu/libm-2.19.so
7f3c2f6ac000-7f3c2f798000 r-xp 00000000 08:01 791154                     /usr/lib/x86_64-linux-gnu/libstdc++.so.6.0.20
7f3c2f798000-7f3c2f998000 ---p 000ec000 08:01 791154                     /usr/lib/x86_64-linux-gnu/libstdc++.so.6.0.20
7f3c2f998000-7f3c2f9a0000 r--p 000ec000 08:01 791154                     /usr/lib/x86_64-linux-gnu/libstdc++.so.6.0.20
7f3c2f9a0000-7f3c2f9a2000 rw-p 000f4000 08:01 791154                     /usr/lib/x86_64-linux-gnu/libstdc++.so.6.0.20
7f3c2f9a2000-7f3c2f9b7000 rw-p 00000000 00:00 0 
7f3c2f9b7000-7f3c3050e000 r-xp 00000000 08:01 1580483                    /usr/lib/jvm/java-7-openjdk-amd64/jre/lib/amd64/server/libjvm.so
7f3c3050e000-7f3c3070e000 ---p 00b57000 08:01 1580483                    /usr/lib/jvm/java-7-openjdk-amd64/jre/lib/amd64/server/libjvm.so
7f3c3070e000-7f3c307ad000 r--p 00b57000 08:01 1580483                    /usr/lib/jvm/java-7-openjdk-amd64/jre/lib/amd64/server/libjvm.so
7f3c307ad000-7f3c307d0000 rw-p 00bf6000 08:01 1580483                    /usr/lib/jvm/java-7-openjdk-amd64/jre/lib/amd64/server/libjvm.so
7f3c307d0000-7f3c307fe000 rw-p 00000000 00:00 0 
7f3c307fe000-7f3c30818000 r-xp 00000000 08:01 5374052                    /lib/x86_64-linux-gnu/libz.so.1.2.8
7f3c30818000-7f3c30a17000 ---p 0001a000 08:01 5374052                    /lib/x86_64-linux-gnu/libz.so.1.2.8
7f3c30a17000-7f3c30a18000 r--p 00019000 08:01 5374052                    /lib/x86_64-linux-gnu/libz.so.1.2.8
7f3c30a18000-7f3c30a19000 rw-p 0001a000 08:01 5374052                    /lib/x86_64-linux-gnu/libz.so.1.2.8
7f3c30a19000-7f3c30bbb000 r-xp 00000000 08:01 5373960                    /lib/x86_64-linux-gnu/libc-2.19.so
7f3c30bbb000-7f3c30dba000 ---p 001a2000 08:01 5373960                    /lib/x86_64-linux-gnu/libc-2.19.so
7f3c30dba000-7f3c30dbe000 r--p 001a1000 08:01 5373960                    /lib/x86_64-linux-gnu/libc-2.19.so
7f3c30dbe000-7f3c30dc0000 rw-p 001a5000 08:01 5373960                    /lib/x86_64-linux-gnu/libc-2.19.so
7f3c30dc0000-7f3c30dc4000 rw-p 00000000 00:00 0 
7f3c30dc4000-7f3c30dc7000 r-xp 00000000 08:01 5373963                    /lib/x86_64-linux-gnu/libdl-2.19.so
7f3c30dc7000-7f3c30fc6000 ---p 00003000 08:01 5373963                    /lib/x86_64-linux-gnu/libdl-2.19.so
7f3c30fc6000-7f3c30fc7000 r--p 00002000 08:01 5373963                    /lib/x86_64-linux-gnu/libdl-2.19.so
7f3c30fc7000-7f3c30fc8000 rw-p 00003000 08:01 5373963                    /lib/x86_64-linux-gnu/libdl-2.19.so
7f3c30fc8000-7f3c30fd5000 r-xp 00000000 08:01 1580479                    /usr/lib/jvm/java-7-openjdk-amd64/jre/lib/amd64/jli/libjli.so
7f3c30fd5000-7f3c311d4000 ---p 0000d000 08:01 1580479                    /usr/lib/jvm/java-7-openjdk-amd64/jre/lib/amd64/jli/libjli.so
7f3c311d4000-7f3c311d5000 r--p 0000c000 08:01 1580479                    /usr/lib/jvm/java-7-openjdk-amd64/jre/lib/amd64/jli/libjli.so
7f3c311d5000-7f3c311d6000 rw-p 0000d000 08:01 1580479                    /usr/lib/jvm/java-7-openjdk-amd64/jre/lib/amd64/jli/libjli.so
7f3c311d6000-7f3c311ee000 r-xp 00000000 08:01 5373955                    /lib/x86_64-linux-gnu/libpthread-2.19.so
7f3c311ee000-7f3c313ed000 ---p 00018000 08:01 5373955                    /lib/x86_64-linux-gnu/libpthread-2.19.so
7f3c313ed000-7f3c313ee000 r--p 00017000 08:01 5373955                    /lib/x86_64-linux-gnu/libpthread-2.19.so
7f3c313ee000-7f3c313ef000 rw-p 00018000 08:01 5373955                    /lib/x86_64-linux-gnu/libpthread-2.19.so
7f3c313ef000-7f3c313f3000 rw-p 00000000 00:00 0 
7f3c313f3000-7f3c31413000 r-xp 00000000 08:01 5373957                    /lib/x86_64-linux-gnu/ld-2.19.so
7f3c31414000-7f3c31418000 r--s 00085000 08:01 1446929                    /usr/lib/jvm/java-7-openjdk-amd64/jre/lib/ext/localedata.jar
7f3c31418000-7f3c3143a000 rw-p 00000000 00:00 0 
7f3c3143a000-7f3c314f0000 rw-p 00000000 00:00 0 
7f3c314f0000-7f3c314f3000 ---p 00000000 00:00 0 
7f3c314f3000-7f3c315f7000 rw-p 00000000 00:00 0                          [stack:5842]
7f3c315f7000-7f3c315f9000 r--s 00012000 08:01 1446928                    /usr/lib/jvm/java-7-openjdk-amd64/jre/lib/ext/zipfs.jar
7f3c315f9000-7f3c315fd000 r--s 00034000 08:01 1446934                    /usr/lib/jvm/java-7-openjdk-amd64/jre/lib/ext/sunjce_provider.jar
7f3c315fd000-7f3c315fe000 r--s 00002000 08:01 1446930                    /usr/lib/jvm/java-7-openjdk-amd64/jre/lib/ext/dnsns.jar
7f3c315fe000-7f3c31601000 r--s 0000f000 08:01 1446932                    /usr/lib/jvm/java-7-openjdk-amd64/jre/lib/ext/icedtea-sound.jar
7f3c31601000-7f3c31605000 r--s 0003c000 08:01 1446933                    /usr/lib/jvm/java-7-openjdk-amd64/jre/lib/ext/sunpkcs11.jar
7f3c31605000-7f3c31607000 r--s 00006000 08:01 1317928                    /usr/share/java/java-atk-wrapper.jar
7f3c31607000-7f3c3160f000 rw-s 00000000 08:01 3937199                    /tmp/hsperfdata_yann/5838
7f3c3160f000-7f3c31610000 rw-p 00000000 00:00 0 
7f3c31610000-7f3c31611000 ---p 00000000 00:00 0 
7f3c31611000-7f3c31613000 rw-p 00000000 00:00 0 
7f3c31613000-7f3c31614000 r--p 00020000 08:01 5373957                    /lib/x86_64-linux-gnu/ld-2.19.so
7f3c31614000-7f3c31615000 rw-p 00021000 08:01 5373957                    /lib/x86_64-linux-gnu/ld-2.19.so
7f3c31615000-7f3c31616000 rw-p 00000000 00:00 0 
7ffef4c74000-7ffef4c95000 rw-p 00000000 00:00 0                          [stack]
7ffef4cf6000-7ffef4cf8000 r-xp 00000000 00:00 0                          [vdso]
7ffef4cf8000-7ffef4cfa000 r--p 00000000 00:00 0                          [vvar]
ffffffffff600000-ffffffffff601000 r-xp 00000000 00:00 0                  [vsyscall]

VM Arguments:
jvm_args: -Djava.awt.headless=true -Xmx1024M -Dfile.encoding=UTF-8 -Duser.country=FR -Duser.language=fr -Duser.variant 
java_command: com.android.dx.command.Main --dex --force-jumbo --num-threads=4 --output /home/yann/Documents/Programmation/Android/Groupe4/univLocation/app/build/intermediates/pre-dexed/debug/com.google.android.gms-play-services-fitness-8.4.0_44acf556d5a4e19df6cee0c245ffb83a7177e796.jar /home/yann/Documents/Programmation/Android/Groupe4/univLocation/app/build/intermediates/exploded-aar/com.google.android.gms/play-services-fitness/8.4.0/jars/classes.jar
Launcher Type: SUN_STANDARD

Environment Variables:
JAVA_HOME=/usr/lib/jvm/java-7-openjdk-amd64
PATH=/usr/local/bin:/usr/bin:/bin:/usr/local/games:/usr/games
USERNAME=yann
LD_LIBRARY_PATH=./android-studio/bin:
SHELL=/bin/bash
DISPLAY=:0

Signal Handlers:
SIGSEGV: [libjvm.so+0x989ea0], sa_mask[0]=0x7ffbfeff, sa_flags=0x10000004
SIGBUS: [libjvm.so+0x989ea0], sa_mask[0]=0x7ffbfeff, sa_flags=0x10000004
SIGFPE: [libjvm.so+0x7f6820], sa_mask[0]=0x7ffbfeff, sa_flags=0x10000004
SIGPIPE: [libjvm.so+0x7f6820], sa_mask[0]=0x7ffbfeff, sa_flags=0x10000004
SIGXFSZ: [libjvm.so+0x7f6820], sa_mask[0]=0x7ffbfeff, sa_flags=0x10000004
SIGILL: [libjvm.so+0x7f6820], sa_mask[0]=0x7ffbfeff, sa_flags=0x10000004
SIGUSR1: SIG_DFL, sa_mask[0]=0x00000000, sa_flags=0x00000000
SIGUSR2: [libjvm.so+0x7f66a0], sa_mask[0]=0x00000004, sa_flags=0x10000004
SIGHUP: [libjvm.so+0x7f68a0], sa_mask[0]=0x7ffbfeff, sa_flags=0x10000004
SIGINT: [libjvm.so+0x7f68a0], sa_mask[0]=0x7ffbfeff, sa_flags=0x10000004
SIGTERM: [libjvm.so+0x7f68a0], sa_mask[0]=0x7ffbfeff, sa_flags=0x10000004
SIGQUIT: [libjvm.so+0x7f68a0], sa_mask[0]=0x7ffbfeff, sa_flags=0x10000004
SIGTRAP: SIG_DFL, sa_mask[0]=0x00000000, sa_flags=0x00000000


---------------  S Y S T E M  ---------------

OS:8.4

uname:Linux 3.16.0-4-amd64 #1 SMP Debian 3.16.7-ckt25-2 (2016-04-08) x86_64
libc:glibc 2.19 NPTL 2.19 
rlimit: STACK 8192k, CORE 0k, NPROC 15318, NOFILE 65536, AS infinity
load average:14,56 9,70 5,08

/proc/meminfo:
MemTotal:        3938628 kB
MemFree:           94452 kB
MemAvailable:      38828 kB
Buffers:            3556 kB
Cached:           383824 kB
SwapCached:            0 kB
Active:          3336856 kB
Inactive:         371408 kB
Active(anon):    3324252 kB
Inactive(anon):   359272 kB
Active(file):      12604 kB
Inactive(file):    12136 kB
Unevictable:           0 kB
Mlocked:               0 kB
SwapTotal:             0 kB
SwapFree:              0 kB
Dirty:              1980 kB
Writeback:             0 kB
AnonPages:       3322216 kB
Mapped:            40892 kB
Shmem:            361504 kB
Slab:              64320 kB
SReclaimable:      32936 kB
SUnreclaim:        31384 kB
KernelStack:        9520 kB
PageTables:        32288 kB
NFS_Unstable:          0 kB
Bounce:                0 kB
WritebackTmp:          0 kB
CommitLimit:     1969312 kB
Committed_AS:    6697476 kB
VmallocTotal:   34359738367 kB
VmallocUsed:      347164 kB
VmallocChunk:   34359387100 kB
HardwareCorrupted:     0 kB
AnonHugePages:         0 kB
HugePages_Total:       0
HugePages_Free:        0
HugePages_Rsvd:        0
HugePages_Surp:        0
Hugepagesize:       2048 kB
DirectMap4k:       59008 kB
DirectMap2M:     4016128 kB


CPU:total 4 (2 cores per cpu, 2 threads per core) family 6 model 42 stepping 7, cmov, cx8, fxsr, mmx, sse, sse2, sse3, ssse3, sse4.1, sse4.2, popcnt, avx, aes, ht, tsc, tscinvbit

/proc/cpuinfo:
processor	: 0
vendor_id	: GenuineIntel
cpu family	: 6
model		: 42
model name	: Intel(R) Core(TM) i5-2520M CPU @ 2.50GHz
stepping	: 7
microcode	: 0x23
cpu MHz		: 3000.000
cache size	: 3072 KB
physical id	: 0
siblings	: 4
core id		: 0
cpu cores	: 2
apicid		: 0
initial apicid	: 0
fpu		: yes
fpu_exception	: yes
cpuid level	: 13
wp		: yes
flags		: fpu vme de pse tsc msr pae mce cx8 apic sep mtrr pge mca cmov pat pse36 clflush dts acpi mmx fxsr sse sse2 ss ht tm pbe syscall nx rdtscp lm constant_tsc arch_perfmon pebs bts nopl xtopology nonstop_tsc aperfmperf eagerfpu pni pclmulqdq dtes64 ds_cpl vmx smx est tm2 ssse3 cx16 xtpr pdcm pcid sse4_1 sse4_2 x2apic popcnt tsc_deadline_timer aes xsave avx lahf_lm ida arat epb xsaveopt pln pts dtherm tpr_shadow vnmi flexpriority ept vpid
bogomips	: 4983.71
clflush size	: 64
cache_alignment	: 64
address sizes	: 36 bits physical, 48 bits virtual
power management:

processor	: 1
vendor_id	: GenuineIntel
cpu family	: 6
model		: 42
model name	: Intel(R) Core(TM) i5-2520M CPU @ 2.50GHz
stepping	: 7
microcode	: 0x23
cpu MHz		: 3000.000
cache size	: 3072 KB
physical id	: 0
siblings	: 4
core id		: 0
cpu cores	: 2
apicid		: 1
initial apicid	: 1
fpu		: yes
fpu_exception	: yes
cpuid level	: 13
wp		: yes
flags		: fpu vme de pse tsc msr pae mce cx8 apic sep mtrr pge mca cmov pat pse36 clflush dts acpi mmx fxsr sse sse2 ss ht tm pbe syscall nx rdtscp lm constant_tsc arch_perfmon pebs bts nopl xtopology nonstop_tsc aperfmperf eagerfpu pni pclmulqdq dtes64 ds_cpl vmx smx est tm2 ssse3 cx16 xtpr pdcm pcid sse4_1 sse4_2 x2apic popcnt tsc_deadline_timer aes xsave avx lahf_lm ida arat epb xsaveopt pln pts dtherm tpr_shadow vnmi flexpriority ept vpid
bogomips	: 4983.71
clflush size	: 64
cache_alignment	: 64
address sizes	: 36 bits physical, 48 bits virtual
power management:

processor	: 2
vendor_id	: GenuineIntel
cpu family	: 6
model		: 42
model name	: Intel(R) Core(TM) i5-2520M CPU @ 2.50GHz
stepping	: 7
microcode	: 0x23
cpu MHz		: 3000.000
cache size	: 3072 KB
physical id	: 0
siblings	: 4
core id		: 1
cpu cores	: 2
apicid		: 2
initial apicid	: 2
fpu		: yes
fpu_exception	: yes
cpuid level	: 13
wp		: yes
flags		: fpu vme de pse tsc msr pae mce cx8 apic sep mtrr pge mca cmov pat pse36 clflush dts acpi mmx fxsr sse sse2 ss ht tm pbe syscall nx rdtscp lm constant_tsc arch_perfmon pebs bts nopl xtopology nonstop_tsc aperfmperf eagerfpu pni pclmulqdq dtes64 ds_cpl vmx smx est tm2 ssse3 cx16 xtpr pdcm pcid sse4_1 sse4_2 x2apic popcnt tsc_deadline_timer aes xsave avx lahf_lm ida arat epb xsaveopt pln pts dtherm tpr_shadow vnmi flexpriority ept vpid
bogomips	: 4983.71
clflush size	: 64
cache_alignment	: 64
address sizes	: 36 bits physical, 48 bits virtual
power management:

processor	: 3
vendor_id	: GenuineIntel
cpu family	: 6
model		: 42
model name	: Intel(R) Core(TM) i5-2520M CPU @ 2.50GHz
stepping	: 7
microcode	: 0x23
cpu MHz		: 3000.000
cache size	: 3072 KB
physical id	: 0
siblings	: 4
core id		: 1
cpu cores	: 2
apicid		: 3
initial apicid	: 3
fpu		: yes
fpu_exception	: yes
cpuid level	: 13
wp		: yes
flags		: fpu vme de pse tsc msr pae mce cx8 apic sep mtrr pge mca cmov pat pse36 clflush dts acpi mmx fxsr sse sse2 ss ht tm pbe syscall nx rdtscp lm constant_tsc arch_perfmon pebs bts nopl xtopology nonstop_tsc aperfmperf eagerfpu pni pclmulqdq dtes64 ds_cpl vmx smx est tm2 ssse3 cx16 xtpr pdcm pcid sse4_1 sse4_2 x2apic popcnt tsc_deadline_timer aes xsave avx lahf_lm ida arat epb xsaveopt pln pts dtherm tpr_shadow vnmi flexpriority ept vpid
bogomips	: 4983.71
clflush size	: 64
cache_alignment	: 64
address sizes	: 36 bits physical, 48 bits virtual
power management:



Memory: 4k page, physical 3938628k(93984k free), swap 0k(0k free)

vm_info: OpenJDK 64-Bit Server VM (24.95-b01) for linux-amd64 JRE (1.7.0_101-b00), built on Apr 25 2016 09:53:23 by "jmm" with gcc 4.9.2

time: Tue May 24 19:44:08 2016
elapsed time: 9 seconds

