#
# There is insufficient memory for the Java Runtime Environment to continue.
# Native memory allocation (malloc) failed to allocate 83886080 bytes for committing reserved memory.
# Possible reasons:
#   The system is out of physical RAM or swap space
#   In 32 bit mode, the process size limit was hit
# Possible solutions:
#   Reduce memory load on the system
#   Increase physical memory or swap space
#   Check if swap backing store is full
#   Use 64 bit Java on a 64 bit OS
#   Decrease Java heap size (-Xmx/-Xms)
#   Decrease number of Java threads
#   Decrease Java thread stack sizes (-Xss)
#   Set larger code cache with -XX:ReservedCodeCacheSize=
# This output file may be truncated or incomplete.
#
#  Out of Memory Error (os_linux.cpp:2827), pid=5742, tid=139875006879488
#
# JRE version: OpenJDK Runtime Environment (7.0_101) (build 1.7.0_101-b00)
# Java VM: OpenJDK 64-Bit Server VM (24.95-b01 mixed mode linux-amd64 compressed oops)
# Derivative: IcedTea 2.6.6
# Distribution: Debian GNU/Linux 8.2 (jessie), package 7u101-2.6.6-1~deb8u1
# Failed to write core dump. Core dumps have been disabled. To enable core dumping, try "ulimit -c unlimited" before starting Java again
#

---------------  T H R E A D  ---------------

Current thread (0x00007f372c076000):  VMThread [stack: 0x00007f3730091000,0x00007f3730192000] [id=5752]

Stack: [0x00007f3730091000,0x00007f3730192000],  sp=0x00007f37301904e0,  free space=1021k
Native frames: (J=compiled Java code, j=interpreted, Vv=VM code, C=native code)
V  [libjvm.so+0x9893b6]
V  [libjvm.so+0x493832]
V  [libjvm.so+0x7fb2db]
V  [libjvm.so+0x7f59be]
V  [libjvm.so+0x86937b]
V  [libjvm.so+0x86a233]
V  [libjvm.so+0x86a94b]
V  [libjvm.so+0x8662b1]
V  [libjvm.so+0x866b28]
V  [libjvm.so+0x81e603]
V  [libjvm.so+0x98ac82]
V  [libjvm.so+0x98f107]
V  [libjvm.so+0x98d87b]
V  [libjvm.so+0x98df26]
V  [libjvm.so+0x98e3f1]
V  [libjvm.so+0x7f8202]

VM_Operation (0x00007f3720289eb0): ParallelGCFailedAllocation, mode: safepoint, requested by thread 0x00007f372c1aa000


---------------  P R O C E S S  ---------------

Java Threads: ( => current thread )
  0x00007f372c1aa000 JavaThread "pool-1-thread-4" [_thread_blocked, id=5770, stack(0x00007f372018b000,0x00007f372028c000)]
  0x00007f372c1a8000 JavaThread "pool-1-thread-3" [_thread_blocked, id=5769, stack(0x00007f372028c000,0x00007f372038d000)]
  0x00007f372c1a7000 JavaThread "pool-1-thread-2" [_thread_blocked, id=5765, stack(0x00007f372038d000,0x00007f372048e000)]
  0x00007f372c1a3000 JavaThread "pool-2-thread-1" [_thread_blocked, id=5762, stack(0x00007f372048e000,0x00007f372058f000)]
  0x00007f372c1a2000 JavaThread "pool-1-thread-1" [_thread_blocked, id=5761, stack(0x00007f372058f000,0x00007f3720690000)]
  0x00007f372c0b1000 JavaThread "Service Thread" daemon [_thread_blocked, id=5758, stack(0x00007f3728871000,0x00007f3728972000)]
  0x00007f372c0ae800 JavaThread "C2 CompilerThread1" daemon [_thread_blocked, id=5757, stack(0x00007f3728972000,0x00007f3728a73000)]
  0x00007f372c0ab800 JavaThread "C2 CompilerThread0" daemon [_thread_blocked, id=5756, stack(0x00007f3728a73000,0x00007f3728b74000)]
  0x00007f372c0a9800 JavaThread "Signal Dispatcher" daemon [_thread_blocked, id=5755, stack(0x00007f3728b74000,0x00007f3728c75000)]
  0x00007f372c07c800 JavaThread "Finalizer" daemon [_thread_blocked, id=5754, stack(0x00007f3728dfe000,0x00007f3728eff000)]
  0x00007f372c07a000 JavaThread "Reference Handler" daemon [_thread_blocked, id=5753, stack(0x00007f3728eff000,0x00007f3729000000)]
  0x00007f372c00a800 JavaThread "main" [_thread_blocked, id=5746, stack(0x00007f3735272000,0x00007f3735373000)]

Other Threads:
=>0x00007f372c076000 VMThread [stack: 0x00007f3730091000,0x00007f3730192000] [id=5752]
  0x00007f372c0bb800 WatcherThread [stack: 0x00007f3728770000,0x00007f3728871000] [id=5759]

VM state:at safepoint (normal execution)

VM Mutex/Monitor currently owned by a thread:  ([mutex/lock_event])
[0x00007f372c006b20] Threads_lock - owner thread: 0x00007f372c076000
[0x00007f372c007020] Heap_lock - owner thread: 0x00007f372c1aa000

Heap
 PSYoungGen      total 136704K, used 20962K [0x00000000eaa80000, 0x00000000f4980000, 0x0000000100000000)
  eden space 115712K, 0% used [0x00000000eaa80000,0x00000000eaa80000,0x00000000f1b80000)
  from space 20992K, 99% used [0x00000000f1b80000,0x00000000f2ff8818,0x00000000f3000000)
  to   space 15872K, 0% used [0x00000000f3000000,0x00000000f3000000,0x00000000f3f80000)
 ParOldGen       total 40960K, used 37152K [0x00000000c0000000, 0x00000000c2800000, 0x00000000eaa80000)
  object space 40960K, 90% used [0x00000000c0000000,0x00000000c2448398,0x00000000c2800000)
 PSPermGen       total 21504K, used 6454K [0x00000000b5a00000, 0x00000000b6f00000, 0x00000000c0000000)
  object space 21504K, 30% used [0x00000000b5a00000,0x00000000b604da28,0x00000000b6f00000)

Card table byte_map: [0x00007f3731c3a000,0x00007f3731e8e000] byte_map_base: 0x00007f373168d000

Polling page: 0x00007f3735392000

Code Cache  [0x00007f3729000000, 0x00007f3729270000, 0x00007f372c000000)
 total_blobs=650 nmethods=419 adapters=184 free_code_cache=47409Kb largest_free_block=48484288

Compilation events (10 events):
Event: 23,295 Thread 0x00007f372c0ae800 nmethod 430 0x00007f372912e710 code [0x00007f372912e840, 0x00007f372912e898]
Event: 23,295 Thread 0x00007f372c0ae800  431             com.android.dx.rop.cst.Constant::compareTo (33 bytes)
Event: 23,296 Thread 0x00007f372c0ae800 nmethod 431 0x00007f372912fb90 code [0x00007f372912fd00, 0x00007f372912fed8]
Event: 23,296 Thread 0x00007f372c0ae800  432             com.android.dx.rop.code.SourcePosition::<init> (50 bytes)
Event: 23,297 Thread 0x00007f372c0ae800 nmethod 432 0x00007f372912f8d0 code [0x00007f372912fa20, 0x00007f372912fad8]
Event: 23,297 Thread 0x00007f372c0ae800  433             com.android.dx.cf.code.BaseMachine::clearArgs (56 bytes)
Event: 23,297 Thread 0x00007f372c0ae800 nmethod 433 0x00007f372912f6d0 code [0x00007f372912f800, 0x00007f372912f878]
Event: 23,297 Thread 0x00007f372c0ae800  434             com.android.dx.cf.code.ConcreteMethod::makeSourcePosistion (21 bytes)
Event: 23,344 Thread 0x00007f372c0ae800 nmethod 434 0x00007f372912ee90 code [0x00007f372912f000, 0x00007f372912f398]
Event: 23,344 Thread 0x00007f372c0ae800  435   !         com.android.dx.cf.code.RopperMachine::run (1550 bytes)

GC Heap History (10 events):
Event: 3,686 GC heap after
Heap after GC invocations=4 (full 0):
 PSYoungGen      total 33280K, used 2528K [0x00000000eaa80000, 0x00000000ecd80000, 0x0000000100000000)
  eden space 30720K, 0% used [0x00000000eaa80000,0x00000000eaa80000,0x00000000ec880000)
  from space 2560K, 98% used [0x00000000ecb00000,0x00000000ecd781d8,0x00000000ecd80000)
  to   space 2560K, 0% used [0x00000000ec880000,0x00000000ec880000,0x00000000ecb00000)
 ParOldGen       total 40960K, used 7517K [0x00000000c0000000, 0x00000000c2800000, 0x00000000eaa80000)
  object space 40960K, 18% used [0x00000000c0000000,0x00000000c07577c8,0x00000000c2800000)
 PSPermGen       total 21504K, used 6235K [0x00000000b5a00000, 0x00000000b6f00000, 0x00000000c0000000)
  object space 21504K, 28% used [0x00000000b5a00000,0x00000000b6016d20,0x00000000b6f00000)
}
Event: 5,516 GC heap before
{Heap before GC invocations=5 (full 0):
 PSYoungGen      total 33280K, used 33248K [0x00000000eaa80000, 0x00000000ecd80000, 0x0000000100000000)
  eden space 30720K, 100% used [0x00000000eaa80000,0x00000000ec880000,0x00000000ec880000)
  from space 2560K, 98% used [0x00000000ecb00000,0x00000000ecd781d8,0x00000000ecd80000)
  to   space 2560K, 0% used [0x00000000ec880000,0x00000000ec880000,0x00000000ecb00000)
 ParOldGen       total 40960K, used 7517K [0x00000000c0000000, 0x00000000c2800000, 0x00000000eaa80000)
  object space 40960K, 18% used [0x00000000c0000000,0x00000000c07577c8,0x00000000c2800000)
 PSPermGen       total 21504K, used 6286K [0x00000000b5a00000, 0x00000000b6f00000, 0x00000000c0000000)
  object space 21504K, 29% used [0x00000000b5a00000,0x00000000b6023a90,0x00000000b6f00000)
Event: 5,573 GC heap after
Heap after GC invocations=5 (full 0):
 PSYoungGen      total 33280K, used 2549K [0x00000000eaa80000, 0x00000000ef980000, 0x0000000100000000)
  eden space 30720K, 0% used [0x00000000eaa80000,0x00000000eaa80000,0x00000000ec880000)
  from space 2560K, 99% used [0x00000000ec880000,0x00000000ecafd5b8,0x00000000ecb00000)
  to   space 9728K, 0% used [0x00000000ef000000,0x00000000ef000000,0x00000000ef980000)
 ParOldGen       total 40960K, used 12883K [0x00000000c0000000, 0x00000000c2800000, 0x00000000eaa80000)
  object space 40960K, 31% used [0x00000000c0000000,0x00000000c0c94fb0,0x00000000c2800000)
 PSPermGen       total 21504K, used 6286K [0x00000000b5a00000, 0x00000000b6f00000, 0x00000000c0000000)
  object space 21504K, 29% used [0x00000000b5a00000,0x00000000b6023a90,0x00000000b6f00000)
}
Event: 7,684 GC heap before
{Heap before GC invocations=6 (full 0):
 PSYoungGen      total 33280K, used 33269K [0x00000000eaa80000, 0x00000000ef980000, 0x0000000100000000)
  eden space 30720K, 100% used [0x00000000eaa80000,0x00000000ec880000,0x00000000ec880000)
  from space 2560K, 99% used [0x00000000ec880000,0x00000000ecafd5b8,0x00000000ecb00000)
  to   space 9728K, 0% used [0x00000000ef000000,0x00000000ef000000,0x00000000ef980000)
 ParOldGen       total 40960K, used 12883K [0x00000000c0000000, 0x00000000c2800000, 0x00000000eaa80000)
  object space 40960K, 31% used [0x00000000c0000000,0x00000000c0c94fb0,0x00000000c2800000)
 PSPermGen       total 21504K, used 6309K [0x00000000b5a00000, 0x00000000b6f00000, 0x00000000c0000000)
  object space 21504K, 29% used [0x00000000b5a00000,0x00000000b6029670,0x00000000b6f00000)
Event: 7,751 GC heap after
Heap after GC invocations=6 (full 0):
 PSYoungGen      total 70144K, used 7936K [0x00000000eaa80000, 0x00000000efb80000, 0x0000000100000000)
  eden space 60416K, 0% used [0x00000000eaa80000,0x00000000eaa80000,0x00000000ee580000)
  from space 9728K, 81% used [0x00000000ef000000,0x00000000ef7c01d8,0x00000000ef980000)
  to   space 10752K, 0% used [0x00000000ee580000,0x00000000ee580000,0x00000000ef000000)
 ParOldGen       total 40960K, used 12883K [0x00000000c0000000, 0x00000000c2800000, 0x00000000eaa80000)
  object space 40960K, 31% used [0x00000000c0000000,0x00000000c0c94fb0,0x00000000c2800000)
 PSPermGen       total 21504K, used 6309K [0x00000000b5a00000, 0x00000000b6f00000, 0x00000000c0000000)
  object space 21504K, 29% used [0x00000000b5a00000,0x00000000b6029670,0x00000000b6f00000)
}
Event: 11,877 GC heap before
{Heap before GC invocations=7 (full 0):
 PSYoungGen      total 70144K, used 68352K [0x00000000eaa80000, 0x00000000efb80000, 0x0000000100000000)
  eden space 60416K, 100% used [0x00000000eaa80000,0x00000000ee580000,0x00000000ee580000)
  from space 9728K, 81% used [0x00000000ef000000,0x00000000ef7c01d8,0x00000000ef980000)
  to   space 10752K, 0% used [0x00000000ee580000,0x00000000ee580000,0x00000000ef000000)
 ParOldGen       total 40960K, used 12883K [0x00000000c0000000, 0x00000000c2800000, 0x00000000eaa80000)
  object space 40960K, 31% used [0x00000000c0000000,0x00000000c0c94fb0,0x00000000c2800000)
 PSPermGen       total 21504K, used 6352K [0x00000000b5a00000, 0x00000000b6f00000, 0x00000000c0000000)
  object space 21504K, 29% used [0x00000000b5a00000,0x00000000b60340e8,0x00000000b6f00000)
Event: 12,005 GC heap after
Heap after GC invocations=7 (full 0):
 PSYoungGen      total 71168K, used 10725K [0x00000000eaa80000, 0x00000000f3f80000, 0x0000000100000000)
  eden space 60416K, 0% used [0x00000000eaa80000,0x00000000eaa80000,0x00000000ee580000)
  from space 10752K, 99% used [0x00000000ee580000,0x00000000eeff9650,0x00000000ef000000)
  to   space 15872K, 0% used [0x00000000f3000000,0x00000000f3000000,0x00000000f3f80000)
 ParOldGen       total 40960K, used 19138K [0x00000000c0000000, 0x00000000c2800000, 0x00000000eaa80000)
  object space 40960K, 46% used [0x00000000c0000000,0x00000000c12b0a10,0x00000000c2800000)
 PSPermGen       total 21504K, used 6352K [0x00000000b5a00000, 0x00000000b6f00000, 0x00000000c0000000)
  object space 21504K, 29% used [0x00000000b5a00000,0x00000000b60340e8,0x00000000b6f00000)
}
Event: 16,216 GC heap before
{Heap before GC invocations=8 (full 0):
 PSYoungGen      total 71168K, used 71141K [0x00000000eaa80000, 0x00000000f3f80000, 0x0000000100000000)
  eden space 60416K, 100% used [0x00000000eaa80000,0x00000000ee580000,0x00000000ee580000)
  from space 10752K, 99% used [0x00000000ee580000,0x00000000eeff9650,0x00000000ef000000)
  to   space 15872K, 0% used [0x00000000f3000000,0x00000000f3000000,0x00000000f3f80000)
 ParOldGen       total 40960K, used 19138K [0x00000000c0000000, 0x00000000c2800000, 0x00000000eaa80000)
  object space 40960K, 46% used [0x00000000c0000000,0x00000000c12b0a10,0x00000000c2800000)
 PSPermGen       total 21504K, used 6376K [0x00000000b5a00000, 0x00000000b6f00000, 0x00000000c0000000)
  object space 21504K, 29% used [0x00000000b5a00000,0x00000000b603a378,0x00000000b6f00000)
Event: 16,385 GC heap after
Heap after GC invocations=8 (full 0):
 PSYoungGen      total 131584K, used 15840K [0x00000000eaa80000, 0x00000000f4980000, 0x0000000100000000)
  eden space 115712K, 0% used [0x00000000eaa80000,0x00000000eaa80000,0x00000000f1b80000)
  from space 15872K, 99% used [0x00000000f3000000,0x00000000f3f78020,0x00000000f3f80000)
  to   space 20992K, 0% used [0x00000000f1b80000,0x00000000f1b80000,0x00000000f3000000)
 ParOldGen       total 40960K, used 24039K [0x00000000c0000000, 0x00000000c2800000, 0x00000000eaa80000)
  object space 40960K, 58% used [0x00000000c0000000,0x00000000c1779ea8,0x00000000c2800000)
 PSPermGen       total 21504K, used 6376K [0x00000000b5a00000, 0x00000000b6f00000, 0x00000000c0000000)
  object space 21504K, 29% used [0x00000000b5a00000,0x00000000b603a378,0x00000000b6f00000)
}
Event: 23,381 GC heap before
{Heap before GC invocations=9 (full 0):
 PSYoungGen      total 131584K, used 131552K [0x00000000eaa80000, 0x00000000f4980000, 0x0000000100000000)
  eden space 115712K, 100% used [0x00000000eaa80000,0x00000000f1b80000,0x00000000f1b80000)
  from space 15872K, 99% used [0x00000000f3000000,0x00000000f3f78020,0x00000000f3f80000)
  to   space 20992K, 0% used [0x00000000f1b80000,0x00000000f1b80000,0x00000000f3000000)
 ParOldGen       total 40960K, used 24039K [0x00000000c0000000, 0x00000000c2800000, 0x00000000eaa80000)
  object space 40960K, 58% used [0x00000000c0000000,0x00000000c1779ea8,0x00000000c2800000)
 PSPermGen       total 21504K, used 6454K [0x00000000b5a00000, 0x00000000b6f00000, 0x00000000c0000000)
  object space 21504K, 30% used [0x00000000b5a00000,0x00000000b604da28,0x00000000b6f00000)

Deoptimization events (10 events):
Event: 5,006 Thread 0x00007f372c1a2000 Uncommon trap: reason=class_check action=maybe_recompile pc=0x00007f37290a45f0 method=java.util.HashMap.put(Ljava/lang/Object;Ljava/lang/Object;)Ljava/lang/Object; @ 83
Event: 5,006 Thread 0x00007f372c1a2000 Uncommon trap: reason=class_check action=maybe_recompile pc=0x00007f37290a45f0 method=java.util.HashMap.put(Ljava/lang/Object;Ljava/lang/Object;)Ljava/lang/Object; @ 83
Event: 5,094 Thread 0x00007f372c1a8000 Uncommon trap: reason=null_check action=make_not_entrant pc=0x00007f37290c811c method=com.android.dx.ssa.SsaRenamer.getLocalForNewReg(I)Lcom/android/dx/rop/code/LocalItem; @ 19
Event: 10,601 Thread 0x00007f372c00a800 Uncommon trap: reason=unloaded action=reinterpret pc=0x00007f37291159fc method=com.android.dx.cf.cst.ConstantPoolParser.parse0(ILjava/util/BitSet;)Lcom/android/dx/rop/cst/Constant; @ 220
Event: 11,188 Thread 0x00007f372c1a2000 Uncommon trap: reason=unstable_if action=reinterpret pc=0x00007f37290d8e50 method=com.android.dx.ssa.SCCP.simulateBranch(Lcom/android/dx/ssa/SsaInsn;)V @ 548
Event: 12,993 Thread 0x00007f372c1aa000 Uncommon trap: reason=null_check action=make_not_entrant pc=0x00007f372912a9fc method=com.android.dx.cf.code.Ropper$CatchInfo.getSetup(Lcom/android/dx/rop/type/Type;)Lcom/android/dx/cf/code/Ropper$ExceptionHandlerSetup; @ 10
Event: 18,922 Thread 0x00007f372c00a800 Uncommon trap: reason=unstable_if action=reinterpret pc=0x00007f37290eca7c method=com.android.dx.ssa.Dominators.run()V @ 346
Event: 19,786 Thread 0x00007f372c1a7000 Uncommon trap: reason=unstable_if action=reinterpret pc=0x00007f372917852c method=com.android.dx.ssa.MoveParamCombiner$1.visitNonMoveInsn(Lcom/android/dx/ssa/NormalSsaInsn;)V @ 27
Event: 22,253 Thread 0x00007f372c1a2000 Uncommon trap: reason=bimorphic action=maybe_recompile pc=0x00007f37291a0894 method=com.android.dx.cf.code.BytecodeArray.parseInstruction(ILcom/android/dx/cf/code/BytecodeArray$Visitor;)I @ 971
Event: 22,253 Thread 0x00007f372c1a2000 Uncommon trap: reason=bimorphic action=maybe_recompile pc=0x00007f37291a0894 method=com.android.dx.cf.code.BytecodeArray.parseInstruction(ILcom/android/dx/cf/code/BytecodeArray$Visitor;)I @ 971

Internal exceptions (10 events):
Event: 1,684 Thread 0x00007f372c1aa000 Threw 0x00000000eb57fc30 at /home/jmm/jdk4/openjdk-7-7u101-2.6.6/build/openjdk/hotspot/src/share/vm/prims/jvm.cpp:1322
Event: 1,845 Thread 0x00007f372c1a8000 Threw 0x00000000eb87db98 at /home/jmm/jdk4/openjdk-7-7u101-2.6.6/build/openjdk/hotspot/src/share/vm/prims/jvm.cpp:1322
Event: 2,057 Thread 0x00007f372c1aa000 Threw 0x00000000eae6f868 at /home/jmm/jdk4/openjdk-7-7u101-2.6.6/build/openjdk/hotspot/src/share/vm/prims/jvm.cpp:1322
Event: 2,514 Thread 0x00007f372c00a800 Implicit null exception at 0x00007f37290a7c4f to 0x00007f37290a8335
Event: 3,917 Thread 0x00007f372c00a800 Threw 0x00000000eadeae20 at /home/jmm/jdk4/openjdk-7-7u101-2.6.6/build/openjdk/hotspot/src/share/vm/prims/jvm.cpp:1322
Event: 4,019 Thread 0x00007f372c00a800 Threw 0x00000000eaf561f8 at /home/jmm/jdk4/openjdk-7-7u101-2.6.6/build/openjdk/hotspot/src/share/vm/prims/jvm.cpp:1322
Event: 5,094 Thread 0x00007f372c1a8000 Implicit null exception at 0x00007f37290c69af to 0x00007f37290c80f9
Event: 5,605 Thread 0x00007f372c1a7000 Threw 0x00000000eaa95170 at /home/jmm/jdk4/openjdk-7-7u101-2.6.6/build/openjdk/hotspot/src/share/vm/prims/jvm.cpp:1322
Event: 12,993 Thread 0x00007f372c1aa000 Implicit null exception at 0x00007f3729126a79 to 0x00007f372912a9bd
Event: 14,363 Thread 0x00007f372c00a800 Threw 0x00000000ecbcceb0 at /home/jmm/jdk4/openjdk-7-7u101-2.6.6/build/openjdk/hotspot/src/share/vm/prims/jvm.cpp:1322

Events (10 events):
Event: 20,900 Thread 0x00007f372c0ae800 flushing nmethod 0x00007f3729114bd0
Event: 22,253 Thread 0x00007f372c1a2000 Uncommon trap: trap_request=0xffffffc6 fr.pc=0x00007f37291a0894
Event: 22,253 Thread 0x00007f372c1a2000 DEOPT PACKING pc=0x00007f37291a0894 sp=0x00007f372068e080
Event: 22,253 Thread 0x00007f372c1a2000 DEOPT UNPACKING pc=0x00007f3729039445 sp=0x00007f372068e038 mode 2
Event: 22,253 Thread 0x00007f372c1a2000 Uncommon trap: trap_request=0xffffffc6 fr.pc=0x00007f37291a0894
Event: 22,253 Thread 0x00007f372c1a2000 DEOPT PACKING pc=0x00007f37291a0894 sp=0x00007f372068e080
Event: 22,253 Thread 0x00007f372c1a2000 DEOPT UNPACKING pc=0x00007f3729039445 sp=0x00007f372068e038 mode 2
Event: 22,439 Thread 0x00007f372c0ab800 flushing nmethod 0x00007f37290d6790
Event: 22,479 Thread 0x00007f372c0ab800 flushing nmethod 0x00007f3729123d10
Event: 23,375 Executing VM operation: ParallelGCFailedAllocation


Dynamic libraries:
00400000-00401000 r-xp 00000000 08:01 1582995                            /usr/lib/jvm/java-7-openjdk-amd64/jre/bin/java
00600000-00601000 r--p 00000000 08:01 1582995                            /usr/lib/jvm/java-7-openjdk-amd64/jre/bin/java
00601000-00602000 rw-p 00001000 08:01 1582995                            /usr/lib/jvm/java-7-openjdk-amd64/jre/bin/java
0208d000-020ae000 rw-p 00000000 00:00 0                                  [heap]
b5a00000-b6f00000 rw-p 00000000 00:00 0 
b6f00000-c0000000 rw-p 00000000 00:00 0 
c0000000-c2800000 rw-p 00000000 00:00 0 
c2800000-eaa80000 rw-p 00000000 00:00 0 
eaa80000-f4980000 rw-p 00000000 00:00 0 
f9980000-100000000 rw-p 00000000 00:00 0 
7f36dc000000-7f36dc021000 rw-p 00000000 00:00 0 
7f36dc021000-7f36e0000000 ---p 00000000 00:00 0 
7f36e0000000-7f36e0021000 rw-p 00000000 00:00 0 
7f36e0021000-7f36e4000000 ---p 00000000 00:00 0 
7f36e4000000-7f36e4021000 rw-p 00000000 00:00 0 
7f36e4021000-7f36e8000000 ---p 00000000 00:00 0 
7f36e8000000-7f36e8021000 rw-p 00000000 00:00 0 
7f36e8021000-7f36ec000000 ---p 00000000 00:00 0 
7f36ec000000-7f36ec021000 rw-p 00000000 00:00 0 
7f36ec021000-7f36f0000000 ---p 00000000 00:00 0 
7f36f0000000-7f36f0037000 rw-p 00000000 00:00 0 
7f36f0037000-7f36f4000000 ---p 00000000 00:00 0 
7f36f4000000-7f36f5808000 rw-p 00000000 00:00 0 
7f36f5808000-7f36f8000000 ---p 00000000 00:00 0 
7f36f8000000-7f36f8021000 rw-p 00000000 00:00 0 
7f36f8021000-7f36fc000000 ---p 00000000 00:00 0 
7f36fc000000-7f36fc021000 rw-p 00000000 00:00 0 
7f36fc021000-7f3700000000 ---p 00000000 00:00 0 
7f3700000000-7f37017d8000 rw-p 00000000 00:00 0 
7f37017d8000-7f3704000000 ---p 00000000 00:00 0 
7f3704000000-7f3704021000 rw-p 00000000 00:00 0 
7f3704021000-7f3708000000 ---p 00000000 00:00 0 
7f3708000000-7f3708021000 rw-p 00000000 00:00 0 
7f3708021000-7f370c000000 ---p 00000000 00:00 0 
7f370c000000-7f370c021000 rw-p 00000000 00:00 0 
7f370c021000-7f3710000000 ---p 00000000 00:00 0 
7f3710000000-7f3710021000 rw-p 00000000 00:00 0 
7f3710021000-7f3714000000 ---p 00000000 00:00 0 
7f3714000000-7f3714021000 rw-p 00000000 00:00 0 
7f3714021000-7f3718000000 ---p 00000000 00:00 0 
7f371c000000-7f371c021000 rw-p 00000000 00:00 0 
7f371c021000-7f3720000000 ---p 00000000 00:00 0 
7f372018b000-7f372018e000 ---p 00000000 00:00 0 
7f372018e000-7f372028c000 rw-p 00000000 00:00 0                          [stack:5770]
7f372028c000-7f372028f000 ---p 00000000 00:00 0 
7f372028f000-7f372038d000 rw-p 00000000 00:00 0                          [stack:5769]
7f372038d000-7f3720390000 ---p 00000000 00:00 0 
7f3720390000-7f372048e000 rw-p 00000000 00:00 0                          [stack:5765]
7f372048e000-7f3720491000 ---p 00000000 00:00 0 
7f3720491000-7f372058f000 rw-p 00000000 00:00 0                          [stack:5762]
7f372058f000-7f3720592000 ---p 00000000 00:00 0 
7f3720592000-7f3720991000 rw-p 00000000 00:00 0                          [stack:5761]
7f3720991000-7f37209fd000 r-xp 00000000 08:01 5373998                    /lib/x86_64-linux-gnu/libpcre.so.3.13.1
7f37209fd000-7f3720bfd000 ---p 0006c000 08:01 5373998                    /lib/x86_64-linux-gnu/libpcre.so.3.13.1
7f3720bfd000-7f3720bfe000 r--p 0006c000 08:01 5373998                    /lib/x86_64-linux-gnu/libpcre.so.3.13.1
7f3720bfe000-7f3720bff000 rw-p 0006d000 08:01 5373998                    /lib/x86_64-linux-gnu/libpcre.so.3.13.1
7f3720bff000-7f3720c06000 r-xp 00000000 08:01 790748                     /usr/lib/x86_64-linux-gnu/libffi.so.6.0.2
7f3720c06000-7f3720e05000 ---p 00007000 08:01 790748                     /usr/lib/x86_64-linux-gnu/libffi.so.6.0.2
7f3720e05000-7f3720e06000 r--p 00006000 08:01 790748                     /usr/lib/x86_64-linux-gnu/libffi.so.6.0.2
7f3720e06000-7f3720e07000 rw-p 00007000 08:01 790748                     /usr/lib/x86_64-linux-gnu/libffi.so.6.0.2
7f3720e07000-7f3720e1b000 r-xp 00000000 08:01 5373974                    /lib/x86_64-linux-gnu/libresolv-2.19.so
7f3720e1b000-7f372101a000 ---p 00014000 08:01 5373974                    /lib/x86_64-linux-gnu/libresolv-2.19.so
7f372101a000-7f372101b000 r--p 00013000 08:01 5373974                    /lib/x86_64-linux-gnu/libresolv-2.19.so
7f372101b000-7f372101c000 rw-p 00014000 08:01 5373974                    /lib/x86_64-linux-gnu/libresolv-2.19.so
7f372101c000-7f372101e000 rw-p 00000000 00:00 0 
7f372101e000-7f372103f000 r-xp 00000000 08:01 5374051                    /lib/x86_64-linux-gnu/libselinux.so.1
7f372103f000-7f372123f000 ---p 00021000 08:01 5374051                    /lib/x86_64-linux-gnu/libselinux.so.1
7f372123f000-7f3721240000 r--p 00021000 08:01 5374051                    /lib/x86_64-linux-gnu/libselinux.so.1
7f3721240000-7f3721241000 rw-p 00022000 08:01 5374051                    /lib/x86_64-linux-gnu/libselinux.so.1
7f3721241000-7f3721243000 rw-p 00000000 00:00 0 
7f3721243000-7f3721246000 r-xp 00000000 08:01 793762                     /usr/lib/x86_64-linux-gnu/libgmodule-2.0.so.0.4200.1
7f3721246000-7f3721445000 ---p 00003000 08:01 793762                     /usr/lib/x86_64-linux-gnu/libgmodule-2.0.so.0.4200.1
7f3721445000-7f3721446000 r--p 00002000 08:01 793762                     /usr/lib/x86_64-linux-gnu/libgmodule-2.0.so.0.4200.1
7f3721446000-7f3721447000 rw-p 00003000 08:01 793762                     /usr/lib/x86_64-linux-gnu/libgmodule-2.0.so.0.4200.1
7f3721447000-7f3721553000 r-xp 00000000 08:01 5374471                    /lib/x86_64-linux-gnu/libglib-2.0.so.0.4200.1
7f3721553000-7f3721753000 ---p 0010c000 08:01 5374471                    /lib/x86_64-linux-gnu/libglib-2.0.so.0.4200.1
7f3721753000-7f3721754000 r--p 0010c000 08:01 5374471                    /lib/x86_64-linux-gnu/libglib-2.0.so.0.4200.1
7f3721754000-7f3721755000 rw-p 0010d000 08:01 5374471                    /lib/x86_64-linux-gnu/libglib-2.0.so.0.4200.1
7f3721755000-7f3721756000 rw-p 00000000 00:00 0 
7f3721756000-7f37218c8000 r-xp 00000000 08:01 793764                     /usr/lib/x86_64-linux-gnu/libgio-2.0.so.0.4200.1
7f37218c8000-7f3721ac8000 ---p 00172000 08:01 793764                     /usr/lib/x86_64-linux-gnu/libgio-2.0.so.0.4200.1
7f3721ac8000-7f3721acc000 r--p 00172000 08:01 793764                     /usr/lib/x86_64-linux-gnu/libgio-2.0.so.0.4200.1
7f3721acc000-7f3721ace000 rw-p 00176000 08:01 793764                     /usr/lib/x86_64-linux-gnu/libgio-2.0.so.0.4200.1
7f3721ace000-7f3724000000 rw-p 00000000 00:00 0 
7f3724000000-7f3724021000 rw-p 00000000 00:00 0 
7f3724021000-7f3728000000 ---p 00000000 00:00 0 
7f37280f2000-7f3728143000 r-xp 00000000 08:01 793761                     /usr/lib/x86_64-linux-gnu/libgobject-2.0.so.0.4200.1
7f3728143000-7f3728343000 ---p 00051000 08:01 793761                     /usr/lib/x86_64-linux-gnu/libgobject-2.0.so.0.4200.1
7f3728343000-7f3728344000 r--p 00051000 08:01 793761                     /usr/lib/x86_64-linux-gnu/libgobject-2.0.so.0.4200.1
7f3728344000-7f3728345000 rw-p 00052000 08:01 793761                     /usr/lib/x86_64-linux-gnu/libgobject-2.0.so.0.4200.1
7f3728345000-7f372835d000 r-xp 00000000 08:01 1448978                    /usr/lib/jvm/java-7-openjdk-amd64/jre/lib/amd64/libnet.so
7f372835d000-7f372855c000 ---p 00018000 08:01 1448978                    /usr/lib/jvm/java-7-openjdk-amd64/jre/lib/amd64/libnet.so
7f372855c000-7f372855d000 r--p 00017000 08:01 1448978                    /usr/lib/jvm/java-7-openjdk-amd64/jre/lib/amd64/libnet.so
7f372855d000-7f372855e000 rw-p 00018000 08:01 1448978                    /usr/lib/jvm/java-7-openjdk-amd64/jre/lib/amd64/libnet.so
7f372855e000-7f372856f000 r-xp 00000000 08:01 1448965                    /usr/lib/jvm/java-7-openjdk-amd64/jre/lib/amd64/libnio.so
7f372856f000-7f372876e000 ---p 00011000 08:01 1448965                    /usr/lib/jvm/java-7-openjdk-amd64/jre/lib/amd64/libnio.so
7f372876e000-7f372876f000 r--p 00010000 08:01 1448965                    /usr/lib/jvm/java-7-openjdk-amd64/jre/lib/amd64/libnio.so
7f372876f000-7f3728770000 rw-p 00011000 08:01 1448965                    /usr/lib/jvm/java-7-openjdk-amd64/jre/lib/amd64/libnio.so
7f3728770000-7f3728771000 ---p 00000000 00:00 0 
7f3728771000-7f3728871000 rw-p 00000000 00:00 0                          [stack:5759]
7f3728871000-7f3728874000 ---p 00000000 00:00 0 
7f3728874000-7f3728972000 rw-p 00000000 00:00 0                          [stack:5758]
7f3728972000-7f3728975000 ---p 00000000 00:00 0 
7f3728975000-7f3728a73000 rw-p 00000000 00:00 0                          [stack:5757]
7f3728a73000-7f3728a76000 ---p 00000000 00:00 0 
7f3728a76000-7f3728b74000 rw-p 00000000 00:00 0                          [stack:5756]
7f3728b74000-7f3728b77000 ---p 00000000 00:00 0 
7f3728b77000-7f3728c75000 rw-p 00000000 00:00 0                          [stack:5755]
7f3728c75000-7f3728dfe000 r--p 00000000 08:01 790100                     /usr/lib/locale/locale-archive
7f3728dfe000-7f3728e01000 ---p 00000000 00:00 0 
7f3728e01000-7f3728eff000 rw-p 00000000 00:00 0                          [stack:5754]
7f3728eff000-7f3728f02000 ---p 00000000 00:00 0 
7f3728f02000-7f3729000000 rw-p 00000000 00:00 0                          [stack:5753]
7f3729000000-7f3729270000 rwxp 00000000 00:00 0 
7f3729270000-7f372c1fa000 rw-p 00000000 00:00 0 
7f372c1fa000-7f3730000000 ---p 00000000 00:00 0 
7f373003f000-7f3730046000 r--s 00000000 08:01 788991                     /usr/lib/x86_64-linux-gnu/gconv/gconv-modules.cache
7f3730046000-7f373006c000 r--p 00000000 08:01 791914                     /usr/share/locale/fr/LC_MESSAGES/libc.mo
7f373006c000-7f3730082000 r--s 000f0000 08:01 3813564                    /home/yann/Documents/Programmation/Android/Groupe4/univLocation/app/build/intermediates/exploded-aar/com.android.support/support-v4/23.2.0/jars/classes.jar
7f3730082000-7f3730091000 r--s 000df000 08:01 4338904                    /home/yann/Documents/Programmation/Android/android-sdk/build-tools/23.0.2/lib/dx.jar
7f3730091000-7f3730092000 ---p 00000000 00:00 0 
7f3730092000-7f373118f000 rw-p 00000000 00:00 0                          [stack:5752]
7f373118f000-7f3731341000 r--s 01d32000 08:01 1320128                    /usr/lib/jvm/java-7-openjdk-amd64/jre/lib/rt.jar
7f3731341000-7f373168d000 rw-p 00000000 00:00 0 
7f373168d000-7f373168e000 ---p 00000000 00:00 0 
7f373168e000-7f373178e000 rw-p 00000000 00:00 0                          [stack:5751]
7f373178e000-7f373178f000 ---p 00000000 00:00 0 
7f373178f000-7f373188f000 rw-p 00000000 00:00 0                          [stack:5750]
7f373188f000-7f3731890000 ---p 00000000 00:00 0 
7f3731890000-7f3731990000 rw-p 00000000 00:00 0                          [stack:5749]
7f3731990000-7f3731991000 ---p 00000000 00:00 0 
7f3731991000-7f3731a9c000 rw-p 00000000 00:00 0                          [stack:5747]
7f3731a9c000-7f3731ae4000 rw-p 00000000 00:00 0 
7f3731ae4000-7f3731af8000 rw-p 00000000 00:00 0 
7f3731af8000-7f3731c3a000 rw-p 00000000 00:00 0 
7f3731c3a000-7f3731c45000 rw-p 00000000 00:00 0 
7f3731c45000-7f3731c8d000 rw-p 00000000 00:00 0 
7f3731c8d000-7f3731ca1000 rw-p 00000000 00:00 0 
7f3731ca1000-7f3731de2000 rw-p 00000000 00:00 0 
7f3731de2000-7f3731e32000 rw-p 00000000 00:00 0 
7f3731e32000-7f3731e8d000 rw-p 00000000 00:00 0 
7f3731e8d000-7f3731e8e000 rw-p 00000000 00:00 0 
7f3731e8e000-7f3731e96000 r-xp 00000000 08:01 1448960                    /usr/lib/jvm/java-7-openjdk-amd64/jre/lib/amd64/libzip.so
7f3731e96000-7f3732095000 ---p 00008000 08:01 1448960                    /usr/lib/jvm/java-7-openjdk-amd64/jre/lib/amd64/libzip.so
7f3732095000-7f3732096000 r--p 00007000 08:01 1448960                    /usr/lib/jvm/java-7-openjdk-amd64/jre/lib/amd64/libzip.so
7f3732096000-7f3732097000 rw-p 00008000 08:01 1448960                    /usr/lib/jvm/java-7-openjdk-amd64/jre/lib/amd64/libzip.so
7f3732097000-7f37320a2000 r-xp 00000000 08:01 5373969                    /lib/x86_64-linux-gnu/libnss_files-2.19.so
7f37320a2000-7f37322a1000 ---p 0000b000 08:01 5373969                    /lib/x86_64-linux-gnu/libnss_files-2.19.so
7f37322a1000-7f37322a2000 r--p 0000a000 08:01 5373969                    /lib/x86_64-linux-gnu/libnss_files-2.19.so
7f37322a2000-7f37322a3000 rw-p 0000b000 08:01 5373969                    /lib/x86_64-linux-gnu/libnss_files-2.19.so
7f37322a3000-7f37322ad000 r-xp 00000000 08:01 5373971                    /lib/x86_64-linux-gnu/libnss_nis-2.19.so
7f37322ad000-7f37324ac000 ---p 0000a000 08:01 5373971                    /lib/x86_64-linux-gnu/libnss_nis-2.19.so
7f37324ac000-7f37324ad000 r--p 00009000 08:01 5373971                    /lib/x86_64-linux-gnu/libnss_nis-2.19.so
7f37324ad000-7f37324ae000 rw-p 0000a000 08:01 5373971                    /lib/x86_64-linux-gnu/libnss_nis-2.19.so
7f37324ae000-7f37324c3000 r-xp 00000000 08:01 5373966                    /lib/x86_64-linux-gnu/libnsl-2.19.so
7f37324c3000-7f37326c2000 ---p 00015000 08:01 5373966                    /lib/x86_64-linux-gnu/libnsl-2.19.so
7f37326c2000-7f37326c3000 r--p 00014000 08:01 5373966                    /lib/x86_64-linux-gnu/libnsl-2.19.so
7f37326c3000-7f37326c4000 rw-p 00015000 08:01 5373966                    /lib/x86_64-linux-gnu/libnsl-2.19.so
7f37326c4000-7f37326c6000 rw-p 00000000 00:00 0 
7f37326c6000-7f37326cd000 r-xp 00000000 08:01 5373967                    /lib/x86_64-linux-gnu/libnss_compat-2.19.so
7f37326cd000-7f37328cc000 ---p 00007000 08:01 5373967                    /lib/x86_64-linux-gnu/libnss_compat-2.19.so
7f37328cc000-7f37328cd000 r--p 00006000 08:01 5373967                    /lib/x86_64-linux-gnu/libnss_compat-2.19.so
7f37328cd000-7f37328ce000 rw-p 00007000 08:01 5373967                    /lib/x86_64-linux-gnu/libnss_compat-2.19.so
7f37328ce000-7f37328fb000 r-xp 00000000 08:01 1448987                    /usr/lib/jvm/java-7-openjdk-amd64/jre/lib/amd64/libjava.so
7f37328fb000-7f3732afa000 ---p 0002d000 08:01 1448987                    /usr/lib/jvm/java-7-openjdk-amd64/jre/lib/amd64/libjava.so
7f3732afa000-7f3732afb000 r--p 0002c000 08:01 1448987                    /usr/lib/jvm/java-7-openjdk-amd64/jre/lib/amd64/libjava.so
7f3732afb000-7f3732afd000 rw-p 0002d000 08:01 1448987                    /usr/lib/jvm/java-7-openjdk-amd64/jre/lib/amd64/libjava.so
7f3732afd000-7f3732b0c000 r-xp 00000000 08:01 1448956                    /usr/lib/jvm/java-7-openjdk-amd64/jre/lib/amd64/libverify.so
7f3732b0c000-7f3732d0b000 ---p 0000f000 08:01 1448956                    /usr/lib/jvm/java-7-openjdk-amd64/jre/lib/amd64/libverify.so
7f3732d0b000-7f3732d0e000 r--p 0000e000 08:01 1448956                    /usr/lib/jvm/java-7-openjdk-amd64/jre/lib/amd64/libverify.so
7f3732d0e000-7f3732d0f000 rw-p 00011000 08:01 1448956                    /usr/lib/jvm/java-7-openjdk-amd64/jre/lib/amd64/libverify.so
7f3732d0f000-7f3732d16000 r-xp 00000000 08:01 5373975                    /lib/x86_64-linux-gnu/librt-2.19.so
7f3732d16000-7f3732f15000 ---p 00007000 08:01 5373975                    /lib/x86_64-linux-gnu/librt-2.19.so
7f3732f15000-7f3732f16000 r--p 00006000 08:01 5373975                    /lib/x86_64-linux-gnu/librt-2.19.so
7f3732f16000-7f3732f17000 rw-p 00007000 08:01 5373975                    /lib/x86_64-linux-gnu/librt-2.19.so
7f3732f17000-7f3732f2d000 r-xp 00000000 08:01 5373956                    /lib/x86_64-linux-gnu/libgcc_s.so.1
7f3732f2d000-7f373312c000 ---p 00016000 08:01 5373956                    /lib/x86_64-linux-gnu/libgcc_s.so.1
7f373312c000-7f373312d000 rw-p 00015000 08:01 5373956                    /lib/x86_64-linux-gnu/libgcc_s.so.1
7f373312d000-7f373322d000 r-xp 00000000 08:01 5373964                    /lib/x86_64-linux-gnu/libm-2.19.so
7f373322d000-7f373342c000 ---p 00100000 08:01 5373964                    /lib/x86_64-linux-gnu/libm-2.19.so
7f373342c000-7f373342d000 r--p 000ff000 08:01 5373964                    /lib/x86_64-linux-gnu/libm-2.19.so
7f373342d000-7f373342e000 rw-p 00100000 08:01 5373964                    /lib/x86_64-linux-gnu/libm-2.19.so
7f373342e000-7f373351a000 r-xp 00000000 08:01 791154                     /usr/lib/x86_64-linux-gnu/libstdc++.so.6.0.20
7f373351a000-7f373371a000 ---p 000ec000 08:01 791154                     /usr/lib/x86_64-linux-gnu/libstdc++.so.6.0.20
7f373371a000-7f3733722000 r--p 000ec000 08:01 791154                     /usr/lib/x86_64-linux-gnu/libstdc++.so.6.0.20
7f3733722000-7f3733724000 rw-p 000f4000 08:01 791154                     /usr/lib/x86_64-linux-gnu/libstdc++.so.6.0.20
7f3733724000-7f3733739000 rw-p 00000000 00:00 0 
7f3733739000-7f3734290000 r-xp 00000000 08:01 1580483                    /usr/lib/jvm/java-7-openjdk-amd64/jre/lib/amd64/server/libjvm.so
7f3734290000-7f3734490000 ---p 00b57000 08:01 1580483                    /usr/lib/jvm/java-7-openjdk-amd64/jre/lib/amd64/server/libjvm.so
7f3734490000-7f373452f000 r--p 00b57000 08:01 1580483                    /usr/lib/jvm/java-7-openjdk-amd64/jre/lib/amd64/server/libjvm.so
7f373452f000-7f3734552000 rw-p 00bf6000 08:01 1580483                    /usr/lib/jvm/java-7-openjdk-amd64/jre/lib/amd64/server/libjvm.so
7f3734552000-7f3734580000 rw-p 00000000 00:00 0 
7f3734580000-7f373459a000 r-xp 00000000 08:01 5374052                    /lib/x86_64-linux-gnu/libz.so.1.2.8
7f373459a000-7f3734799000 ---p 0001a000 08:01 5374052                    /lib/x86_64-linux-gnu/libz.so.1.2.8
7f3734799000-7f373479a000 r--p 00019000 08:01 5374052                    /lib/x86_64-linux-gnu/libz.so.1.2.8
7f373479a000-7f373479b000 rw-p 0001a000 08:01 5374052                    /lib/x86_64-linux-gnu/libz.so.1.2.8
7f373479b000-7f373493d000 r-xp 00000000 08:01 5373960                    /lib/x86_64-linux-gnu/libc-2.19.so
7f373493d000-7f3734b3c000 ---p 001a2000 08:01 5373960                    /lib/x86_64-linux-gnu/libc-2.19.so
7f3734b3c000-7f3734b40000 r--p 001a1000 08:01 5373960                    /lib/x86_64-linux-gnu/libc-2.19.so
7f3734b40000-7f3734b42000 rw-p 001a5000 08:01 5373960                    /lib/x86_64-linux-gnu/libc-2.19.so
7f3734b42000-7f3734b46000 rw-p 00000000 00:00 0 
7f3734b46000-7f3734b49000 r-xp 00000000 08:01 5373963                    /lib/x86_64-linux-gnu/libdl-2.19.so
7f3734b49000-7f3734d48000 ---p 00003000 08:01 5373963                    /lib/x86_64-linux-gnu/libdl-2.19.so
7f3734d48000-7f3734d49000 r--p 00002000 08:01 5373963                    /lib/x86_64-linux-gnu/libdl-2.19.so
7f3734d49000-7f3734d4a000 rw-p 00003000 08:01 5373963                    /lib/x86_64-linux-gnu/libdl-2.19.so
7f3734d4a000-7f3734d57000 r-xp 00000000 08:01 1580479                    /usr/lib/jvm/java-7-openjdk-amd64/jre/lib/amd64/jli/libjli.so
7f3734d57000-7f3734f56000 ---p 0000d000 08:01 1580479                    /usr/lib/jvm/java-7-openjdk-amd64/jre/lib/amd64/jli/libjli.so
7f3734f56000-7f3734f57000 r--p 0000c000 08:01 1580479                    /usr/lib/jvm/java-7-openjdk-amd64/jre/lib/amd64/jli/libjli.so
7f3734f57000-7f3734f58000 rw-p 0000d000 08:01 1580479                    /usr/lib/jvm/java-7-openjdk-amd64/jre/lib/amd64/jli/libjli.so
7f3734f58000-7f3734f70000 r-xp 00000000 08:01 5373955                    /lib/x86_64-linux-gnu/libpthread-2.19.so
7f3734f70000-7f373516f000 ---p 00018000 08:01 5373955                    /lib/x86_64-linux-gnu/libpthread-2.19.so
7f373516f000-7f3735170000 r--p 00017000 08:01 5373955                    /lib/x86_64-linux-gnu/libpthread-2.19.so
7f3735170000-7f3735171000 rw-p 00018000 08:01 5373955                    /lib/x86_64-linux-gnu/libpthread-2.19.so
7f3735171000-7f3735175000 rw-p 00000000 00:00 0 
7f3735175000-7f3735195000 r-xp 00000000 08:01 5373957                    /lib/x86_64-linux-gnu/ld-2.19.so
7f3735196000-7f373519a000 r--s 00085000 08:01 1446929                    /usr/lib/jvm/java-7-openjdk-amd64/jre/lib/ext/localedata.jar
7f373519a000-7f37351bc000 rw-p 00000000 00:00 0 
7f37351bc000-7f3735272000 rw-p 00000000 00:00 0 
7f3735272000-7f3735275000 ---p 00000000 00:00 0 
7f3735275000-7f3735379000 rw-p 00000000 00:00 0                          [stack:5746]
7f3735379000-7f373537b000 r--s 00012000 08:01 1446928                    /usr/lib/jvm/java-7-openjdk-amd64/jre/lib/ext/zipfs.jar
7f373537b000-7f373537f000 r--s 00034000 08:01 1446934                    /usr/lib/jvm/java-7-openjdk-amd64/jre/lib/ext/sunjce_provider.jar
7f373537f000-7f3735380000 r--s 00002000 08:01 1446930                    /usr/lib/jvm/java-7-openjdk-amd64/jre/lib/ext/dnsns.jar
7f3735380000-7f3735383000 r--s 0000f000 08:01 1446932                    /usr/lib/jvm/java-7-openjdk-amd64/jre/lib/ext/icedtea-sound.jar
7f3735383000-7f3735387000 r--s 0003c000 08:01 1446933                    /usr/lib/jvm/java-7-openjdk-amd64/jre/lib/ext/sunpkcs11.jar
7f3735387000-7f3735389000 r--s 00006000 08:01 1317928                    /usr/share/java/java-atk-wrapper.jar
7f3735389000-7f3735391000 rw-s 00000000 08:01 3937099                    /tmp/hsperfdata_yann/5742
7f3735391000-7f3735392000 rw-p 00000000 00:00 0 
7f3735392000-7f3735393000 ---p 00000000 00:00 0 
7f3735393000-7f3735395000 rw-p 00000000 00:00 0 
7f3735395000-7f3735396000 r--p 00020000 08:01 5373957                    /lib/x86_64-linux-gnu/ld-2.19.so
7f3735396000-7f3735397000 rw-p 00021000 08:01 5373957                    /lib/x86_64-linux-gnu/ld-2.19.so
7f3735397000-7f3735398000 rw-p 00000000 00:00 0 
7fff74f52000-7fff74f73000 rw-p 00000000 00:00 0                          [stack]
7fff74fb1000-7fff74fb3000 r-xp 00000000 00:00 0                          [vdso]
7fff74fb3000-7fff74fb5000 r--p 00000000 00:00 0                          [vvar]
ffffffffff600000-ffffffffff601000 r-xp 00000000 00:00 0                  [vsyscall]

VM Arguments:
jvm_args: -Djava.awt.headless=true -Xmx1024M -Dfile.encoding=UTF-8 -Duser.country=FR -Duser.language=fr -Duser.variant 
java_command: com.android.dx.command.Main --dex --force-jumbo --num-threads=4 --output /home/yann/Documents/Programmation/Android/Groupe4/univLocation/app/build/intermediates/pre-dexed/debug/com.android.support-support-v4-23.2.0_522cf546c55f92581d6774be86940b52cd2457da.jar /home/yann/Documents/Programmation/Android/Groupe4/univLocation/app/build/intermediates/exploded-aar/com.android.support/support-v4/23.2.0/jars/classes.jar
Launcher Type: SUN_STANDARD

Environment Variables:
JAVA_HOME=/usr/lib/jvm/java-7-openjdk-amd64
PATH=/usr/local/bin:/usr/bin:/bin:/usr/local/games:/usr/games
USERNAME=yann
LD_LIBRARY_PATH=./android-studio/bin:
SHELL=/bin/bash
DISPLAY=:0

Signal Handlers:
SIGSEGV: [libjvm.so+0x989ea0], sa_mask[0]=0x7ffbfeff, sa_flags=0x10000004
SIGBUS: [libjvm.so+0x989ea0], sa_mask[0]=0x7ffbfeff, sa_flags=0x10000004
SIGFPE: [libjvm.so+0x7f6820], sa_mask[0]=0x7ffbfeff, sa_flags=0x10000004
SIGPIPE: [libjvm.so+0x7f6820], sa_mask[0]=0x7ffbfeff, sa_flags=0x10000004
SIGXFSZ: [libjvm.so+0x7f6820], sa_mask[0]=0x7ffbfeff, sa_flags=0x10000004
SIGILL: [libjvm.so+0x7f6820], sa_mask[0]=0x7ffbfeff, sa_flags=0x10000004
SIGUSR1: SIG_DFL, sa_mask[0]=0x00000000, sa_flags=0x00000000
SIGUSR2: [libjvm.so+0x7f66a0], sa_mask[0]=0x00000004, sa_flags=0x10000004
SIGHUP: [libjvm.so+0x7f68a0], sa_mask[0]=0x7ffbfeff, sa_flags=0x10000004
SIGINT: [libjvm.so+0x7f68a0], sa_mask[0]=0x7ffbfeff, sa_flags=0x10000004
SIGTERM: [libjvm.so+0x7f68a0], sa_mask[0]=0x7ffbfeff, sa_flags=0x10000004
SIGQUIT: [libjvm.so+0x7f68a0], sa_mask[0]=0x7ffbfeff, sa_flags=0x10000004
SIGTRAP: SIG_DFL, sa_mask[0]=0x00000000, sa_flags=0x00000000


---------------  S Y S T E M  ---------------

OS:8.4

uname:Linux 3.16.0-4-amd64 #1 SMP Debian 3.16.7-ckt25-2 (2016-04-08) x86_64
libc:glibc 2.19 NPTL 2.19 
rlimit: STACK 8192k, CORE 0k, NPROC 15318, NOFILE 65536, AS infinity
load average:15,24 9,92 5,18

/proc/meminfo:
MemTotal:        3938628 kB
MemFree:          130724 kB
MemAvailable:      71648 kB
Buffers:            1072 kB
Cached:           379084 kB
SwapCached:            0 kB
Active:          3302848 kB
Inactive:         370648 kB
Active(anon):    3296220 kB
Inactive(anon):   359372 kB
Active(file):       6628 kB
Inactive(file):    11276 kB
Unevictable:           0 kB
Mlocked:               0 kB
SwapTotal:             0 kB
SwapFree:              0 kB
Dirty:                32 kB
Writeback:           440 kB
AnonPages:       3294088 kB
Mapped:            34236 kB
Shmem:            361468 kB
Slab:              64216 kB
SReclaimable:      32872 kB
SUnreclaim:        31344 kB
KernelStack:        9424 kB
PageTables:        31740 kB
NFS_Unstable:          0 kB
Bounce:                0 kB
WritebackTmp:          0 kB
CommitLimit:     1969312 kB
Committed_AS:    6511152 kB
VmallocTotal:   34359738367 kB
VmallocUsed:      347164 kB
VmallocChunk:   34359387100 kB
HardwareCorrupted:     0 kB
AnonHugePages:         0 kB
HugePages_Total:       0
HugePages_Free:        0
HugePages_Rsvd:        0
HugePages_Surp:        0
Hugepagesize:       2048 kB
DirectMap4k:       59008 kB
DirectMap2M:     4016128 kB


CPU:total 4 (2 cores per cpu, 2 threads per core) family 6 model 42 stepping 7, cmov, cx8, fxsr, mmx, sse, sse2, sse3, ssse3, sse4.1, sse4.2, popcnt, avx, aes, ht, tsc, tscinvbit

/proc/cpuinfo:
processor	: 0
vendor_id	: GenuineIntel
cpu family	: 6
model		: 42
model name	: Intel(R) Core(TM) i5-2520M CPU @ 2.50GHz
stepping	: 7
microcode	: 0x23
cpu MHz		: 2964.550
cache size	: 3072 KB
physical id	: 0
siblings	: 4
core id		: 0
cpu cores	: 2
apicid		: 0
initial apicid	: 0
fpu		: yes
fpu_exception	: yes
cpuid level	: 13
wp		: yes
flags		: fpu vme de pse tsc msr pae mce cx8 apic sep mtrr pge mca cmov pat pse36 clflush dts acpi mmx fxsr sse sse2 ss ht tm pbe syscall nx rdtscp lm constant_tsc arch_perfmon pebs bts nopl xtopology nonstop_tsc aperfmperf eagerfpu pni pclmulqdq dtes64 ds_cpl vmx smx est tm2 ssse3 cx16 xtpr pdcm pcid sse4_1 sse4_2 x2apic popcnt tsc_deadline_timer aes xsave avx lahf_lm ida arat epb xsaveopt pln pts dtherm tpr_shadow vnmi flexpriority ept vpid
bogomips	: 4983.71
clflush size	: 64
cache_alignment	: 64
address sizes	: 36 bits physical, 48 bits virtual
power management:

processor	: 1
vendor_id	: GenuineIntel
cpu family	: 6
model		: 42
model name	: Intel(R) Core(TM) i5-2520M CPU @ 2.50GHz
stepping	: 7
microcode	: 0x23
cpu MHz		: 2964.550
cache size	: 3072 KB
physical id	: 0
siblings	: 4
core id		: 0
cpu cores	: 2
apicid		: 1
initial apicid	: 1
fpu		: yes
fpu_exception	: yes
cpuid level	: 13
wp		: yes
flags		: fpu vme de pse tsc msr pae mce cx8 apic sep mtrr pge mca cmov pat pse36 clflush dts acpi mmx fxsr sse sse2 ss ht tm pbe syscall nx rdtscp lm constant_tsc arch_perfmon pebs bts nopl xtopology nonstop_tsc aperfmperf eagerfpu pni pclmulqdq dtes64 ds_cpl vmx smx est tm2 ssse3 cx16 xtpr pdcm pcid sse4_1 sse4_2 x2apic popcnt tsc_deadline_timer aes xsave avx lahf_lm ida arat epb xsaveopt pln pts dtherm tpr_shadow vnmi flexpriority ept vpid
bogomips	: 4983.71
clflush size	: 64
cache_alignment	: 64
address sizes	: 36 bits physical, 48 bits virtual
power management:

processor	: 2
vendor_id	: GenuineIntel
cpu family	: 6
model		: 42
model name	: Intel(R) Core(TM) i5-2520M CPU @ 2.50GHz
stepping	: 7
microcode	: 0x23
cpu MHz		: 3000.000
cache size	: 3072 KB
physical id	: 0
siblings	: 4
core id		: 1
cpu cores	: 2
apicid		: 2
initial apicid	: 2
fpu		: yes
fpu_exception	: yes
cpuid level	: 13
wp		: yes
flags		: fpu vme de pse tsc msr pae mce cx8 apic sep mtrr pge mca cmov pat pse36 clflush dts acpi mmx fxsr sse sse2 ss ht tm pbe syscall nx rdtscp lm constant_tsc arch_perfmon pebs bts nopl xtopology nonstop_tsc aperfmperf eagerfpu pni pclmulqdq dtes64 ds_cpl vmx smx est tm2 ssse3 cx16 xtpr pdcm pcid sse4_1 sse4_2 x2apic popcnt tsc_deadline_timer aes xsave avx lahf_lm ida arat epb xsaveopt pln pts dtherm tpr_shadow vnmi flexpriority ept vpid
bogomips	: 4983.71
clflush size	: 64
cache_alignment	: 64
address sizes	: 36 bits physical, 48 bits virtual
power management:

processor	: 3
vendor_id	: GenuineIntel
cpu family	: 6
model		: 42
model name	: Intel(R) Core(TM) i5-2520M CPU @ 2.50GHz
stepping	: 7
microcode	: 0x23
cpu MHz		: 3000.000
cache size	: 3072 KB
physical id	: 0
siblings	: 4
core id		: 1
cpu cores	: 2
apicid		: 3
initial apicid	: 3
fpu		: yes
fpu_exception	: yes
cpuid level	: 13
wp		: yes
flags		: fpu vme de pse tsc msr pae mce cx8 apic sep mtrr pge mca cmov pat pse36 clflush dts acpi mmx fxsr sse sse2 ss ht tm pbe syscall nx rdtscp lm constant_tsc arch_perfmon pebs bts nopl xtopology nonstop_tsc aperfmperf eagerfpu pni pclmulqdq dtes64 ds_cpl vmx smx est tm2 ssse3 cx16 xtpr pdcm pcid sse4_1 sse4_2 x2apic popcnt tsc_deadline_timer aes xsave avx lahf_lm ida arat epb xsaveopt pln pts dtherm tpr_shadow vnmi flexpriority ept vpid
bogomips	: 4983.71
clflush size	: 64
cache_alignment	: 64
address sizes	: 36 bits physical, 48 bits virtual
power management:



Memory: 4k page, physical 3938628k(130724k free), swap 0k(0k free)

vm_info: OpenJDK 64-Bit Server VM (24.95-b01) for linux-amd64 JRE (1.7.0_101-b00), built on Apr 25 2016 09:53:23 by "jmm" with gcc 4.9.2

time: Tue May 24 19:44:11 2016
elapsed time: 23 seconds

