#
# There is insufficient memory for the Java Runtime Environment to continue.
# Native memory allocation (malloc) failed to allocate 71303168 bytes for committing reserved memory.
# Possible reasons:
#   The system is out of physical RAM or swap space
#   In 32 bit mode, the process size limit was hit
# Possible solutions:
#   Reduce memory load on the system
#   Increase physical memory or swap space
#   Check if swap backing store is full
#   Use 64 bit Java on a 64 bit OS
#   Decrease Java heap size (-Xmx/-Xms)
#   Decrease number of Java threads
#   Decrease Java thread stack sizes (-Xss)
#   Set larger code cache with -XX:ReservedCodeCacheSize=
# This output file may be truncated or incomplete.
#
#  Out of Memory Error (os_linux.cpp:2827), pid=3927, tid=140403627071232
#
# JRE version: OpenJDK Runtime Environment (7.0_101) (build 1.7.0_101-b00)
# Java VM: OpenJDK 64-Bit Server VM (24.95-b01 mixed mode linux-amd64 compressed oops)
# Derivative: IcedTea 2.6.6
# Distribution: Debian GNU/Linux 8.2 (jessie), package 7u101-2.6.6-1~deb8u1
# Failed to write core dump. Core dumps have been disabled. To enable core dumping, try "ulimit -c unlimited" before starting Java again
#

---------------  T H R E A D  ---------------

Current thread (0x00007fb24c076000):  VMThread [stack: 0x00007fb244411000,0x00007fb244512000] [id=3970]

Stack: [0x00007fb244411000,0x00007fb244512000],  sp=0x00007fb2445104e0,  free space=1021k
Native frames: (J=compiled Java code, j=interpreted, Vv=VM code, C=native code)
V  [libjvm.so+0x9893b6]
V  [libjvm.so+0x493832]
V  [libjvm.so+0x7fb2db]
V  [libjvm.so+0x7f59be]
V  [libjvm.so+0x86937b]
V  [libjvm.so+0x86a233]
V  [libjvm.so+0x86a94b]
V  [libjvm.so+0x8662b1]
V  [libjvm.so+0x866b28]
V  [libjvm.so+0x81e603]
V  [libjvm.so+0x98ac82]
V  [libjvm.so+0x98f107]
V  [libjvm.so+0x98d87b]
V  [libjvm.so+0x98df26]
V  [libjvm.so+0x98e3f1]
V  [libjvm.so+0x7f8202]

VM_Operation (0x00007fb23dd38070): ParallelGCFailedAllocation, mode: safepoint, requested by thread 0x00007fb24c1a8800


---------------  P R O C E S S  ---------------

Java Threads: ( => current thread )
  0x00007fb24c1aa000 JavaThread "pool-1-thread-4" [_thread_blocked, id=4017, stack(0x00007fb23db38000,0x00007fb23dc39000)]
  0x00007fb24c1a8800 JavaThread "pool-1-thread-3" [_thread_blocked, id=4016, stack(0x00007fb23dc39000,0x00007fb23dd3a000)]
  0x00007fb24c1a6800 JavaThread "pool-1-thread-2" [_thread_blocked, id=4014, stack(0x00007fb23dd3a000,0x00007fb23de3b000)]
  0x00007fb24c1a5800 JavaThread "pool-2-thread-1" [_thread_blocked, id=4012, stack(0x00007fb23de3b000,0x00007fb23df3c000)]
  0x00007fb24c1a3800 JavaThread "pool-1-thread-1" [_thread_blocked, id=4011, stack(0x00007fb23df3c000,0x00007fb23e03d000)]
  0x00007fb24c0b1000 JavaThread "Service Thread" daemon [_thread_blocked, id=3985, stack(0x00007fb23fbfc000,0x00007fb23fcfd000)]
  0x00007fb24c0ae800 JavaThread "C2 CompilerThread1" daemon [_thread_in_native, id=3984, stack(0x00007fb23fcfd000,0x00007fb23fdfe000)]
  0x00007fb24c0ab800 JavaThread "C2 CompilerThread0" daemon [_thread_blocked, id=3981, stack(0x00007fb23fdfe000,0x00007fb23feff000)]
  0x00007fb24c0a9800 JavaThread "Signal Dispatcher" daemon [_thread_blocked, id=3979, stack(0x00007fb23feff000,0x00007fb240000000)]
  0x00007fb24c07c800 JavaThread "Finalizer" daemon [_thread_blocked, id=3974, stack(0x00007fb24420f000,0x00007fb244310000)]
  0x00007fb24c07a800 JavaThread "Reference Handler" daemon [_thread_blocked, id=3972, stack(0x00007fb244310000,0x00007fb244411000)]
  0x00007fb24c00a800 JavaThread "main" [_thread_blocked, id=3947, stack(0x00007fb252b25000,0x00007fb252c26000)]

Other Threads:
=>0x00007fb24c076000 VMThread [stack: 0x00007fb244411000,0x00007fb244512000] [id=3970]
  0x00007fb24c0bb800 WatcherThread [stack: 0x00007fb23fafb000,0x00007fb23fbfc000] [id=3986]

VM state:at safepoint (normal execution)

VM Mutex/Monitor currently owned by a thread:  ([mutex/lock_event])
[0x00007fb24c006b60] Threads_lock - owner thread: 0x00007fb24c076000
[0x00007fb24c007060] Heap_lock - owner thread: 0x00007fb24c1a8800
[0x00007fb24c007660] MethodData_lock - owner thread: 0x00007fb24c1a3800

Heap
 PSYoungGen      total 70144K, used 9722K [0x00000000eaa80000, 0x00000000ef980000, 0x0000000100000000)
  eden space 60416K, 0% used [0x00000000eaa80000,0x00000000eaa80000,0x00000000ee580000)
  from space 9728K, 99% used [0x00000000ee580000,0x00000000eeefeb58,0x00000000eef00000)
  to   space 8704K, 0% used [0x00000000eef00000,0x00000000eef00000,0x00000000ef780000)
 ParOldGen       total 40960K, used 18744K [0x00000000c0000000, 0x00000000c2800000, 0x00000000eaa80000)
  object space 40960K, 45% used [0x00000000c0000000,0x00000000c124e380,0x00000000c2800000)
 PSPermGen       total 21504K, used 6351K [0x00000000b5a00000, 0x00000000b6f00000, 0x00000000c0000000)
  object space 21504K, 29% used [0x00000000b5a00000,0x00000000b6033e08,0x00000000b6f00000)

Card table byte_map: [0x00007fb24836c000,0x00007fb2485c0000] byte_map_base: 0x00007fb247dbf000

Polling page: 0x00007fb252c45000

Code Cache  [0x00007fb2485c0000, 0x00007fb248830000, 0x00007fb24b5c0000)
 total_blobs=473 nmethods=242 adapters=184 free_code_cache=48092Kb largest_free_block=49214464

Compilation events (10 events):
Event: 13,086 Thread 0x00007fb24c0ab800 nmethod 243 0x00007fb24865ac90 code [0x00007fb24865adc0, 0x00007fb24865ae18]
Event: 13,086 Thread 0x00007fb24c0ab800  244             com.android.dx.util.IntList::contains (14 bytes)
Event: 13,114 Thread 0x00007fb24c0ab800 nmethod 244 0x00007fb24865a750 code [0x00007fb24865a8a0, 0x00007fb24865aa78]
Event: 13,114 Thread 0x00007fb24c0ab800  245             com.android.dx.ssa.SsaBasicBlock::newFromRop (183 bytes)
Event: 13,535 Thread 0x00007fb24c0ab800 nmethod 245 0x00007fb2486cd9d0 code [0x00007fb2486cdcc0, 0x00007fb2486cf380]
Event: 13,535 Thread 0x00007fb24c0ab800  246             com.android.dx.rop.code.RegisterSpecSet::size (49 bytes)
Event: 13,561 Thread 0x00007fb24c0ab800 nmethod 246 0x00007fb248656b10 code [0x00007fb248656c60, 0x00007fb248656d98]
Event: 13,561 Thread 0x00007fb24c0ab800  247             com.android.dx.dex.code.OutputFinisher::hasLocalInfo (75 bytes)
Event: 13,612 Thread 0x00007fb24c0ab800 nmethod 247 0x00007fb2486581d0 code [0x00007fb248658320, 0x00007fb2486584d8]
Event: 13,612 Thread 0x00007fb24c0ab800  248   !         com.android.dx.cf.code.Ropper::processBlock (1101 bytes)

GC Heap History (10 events):
Event: 2,665 GC heap after
Heap after GC invocations=2 (full 0):
 PSYoungGen      total 17920K, used 2554K [0x00000000eaa80000, 0x00000000ebe80000, 0x0000000100000000)
  eden space 15360K, 0% used [0x00000000eaa80000,0x00000000eaa80000,0x00000000eb980000)
  from space 2560K, 99% used [0x00000000ebc00000,0x00000000ebe7eab8,0x00000000ebe80000)
  to   space 2560K, 0% used [0x00000000eb980000,0x00000000eb980000,0x00000000ebc00000)
 ParOldGen       total 40960K, used 1275K [0x00000000c0000000, 0x00000000c2800000, 0x00000000eaa80000)
  object space 40960K, 3% used [0x00000000c0000000,0x00000000c013ed28,0x00000000c2800000)
 PSPermGen       total 21504K, used 6093K [0x00000000b5a00000, 0x00000000b6f00000, 0x00000000c0000000)
  object space 21504K, 28% used [0x00000000b5a00000,0x00000000b5ff35b0,0x00000000b6f00000)
}
Event: 4,115 GC heap before
{Heap before GC invocations=3 (full 0):
 PSYoungGen      total 17920K, used 17914K [0x00000000eaa80000, 0x00000000ebe80000, 0x0000000100000000)
  eden space 15360K, 100% used [0x00000000eaa80000,0x00000000eb980000,0x00000000eb980000)
  from space 2560K, 99% used [0x00000000ebc00000,0x00000000ebe7eab8,0x00000000ebe80000)
  to   space 2560K, 0% used [0x00000000eb980000,0x00000000eb980000,0x00000000ebc00000)
 ParOldGen       total 40960K, used 1275K [0x00000000c0000000, 0x00000000c2800000, 0x00000000eaa80000)
  object space 40960K, 3% used [0x00000000c0000000,0x00000000c013ed28,0x00000000c2800000)
 PSPermGen       total 21504K, used 6207K [0x00000000b5a00000, 0x00000000b6f00000, 0x00000000c0000000)
  object space 21504K, 28% used [0x00000000b5a00000,0x00000000b600fcf8,0x00000000b6f00000)
Event: 4,148 GC heap after
Heap after GC invocations=3 (full 0):
 PSYoungGen      total 17920K, used 2544K [0x00000000eaa80000, 0x00000000ecd80000, 0x0000000100000000)
  eden space 15360K, 0% used [0x00000000eaa80000,0x00000000eaa80000,0x00000000eb980000)
  from space 2560K, 99% used [0x00000000eb980000,0x00000000ebbfc038,0x00000000ebc00000)
  to   space 2560K, 0% used [0x00000000ecb00000,0x00000000ecb00000,0x00000000ecd80000)
 ParOldGen       total 40960K, used 3527K [0x00000000c0000000, 0x00000000c2800000, 0x00000000eaa80000)
  object space 40960K, 8% used [0x00000000c0000000,0x00000000c0371e60,0x00000000c2800000)
 PSPermGen       total 21504K, used 6207K [0x00000000b5a00000, 0x00000000b6f00000, 0x00000000c0000000)
  object space 21504K, 28% used [0x00000000b5a00000,0x00000000b600fcf8,0x00000000b6f00000)
}
Event: 5,127 GC heap before
{Heap before GC invocations=4 (full 0):
 PSYoungGen      total 17920K, used 17904K [0x00000000eaa80000, 0x00000000ecd80000, 0x0000000100000000)
  eden space 15360K, 100% used [0x00000000eaa80000,0x00000000eb980000,0x00000000eb980000)
  from space 2560K, 99% used [0x00000000eb980000,0x00000000ebbfc038,0x00000000ebc00000)
  to   space 2560K, 0% used [0x00000000ecb00000,0x00000000ecb00000,0x00000000ecd80000)
 ParOldGen       total 40960K, used 3527K [0x00000000c0000000, 0x00000000c2800000, 0x00000000eaa80000)
  object space 40960K, 8% used [0x00000000c0000000,0x00000000c0371e60,0x00000000c2800000)
 PSPermGen       total 21504K, used 6241K [0x00000000b5a00000, 0x00000000b6f00000, 0x00000000c0000000)
  object space 21504K, 29% used [0x00000000b5a00000,0x00000000b6018458,0x00000000b6f00000)
Event: 5,156 GC heap after
Heap after GC invocations=4 (full 0):
 PSYoungGen      total 33280K, used 2529K [0x00000000eaa80000, 0x00000000ecd80000, 0x0000000100000000)
  eden space 30720K, 0% used [0x00000000eaa80000,0x00000000eaa80000,0x00000000ec880000)
  from space 2560K, 98% used [0x00000000ecb00000,0x00000000ecd78568,0x00000000ecd80000)
  to   space 2560K, 0% used [0x00000000ec880000,0x00000000ec880000,0x00000000ecb00000)
 ParOldGen       total 40960K, used 6507K [0x00000000c0000000, 0x00000000c2800000, 0x00000000eaa80000)
  object space 40960K, 15% used [0x00000000c0000000,0x00000000c065ae88,0x00000000c2800000)
 PSPermGen       total 21504K, used 6241K [0x00000000b5a00000, 0x00000000b6f00000, 0x00000000c0000000)
  object space 21504K, 29% used [0x00000000b5a00000,0x00000000b6018458,0x00000000b6f00000)
}
Event: 7,423 GC heap before
{Heap before GC invocations=5 (full 0):
 PSYoungGen      total 33280K, used 33249K [0x00000000eaa80000, 0x00000000ecd80000, 0x0000000100000000)
  eden space 30720K, 100% used [0x00000000eaa80000,0x00000000ec880000,0x00000000ec880000)
  from space 2560K, 98% used [0x00000000ecb00000,0x00000000ecd78568,0x00000000ecd80000)
  to   space 2560K, 0% used [0x00000000ec880000,0x00000000ec880000,0x00000000ecb00000)
 ParOldGen       total 40960K, used 6507K [0x00000000c0000000, 0x00000000c2800000, 0x00000000eaa80000)
  object space 40960K, 15% used [0x00000000c0000000,0x00000000c065ae88,0x00000000c2800000)
 PSPermGen       total 21504K, used 6268K [0x00000000b5a00000, 0x00000000b6f00000, 0x00000000c0000000)
  object space 21504K, 29% used [0x00000000b5a00000,0x00000000b601f0b8,0x00000000b6f00000)
Event: 7,479 GC heap after
Heap after GC invocations=5 (full 0):
 PSYoungGen      total 33280K, used 2554K [0x00000000eaa80000, 0x00000000ef780000, 0x0000000100000000)
  eden space 30720K, 0% used [0x00000000eaa80000,0x00000000eaa80000,0x00000000ec880000)
  from space 2560K, 99% used [0x00000000ec880000,0x00000000ecafeb70,0x00000000ecb00000)
  to   space 8704K, 0% used [0x00000000eef00000,0x00000000eef00000,0x00000000ef780000)
 ParOldGen       total 40960K, used 11415K [0x00000000c0000000, 0x00000000c2800000, 0x00000000eaa80000)
  object space 40960K, 27% used [0x00000000c0000000,0x00000000c0b25ee8,0x00000000c2800000)
 PSPermGen       total 21504K, used 6268K [0x00000000b5a00000, 0x00000000b6f00000, 0x00000000c0000000)
  object space 21504K, 29% used [0x00000000b5a00000,0x00000000b601f0b8,0x00000000b6f00000)
}
Event: 10,100 GC heap before
{Heap before GC invocations=6 (full 0):
 PSYoungGen      total 33280K, used 33274K [0x00000000eaa80000, 0x00000000ef780000, 0x0000000100000000)
  eden space 30720K, 100% used [0x00000000eaa80000,0x00000000ec880000,0x00000000ec880000)
  from space 2560K, 99% used [0x00000000ec880000,0x00000000ecafeb70,0x00000000ecb00000)
  to   space 8704K, 0% used [0x00000000eef00000,0x00000000eef00000,0x00000000ef780000)
 ParOldGen       total 40960K, used 11415K [0x00000000c0000000, 0x00000000c2800000, 0x00000000eaa80000)
  object space 40960K, 27% used [0x00000000c0000000,0x00000000c0b25ee8,0x00000000c2800000)
 PSPermGen       total 21504K, used 6303K [0x00000000b5a00000, 0x00000000b6f00000, 0x00000000c0000000)
  object space 21504K, 29% used [0x00000000b5a00000,0x00000000b6027e40,0x00000000b6f00000)
Event: 10,162 GC heap after
Heap after GC invocations=6 (full 0):
 PSYoungGen      total 69120K, used 7889K [0x00000000eaa80000, 0x00000000ef980000, 0x0000000100000000)
  eden space 60416K, 0% used [0x00000000eaa80000,0x00000000eaa80000,0x00000000ee580000)
  from space 8704K, 90% used [0x00000000eef00000,0x00000000ef6b4578,0x00000000ef780000)
  to   space 9728K, 0% used [0x00000000ee580000,0x00000000ee580000,0x00000000eef00000)
 ParOldGen       total 40960K, used 11415K [0x00000000c0000000, 0x00000000c2800000, 0x00000000eaa80000)
  object space 40960K, 27% used [0x00000000c0000000,0x00000000c0b25ee8,0x00000000c2800000)
 PSPermGen       total 21504K, used 6303K [0x00000000b5a00000, 0x00000000b6f00000, 0x00000000c0000000)
  object space 21504K, 29% used [0x00000000b5a00000,0x00000000b6027e40,0x00000000b6f00000)
}
Event: 15,875 GC heap before
{Heap before GC invocations=7 (full 0):
 PSYoungGen      total 69120K, used 68305K [0x00000000eaa80000, 0x00000000ef980000, 0x0000000100000000)
  eden space 60416K, 100% used [0x00000000eaa80000,0x00000000ee580000,0x00000000ee580000)
  from space 8704K, 90% used [0x00000000eef00000,0x00000000ef6b4578,0x00000000ef780000)
  to   space 9728K, 0% used [0x00000000ee580000,0x00000000ee580000,0x00000000eef00000)
 ParOldGen       total 40960K, used 11415K [0x00000000c0000000, 0x00000000c2800000, 0x00000000eaa80000)
  object space 40960K, 27% used [0x00000000c0000000,0x00000000c0b25ee8,0x00000000c2800000)
 PSPermGen       total 21504K, used 6351K [0x00000000b5a00000, 0x00000000b6f00000, 0x00000000c0000000)
  object space 21504K, 29% used [0x00000000b5a00000,0x00000000b6033e08,0x00000000b6f00000)

Deoptimization events (10 events):
Event: 0,593 Thread 0x00007fb24c00a800 Uncommon trap: reason=unstable_if action=reinterpret pc=0x00007fb248620c34 method=java.lang.String.indexOf(II)I @ 49
Event: 1,930 Thread 0x00007fb24c1a6800 Uncommon trap: reason=null_check action=make_not_entrant pc=0x00007fb248642630 method=com.android.dx.rop.code.LocalItem.equals(Ljava/lang/Object;)Z @ 1
Event: 2,010 Thread 0x00007fb24c1aa000 Uncommon trap: reason=class_check action=maybe_recompile pc=0x00007fb248637c9c method=com.android.dx.ssa.NormalSsaInsn.accept(Lcom/android/dx/ssa/SsaInsn$Visitor;)V @ 9
Event: 2,054 Thread 0x00007fb24c1a8800 Uncommon trap: reason=class_check action=maybe_recompile pc=0x00007fb248637c9c method=com.android.dx.ssa.NormalSsaInsn.accept(Lcom/android/dx/ssa/SsaInsn$Visitor;)V @ 9
Event: 2,058 Thread 0x00007fb24c1aa000 Uncommon trap: reason=class_check action=maybe_recompile pc=0x00007fb248637c9c method=com.android.dx.ssa.NormalSsaInsn.accept(Lcom/android/dx/ssa/SsaInsn$Visitor;)V @ 9
Event: 2,100 Thread 0x00007fb24c1a8800 Uncommon trap: reason=class_check action=maybe_recompile pc=0x00007fb248637c9c method=com.android.dx.ssa.NormalSsaInsn.accept(Lcom/android/dx/ssa/SsaInsn$Visitor;)V @ 9
Event: 2,545 Thread 0x00007fb24c1a3800 Uncommon trap: reason=class_check action=maybe_recompile pc=0x00007fb248654bf8 method=com.android.dx.ssa.NormalSsaInsn.accept(Lcom/android/dx/ssa/SsaInsn$Visitor;)V @ 9
Event: 3,281 Thread 0x00007fb24c1a8800 Uncommon trap: reason=unstable_if action=reinterpret pc=0x00007fb2486508c4 method=com.android.dx.rop.cst.Constant.compareTo(Lcom/android/dx/rop/cst/Constant;)I @ 12
Event: 5,924 Thread 0x00007fb24c1a8800 Uncommon trap: reason=null_check action=make_not_entrant pc=0x00007fb24864d150 method=com.android.dx.rop.type.Type.equals(Ljava/lang/Object;)Z @ 8
Event: 9,231 Thread 0x00007fb24c1a3800 Uncommon trap: reason=unstable_if action=reinterpret pc=0x00007fb2486a8ef4 method=com.android.dx.ssa.SCCP.simulateBranch(Lcom/android/dx/ssa/SsaInsn;)V @ 548

Internal exceptions (10 events):
Event: 1,306 Thread 0x00007fb24c1a3800 Threw 0x00000000ead395b8 at /home/jmm/jdk4/openjdk-7-7u101-2.6.6/build/openjdk/hotspot/src/share/vm/prims/jvm.cpp:1322
Event: 1,714 Thread 0x00007fb24c1a8800 Threw 0x00000000eb08e1f8 at /home/jmm/jdk4/openjdk-7-7u101-2.6.6/build/openjdk/hotspot/src/share/vm/prims/jvm.cpp:1322
Event: 1,715 Thread 0x00007fb24c1a8800 Threw 0x00000000eb094460 at /home/jmm/jdk4/openjdk-7-7u101-2.6.6/build/openjdk/hotspot/src/share/vm/prims/jvm.cpp:1322
Event: 1,716 Thread 0x00007fb24c1a8800 Threw 0x00000000eb12f6a0 at /home/jmm/jdk4/openjdk-7-7u101-2.6.6/build/openjdk/hotspot/src/share/vm/prims/jvm.cpp:1322
Event: 1,722 Thread 0x00007fb24c00a800 Threw 0x00000000eb0d5300 at /home/jmm/jdk4/openjdk-7-7u101-2.6.6/build/openjdk/hotspot/src/share/vm/prims/jvm.cpp:1322
Event: 1,930 Thread 0x00007fb24c1a6800 Implicit null exception at 0x00007fb248642421 to 0x00007fb248642609
Event: 4,522 Thread 0x00007fb24c1aa000 Threw 0x00000000eafef590 at /home/jmm/jdk4/openjdk-7-7u101-2.6.6/build/openjdk/hotspot/src/share/vm/prims/jvm.cpp:1322
Event: 5,923 Thread 0x00007fb24c1a8800 Implicit null exception at 0x00007fb24864d052 to 0x00007fb24864d143
Event: 7,290 Thread 0x00007fb24c1a3800 Threw 0x00000000ec750af8 at /home/jmm/jdk4/openjdk-7-7u101-2.6.6/build/openjdk/hotspot/src/share/vm/prims/jvm.cpp:1322
Event: 7,612 Thread 0x00007fb24c1aa000 Threw 0x00000000eac68978 at /home/jmm/jdk4/openjdk-7-7u101-2.6.6/build/openjdk/hotspot/src/share/vm/prims/jvm.cpp:1322

Events (10 events):
Event: 10,196 Executing VM operation: RevokeBias done
Event: 10,196 Executing VM operation: RevokeBias
Event: 10,196 Executing VM operation: RevokeBias done
Event: 10,196 Executing VM operation: RevokeBias
Event: 10,196 Executing VM operation: RevokeBias done
Event: 10,196 Executing VM operation: RevokeBias
Event: 10,196 Executing VM operation: RevokeBias done
Event: 10,196 Executing VM operation: BulkRevokeBias
Event: 10,196 Executing VM operation: BulkRevokeBias done
Event: 15,854 Executing VM operation: ParallelGCFailedAllocation


Dynamic libraries:
00400000-00401000 r-xp 00000000 08:01 1582995                            /usr/lib/jvm/java-7-openjdk-amd64/jre/bin/java
00600000-00601000 r--p 00000000 08:01 1582995                            /usr/lib/jvm/java-7-openjdk-amd64/jre/bin/java
00601000-00602000 rw-p 00001000 08:01 1582995                            /usr/lib/jvm/java-7-openjdk-amd64/jre/bin/java
01711000-01732000 rw-p 00000000 00:00 0                                  [heap]
b5a00000-b6f00000 rw-p 00000000 00:00 0 
b6f00000-c0000000 rw-p 00000000 00:00 0 
c0000000-c2800000 rw-p 00000000 00:00 0 
c2800000-eaa80000 rw-p 00000000 00:00 0 
eaa80000-ef980000 rw-p 00000000 00:00 0 
f3d80000-100000000 rw-p 00000000 00:00 0 
7fb1f8000000-7fb1f8021000 rw-p 00000000 00:00 0 
7fb1f8021000-7fb1fc000000 ---p 00000000 00:00 0 
7fb200000000-7fb200022000 rw-p 00000000 00:00 0 
7fb200022000-7fb204000000 ---p 00000000 00:00 0 
7fb204000000-7fb204021000 rw-p 00000000 00:00 0 
7fb204021000-7fb208000000 ---p 00000000 00:00 0 
7fb208000000-7fb208035000 rw-p 00000000 00:00 0 
7fb208035000-7fb20c000000 ---p 00000000 00:00 0 
7fb20c000000-7fb20c021000 rw-p 00000000 00:00 0 
7fb20c021000-7fb210000000 ---p 00000000 00:00 0 
7fb210000000-7fb210021000 rw-p 00000000 00:00 0 
7fb210021000-7fb214000000 ---p 00000000 00:00 0 
7fb214000000-7fb214021000 rw-p 00000000 00:00 0 
7fb214021000-7fb218000000 ---p 00000000 00:00 0 
7fb218000000-7fb219515000 rw-p 00000000 00:00 0 
7fb219515000-7fb21c000000 ---p 00000000 00:00 0 
7fb21c000000-7fb21d559000 rw-p 00000000 00:00 0 
7fb21d559000-7fb220000000 ---p 00000000 00:00 0 
7fb220000000-7fb220021000 rw-p 00000000 00:00 0 
7fb220021000-7fb224000000 ---p 00000000 00:00 0 
7fb224000000-7fb224021000 rw-p 00000000 00:00 0 
7fb224021000-7fb228000000 ---p 00000000 00:00 0 
7fb228000000-7fb228021000 rw-p 00000000 00:00 0 
7fb228021000-7fb22c000000 ---p 00000000 00:00 0 
7fb22c000000-7fb22c021000 rw-p 00000000 00:00 0 
7fb22c021000-7fb230000000 ---p 00000000 00:00 0 
7fb230000000-7fb230021000 rw-p 00000000 00:00 0 
7fb230021000-7fb234000000 ---p 00000000 00:00 0 
7fb234000000-7fb234021000 rw-p 00000000 00:00 0 
7fb234021000-7fb238000000 ---p 00000000 00:00 0 
7fb238000000-7fb238021000 rw-p 00000000 00:00 0 
7fb238021000-7fb23c000000 ---p 00000000 00:00 0 
7fb23db38000-7fb23db3b000 ---p 00000000 00:00 0 
7fb23db3b000-7fb23dc39000 rw-p 00000000 00:00 0                          [stack:4017]
7fb23dc39000-7fb23dc3c000 ---p 00000000 00:00 0 
7fb23dc3c000-7fb23dd3a000 rw-p 00000000 00:00 0                          [stack:4016]
7fb23dd3a000-7fb23dd3d000 ---p 00000000 00:00 0 
7fb23dd3d000-7fb23de3b000 rw-p 00000000 00:00 0                          [stack:4014]
7fb23de3b000-7fb23de3e000 ---p 00000000 00:00 0 
7fb23de3e000-7fb23df3c000 rw-p 00000000 00:00 0                          [stack:4012]
7fb23df3c000-7fb23df3f000 ---p 00000000 00:00 0 
7fb23df3f000-7fb23e33e000 rw-p 00000000 00:00 0                          [stack:4011]
7fb23e33e000-7fb23e3aa000 r-xp 00000000 08:01 5373998                    /lib/x86_64-linux-gnu/libpcre.so.3.13.1
7fb23e3aa000-7fb23e5aa000 ---p 0006c000 08:01 5373998                    /lib/x86_64-linux-gnu/libpcre.so.3.13.1
7fb23e5aa000-7fb23e5ab000 r--p 0006c000 08:01 5373998                    /lib/x86_64-linux-gnu/libpcre.so.3.13.1
7fb23e5ab000-7fb23e5ac000 rw-p 0006d000 08:01 5373998                    /lib/x86_64-linux-gnu/libpcre.so.3.13.1
7fb23e5ac000-7fb23e5b3000 r-xp 00000000 08:01 790748                     /usr/lib/x86_64-linux-gnu/libffi.so.6.0.2
7fb23e5b3000-7fb23e7b2000 ---p 00007000 08:01 790748                     /usr/lib/x86_64-linux-gnu/libffi.so.6.0.2
7fb23e7b2000-7fb23e7b3000 r--p 00006000 08:01 790748                     /usr/lib/x86_64-linux-gnu/libffi.so.6.0.2
7fb23e7b3000-7fb23e7b4000 rw-p 00007000 08:01 790748                     /usr/lib/x86_64-linux-gnu/libffi.so.6.0.2
7fb23e7b4000-7fb23e7c8000 r-xp 00000000 08:01 5373974                    /lib/x86_64-linux-gnu/libresolv-2.19.so
7fb23e7c8000-7fb23e9c7000 ---p 00014000 08:01 5373974                    /lib/x86_64-linux-gnu/libresolv-2.19.so
7fb23e9c7000-7fb23e9c8000 r--p 00013000 08:01 5373974                    /lib/x86_64-linux-gnu/libresolv-2.19.so
7fb23e9c8000-7fb23e9c9000 rw-p 00014000 08:01 5373974                    /lib/x86_64-linux-gnu/libresolv-2.19.so
7fb23e9c9000-7fb23e9cb000 rw-p 00000000 00:00 0 
7fb23e9cb000-7fb23e9ec000 r-xp 00000000 08:01 5374051                    /lib/x86_64-linux-gnu/libselinux.so.1
7fb23e9ec000-7fb23ebec000 ---p 00021000 08:01 5374051                    /lib/x86_64-linux-gnu/libselinux.so.1
7fb23ebec000-7fb23ebed000 r--p 00021000 08:01 5374051                    /lib/x86_64-linux-gnu/libselinux.so.1
7fb23ebed000-7fb23ebee000 rw-p 00022000 08:01 5374051                    /lib/x86_64-linux-gnu/libselinux.so.1
7fb23ebee000-7fb23ebf0000 rw-p 00000000 00:00 0 
7fb23ebf0000-7fb23ebf3000 r-xp 00000000 08:01 793762                     /usr/lib/x86_64-linux-gnu/libgmodule-2.0.so.0.4200.1
7fb23ebf3000-7fb23edf2000 ---p 00003000 08:01 793762                     /usr/lib/x86_64-linux-gnu/libgmodule-2.0.so.0.4200.1
7fb23edf2000-7fb23edf3000 r--p 00002000 08:01 793762                     /usr/lib/x86_64-linux-gnu/libgmodule-2.0.so.0.4200.1
7fb23edf3000-7fb23edf4000 rw-p 00003000 08:01 793762                     /usr/lib/x86_64-linux-gnu/libgmodule-2.0.so.0.4200.1
7fb23edf4000-7fb23ef00000 r-xp 00000000 08:01 5374471                    /lib/x86_64-linux-gnu/libglib-2.0.so.0.4200.1
7fb23ef00000-7fb23f100000 ---p 0010c000 08:01 5374471                    /lib/x86_64-linux-gnu/libglib-2.0.so.0.4200.1
7fb23f100000-7fb23f101000 r--p 0010c000 08:01 5374471                    /lib/x86_64-linux-gnu/libglib-2.0.so.0.4200.1
7fb23f101000-7fb23f102000 rw-p 0010d000 08:01 5374471                    /lib/x86_64-linux-gnu/libglib-2.0.so.0.4200.1
7fb23f102000-7fb23f103000 rw-p 00000000 00:00 0 
7fb23f103000-7fb23f154000 r-xp 00000000 08:01 793761                     /usr/lib/x86_64-linux-gnu/libgobject-2.0.so.0.4200.1
7fb23f154000-7fb23f354000 ---p 00051000 08:01 793761                     /usr/lib/x86_64-linux-gnu/libgobject-2.0.so.0.4200.1
7fb23f354000-7fb23f355000 r--p 00051000 08:01 793761                     /usr/lib/x86_64-linux-gnu/libgobject-2.0.so.0.4200.1
7fb23f355000-7fb23f356000 rw-p 00052000 08:01 793761                     /usr/lib/x86_64-linux-gnu/libgobject-2.0.so.0.4200.1
7fb23f356000-7fb23f4c8000 r-xp 00000000 08:01 793764                     /usr/lib/x86_64-linux-gnu/libgio-2.0.so.0.4200.1
7fb23f4c8000-7fb23f6c8000 ---p 00172000 08:01 793764                     /usr/lib/x86_64-linux-gnu/libgio-2.0.so.0.4200.1
7fb23f6c8000-7fb23f6cc000 r--p 00172000 08:01 793764                     /usr/lib/x86_64-linux-gnu/libgio-2.0.so.0.4200.1
7fb23f6cc000-7fb23f6ce000 rw-p 00176000 08:01 793764                     /usr/lib/x86_64-linux-gnu/libgio-2.0.so.0.4200.1
7fb23f6ce000-7fb23f6d0000 rw-p 00000000 00:00 0 
7fb23f6d0000-7fb23f6e8000 r-xp 00000000 08:01 1448978                    /usr/lib/jvm/java-7-openjdk-amd64/jre/lib/amd64/libnet.so
7fb23f6e8000-7fb23f8e7000 ---p 00018000 08:01 1448978                    /usr/lib/jvm/java-7-openjdk-amd64/jre/lib/amd64/libnet.so
7fb23f8e7000-7fb23f8e8000 r--p 00017000 08:01 1448978                    /usr/lib/jvm/java-7-openjdk-amd64/jre/lib/amd64/libnet.so
7fb23f8e8000-7fb23f8e9000 rw-p 00018000 08:01 1448978                    /usr/lib/jvm/java-7-openjdk-amd64/jre/lib/amd64/libnet.so
7fb23f8e9000-7fb23f8fa000 r-xp 00000000 08:01 1448965                    /usr/lib/jvm/java-7-openjdk-amd64/jre/lib/amd64/libnio.so
7fb23f8fa000-7fb23faf9000 ---p 00011000 08:01 1448965                    /usr/lib/jvm/java-7-openjdk-amd64/jre/lib/amd64/libnio.so
7fb23faf9000-7fb23fafa000 r--p 00010000 08:01 1448965                    /usr/lib/jvm/java-7-openjdk-amd64/jre/lib/amd64/libnio.so
7fb23fafa000-7fb23fafb000 rw-p 00011000 08:01 1448965                    /usr/lib/jvm/java-7-openjdk-amd64/jre/lib/amd64/libnio.so
7fb23fafb000-7fb23fafc000 ---p 00000000 00:00 0 
7fb23fafc000-7fb23fbfc000 rw-p 00000000 00:00 0                          [stack:3986]
7fb23fbfc000-7fb23fbff000 ---p 00000000 00:00 0 
7fb23fbff000-7fb23fcfd000 rw-p 00000000 00:00 0                          [stack:3985]
7fb23fcfd000-7fb23fd00000 ---p 00000000 00:00 0 
7fb23fd00000-7fb23fdfe000 rw-p 00000000 00:00 0                          [stack:3984]
7fb23fdfe000-7fb23fe01000 ---p 00000000 00:00 0 
7fb23fe01000-7fb23feff000 rw-p 00000000 00:00 0                          [stack:3981]
7fb23feff000-7fb23ff02000 ---p 00000000 00:00 0 
7fb23ff02000-7fb240000000 rw-p 00000000 00:00 0                          [stack:3979]
7fb240000000-7fb240021000 rw-p 00000000 00:00 0 
7fb240021000-7fb244000000 ---p 00000000 00:00 0 
7fb24403d000-7fb244044000 r--s 00000000 08:01 788991                     /usr/lib/x86_64-linux-gnu/gconv/gconv-modules.cache
7fb244044000-7fb24406a000 r--p 00000000 08:01 791914                     /usr/share/locale/fr/LC_MESSAGES/libc.mo
7fb24406a000-7fb244077000 r--s 0006e000 08:01 3814000                    /home/yann/Documents/Programmation/Android/Groupe4/univLocation/app/build/intermediates/exploded-aar/com.google.android.gms/play-services-basement/8.4.0/jars/classes.jar
7fb244077000-7fb244086000 r--s 000df000 08:01 4338904                    /home/yann/Documents/Programmation/Android/android-sdk/build-tools/23.0.2/lib/dx.jar
7fb244086000-7fb24420f000 r--p 00000000 08:01 790100                     /usr/lib/locale/locale-archive
7fb24420f000-7fb244212000 ---p 00000000 00:00 0 
7fb244212000-7fb244310000 rw-p 00000000 00:00 0                          [stack:3974]
7fb244310000-7fb244313000 ---p 00000000 00:00 0 
7fb244313000-7fb244411000 rw-p 00000000 00:00 0                          [stack:3972]
7fb244411000-7fb244412000 ---p 00000000 00:00 0 
7fb244412000-7fb24550f000 rw-p 00000000 00:00 0                          [stack:3970]
7fb24550f000-7fb2456c1000 r--s 01d32000 08:01 1320128                    /usr/lib/jvm/java-7-openjdk-amd64/jre/lib/rt.jar
7fb2456c1000-7fb247f15000 rw-p 00000000 00:00 0 
7fb247f15000-7fb247f16000 ---p 00000000 00:00 0 
7fb247f16000-7fb248016000 rw-p 00000000 00:00 0                          [stack:3964]
7fb248016000-7fb248017000 ---p 00000000 00:00 0 
7fb248017000-7fb248117000 rw-p 00000000 00:00 0                          [stack:3962]
7fb248117000-7fb248118000 ---p 00000000 00:00 0 
7fb248118000-7fb248218000 rw-p 00000000 00:00 0                          [stack:3954]
7fb248218000-7fb248219000 ---p 00000000 00:00 0 
7fb248219000-7fb248324000 rw-p 00000000 00:00 0                          [stack:3951]
7fb248324000-7fb24836c000 rw-p 00000000 00:00 0 
7fb24836c000-7fb248377000 rw-p 00000000 00:00 0 
7fb248377000-7fb2483bf000 rw-p 00000000 00:00 0 
7fb2483bf000-7fb2483d3000 rw-p 00000000 00:00 0 
7fb2483d3000-7fb248514000 rw-p 00000000 00:00 0 
7fb248514000-7fb24853c000 rw-p 00000000 00:00 0 
7fb24853c000-7fb2485bf000 rw-p 00000000 00:00 0 
7fb2485bf000-7fb2485c0000 rw-p 00000000 00:00 0 
7fb2485c0000-7fb248830000 rwxp 00000000 00:00 0 
7fb248830000-7fb24b5c0000 rw-p 00000000 00:00 0 
7fb24b5c0000-7fb24b5c8000 r-xp 00000000 08:01 1448960                    /usr/lib/jvm/java-7-openjdk-amd64/jre/lib/amd64/libzip.so
7fb24b5c8000-7fb24b7c7000 ---p 00008000 08:01 1448960                    /usr/lib/jvm/java-7-openjdk-amd64/jre/lib/amd64/libzip.so
7fb24b7c7000-7fb24b7c8000 r--p 00007000 08:01 1448960                    /usr/lib/jvm/java-7-openjdk-amd64/jre/lib/amd64/libzip.so
7fb24b7c8000-7fb24b7c9000 rw-p 00008000 08:01 1448960                    /usr/lib/jvm/java-7-openjdk-amd64/jre/lib/amd64/libzip.so
7fb24b7c9000-7fb24b7d4000 r-xp 00000000 08:01 5373969                    /lib/x86_64-linux-gnu/libnss_files-2.19.so
7fb24b7d4000-7fb24b9d3000 ---p 0000b000 08:01 5373969                    /lib/x86_64-linux-gnu/libnss_files-2.19.so
7fb24b9d3000-7fb24b9d4000 r--p 0000a000 08:01 5373969                    /lib/x86_64-linux-gnu/libnss_files-2.19.so
7fb24b9d4000-7fb24b9d5000 rw-p 0000b000 08:01 5373969                    /lib/x86_64-linux-gnu/libnss_files-2.19.so
7fb24b9d5000-7fb24b9df000 r-xp 00000000 08:01 5373971                    /lib/x86_64-linux-gnu/libnss_nis-2.19.so
7fb24b9df000-7fb24bbde000 ---p 0000a000 08:01 5373971                    /lib/x86_64-linux-gnu/libnss_nis-2.19.so
7fb24bbde000-7fb24bbdf000 r--p 00009000 08:01 5373971                    /lib/x86_64-linux-gnu/libnss_nis-2.19.so
7fb24bbdf000-7fb24bbe0000 rw-p 0000a000 08:01 5373971                    /lib/x86_64-linux-gnu/libnss_nis-2.19.so
7fb24bbe0000-7fb24bbf5000 r-xp 00000000 08:01 5373966                    /lib/x86_64-linux-gnu/libnsl-2.19.so
7fb24bbf5000-7fb24bdf4000 ---p 00015000 08:01 5373966                    /lib/x86_64-linux-gnu/libnsl-2.19.so
7fb24bdf4000-7fb24bdf5000 r--p 00014000 08:01 5373966                    /lib/x86_64-linux-gnu/libnsl-2.19.so
7fb24bdf5000-7fb24bdf6000 rw-p 00015000 08:01 5373966                    /lib/x86_64-linux-gnu/libnsl-2.19.so
7fb24bdf6000-7fb24bdf8000 rw-p 00000000 00:00 0 
7fb24bdf8000-7fb24bdff000 r-xp 00000000 08:01 5373967                    /lib/x86_64-linux-gnu/libnss_compat-2.19.so
7fb24bdff000-7fb24bffe000 ---p 00007000 08:01 5373967                    /lib/x86_64-linux-gnu/libnss_compat-2.19.so
7fb24bffe000-7fb24bfff000 r--p 00006000 08:01 5373967                    /lib/x86_64-linux-gnu/libnss_compat-2.19.so
7fb24bfff000-7fb24c000000 rw-p 00007000 08:01 5373967                    /lib/x86_64-linux-gnu/libnss_compat-2.19.so
7fb24c000000-7fb24c1dc000 rw-p 00000000 00:00 0 
7fb24c1dc000-7fb250000000 ---p 00000000 00:00 0 
7fb250003000-7fb25003f000 rw-p 00000000 00:00 0 
7fb25003f000-7fb250181000 rw-p 00000000 00:00 0 
7fb250181000-7fb2501ae000 r-xp 00000000 08:01 1448987                    /usr/lib/jvm/java-7-openjdk-amd64/jre/lib/amd64/libjava.so
7fb2501ae000-7fb2503ad000 ---p 0002d000 08:01 1448987                    /usr/lib/jvm/java-7-openjdk-amd64/jre/lib/amd64/libjava.so
7fb2503ad000-7fb2503ae000 r--p 0002c000 08:01 1448987                    /usr/lib/jvm/java-7-openjdk-amd64/jre/lib/amd64/libjava.so
7fb2503ae000-7fb2503b0000 rw-p 0002d000 08:01 1448987                    /usr/lib/jvm/java-7-openjdk-amd64/jre/lib/amd64/libjava.so
7fb2503b0000-7fb2503bf000 r-xp 00000000 08:01 1448956                    /usr/lib/jvm/java-7-openjdk-amd64/jre/lib/amd64/libverify.so
7fb2503bf000-7fb2505be000 ---p 0000f000 08:01 1448956                    /usr/lib/jvm/java-7-openjdk-amd64/jre/lib/amd64/libverify.so
7fb2505be000-7fb2505c1000 r--p 0000e000 08:01 1448956                    /usr/lib/jvm/java-7-openjdk-amd64/jre/lib/amd64/libverify.so
7fb2505c1000-7fb2505c2000 rw-p 00011000 08:01 1448956                    /usr/lib/jvm/java-7-openjdk-amd64/jre/lib/amd64/libverify.so
7fb2505c2000-7fb2505c9000 r-xp 00000000 08:01 5373975                    /lib/x86_64-linux-gnu/librt-2.19.so
7fb2505c9000-7fb2507c8000 ---p 00007000 08:01 5373975                    /lib/x86_64-linux-gnu/librt-2.19.so
7fb2507c8000-7fb2507c9000 r--p 00006000 08:01 5373975                    /lib/x86_64-linux-gnu/librt-2.19.so
7fb2507c9000-7fb2507ca000 rw-p 00007000 08:01 5373975                    /lib/x86_64-linux-gnu/librt-2.19.so
7fb2507ca000-7fb2507e0000 r-xp 00000000 08:01 5373956                    /lib/x86_64-linux-gnu/libgcc_s.so.1
7fb2507e0000-7fb2509df000 ---p 00016000 08:01 5373956                    /lib/x86_64-linux-gnu/libgcc_s.so.1
7fb2509df000-7fb2509e0000 rw-p 00015000 08:01 5373956                    /lib/x86_64-linux-gnu/libgcc_s.so.1
7fb2509e0000-7fb250ae0000 r-xp 00000000 08:01 5373964                    /lib/x86_64-linux-gnu/libm-2.19.so
7fb250ae0000-7fb250cdf000 ---p 00100000 08:01 5373964                    /lib/x86_64-linux-gnu/libm-2.19.so
7fb250cdf000-7fb250ce0000 r--p 000ff000 08:01 5373964                    /lib/x86_64-linux-gnu/libm-2.19.so
7fb250ce0000-7fb250ce1000 rw-p 00100000 08:01 5373964                    /lib/x86_64-linux-gnu/libm-2.19.so
7fb250ce1000-7fb250dcd000 r-xp 00000000 08:01 791154                     /usr/lib/x86_64-linux-gnu/libstdc++.so.6.0.20
7fb250dcd000-7fb250fcd000 ---p 000ec000 08:01 791154                     /usr/lib/x86_64-linux-gnu/libstdc++.so.6.0.20
7fb250fcd000-7fb250fd5000 r--p 000ec000 08:01 791154                     /usr/lib/x86_64-linux-gnu/libstdc++.so.6.0.20
7fb250fd5000-7fb250fd7000 rw-p 000f4000 08:01 791154                     /usr/lib/x86_64-linux-gnu/libstdc++.so.6.0.20
7fb250fd7000-7fb250fec000 rw-p 00000000 00:00 0 
7fb250fec000-7fb251b43000 r-xp 00000000 08:01 1580483                    /usr/lib/jvm/java-7-openjdk-amd64/jre/lib/amd64/server/libjvm.so
7fb251b43000-7fb251d43000 ---p 00b57000 08:01 1580483                    /usr/lib/jvm/java-7-openjdk-amd64/jre/lib/amd64/server/libjvm.so
7fb251d43000-7fb251de2000 r--p 00b57000 08:01 1580483                    /usr/lib/jvm/java-7-openjdk-amd64/jre/lib/amd64/server/libjvm.so
7fb251de2000-7fb251e05000 rw-p 00bf6000 08:01 1580483                    /usr/lib/jvm/java-7-openjdk-amd64/jre/lib/amd64/server/libjvm.so
7fb251e05000-7fb251e33000 rw-p 00000000 00:00 0 
7fb251e33000-7fb251e4d000 r-xp 00000000 08:01 5374052                    /lib/x86_64-linux-gnu/libz.so.1.2.8
7fb251e4d000-7fb25204c000 ---p 0001a000 08:01 5374052                    /lib/x86_64-linux-gnu/libz.so.1.2.8
7fb25204c000-7fb25204d000 r--p 00019000 08:01 5374052                    /lib/x86_64-linux-gnu/libz.so.1.2.8
7fb25204d000-7fb25204e000 rw-p 0001a000 08:01 5374052                    /lib/x86_64-linux-gnu/libz.so.1.2.8
7fb25204e000-7fb2521f0000 r-xp 00000000 08:01 5373960                    /lib/x86_64-linux-gnu/libc-2.19.so
7fb2521f0000-7fb2523ef000 ---p 001a2000 08:01 5373960                    /lib/x86_64-linux-gnu/libc-2.19.so
7fb2523ef000-7fb2523f3000 r--p 001a1000 08:01 5373960                    /lib/x86_64-linux-gnu/libc-2.19.so
7fb2523f3000-7fb2523f5000 rw-p 001a5000 08:01 5373960                    /lib/x86_64-linux-gnu/libc-2.19.so
7fb2523f5000-7fb2523f9000 rw-p 00000000 00:00 0 
7fb2523f9000-7fb2523fc000 r-xp 00000000 08:01 5373963                    /lib/x86_64-linux-gnu/libdl-2.19.so
7fb2523fc000-7fb2525fb000 ---p 00003000 08:01 5373963                    /lib/x86_64-linux-gnu/libdl-2.19.so
7fb2525fb000-7fb2525fc000 r--p 00002000 08:01 5373963                    /lib/x86_64-linux-gnu/libdl-2.19.so
7fb2525fc000-7fb2525fd000 rw-p 00003000 08:01 5373963                    /lib/x86_64-linux-gnu/libdl-2.19.so
7fb2525fd000-7fb25260a000 r-xp 00000000 08:01 1580479                    /usr/lib/jvm/java-7-openjdk-amd64/jre/lib/amd64/jli/libjli.so
7fb25260a000-7fb252809000 ---p 0000d000 08:01 1580479                    /usr/lib/jvm/java-7-openjdk-amd64/jre/lib/amd64/jli/libjli.so
7fb252809000-7fb25280a000 r--p 0000c000 08:01 1580479                    /usr/lib/jvm/java-7-openjdk-amd64/jre/lib/amd64/jli/libjli.so
7fb25280a000-7fb25280b000 rw-p 0000d000 08:01 1580479                    /usr/lib/jvm/java-7-openjdk-amd64/jre/lib/amd64/jli/libjli.so
7fb25280b000-7fb252823000 r-xp 00000000 08:01 5373955                    /lib/x86_64-linux-gnu/libpthread-2.19.so
7fb252823000-7fb252a22000 ---p 00018000 08:01 5373955                    /lib/x86_64-linux-gnu/libpthread-2.19.so
7fb252a22000-7fb252a23000 r--p 00017000 08:01 5373955                    /lib/x86_64-linux-gnu/libpthread-2.19.so
7fb252a23000-7fb252a24000 rw-p 00018000 08:01 5373955                    /lib/x86_64-linux-gnu/libpthread-2.19.so
7fb252a24000-7fb252a28000 rw-p 00000000 00:00 0 
7fb252a28000-7fb252a48000 r-xp 00000000 08:01 5373957                    /lib/x86_64-linux-gnu/ld-2.19.so
7fb252a49000-7fb252a4d000 r--s 00085000 08:01 1446929                    /usr/lib/jvm/java-7-openjdk-amd64/jre/lib/ext/localedata.jar
7fb252a4d000-7fb252a6f000 rw-p 00000000 00:00 0 
7fb252a6f000-7fb252b25000 rw-p 00000000 00:00 0 
7fb252b25000-7fb252b28000 ---p 00000000 00:00 0 
7fb252b28000-7fb252c2c000 rw-p 00000000 00:00 0                          [stack:3947]
7fb252c2c000-7fb252c2e000 r--s 00012000 08:01 1446928                    /usr/lib/jvm/java-7-openjdk-amd64/jre/lib/ext/zipfs.jar
7fb252c2e000-7fb252c32000 r--s 00034000 08:01 1446934                    /usr/lib/jvm/java-7-openjdk-amd64/jre/lib/ext/sunjce_provider.jar
7fb252c32000-7fb252c33000 r--s 00002000 08:01 1446930                    /usr/lib/jvm/java-7-openjdk-amd64/jre/lib/ext/dnsns.jar
7fb252c33000-7fb252c36000 r--s 0000f000 08:01 1446932                    /usr/lib/jvm/java-7-openjdk-amd64/jre/lib/ext/icedtea-sound.jar
7fb252c36000-7fb252c3a000 r--s 0003c000 08:01 1446933                    /usr/lib/jvm/java-7-openjdk-amd64/jre/lib/ext/sunpkcs11.jar
7fb252c3a000-7fb252c3c000 r--s 00006000 08:01 1317928                    /usr/share/java/java-atk-wrapper.jar
7fb252c3c000-7fb252c44000 rw-s 00000000 08:01 3937153                    /tmp/hsperfdata_yann/3927
7fb252c44000-7fb252c45000 rw-p 00000000 00:00 0 
7fb252c45000-7fb252c46000 ---p 00000000 00:00 0 
7fb252c46000-7fb252c48000 rw-p 00000000 00:00 0 
7fb252c48000-7fb252c49000 r--p 00020000 08:01 5373957                    /lib/x86_64-linux-gnu/ld-2.19.so
7fb252c49000-7fb252c4a000 rw-p 00021000 08:01 5373957                    /lib/x86_64-linux-gnu/ld-2.19.so
7fb252c4a000-7fb252c4b000 rw-p 00000000 00:00 0 
7ffe6d3bf000-7ffe6d3e0000 rw-p 00000000 00:00 0                          [stack]
7ffe6d3e9000-7ffe6d3eb000 r-xp 00000000 00:00 0                          [vdso]
7ffe6d3eb000-7ffe6d3ed000 r--p 00000000 00:00 0                          [vvar]
ffffffffff600000-ffffffffff601000 r-xp 00000000 00:00 0                  [vsyscall]

VM Arguments:
jvm_args: -Djava.awt.headless=true -Xmx1024M -Dfile.encoding=UTF-8 -Duser.country=FR -Duser.language=fr -Duser.variant 
java_command: com.android.dx.command.Main --dex --force-jumbo --num-threads=4 --output /home/yann/Documents/Programmation/Android/Groupe4/univLocation/app/build/intermediates/pre-dexed/debug/com.google.android.gms-play-services-basement-8.4.0_035c0c94f34be7766ce55cda0e15b5aa10acf0d7.jar /home/yann/Documents/Programmation/Android/Groupe4/univLocation/app/build/intermediates/exploded-aar/com.google.android.gms/play-services-basement/8.4.0/jars/classes.jar
Launcher Type: SUN_STANDARD

Environment Variables:
JAVA_HOME=/usr/lib/jvm/java-7-openjdk-amd64
PATH=/usr/local/bin:/usr/bin:/bin:/usr/local/games:/usr/games
USERNAME=yann
LD_LIBRARY_PATH=./android-studio/bin:
SHELL=/bin/bash
DISPLAY=:0

Signal Handlers:
SIGSEGV: [libjvm.so+0x989ea0], sa_mask[0]=0x7ffbfeff, sa_flags=0x10000004
SIGBUS: [libjvm.so+0x989ea0], sa_mask[0]=0x7ffbfeff, sa_flags=0x10000004
SIGFPE: [libjvm.so+0x7f6820], sa_mask[0]=0x7ffbfeff, sa_flags=0x10000004
SIGPIPE: [libjvm.so+0x7f6820], sa_mask[0]=0x7ffbfeff, sa_flags=0x10000004
SIGXFSZ: [libjvm.so+0x7f6820], sa_mask[0]=0x7ffbfeff, sa_flags=0x10000004
SIGILL: [libjvm.so+0x7f6820], sa_mask[0]=0x7ffbfeff, sa_flags=0x10000004
SIGUSR1: SIG_DFL, sa_mask[0]=0x00000000, sa_flags=0x00000000
SIGUSR2: [libjvm.so+0x7f66a0], sa_mask[0]=0x00000004, sa_flags=0x10000004
SIGHUP: [libjvm.so+0x7f68a0], sa_mask[0]=0x7ffbfeff, sa_flags=0x10000004
SIGINT: [libjvm.so+0x7f68a0], sa_mask[0]=0x7ffbfeff, sa_flags=0x10000004
SIGTERM: [libjvm.so+0x7f68a0], sa_mask[0]=0x7ffbfeff, sa_flags=0x10000004
SIGQUIT: [libjvm.so+0x7f68a0], sa_mask[0]=0x7ffbfeff, sa_flags=0x10000004
SIGTRAP: SIG_DFL, sa_mask[0]=0x00000000, sa_flags=0x00000000


---------------  S Y S T E M  ---------------

OS:8.4

uname:Linux 3.16.0-4-amd64 #1 SMP Debian 3.16.7-ckt25-2 (2016-04-08) x86_64
libc:glibc 2.19 NPTL 2.19 
rlimit: STACK 8192k, CORE 0k, NPROC 15318, NOFILE 65536, AS infinity
load average:10,41 3,19 1,49

/proc/meminfo:
MemTotal:        3938628 kB
MemFree:          692404 kB
MemAvailable:     635896 kB
Buffers:             828 kB
Cached:           372904 kB
SwapCached:            0 kB
Active:          2741244 kB
Inactive:         366724 kB
Active(anon):    2736832 kB
Inactive(anon):   352908 kB
Active(file):       4412 kB
Inactive(file):    13816 kB
Unevictable:           0 kB
Mlocked:               0 kB
SwapTotal:             0 kB
SwapFree:              0 kB
Dirty:                16 kB
Writeback:          1792 kB
AnonPages:       2735284 kB
Mapped:            35236 kB
Shmem:            354308 kB
Slab:              70280 kB
SReclaimable:      37676 kB
SUnreclaim:        32604 kB
KernelStack:        9472 kB
PageTables:        30516 kB
NFS_Unstable:          0 kB
Bounce:                0 kB
WritebackTmp:          0 kB
CommitLimit:     1969312 kB
Committed_AS:    5938212 kB
VmallocTotal:   34359738367 kB
VmallocUsed:      347164 kB
VmallocChunk:   34359387100 kB
HardwareCorrupted:     0 kB
AnonHugePages:         0 kB
HugePages_Total:       0
HugePages_Free:        0
HugePages_Rsvd:        0
HugePages_Surp:        0
Hugepagesize:       2048 kB
DirectMap4k:       59008 kB
DirectMap2M:     4016128 kB


CPU:total 4 (2 cores per cpu, 2 threads per core) family 6 model 42 stepping 7, cmov, cx8, fxsr, mmx, sse, sse2, sse3, ssse3, sse4.1, sse4.2, popcnt, avx, aes, ht, tsc, tscinvbit

/proc/cpuinfo:
processor	: 0
vendor_id	: GenuineIntel
cpu family	: 6
model		: 42
model name	: Intel(R) Core(TM) i5-2520M CPU @ 2.50GHz
stepping	: 7
microcode	: 0x23
cpu MHz		: 3000.000
cache size	: 3072 KB
physical id	: 0
siblings	: 4
core id		: 0
cpu cores	: 2
apicid		: 0
initial apicid	: 0
fpu		: yes
fpu_exception	: yes
cpuid level	: 13
wp		: yes
flags		: fpu vme de pse tsc msr pae mce cx8 apic sep mtrr pge mca cmov pat pse36 clflush dts acpi mmx fxsr sse sse2 ss ht tm pbe syscall nx rdtscp lm constant_tsc arch_perfmon pebs bts nopl xtopology nonstop_tsc aperfmperf eagerfpu pni pclmulqdq dtes64 ds_cpl vmx smx est tm2 ssse3 cx16 xtpr pdcm pcid sse4_1 sse4_2 x2apic popcnt tsc_deadline_timer aes xsave avx lahf_lm ida arat epb xsaveopt pln pts dtherm tpr_shadow vnmi flexpriority ept vpid
bogomips	: 4983.71
clflush size	: 64
cache_alignment	: 64
address sizes	: 36 bits physical, 48 bits virtual
power management:

processor	: 1
vendor_id	: GenuineIntel
cpu family	: 6
model		: 42
model name	: Intel(R) Core(TM) i5-2520M CPU @ 2.50GHz
stepping	: 7
microcode	: 0x23
cpu MHz		: 3000.000
cache size	: 3072 KB
physical id	: 0
siblings	: 4
core id		: 0
cpu cores	: 2
apicid		: 1
initial apicid	: 1
fpu		: yes
fpu_exception	: yes
cpuid level	: 13
wp		: yes
flags		: fpu vme de pse tsc msr pae mce cx8 apic sep mtrr pge mca cmov pat pse36 clflush dts acpi mmx fxsr sse sse2 ss ht tm pbe syscall nx rdtscp lm constant_tsc arch_perfmon pebs bts nopl xtopology nonstop_tsc aperfmperf eagerfpu pni pclmulqdq dtes64 ds_cpl vmx smx est tm2 ssse3 cx16 xtpr pdcm pcid sse4_1 sse4_2 x2apic popcnt tsc_deadline_timer aes xsave avx lahf_lm ida arat epb xsaveopt pln pts dtherm tpr_shadow vnmi flexpriority ept vpid
bogomips	: 4983.71
clflush size	: 64
cache_alignment	: 64
address sizes	: 36 bits physical, 48 bits virtual
power management:

processor	: 2
vendor_id	: GenuineIntel
cpu family	: 6
model		: 42
model name	: Intel(R) Core(TM) i5-2520M CPU @ 2.50GHz
stepping	: 7
microcode	: 0x23
cpu MHz		: 3000.000
cache size	: 3072 KB
physical id	: 0
siblings	: 4
core id		: 1
cpu cores	: 2
apicid		: 2
initial apicid	: 2
fpu		: yes
fpu_exception	: yes
cpuid level	: 13
wp		: yes
flags		: fpu vme de pse tsc msr pae mce cx8 apic sep mtrr pge mca cmov pat pse36 clflush dts acpi mmx fxsr sse sse2 ss ht tm pbe syscall nx rdtscp lm constant_tsc arch_perfmon pebs bts nopl xtopology nonstop_tsc aperfmperf eagerfpu pni pclmulqdq dtes64 ds_cpl vmx smx est tm2 ssse3 cx16 xtpr pdcm pcid sse4_1 sse4_2 x2apic popcnt tsc_deadline_timer aes xsave avx lahf_lm ida arat epb xsaveopt pln pts dtherm tpr_shadow vnmi flexpriority ept vpid
bogomips	: 4983.71
clflush size	: 64
cache_alignment	: 64
address sizes	: 36 bits physical, 48 bits virtual
power management:

processor	: 3
vendor_id	: GenuineIntel
cpu family	: 6
model		: 42
model name	: Intel(R) Core(TM) i5-2520M CPU @ 2.50GHz
stepping	: 7
microcode	: 0x23
cpu MHz		: 3000.000
cache size	: 3072 KB
physical id	: 0
siblings	: 4
core id		: 1
cpu cores	: 2
apicid		: 3
initial apicid	: 3
fpu		: yes
fpu_exception	: yes
cpuid level	: 13
wp		: yes
flags		: fpu vme de pse tsc msr pae mce cx8 apic sep mtrr pge mca cmov pat pse36 clflush dts acpi mmx fxsr sse sse2 ss ht tm pbe syscall nx rdtscp lm constant_tsc arch_perfmon pebs bts nopl xtopology nonstop_tsc aperfmperf eagerfpu pni pclmulqdq dtes64 ds_cpl vmx smx est tm2 ssse3 cx16 xtpr pdcm pcid sse4_1 sse4_2 x2apic popcnt tsc_deadline_timer aes xsave avx lahf_lm ida arat epb xsaveopt pln pts dtherm tpr_shadow vnmi flexpriority ept vpid
bogomips	: 4983.71
clflush size	: 64
cache_alignment	: 64
address sizes	: 36 bits physical, 48 bits virtual
power management:



Memory: 4k page, physical 3938628k(692404k free), swap 0k(0k free)

vm_info: OpenJDK 64-Bit Server VM (24.95-b01) for linux-amd64 JRE (1.7.0_101-b00), built on Apr 25 2016 09:53:23 by "jmm" with gcc 4.9.2

time: Tue May 24 19:37:36 2016
elapsed time: 17 seconds

