#
# There is insufficient memory for the Java Runtime Environment to continue.
# Native memory allocation (malloc) failed to allocate 132120576 bytes for committing reserved memory.
# Possible reasons:
#   The system is out of physical RAM or swap space
#   In 32 bit mode, the process size limit was hit
# Possible solutions:
#   Reduce memory load on the system
#   Increase physical memory or swap space
#   Check if swap backing store is full
#   Use 64 bit Java on a 64 bit OS
#   Decrease Java heap size (-Xmx/-Xms)
#   Decrease number of Java threads
#   Decrease Java thread stack sizes (-Xss)
#   Set larger code cache with -XX:ReservedCodeCacheSize=
# This output file may be truncated or incomplete.
#
#  Out of Memory Error (os_linux.cpp:2827), pid=8545, tid=140365718865664
#
# JRE version: OpenJDK Runtime Environment (7.0_101) (build 1.7.0_101-b00)
# Java VM: OpenJDK 64-Bit Server VM (24.95-b01 mixed mode linux-amd64 compressed oops)
# Derivative: IcedTea 2.6.6
# Distribution: Debian GNU/Linux 8.2 (jessie), package 7u101-2.6.6-1~deb8u1
# Failed to write core dump. Core dumps have been disabled. To enable core dumping, try "ulimit -c unlimited" before starting Java again
#

---------------  T H R E A D  ---------------

Current thread (0x00007fa974076000):  VMThread [stack: 0x00007fa970bfc000,0x00007fa970cfd000] [id=8556]

Stack: [0x00007fa970bfc000,0x00007fa970cfd000],  sp=0x00007fa970cfb4e0,  free space=1021k
Native frames: (J=compiled Java code, j=interpreted, Vv=VM code, C=native code)
V  [libjvm.so+0x9893b6]
V  [libjvm.so+0x493832]
V  [libjvm.so+0x7fb2db]
V  [libjvm.so+0x7f59be]
V  [libjvm.so+0x86937b]
V  [libjvm.so+0x86a233]
V  [libjvm.so+0x86a94b]
V  [libjvm.so+0x8662b1]
V  [libjvm.so+0x866b28]
V  [libjvm.so+0x81e603]
V  [libjvm.so+0x98ac82]
V  [libjvm.so+0x98f107]
V  [libjvm.so+0x98d87b]
V  [libjvm.so+0x98df26]
V  [libjvm.so+0x98e3f1]
V  [libjvm.so+0x7f8202]

VM_Operation (0x00007fa97cf351d0): ParallelGCFailedAllocation, mode: safepoint, requested by thread 0x00007fa97400a800


---------------  P R O C E S S  ---------------

Java Threads: ( => current thread )
  0x00007fa9740b1000 JavaThread "Service Thread" daemon [_thread_blocked, id=8565, stack(0x00007fa97046d000,0x00007fa97056e000)]
  0x00007fa9740ae800 JavaThread "C2 CompilerThread1" daemon [_thread_blocked, id=8564, stack(0x00007fa97056e000,0x00007fa97066f000)]
  0x00007fa9740ab800 JavaThread "C2 CompilerThread0" daemon [_thread_blocked, id=8563, stack(0x00007fa97066f000,0x00007fa970770000)]
  0x00007fa9740a9800 JavaThread "Signal Dispatcher" daemon [_thread_blocked, id=8562, stack(0x00007fa970770000,0x00007fa970871000)]
  0x00007fa97407c800 JavaThread "Finalizer" daemon [_thread_blocked, id=8559, stack(0x00007fa9709fa000,0x00007fa970afb000)]
  0x00007fa97407a000 JavaThread "Reference Handler" daemon [_thread_blocked, id=8558, stack(0x00007fa970afb000,0x00007fa970bfc000)]
  0x00007fa97400a800 JavaThread "main" [_thread_blocked, id=8548, stack(0x00007fa97ce36000,0x00007fa97cf37000)]

Other Threads:
=>0x00007fa974076000 VMThread [stack: 0x00007fa970bfc000,0x00007fa970cfd000] [id=8556]
  0x00007fa9740bb800 WatcherThread [stack: 0x00007fa97036c000,0x00007fa97046d000] [id=8566]

VM state:at safepoint (normal execution)

VM Mutex/Monitor currently owned by a thread:  ([mutex/lock_event])
[0x00007fa974006b20] Threads_lock - owner thread: 0x00007fa974076000
[0x00007fa974007020] Heap_lock - owner thread: 0x00007fa97400a800

Heap
 PSYoungGen      total 136192K, used 14841K [0x00000000eaa80000, 0x00000000f3f80000, 0x0000000100000000)
  eden space 121344K, 0% used [0x00000000eaa80000,0x00000000eaa80000,0x00000000f2100000)
  from space 14848K, 99% used [0x00000000f2100000,0x00000000f2f7e4d8,0x00000000f2f80000)
  to   space 13312K, 0% used [0x00000000f2f80000,0x00000000f2f80000,0x00000000f3c80000)
 ParOldGen       total 40960K, used 24621K [0x00000000c0000000, 0x00000000c2800000, 0x00000000eaa80000)
  object space 40960K, 60% used [0x00000000c0000000,0x00000000c180b6b0,0x00000000c2800000)
 PSPermGen       total 21504K, used 6664K [0x00000000b5a00000, 0x00000000b6f00000, 0x00000000c0000000)
  object space 21504K, 30% used [0x00000000b5a00000,0x00000000b6082100,0x00000000b6f00000)

Card table byte_map: [0x00007fa9797fe000,0x00007fa979a52000] byte_map_base: 0x00007fa979251000

Polling page: 0x00007fa97cf56000

Code Cache  [0x00007fa971000000, 0x00007fa971350000, 0x00007fa974000000)
 total_blobs=1130 nmethods=898 adapters=185 free_code_cache=45835Kb largest_free_block=46876352

Compilation events (10 events):
Event: 35,687 Thread 0x00007fa9740ae800 nmethod 912 0x00007fa9713441d0 code [0x00007fa971344300, 0x00007fa971344358]
Event: 35,687 Thread 0x00007fa9740ae800  913             com.android.dx.dex.code.LocalList$Entry::isStart (16 bytes)
Event: 35,687 Thread 0x00007fa9740ae800 nmethod 913 0x00007fa9713421d0 code [0x00007fa971342300, 0x00007fa971342358]
Event: 35,687 Thread 0x00007fa9740ae800  914             com.android.dx.util.ByteArrayAnnotatedOutput::writeUleb128 (34 bytes)
Event: 35,706 Thread 0x00007fa9740ae800 nmethod 914 0x00007fa971341bd0 code [0x00007fa971341d20, 0x00007fa971341f78]
Event: 35,706 Thread 0x00007fa9740ae800  915             com.android.dx.dex.file.DebugInfoEncoder::emitPositionsAtAddress (48 bytes)
Event: 35,777 Thread 0x00007fa9740ae800 nmethod 915 0x00007fa971344410 code [0x00007fa971344640, 0x00007fa971344ec0]
Event: 35,777 Thread 0x00007fa9740ae800  916             com.android.dx.dex.code.PositionList$Entry::getPosition (5 bytes)
Event: 35,780 Thread 0x00007fa9740ae800 nmethod 916 0x00007fa9713419d0 code [0x00007fa971341b00, 0x00007fa971341b58]
Event: 35,780 Thread 0x00007fa9740ae800  917             com.android.dx.dex.file.DebugInfoEncoder::buildSortedPositions (68 bytes)

GC Heap History (10 events):
Event: 3,435 GC heap after
Heap after GC invocations=2 (full 0):
 PSYoungGen      total 33280K, used 2559K [0x00000000eaa80000, 0x00000000ecd80000, 0x0000000100000000)
  eden space 30720K, 0% used [0x00000000eaa80000,0x00000000eaa80000,0x00000000ec880000)
  from space 2560K, 99% used [0x00000000ecb00000,0x00000000ecd7fca0,0x00000000ecd80000)
  to   space 2560K, 0% used [0x00000000ec880000,0x00000000ec880000,0x00000000ecb00000)
 ParOldGen       total 40960K, used 2232K [0x00000000c0000000, 0x00000000c2800000, 0x00000000eaa80000)
  object space 40960K, 5% used [0x00000000c0000000,0x00000000c022e228,0x00000000c2800000)
 PSPermGen       total 21504K, used 6108K [0x00000000b5a00000, 0x00000000b6f00000, 0x00000000c0000000)
  object space 21504K, 28% used [0x00000000b5a00000,0x00000000b5ff7368,0x00000000b6f00000)
}
Event: 8,279 GC heap before
{Heap before GC invocations=3 (full 0):
 PSYoungGen      total 33280K, used 33279K [0x00000000eaa80000, 0x00000000ecd80000, 0x0000000100000000)
  eden space 30720K, 100% used [0x00000000eaa80000,0x00000000ec880000,0x00000000ec880000)
  from space 2560K, 99% used [0x00000000ecb00000,0x00000000ecd7fca0,0x00000000ecd80000)
  to   space 2560K, 0% used [0x00000000ec880000,0x00000000ec880000,0x00000000ecb00000)
 ParOldGen       total 40960K, used 2232K [0x00000000c0000000, 0x00000000c2800000, 0x00000000eaa80000)
  object space 40960K, 5% used [0x00000000c0000000,0x00000000c022e228,0x00000000c2800000)
 PSPermGen       total 21504K, used 6246K [0x00000000b5a00000, 0x00000000b6f00000, 0x00000000c0000000)
  object space 21504K, 29% used [0x00000000b5a00000,0x00000000b6019960,0x00000000b6f00000)
Event: 8,349 GC heap after
Heap after GC invocations=3 (full 0):
 PSYoungGen      total 33280K, used 2552K [0x00000000eaa80000, 0x00000000eeb80000, 0x0000000100000000)
  eden space 30720K, 0% used [0x00000000eaa80000,0x00000000eaa80000,0x00000000ec880000)
  from space 2560K, 99% used [0x00000000ec880000,0x00000000ecafe040,0x00000000ecb00000)
  to   space 2560K, 0% used [0x00000000ee900000,0x00000000ee900000,0x00000000eeb80000)
 ParOldGen       total 40960K, used 6854K [0x00000000c0000000, 0x00000000c2800000, 0x00000000eaa80000)
  object space 40960K, 16% used [0x00000000c0000000,0x00000000c06b1968,0x00000000c2800000)
 PSPermGen       total 21504K, used 6246K [0x00000000b5a00000, 0x00000000b6f00000, 0x00000000c0000000)
  object space 21504K, 29% used [0x00000000b5a00000,0x00000000b6019960,0x00000000b6f00000)
}
Event: 10,416 GC heap before
{Heap before GC invocations=4 (full 0):
 PSYoungGen      total 33280K, used 33272K [0x00000000eaa80000, 0x00000000eeb80000, 0x0000000100000000)
  eden space 30720K, 100% used [0x00000000eaa80000,0x00000000ec880000,0x00000000ec880000)
  from space 2560K, 99% used [0x00000000ec880000,0x00000000ecafe040,0x00000000ecb00000)
  to   space 2560K, 0% used [0x00000000ee900000,0x00000000ee900000,0x00000000eeb80000)
 ParOldGen       total 40960K, used 6854K [0x00000000c0000000, 0x00000000c2800000, 0x00000000eaa80000)
  object space 40960K, 16% used [0x00000000c0000000,0x00000000c06b1968,0x00000000c2800000)
 PSPermGen       total 21504K, used 6287K [0x00000000b5a00000, 0x00000000b6f00000, 0x00000000c0000000)
  object space 21504K, 29% used [0x00000000b5a00000,0x00000000b6023eb0,0x00000000b6f00000)
Event: 10,465 GC heap after
Heap after GC invocations=4 (full 0):
 PSYoungGen      total 64000K, used 2550K [0x00000000eaa80000, 0x00000000eeb80000, 0x0000000100000000)
  eden space 61440K, 0% used [0x00000000eaa80000,0x00000000eaa80000,0x00000000ee680000)
  from space 2560K, 99% used [0x00000000ee900000,0x00000000eeb7d8d8,0x00000000eeb80000)
  to   space 2560K, 0% used [0x00000000ee680000,0x00000000ee680000,0x00000000ee900000)
 ParOldGen       total 40960K, used 11785K [0x00000000c0000000, 0x00000000c2800000, 0x00000000eaa80000)
  object space 40960K, 28% used [0x00000000c0000000,0x00000000c0b82450,0x00000000c2800000)
 PSPermGen       total 21504K, used 6287K [0x00000000b5a00000, 0x00000000b6f00000, 0x00000000c0000000)
  object space 21504K, 29% used [0x00000000b5a00000,0x00000000b6023eb0,0x00000000b6f00000)
}
Event: 15,165 GC heap before
{Heap before GC invocations=5 (full 0):
 PSYoungGen      total 64000K, used 63990K [0x00000000eaa80000, 0x00000000eeb80000, 0x0000000100000000)
  eden space 61440K, 100% used [0x00000000eaa80000,0x00000000ee680000,0x00000000ee680000)
  from space 2560K, 99% used [0x00000000ee900000,0x00000000eeb7d8d8,0x00000000eeb80000)
  to   space 2560K, 0% used [0x00000000ee680000,0x00000000ee680000,0x00000000ee900000)
 ParOldGen       total 40960K, used 11785K [0x00000000c0000000, 0x00000000c2800000, 0x00000000eaa80000)
  object space 40960K, 28% used [0x00000000c0000000,0x00000000c0b82450,0x00000000c2800000)
 PSPermGen       total 21504K, used 6332K [0x00000000b5a00000, 0x00000000b6f00000, 0x00000000c0000000)
  object space 21504K, 29% used [0x00000000b5a00000,0x00000000b602f120,0x00000000b6f00000)
Event: 15,241 GC heap after
Heap after GC invocations=5 (full 0):
 PSYoungGen      total 64000K, used 2552K [0x00000000eaa80000, 0x00000000f3c80000, 0x0000000100000000)
  eden space 61440K, 0% used [0x00000000eaa80000,0x00000000eaa80000,0x00000000ee680000)
  from space 2560K, 99% used [0x00000000ee680000,0x00000000ee8fe1a0,0x00000000ee900000)
  to   space 13312K, 0% used [0x00000000f2f80000,0x00000000f2f80000,0x00000000f3c80000)
 ParOldGen       total 40960K, used 21245K [0x00000000c0000000, 0x00000000c2800000, 0x00000000eaa80000)
  object space 40960K, 51% used [0x00000000c0000000,0x00000000c14bf720,0x00000000c2800000)
 PSPermGen       total 21504K, used 6332K [0x00000000b5a00000, 0x00000000b6f00000, 0x00000000c0000000)
  object space 21504K, 29% used [0x00000000b5a00000,0x00000000b602f120,0x00000000b6f00000)
}
Event: 17,965 GC heap before
{Heap before GC invocations=6 (full 0):
 PSYoungGen      total 64000K, used 63992K [0x00000000eaa80000, 0x00000000f3c80000, 0x0000000100000000)
  eden space 61440K, 100% used [0x00000000eaa80000,0x00000000ee680000,0x00000000ee680000)
  from space 2560K, 99% used [0x00000000ee680000,0x00000000ee8fe1a0,0x00000000ee900000)
  to   space 13312K, 0% used [0x00000000f2f80000,0x00000000f2f80000,0x00000000f3c80000)
 ParOldGen       total 40960K, used 21245K [0x00000000c0000000, 0x00000000c2800000, 0x00000000eaa80000)
  object space 40960K, 51% used [0x00000000c0000000,0x00000000c14bf720,0x00000000c2800000)
 PSPermGen       total 21504K, used 6370K [0x00000000b5a00000, 0x00000000b6f00000, 0x00000000c0000000)
  object space 21504K, 29% used [0x00000000b5a00000,0x00000000b6038a30,0x00000000b6f00000)
Event: 18,077 GC heap after
Heap after GC invocations=6 (full 0):
 PSYoungGen      total 134656K, used 11913K [0x00000000eaa80000, 0x00000000f3f80000, 0x0000000100000000)
  eden space 121344K, 0% used [0x00000000eaa80000,0x00000000eaa80000,0x00000000f2100000)
  from space 13312K, 89% used [0x00000000f2f80000,0x00000000f3b22520,0x00000000f3c80000)
  to   space 14848K, 0% used [0x00000000f2100000,0x00000000f2100000,0x00000000f2f80000)
 ParOldGen       total 40960K, used 21245K [0x00000000c0000000, 0x00000000c2800000, 0x00000000eaa80000)
  object space 40960K, 51% used [0x00000000c0000000,0x00000000c14bf720,0x00000000c2800000)
 PSPermGen       total 21504K, used 6370K [0x00000000b5a00000, 0x00000000b6f00000, 0x00000000c0000000)
  object space 21504K, 29% used [0x00000000b5a00000,0x00000000b6038a30,0x00000000b6f00000)
}
Event: 35,801 GC heap before
{Heap before GC invocations=7 (full 0):
 PSYoungGen      total 134656K, used 133257K [0x00000000eaa80000, 0x00000000f3f80000, 0x0000000100000000)
  eden space 121344K, 100% used [0x00000000eaa80000,0x00000000f2100000,0x00000000f2100000)
  from space 13312K, 89% used [0x00000000f2f80000,0x00000000f3b22520,0x00000000f3c80000)
  to   space 14848K, 0% used [0x00000000f2100000,0x00000000f2100000,0x00000000f2f80000)
 ParOldGen       total 40960K, used 21245K [0x00000000c0000000, 0x00000000c2800000, 0x00000000eaa80000)
  object space 40960K, 51% used [0x00000000c0000000,0x00000000c14bf720,0x00000000c2800000)
 PSPermGen       total 21504K, used 6664K [0x00000000b5a00000, 0x00000000b6f00000, 0x00000000c0000000)
  object space 21504K, 30% used [0x00000000b5a00000,0x00000000b6082100,0x00000000b6f00000)

Deoptimization events (10 events):
Event: 14,458 Thread 0x00007fa9741a6800 Uncommon trap: reason=unstable_if action=reinterpret pc=0x00007fa9710db604 method=com.android.dx.rop.code.RegisterSpecSet.localItemToSpec(Lcom/android/dx/rop/code/LocalItem;)Lcom/android/dx/rop/code/RegisterSpec; @ 35
Event: 16,302 Thread 0x00007fa9741a5000 Uncommon trap: reason=class_check action=maybe_recompile pc=0x00007fa97114b49c method=com.android.dx.ssa.SCCP.replaceConstants()V @ 182
Event: 17,377 Thread 0x00007fa974197000 Uncommon trap: reason=unstable_if action=reinterpret pc=0x00007fa97112fb14 method=com.android.dx.cf.code.Ropper.isSynchronized()Z @ 12
Event: 29,852 Thread 0x00007fa97400a800 Uncommon trap: reason=class_check action=maybe_recompile pc=0x00007fa9710aa0e0 method=com.android.dx.util.FixedSizeList.equals(Ljava/lang/Object;)Z @ 25
Event: 30,088 Thread 0x00007fa97400a800 Uncommon trap: reason=class_check action=maybe_recompile pc=0x00007fa9710aa0e0 method=com.android.dx.util.FixedSizeList.equals(Ljava/lang/Object;)Z @ 25
Event: 30,088 Thread 0x00007fa97400a800 Uncommon trap: reason=class_check action=maybe_recompile pc=0x00007fa9710aa0e0 method=com.android.dx.util.FixedSizeList.equals(Ljava/lang/Object;)Z @ 25
Event: 30,088 Thread 0x00007fa97400a800 Uncommon trap: reason=class_check action=maybe_recompile pc=0x00007fa9710aa0e0 method=com.android.dx.util.FixedSizeList.equals(Ljava/lang/Object;)Z @ 25
Event: 31,335 Thread 0x00007fa97400a800 Uncommon trap: reason=unstable_if action=reinterpret pc=0x00007fa9710b64bc method=java.util.TreeMap.put(Ljava/lang/Object;Ljava/lang/Object;)Ljava/lang/Object; @ 163
Event: 31,386 Thread 0x00007fa97400a800 Uncommon trap: reason=unstable_if action=reinterpret pc=0x00007fa97116b070 method=com.android.dx.rop.code.RegisterSpecSet.equals(Ljava/lang/Object;)Z @ 30
Event: 33,679 Thread 0x00007fa97400a800 Uncommon trap: reason=predicate action=maybe_recompile pc=0x00007fa9712c93c4 method=java.util.ComparableTimSort.binarySort([Ljava/lang/Object;III)V @ 37

Internal exceptions (10 events):
Event: 29,793 Thread 0x00007fa97400a800 Threw 0x00000000f13058b8 at /home/jmm/jdk4/openjdk-7-7u101-2.6.6/build/openjdk/hotspot/src/share/vm/prims/jvm.cpp:1322
Event: 29,793 Thread 0x00007fa97400a800 Threw 0x00000000f130aff8 at /home/jmm/jdk4/openjdk-7-7u101-2.6.6/build/openjdk/hotspot/src/share/vm/prims/jvm.cpp:1322
Event: 29,794 Thread 0x00007fa97400a800 Threw 0x00000000f130fe88 at /home/jmm/jdk4/openjdk-7-7u101-2.6.6/build/openjdk/hotspot/src/share/vm/prims/jvm.cpp:1322
Event: 29,812 Thread 0x00007fa97400a800 Threw 0x00000000f1323988 at /home/jmm/jdk4/openjdk-7-7u101-2.6.6/build/openjdk/hotspot/src/share/vm/prims/jvm.cpp:1322
Event: 29,852 Thread 0x00007fa97400a800 Threw 0x00000000f1327248 at /home/jmm/jdk4/openjdk-7-7u101-2.6.6/build/openjdk/hotspot/src/share/vm/prims/jvm.cpp:1322
Event: 29,853 Thread 0x00007fa97400a800 Threw 0x00000000f132ad88 at /home/jmm/jdk4/openjdk-7-7u101-2.6.6/build/openjdk/hotspot/src/share/vm/prims/jvm.cpp:1322
Event: 29,879 Thread 0x00007fa97400a800 Threw 0x00000000f133c5c0 at /home/jmm/jdk4/openjdk-7-7u101-2.6.6/build/openjdk/hotspot/src/share/vm/prims/jvm.cpp:1322
Event: 35,263 Thread 0x00007fa97400a800 Threw 0x00000000f1c88fb0 at /home/jmm/jdk4/openjdk-7-7u101-2.6.6/build/openjdk/hotspot/src/share/vm/prims/jvm.cpp:1322
Event: 35,288 Thread 0x00007fa97400a800 Threw 0x00000000f1c95598 at /home/jmm/jdk4/openjdk-7-7u101-2.6.6/build/openjdk/hotspot/src/share/vm/prims/jvm.cpp:1322
Event: 35,289 Thread 0x00007fa97400a800 Threw 0x00000000f1c98b78 at /home/jmm/jdk4/openjdk-7-7u101-2.6.6/build/openjdk/hotspot/src/share/vm/prims/jvm.cpp:1322

Events (10 events):
Event: 33,679 Thread 0x00007fa97400a800 Uncommon trap: trap_request=0xffffff86 fr.pc=0x00007fa9712c93c4
Event: 33,679 Thread 0x00007fa97400a800 DEOPT PACKING pc=0x00007fa9712c93c4 sp=0x00007fa97cf35230
Event: 33,679 Thread 0x00007fa97400a800 DEOPT UNPACKING pc=0x00007fa971039445 sp=0x00007fa97cf35210 mode 2
Event: 35,263 loading class 0x00007fa92800f910
Event: 35,263 loading class 0x00007fa92800f910 done
Event: 35,288 loading class 0x00007fa974198900
Event: 35,288 loading class 0x00007fa974198900 done
Event: 35,289 loading class 0x00007fa974198940
Event: 35,289 loading class 0x00007fa974198940 done
Event: 35,800 Executing VM operation: ParallelGCFailedAllocation


Dynamic libraries:
00400000-00401000 r-xp 00000000 08:01 1582995                            /usr/lib/jvm/java-7-openjdk-amd64/jre/bin/java
00600000-00601000 r--p 00000000 08:01 1582995                            /usr/lib/jvm/java-7-openjdk-amd64/jre/bin/java
00601000-00602000 rw-p 00001000 08:01 1582995                            /usr/lib/jvm/java-7-openjdk-amd64/jre/bin/java
007d6000-007f7000 rw-p 00000000 00:00 0                                  [heap]
b5a00000-b6f00000 rw-p 00000000 00:00 0 
b6f00000-c0000000 rw-p 00000000 00:00 0 
c0000000-c2800000 rw-p 00000000 00:00 0 
c2800000-eaa80000 rw-p 00000000 00:00 0 
eaa80000-f3f80000 rw-p 00000000 00:00 0 
fbd80000-100000000 rw-p 00000000 00:00 0 
7fa924000000-7fa924021000 rw-p 00000000 00:00 0 
7fa924021000-7fa928000000 ---p 00000000 00:00 0 
7fa928000000-7fa928021000 rw-p 00000000 00:00 0 
7fa928021000-7fa92c000000 ---p 00000000 00:00 0 
7fa92c000000-7fa92c021000 rw-p 00000000 00:00 0 
7fa92c021000-7fa930000000 ---p 00000000 00:00 0 
7fa930000000-7fa930026000 rw-p 00000000 00:00 0 
7fa930026000-7fa934000000 ---p 00000000 00:00 0 
7fa934000000-7fa934021000 rw-p 00000000 00:00 0 
7fa934021000-7fa938000000 ---p 00000000 00:00 0 
7fa938000000-7fa93802f000 rw-p 00000000 00:00 0 
7fa93802f000-7fa93c000000 ---p 00000000 00:00 0 
7fa93c000000-7fa93d72a000 rw-p 00000000 00:00 0 
7fa93d72a000-7fa940000000 ---p 00000000 00:00 0 
7fa940000000-7fa940021000 rw-p 00000000 00:00 0 
7fa940021000-7fa944000000 ---p 00000000 00:00 0 
7fa944000000-7fa944021000 rw-p 00000000 00:00 0 
7fa944021000-7fa948000000 ---p 00000000 00:00 0 
7fa948000000-7fa9495c1000 rw-p 00000000 00:00 0 
7fa9495c1000-7fa94c000000 ---p 00000000 00:00 0 
7fa94c000000-7fa94c021000 rw-p 00000000 00:00 0 
7fa94c021000-7fa950000000 ---p 00000000 00:00 0 
7fa950000000-7fa950021000 rw-p 00000000 00:00 0 
7fa950021000-7fa954000000 ---p 00000000 00:00 0 
7fa954000000-7fa954021000 rw-p 00000000 00:00 0 
7fa954021000-7fa958000000 ---p 00000000 00:00 0 
7fa958000000-7fa958021000 rw-p 00000000 00:00 0 
7fa958021000-7fa95c000000 ---p 00000000 00:00 0 
7fa95c000000-7fa95c021000 rw-p 00000000 00:00 0 
7fa95c021000-7fa960000000 ---p 00000000 00:00 0 
7fa963dfe000-7fa963e01000 ---p 00000000 00:00 0 
7fa963e01000-7fa963eff000 rw-p 00000000 00:00 0 
7fa963eff000-7fa963f02000 ---p 00000000 00:00 0 
7fa963f02000-7fa964000000 rw-p 00000000 00:00 0 
7fa964000000-7fa964021000 rw-p 00000000 00:00 0 
7fa964021000-7fa968000000 ---p 00000000 00:00 0 
7fa968022000-7fa968025000 ---p 00000000 00:00 0 
7fa968025000-7fa968123000 rw-p 00000000 00:00 0 
7fa968123000-7fa968126000 ---p 00000000 00:00 0 
7fa968126000-7fa968525000 rw-p 00000000 00:00 0 
7fa968525000-7fa968591000 r-xp 00000000 08:01 5373998                    /lib/x86_64-linux-gnu/libpcre.so.3.13.1
7fa968591000-7fa968791000 ---p 0006c000 08:01 5373998                    /lib/x86_64-linux-gnu/libpcre.so.3.13.1
7fa968791000-7fa968792000 r--p 0006c000 08:01 5373998                    /lib/x86_64-linux-gnu/libpcre.so.3.13.1
7fa968792000-7fa968793000 rw-p 0006d000 08:01 5373998                    /lib/x86_64-linux-gnu/libpcre.so.3.13.1
7fa968793000-7fa96879a000 r-xp 00000000 08:01 790748                     /usr/lib/x86_64-linux-gnu/libffi.so.6.0.2
7fa96879a000-7fa968999000 ---p 00007000 08:01 790748                     /usr/lib/x86_64-linux-gnu/libffi.so.6.0.2
7fa968999000-7fa96899a000 r--p 00006000 08:01 790748                     /usr/lib/x86_64-linux-gnu/libffi.so.6.0.2
7fa96899a000-7fa96899b000 rw-p 00007000 08:01 790748                     /usr/lib/x86_64-linux-gnu/libffi.so.6.0.2
7fa96899b000-7fa9689af000 r-xp 00000000 08:01 5373974                    /lib/x86_64-linux-gnu/libresolv-2.19.so
7fa9689af000-7fa968bae000 ---p 00014000 08:01 5373974                    /lib/x86_64-linux-gnu/libresolv-2.19.so
7fa968bae000-7fa968baf000 r--p 00013000 08:01 5373974                    /lib/x86_64-linux-gnu/libresolv-2.19.so
7fa968baf000-7fa968bb0000 rw-p 00014000 08:01 5373974                    /lib/x86_64-linux-gnu/libresolv-2.19.so
7fa968bb0000-7fa968bb2000 rw-p 00000000 00:00 0 
7fa968bb2000-7fa968bd3000 r-xp 00000000 08:01 5374051                    /lib/x86_64-linux-gnu/libselinux.so.1
7fa968bd3000-7fa968dd3000 ---p 00021000 08:01 5374051                    /lib/x86_64-linux-gnu/libselinux.so.1
7fa968dd3000-7fa968dd4000 r--p 00021000 08:01 5374051                    /lib/x86_64-linux-gnu/libselinux.so.1
7fa968dd4000-7fa968dd5000 rw-p 00022000 08:01 5374051                    /lib/x86_64-linux-gnu/libselinux.so.1
7fa968dd5000-7fa968dd7000 rw-p 00000000 00:00 0 
7fa968dd7000-7fa968dda000 r-xp 00000000 08:01 793762                     /usr/lib/x86_64-linux-gnu/libgmodule-2.0.so.0.4200.1
7fa968dda000-7fa968fd9000 ---p 00003000 08:01 793762                     /usr/lib/x86_64-linux-gnu/libgmodule-2.0.so.0.4200.1
7fa968fd9000-7fa968fda000 r--p 00002000 08:01 793762                     /usr/lib/x86_64-linux-gnu/libgmodule-2.0.so.0.4200.1
7fa968fda000-7fa968fdb000 rw-p 00003000 08:01 793762                     /usr/lib/x86_64-linux-gnu/libgmodule-2.0.so.0.4200.1
7fa968fdb000-7fa9690e7000 r-xp 00000000 08:01 5374471                    /lib/x86_64-linux-gnu/libglib-2.0.so.0.4200.1
7fa9690e7000-7fa9692e7000 ---p 0010c000 08:01 5374471                    /lib/x86_64-linux-gnu/libglib-2.0.so.0.4200.1
7fa9692e7000-7fa9692e8000 r--p 0010c000 08:01 5374471                    /lib/x86_64-linux-gnu/libglib-2.0.so.0.4200.1
7fa9692e8000-7fa9692e9000 rw-p 0010d000 08:01 5374471                    /lib/x86_64-linux-gnu/libglib-2.0.so.0.4200.1
7fa9692e9000-7fa9692ea000 rw-p 00000000 00:00 0 
7fa9692ea000-7fa96933b000 r-xp 00000000 08:01 793761                     /usr/lib/x86_64-linux-gnu/libgobject-2.0.so.0.4200.1
7fa96933b000-7fa96953b000 ---p 00051000 08:01 793761                     /usr/lib/x86_64-linux-gnu/libgobject-2.0.so.0.4200.1
7fa96953b000-7fa96953c000 r--p 00051000 08:01 793761                     /usr/lib/x86_64-linux-gnu/libgobject-2.0.so.0.4200.1
7fa96953c000-7fa96953d000 rw-p 00052000 08:01 793761                     /usr/lib/x86_64-linux-gnu/libgobject-2.0.so.0.4200.1
7fa96953d000-7fa9696af000 r-xp 00000000 08:01 793764                     /usr/lib/x86_64-linux-gnu/libgio-2.0.so.0.4200.1
7fa9696af000-7fa9698af000 ---p 00172000 08:01 793764                     /usr/lib/x86_64-linux-gnu/libgio-2.0.so.0.4200.1
7fa9698af000-7fa9698b3000 r--p 00172000 08:01 793764                     /usr/lib/x86_64-linux-gnu/libgio-2.0.so.0.4200.1
7fa9698b3000-7fa9698b5000 rw-p 00176000 08:01 793764                     /usr/lib/x86_64-linux-gnu/libgio-2.0.so.0.4200.1
7fa9698b5000-7fa9698b7000 rw-p 00000000 00:00 0 
7fa9698b7000-7fa9698cf000 r-xp 00000000 08:01 1448978                    /usr/lib/jvm/java-7-openjdk-amd64/jre/lib/amd64/libnet.so
7fa9698cf000-7fa969ace000 ---p 00018000 08:01 1448978                    /usr/lib/jvm/java-7-openjdk-amd64/jre/lib/amd64/libnet.so
7fa969ace000-7fa969acf000 r--p 00017000 08:01 1448978                    /usr/lib/jvm/java-7-openjdk-amd64/jre/lib/amd64/libnet.so
7fa969acf000-7fa969ad0000 rw-p 00018000 08:01 1448978                    /usr/lib/jvm/java-7-openjdk-amd64/jre/lib/amd64/libnet.so
7fa969ad0000-7fa96c000000 rw-p 00000000 00:00 0 
7fa96c000000-7fa96c021000 rw-p 00000000 00:00 0 
7fa96c021000-7fa970000000 ---p 00000000 00:00 0 
7fa970059000-7fa97005c000 ---p 00000000 00:00 0 
7fa97005c000-7fa97015a000 rw-p 00000000 00:00 0 
7fa97015a000-7fa97016b000 r-xp 00000000 08:01 1448965                    /usr/lib/jvm/java-7-openjdk-amd64/jre/lib/amd64/libnio.so
7fa97016b000-7fa97036a000 ---p 00011000 08:01 1448965                    /usr/lib/jvm/java-7-openjdk-amd64/jre/lib/amd64/libnio.so
7fa97036a000-7fa97036b000 r--p 00010000 08:01 1448965                    /usr/lib/jvm/java-7-openjdk-amd64/jre/lib/amd64/libnio.so
7fa97036b000-7fa97036c000 rw-p 00011000 08:01 1448965                    /usr/lib/jvm/java-7-openjdk-amd64/jre/lib/amd64/libnio.so
7fa97036c000-7fa97036d000 ---p 00000000 00:00 0 
7fa97036d000-7fa97046d000 rw-p 00000000 00:00 0                          [stack:8566]
7fa97046d000-7fa970470000 ---p 00000000 00:00 0 
7fa970470000-7fa97056e000 rw-p 00000000 00:00 0                          [stack:8565]
7fa97056e000-7fa970571000 ---p 00000000 00:00 0 
7fa970571000-7fa97066f000 rw-p 00000000 00:00 0                          [stack:8564]
7fa97066f000-7fa970672000 ---p 00000000 00:00 0 
7fa970672000-7fa970770000 rw-p 00000000 00:00 0                          [stack:8563]
7fa970770000-7fa970773000 ---p 00000000 00:00 0 
7fa970773000-7fa970871000 rw-p 00000000 00:00 0                          [stack:8562]
7fa970871000-7fa9709fa000 r--p 00000000 08:01 790100                     /usr/lib/locale/locale-archive
7fa9709fa000-7fa9709fd000 ---p 00000000 00:00 0 
7fa9709fd000-7fa970afb000 rw-p 00000000 00:00 0                          [stack:8559]
7fa970afb000-7fa970afe000 ---p 00000000 00:00 0 
7fa970afe000-7fa970bfc000 rw-p 00000000 00:00 0                          [stack:8558]
7fa970bfc000-7fa970bfd000 ---p 00000000 00:00 0 
7fa970bfd000-7fa971000000 rw-p 00000000 00:00 0                          [stack:8556]
7fa971000000-7fa971350000 rwxp 00000000 00:00 0 
7fa971350000-7fa9741e5000 rw-p 00000000 00:00 0 
7fa9741e5000-7fa978000000 ---p 00000000 00:00 0 
7fa97801d000-7fa978024000 r--s 00000000 08:01 788991                     /usr/lib/x86_64-linux-gnu/gconv/gconv-modules.cache
7fa978024000-7fa97804a000 r--p 00000000 08:01 791914                     /usr/share/locale/fr/LC_MESSAGES/libc.mo
7fa97804a000-7fa978059000 r--s 000df000 08:01 4338904                    /home/yann/Documents/Programmation/Android/android-sdk/build-tools/23.0.2/lib/dx.jar
7fa978059000-7fa978d53000 rw-p 00000000 00:00 0 
7fa978d53000-7fa978f05000 r--s 01d32000 08:01 1320128                    /usr/lib/jvm/java-7-openjdk-amd64/jre/lib/rt.jar
7fa978f05000-7fa979251000 rw-p 00000000 00:00 0 
7fa979251000-7fa979252000 ---p 00000000 00:00 0 
7fa979252000-7fa979352000 rw-p 00000000 00:00 0                          [stack:8554]
7fa979352000-7fa979353000 ---p 00000000 00:00 0 
7fa979353000-7fa979453000 rw-p 00000000 00:00 0                          [stack:8552]
7fa979453000-7fa979454000 ---p 00000000 00:00 0 
7fa979454000-7fa979554000 rw-p 00000000 00:00 0                          [stack:8551]
7fa979554000-7fa979555000 ---p 00000000 00:00 0 
7fa979555000-7fa979660000 rw-p 00000000 00:00 0                          [stack:8550]
7fa979660000-7fa9796a8000 rw-p 00000000 00:00 0 
7fa9796a8000-7fa9796bc000 rw-p 00000000 00:00 0 
7fa9796bc000-7fa9797fe000 rw-p 00000000 00:00 0 
7fa9797fe000-7fa979809000 rw-p 00000000 00:00 0 
7fa979809000-7fa979851000 rw-p 00000000 00:00 0 
7fa979851000-7fa979865000 rw-p 00000000 00:00 0 
7fa979865000-7fa9799a6000 rw-p 00000000 00:00 0 
7fa9799a6000-7fa9799f1000 rw-p 00000000 00:00 0 
7fa9799f1000-7fa979a51000 rw-p 00000000 00:00 0 
7fa979a51000-7fa979a52000 rw-p 00000000 00:00 0 
7fa979a52000-7fa979a5a000 r-xp 00000000 08:01 1448960                    /usr/lib/jvm/java-7-openjdk-amd64/jre/lib/amd64/libzip.so
7fa979a5a000-7fa979c59000 ---p 00008000 08:01 1448960                    /usr/lib/jvm/java-7-openjdk-amd64/jre/lib/amd64/libzip.so
7fa979c59000-7fa979c5a000 r--p 00007000 08:01 1448960                    /usr/lib/jvm/java-7-openjdk-amd64/jre/lib/amd64/libzip.so
7fa979c5a000-7fa979c5b000 rw-p 00008000 08:01 1448960                    /usr/lib/jvm/java-7-openjdk-amd64/jre/lib/amd64/libzip.so
7fa979c5b000-7fa979c66000 r-xp 00000000 08:01 5373969                    /lib/x86_64-linux-gnu/libnss_files-2.19.so
7fa979c66000-7fa979e65000 ---p 0000b000 08:01 5373969                    /lib/x86_64-linux-gnu/libnss_files-2.19.so
7fa979e65000-7fa979e66000 r--p 0000a000 08:01 5373969                    /lib/x86_64-linux-gnu/libnss_files-2.19.so
7fa979e66000-7fa979e67000 rw-p 0000b000 08:01 5373969                    /lib/x86_64-linux-gnu/libnss_files-2.19.so
7fa979e67000-7fa979e71000 r-xp 00000000 08:01 5373971                    /lib/x86_64-linux-gnu/libnss_nis-2.19.so
7fa979e71000-7fa97a070000 ---p 0000a000 08:01 5373971                    /lib/x86_64-linux-gnu/libnss_nis-2.19.so
7fa97a070000-7fa97a071000 r--p 00009000 08:01 5373971                    /lib/x86_64-linux-gnu/libnss_nis-2.19.so
7fa97a071000-7fa97a072000 rw-p 0000a000 08:01 5373971                    /lib/x86_64-linux-gnu/libnss_nis-2.19.so
7fa97a072000-7fa97a087000 r-xp 00000000 08:01 5373966                    /lib/x86_64-linux-gnu/libnsl-2.19.so
7fa97a087000-7fa97a286000 ---p 00015000 08:01 5373966                    /lib/x86_64-linux-gnu/libnsl-2.19.so
7fa97a286000-7fa97a287000 r--p 00014000 08:01 5373966                    /lib/x86_64-linux-gnu/libnsl-2.19.so
7fa97a287000-7fa97a288000 rw-p 00015000 08:01 5373966                    /lib/x86_64-linux-gnu/libnsl-2.19.so
7fa97a288000-7fa97a28a000 rw-p 00000000 00:00 0 
7fa97a28a000-7fa97a291000 r-xp 00000000 08:01 5373967                    /lib/x86_64-linux-gnu/libnss_compat-2.19.so
7fa97a291000-7fa97a490000 ---p 00007000 08:01 5373967                    /lib/x86_64-linux-gnu/libnss_compat-2.19.so
7fa97a490000-7fa97a491000 r--p 00006000 08:01 5373967                    /lib/x86_64-linux-gnu/libnss_compat-2.19.so
7fa97a491000-7fa97a492000 rw-p 00007000 08:01 5373967                    /lib/x86_64-linux-gnu/libnss_compat-2.19.so
7fa97a492000-7fa97a4bf000 r-xp 00000000 08:01 1448987                    /usr/lib/jvm/java-7-openjdk-amd64/jre/lib/amd64/libjava.so
7fa97a4bf000-7fa97a6be000 ---p 0002d000 08:01 1448987                    /usr/lib/jvm/java-7-openjdk-amd64/jre/lib/amd64/libjava.so
7fa97a6be000-7fa97a6bf000 r--p 0002c000 08:01 1448987                    /usr/lib/jvm/java-7-openjdk-amd64/jre/lib/amd64/libjava.so
7fa97a6bf000-7fa97a6c1000 rw-p 0002d000 08:01 1448987                    /usr/lib/jvm/java-7-openjdk-amd64/jre/lib/amd64/libjava.so
7fa97a6c1000-7fa97a6d0000 r-xp 00000000 08:01 1448956                    /usr/lib/jvm/java-7-openjdk-amd64/jre/lib/amd64/libverify.so
7fa97a6d0000-7fa97a8cf000 ---p 0000f000 08:01 1448956                    /usr/lib/jvm/java-7-openjdk-amd64/jre/lib/amd64/libverify.so
7fa97a8cf000-7fa97a8d2000 r--p 0000e000 08:01 1448956                    /usr/lib/jvm/java-7-openjdk-amd64/jre/lib/amd64/libverify.so
7fa97a8d2000-7fa97a8d3000 rw-p 00011000 08:01 1448956                    /usr/lib/jvm/java-7-openjdk-amd64/jre/lib/amd64/libverify.so
7fa97a8d3000-7fa97a8da000 r-xp 00000000 08:01 5373975                    /lib/x86_64-linux-gnu/librt-2.19.so
7fa97a8da000-7fa97aad9000 ---p 00007000 08:01 5373975                    /lib/x86_64-linux-gnu/librt-2.19.so
7fa97aad9000-7fa97aada000 r--p 00006000 08:01 5373975                    /lib/x86_64-linux-gnu/librt-2.19.so
7fa97aada000-7fa97aadb000 rw-p 00007000 08:01 5373975                    /lib/x86_64-linux-gnu/librt-2.19.so
7fa97aadb000-7fa97aaf1000 r-xp 00000000 08:01 5373956                    /lib/x86_64-linux-gnu/libgcc_s.so.1
7fa97aaf1000-7fa97acf0000 ---p 00016000 08:01 5373956                    /lib/x86_64-linux-gnu/libgcc_s.so.1
7fa97acf0000-7fa97acf1000 rw-p 00015000 08:01 5373956                    /lib/x86_64-linux-gnu/libgcc_s.so.1
7fa97acf1000-7fa97adf1000 r-xp 00000000 08:01 5373964                    /lib/x86_64-linux-gnu/libm-2.19.so
7fa97adf1000-7fa97aff0000 ---p 00100000 08:01 5373964                    /lib/x86_64-linux-gnu/libm-2.19.so
7fa97aff0000-7fa97aff1000 r--p 000ff000 08:01 5373964                    /lib/x86_64-linux-gnu/libm-2.19.so
7fa97aff1000-7fa97aff2000 rw-p 00100000 08:01 5373964                    /lib/x86_64-linux-gnu/libm-2.19.so
7fa97aff2000-7fa97b0de000 r-xp 00000000 08:01 791154                     /usr/lib/x86_64-linux-gnu/libstdc++.so.6.0.20
7fa97b0de000-7fa97b2de000 ---p 000ec000 08:01 791154                     /usr/lib/x86_64-linux-gnu/libstdc++.so.6.0.20
7fa97b2de000-7fa97b2e6000 r--p 000ec000 08:01 791154                     /usr/lib/x86_64-linux-gnu/libstdc++.so.6.0.20
7fa97b2e6000-7fa97b2e8000 rw-p 000f4000 08:01 791154                     /usr/lib/x86_64-linux-gnu/libstdc++.so.6.0.20
7fa97b2e8000-7fa97b2fd000 rw-p 00000000 00:00 0 
7fa97b2fd000-7fa97be54000 r-xp 00000000 08:01 1580483                    /usr/lib/jvm/java-7-openjdk-amd64/jre/lib/amd64/server/libjvm.so
7fa97be54000-7fa97c054000 ---p 00b57000 08:01 1580483                    /usr/lib/jvm/java-7-openjdk-amd64/jre/lib/amd64/server/libjvm.so
7fa97c054000-7fa97c0f3000 r--p 00b57000 08:01 1580483                    /usr/lib/jvm/java-7-openjdk-amd64/jre/lib/amd64/server/libjvm.so
7fa97c0f3000-7fa97c116000 rw-p 00bf6000 08:01 1580483                    /usr/lib/jvm/java-7-openjdk-amd64/jre/lib/amd64/server/libjvm.so
7fa97c116000-7fa97c144000 rw-p 00000000 00:00 0 
7fa97c144000-7fa97c15e000 r-xp 00000000 08:01 5374052                    /lib/x86_64-linux-gnu/libz.so.1.2.8
7fa97c15e000-7fa97c35d000 ---p 0001a000 08:01 5374052                    /lib/x86_64-linux-gnu/libz.so.1.2.8
7fa97c35d000-7fa97c35e000 r--p 00019000 08:01 5374052                    /lib/x86_64-linux-gnu/libz.so.1.2.8
7fa97c35e000-7fa97c35f000 rw-p 0001a000 08:01 5374052                    /lib/x86_64-linux-gnu/libz.so.1.2.8
7fa97c35f000-7fa97c501000 r-xp 00000000 08:01 5373960                    /lib/x86_64-linux-gnu/libc-2.19.so
7fa97c501000-7fa97c700000 ---p 001a2000 08:01 5373960                    /lib/x86_64-linux-gnu/libc-2.19.so
7fa97c700000-7fa97c704000 r--p 001a1000 08:01 5373960                    /lib/x86_64-linux-gnu/libc-2.19.so
7fa97c704000-7fa97c706000 rw-p 001a5000 08:01 5373960                    /lib/x86_64-linux-gnu/libc-2.19.so
7fa97c706000-7fa97c70a000 rw-p 00000000 00:00 0 
7fa97c70a000-7fa97c70d000 r-xp 00000000 08:01 5373963                    /lib/x86_64-linux-gnu/libdl-2.19.so
7fa97c70d000-7fa97c90c000 ---p 00003000 08:01 5373963                    /lib/x86_64-linux-gnu/libdl-2.19.so
7fa97c90c000-7fa97c90d000 r--p 00002000 08:01 5373963                    /lib/x86_64-linux-gnu/libdl-2.19.so
7fa97c90d000-7fa97c90e000 rw-p 00003000 08:01 5373963                    /lib/x86_64-linux-gnu/libdl-2.19.so
7fa97c90e000-7fa97c91b000 r-xp 00000000 08:01 1580479                    /usr/lib/jvm/java-7-openjdk-amd64/jre/lib/amd64/jli/libjli.so
7fa97c91b000-7fa97cb1a000 ---p 0000d000 08:01 1580479                    /usr/lib/jvm/java-7-openjdk-amd64/jre/lib/amd64/jli/libjli.so
7fa97cb1a000-7fa97cb1b000 r--p 0000c000 08:01 1580479                    /usr/lib/jvm/java-7-openjdk-amd64/jre/lib/amd64/jli/libjli.so
7fa97cb1b000-7fa97cb1c000 rw-p 0000d000 08:01 1580479                    /usr/lib/jvm/java-7-openjdk-amd64/jre/lib/amd64/jli/libjli.so
7fa97cb1c000-7fa97cb34000 r-xp 00000000 08:01 5373955                    /lib/x86_64-linux-gnu/libpthread-2.19.so
7fa97cb34000-7fa97cd33000 ---p 00018000 08:01 5373955                    /lib/x86_64-linux-gnu/libpthread-2.19.so
7fa97cd33000-7fa97cd34000 r--p 00017000 08:01 5373955                    /lib/x86_64-linux-gnu/libpthread-2.19.so
7fa97cd34000-7fa97cd35000 rw-p 00018000 08:01 5373955                    /lib/x86_64-linux-gnu/libpthread-2.19.so
7fa97cd35000-7fa97cd39000 rw-p 00000000 00:00 0 
7fa97cd39000-7fa97cd59000 r-xp 00000000 08:01 5373957                    /lib/x86_64-linux-gnu/ld-2.19.so
7fa97cd5a000-7fa97cd5e000 r--s 00085000 08:01 1446929                    /usr/lib/jvm/java-7-openjdk-amd64/jre/lib/ext/localedata.jar
7fa97cd5e000-7fa97cd84000 rw-p 00000000 00:00 0 
7fa97cd84000-7fa97ce36000 rw-p 00000000 00:00 0 
7fa97ce36000-7fa97ce39000 ---p 00000000 00:00 0 
7fa97ce39000-7fa97cf3d000 rw-p 00000000 00:00 0                          [stack:8548]
7fa97cf3d000-7fa97cf3f000 r--s 00012000 08:01 1446928                    /usr/lib/jvm/java-7-openjdk-amd64/jre/lib/ext/zipfs.jar
7fa97cf3f000-7fa97cf43000 r--s 00034000 08:01 1446934                    /usr/lib/jvm/java-7-openjdk-amd64/jre/lib/ext/sunjce_provider.jar
7fa97cf43000-7fa97cf44000 r--s 00002000 08:01 1446930                    /usr/lib/jvm/java-7-openjdk-amd64/jre/lib/ext/dnsns.jar
7fa97cf44000-7fa97cf47000 r--s 0000f000 08:01 1446932                    /usr/lib/jvm/java-7-openjdk-amd64/jre/lib/ext/icedtea-sound.jar
7fa97cf47000-7fa97cf4b000 r--s 0003c000 08:01 1446933                    /usr/lib/jvm/java-7-openjdk-amd64/jre/lib/ext/sunpkcs11.jar
7fa97cf4b000-7fa97cf4d000 r--s 00006000 08:01 1317928                    /usr/share/java/java-atk-wrapper.jar
7fa97cf4d000-7fa97cf55000 rw-s 00000000 08:01 3937026                    /tmp/hsperfdata_yann/8545
7fa97cf55000-7fa97cf56000 rw-p 00000000 00:00 0 
7fa97cf56000-7fa97cf57000 ---p 00000000 00:00 0 
7fa97cf57000-7fa97cf59000 rw-p 00000000 00:00 0 
7fa97cf59000-7fa97cf5a000 r--p 00020000 08:01 5373957                    /lib/x86_64-linux-gnu/ld-2.19.so
7fa97cf5a000-7fa97cf5b000 rw-p 00021000 08:01 5373957                    /lib/x86_64-linux-gnu/ld-2.19.so
7fa97cf5b000-7fa97cf5c000 rw-p 00000000 00:00 0 
7ffc54596000-7ffc545b7000 rw-p 00000000 00:00 0                          [stack]
7ffc545e9000-7ffc545eb000 r-xp 00000000 00:00 0                          [vdso]
7ffc545eb000-7ffc545ed000 r--p 00000000 00:00 0                          [vvar]
ffffffffff600000-ffffffffff601000 r-xp 00000000 00:00 0                  [vsyscall]

VM Arguments:
jvm_args: -Djava.awt.headless=true -Xmx1024M -Dfile.encoding=UTF-8 -Duser.country=FR -Duser.language=fr -Duser.variant 
java_command: com.android.dx.command.Main --dex --force-jumbo --num-threads=4 --output /home/yann/Documents/Programmation/Android/Groupe4/univLocation/app/build/intermediates/pre-dexed/debug/com.android.support-appcompat-v7-23.2.0_0cf76070f8a747e556b56563f72e5050291e46e9.jar /home/yann/Documents/Programmation/Android/Groupe4/univLocation/app/build/intermediates/exploded-aar/com.android.support/appcompat-v7/23.2.0/jars/classes.jar
Launcher Type: SUN_STANDARD

Environment Variables:
JAVA_HOME=/usr/lib/jvm/java-7-openjdk-amd64
PATH=/usr/local/bin:/usr/bin:/bin:/usr/local/games:/usr/games
USERNAME=yann
LD_LIBRARY_PATH=./android-studio/bin:
SHELL=/bin/bash
DISPLAY=:0

Signal Handlers:
SIGSEGV: [libjvm.so+0x989ea0], sa_mask[0]=0x7ffbfeff, sa_flags=0x10000004
SIGBUS: [libjvm.so+0x989ea0], sa_mask[0]=0x7ffbfeff, sa_flags=0x10000004
SIGFPE: [libjvm.so+0x7f6820], sa_mask[0]=0x7ffbfeff, sa_flags=0x10000004
SIGPIPE: [libjvm.so+0x7f6820], sa_mask[0]=0x7ffbfeff, sa_flags=0x10000004
SIGXFSZ: [libjvm.so+0x7f6820], sa_mask[0]=0x7ffbfeff, sa_flags=0x10000004
SIGILL: [libjvm.so+0x7f6820], sa_mask[0]=0x7ffbfeff, sa_flags=0x10000004
SIGUSR1: SIG_DFL, sa_mask[0]=0x00000000, sa_flags=0x00000000
SIGUSR2: [libjvm.so+0x7f66a0], sa_mask[0]=0x00000004, sa_flags=0x10000004
SIGHUP: [libjvm.so+0x7f68a0], sa_mask[0]=0x7ffbfeff, sa_flags=0x10000004
SIGINT: [libjvm.so+0x7f68a0], sa_mask[0]=0x7ffbfeff, sa_flags=0x10000004
SIGTERM: [libjvm.so+0x7f68a0], sa_mask[0]=0x7ffbfeff, sa_flags=0x10000004
SIGQUIT: [libjvm.so+0x7f68a0], sa_mask[0]=0x7ffbfeff, sa_flags=0x10000004
SIGTRAP: SIG_DFL, sa_mask[0]=0x00000000, sa_flags=0x00000000


---------------  S Y S T E M  ---------------

OS:8.4

uname:Linux 3.16.0-4-amd64 #1 SMP Debian 3.16.7-ckt25-2 (2016-04-08) x86_64
libc:glibc 2.19 NPTL 2.19 
rlimit: STACK 8192k, CORE 0k, NPROC 15318, NOFILE 65536, AS infinity
load average:16,76 8,88 6,00

/proc/meminfo:
MemTotal:        3938628 kB
MemFree:          123604 kB
MemAvailable:      98316 kB
Buffers:            2832 kB
Cached:           452100 kB
SwapCached:            0 kB
Active:          3277248 kB
Inactive:         403852 kB
Active(anon):    3230172 kB
Inactive(anon):   366808 kB
Active(file):      47076 kB
Inactive(file):    37044 kB
Unevictable:           0 kB
Mlocked:               0 kB
SwapTotal:             0 kB
SwapFree:              0 kB
Dirty:             11928 kB
Writeback:             0 kB
AnonPages:       3226200 kB
Mapped:            43080 kB
Shmem:            371364 kB
Slab:              65324 kB
SReclaimable:      34232 kB
SUnreclaim:        31092 kB
KernelStack:        8912 kB
PageTables:        31908 kB
NFS_Unstable:          0 kB
Bounce:                0 kB
WritebackTmp:          0 kB
CommitLimit:     1969312 kB
Committed_AS:    6844056 kB
VmallocTotal:   34359738367 kB
VmallocUsed:      347180 kB
VmallocChunk:   34359387100 kB
HardwareCorrupted:     0 kB
AnonHugePages:         0 kB
HugePages_Total:       0
HugePages_Free:        0
HugePages_Rsvd:        0
HugePages_Surp:        0
Hugepagesize:       2048 kB
DirectMap4k:       67200 kB
DirectMap2M:     4007936 kB


CPU:total 4 (2 cores per cpu, 2 threads per core) family 6 model 42 stepping 7, cmov, cx8, fxsr, mmx, sse, sse2, sse3, ssse3, sse4.1, sse4.2, popcnt, avx, aes, ht, tsc, tscinvbit

/proc/cpuinfo:
processor	: 0
vendor_id	: GenuineIntel
cpu family	: 6
model		: 42
model name	: Intel(R) Core(TM) i5-2520M CPU @ 2.50GHz
stepping	: 7
microcode	: 0x23
cpu MHz		: 3000.000
cache size	: 3072 KB
physical id	: 0
siblings	: 4
core id		: 0
cpu cores	: 2
apicid		: 0
initial apicid	: 0
fpu		: yes
fpu_exception	: yes
cpuid level	: 13
wp		: yes
flags		: fpu vme de pse tsc msr pae mce cx8 apic sep mtrr pge mca cmov pat pse36 clflush dts acpi mmx fxsr sse sse2 ss ht tm pbe syscall nx rdtscp lm constant_tsc arch_perfmon pebs bts nopl xtopology nonstop_tsc aperfmperf eagerfpu pni pclmulqdq dtes64 ds_cpl vmx smx est tm2 ssse3 cx16 xtpr pdcm pcid sse4_1 sse4_2 x2apic popcnt tsc_deadline_timer aes xsave avx lahf_lm ida arat epb xsaveopt pln pts dtherm tpr_shadow vnmi flexpriority ept vpid
bogomips	: 4983.71
clflush size	: 64
cache_alignment	: 64
address sizes	: 36 bits physical, 48 bits virtual
power management:

processor	: 1
vendor_id	: GenuineIntel
cpu family	: 6
model		: 42
model name	: Intel(R) Core(TM) i5-2520M CPU @ 2.50GHz
stepping	: 7
microcode	: 0x23
cpu MHz		: 3000.000
cache size	: 3072 KB
physical id	: 0
siblings	: 4
core id		: 0
cpu cores	: 2
apicid		: 1
initial apicid	: 1
fpu		: yes
fpu_exception	: yes
cpuid level	: 13
wp		: yes
flags		: fpu vme de pse tsc msr pae mce cx8 apic sep mtrr pge mca cmov pat pse36 clflush dts acpi mmx fxsr sse sse2 ss ht tm pbe syscall nx rdtscp lm constant_tsc arch_perfmon pebs bts nopl xtopology nonstop_tsc aperfmperf eagerfpu pni pclmulqdq dtes64 ds_cpl vmx smx est tm2 ssse3 cx16 xtpr pdcm pcid sse4_1 sse4_2 x2apic popcnt tsc_deadline_timer aes xsave avx lahf_lm ida arat epb xsaveopt pln pts dtherm tpr_shadow vnmi flexpriority ept vpid
bogomips	: 4983.71
clflush size	: 64
cache_alignment	: 64
address sizes	: 36 bits physical, 48 bits virtual
power management:

processor	: 2
vendor_id	: GenuineIntel
cpu family	: 6
model		: 42
model name	: Intel(R) Core(TM) i5-2520M CPU @ 2.50GHz
stepping	: 7
microcode	: 0x23
cpu MHz		: 3000.000
cache size	: 3072 KB
physical id	: 0
siblings	: 4
core id		: 1
cpu cores	: 2
apicid		: 2
initial apicid	: 2
fpu		: yes
fpu_exception	: yes
cpuid level	: 13
wp		: yes
flags		: fpu vme de pse tsc msr pae mce cx8 apic sep mtrr pge mca cmov pat pse36 clflush dts acpi mmx fxsr sse sse2 ss ht tm pbe syscall nx rdtscp lm constant_tsc arch_perfmon pebs bts nopl xtopology nonstop_tsc aperfmperf eagerfpu pni pclmulqdq dtes64 ds_cpl vmx smx est tm2 ssse3 cx16 xtpr pdcm pcid sse4_1 sse4_2 x2apic popcnt tsc_deadline_timer aes xsave avx lahf_lm ida arat epb xsaveopt pln pts dtherm tpr_shadow vnmi flexpriority ept vpid
bogomips	: 4983.71
clflush size	: 64
cache_alignment	: 64
address sizes	: 36 bits physical, 48 bits virtual
power management:

processor	: 3
vendor_id	: GenuineIntel
cpu family	: 6
model		: 42
model name	: Intel(R) Core(TM) i5-2520M CPU @ 2.50GHz
stepping	: 7
microcode	: 0x23
cpu MHz		: 3000.000
cache size	: 3072 KB
physical id	: 0
siblings	: 4
core id		: 1
cpu cores	: 2
apicid		: 3
initial apicid	: 3
fpu		: yes
fpu_exception	: yes
cpuid level	: 13
wp		: yes
flags		: fpu vme de pse tsc msr pae mce cx8 apic sep mtrr pge mca cmov pat pse36 clflush dts acpi mmx fxsr sse sse2 ss ht tm pbe syscall nx rdtscp lm constant_tsc arch_perfmon pebs bts nopl xtopology nonstop_tsc aperfmperf eagerfpu pni pclmulqdq dtes64 ds_cpl vmx smx est tm2 ssse3 cx16 xtpr pdcm pcid sse4_1 sse4_2 x2apic popcnt tsc_deadline_timer aes xsave avx lahf_lm ida arat epb xsaveopt pln pts dtherm tpr_shadow vnmi flexpriority ept vpid
bogomips	: 4983.71
clflush size	: 64
cache_alignment	: 64
address sizes	: 36 bits physical, 48 bits virtual
power management:



Memory: 4k page, physical 3938628k(123604k free), swap 0k(0k free)

vm_info: OpenJDK 64-Bit Server VM (24.95-b01) for linux-amd64 JRE (1.7.0_101-b00), built on Apr 25 2016 09:53:23 by "jmm" with gcc 4.9.2

time: Tue May 24 20:07:47 2016
elapsed time: 35 seconds

