#
# There is insufficient memory for the Java Runtime Environment to continue.
# Native memory allocation (malloc) failed to allocate 71303168 bytes for committing reserved memory.
# Possible reasons:
#   The system is out of physical RAM or swap space
#   In 32 bit mode, the process size limit was hit
# Possible solutions:
#   Reduce memory load on the system
#   Increase physical memory or swap space
#   Check if swap backing store is full
#   Use 64 bit Java on a 64 bit OS
#   Decrease Java heap size (-Xmx/-Xms)
#   Decrease number of Java threads
#   Decrease Java thread stack sizes (-Xss)
#   Set larger code cache with -XX:ReservedCodeCacheSize=
# This output file may be truncated or incomplete.
#
#  Out of Memory Error (os_linux.cpp:2827), pid=9708, tid=140018025735936
#
# JRE version: OpenJDK Runtime Environment (7.0_101) (build 1.7.0_101-b00)
# Java VM: OpenJDK 64-Bit Server VM (24.95-b01 mixed mode linux-amd64 compressed oops)
# Derivative: IcedTea 2.6.6
# Distribution: Debian GNU/Linux 8.2 (jessie), package 7u101-2.6.6-1~deb8u1
# Failed to write core dump. Core dumps have been disabled. To enable core dumping, try "ulimit -c unlimited" before starting Java again
#

---------------  T H R E A D  ---------------

Current thread (0x00007f5880076000):  VMThread [stack: 0x00007f587c9fa000,0x00007f587cafb000] [id=9718]

Stack: [0x00007f587c9fa000,0x00007f587cafb000],  sp=0x00007f587caf94e0,  free space=1021k
Native frames: (J=compiled Java code, j=interpreted, Vv=VM code, C=native code)
V  [libjvm.so+0x9893b6]
V  [libjvm.so+0x493832]
V  [libjvm.so+0x7fb2db]
V  [libjvm.so+0x7f59be]
V  [libjvm.so+0x86937b]
V  [libjvm.so+0x86a233]
V  [libjvm.so+0x86a94b]
V  [libjvm.so+0x8662b1]
V  [libjvm.so+0x866b28]
V  [libjvm.so+0x81e603]
V  [libjvm.so+0x98ac82]
V  [libjvm.so+0x98f107]
V  [libjvm.so+0x98d87b]
V  [libjvm.so+0x98df26]
V  [libjvm.so+0x98e3f1]
V  [libjvm.so+0x7f8202]

VM_Operation (0x00007f586fefd0b0): ParallelGCFailedAllocation, mode: safepoint, requested by thread 0x00007f588019d800


---------------  P R O C E S S  ---------------

Java Threads: ( => current thread )
  0x00007f58801a0800 JavaThread "pool-1-thread-4" [_thread_blocked, id=9748, stack(0x00007f586fbfc000,0x00007f586fcfd000)]
  0x00007f588019e800 JavaThread "pool-1-thread-3" [_thread_blocked, id=9747, stack(0x00007f586fcfd000,0x00007f586fdfe000)]
  0x00007f588019d800 JavaThread "pool-1-thread-2" [_thread_blocked, id=9746, stack(0x00007f586fdfe000,0x00007f586feff000)]
  0x00007f5880196800 JavaThread "pool-2-thread-1" [_thread_blocked, id=9745, stack(0x00007f586feff000,0x00007f5870000000)]
  0x00007f5880193800 JavaThread "pool-1-thread-1" [_thread_blocked, id=9744, stack(0x00007f587c069000,0x00007f587c16a000)]
  0x00007f58800b1000 JavaThread "Service Thread" daemon [_thread_blocked, id=9724, stack(0x00007f587c26b000,0x00007f587c36c000)]
  0x00007f58800ae800 JavaThread "C2 CompilerThread1" daemon [_thread_in_native, id=9723, stack(0x00007f587c36c000,0x00007f587c46d000)]
  0x00007f58800ab800 JavaThread "C2 CompilerThread0" daemon [_thread_in_native, id=9722, stack(0x00007f587c46d000,0x00007f587c56e000)]
  0x00007f58800a9800 JavaThread "Signal Dispatcher" daemon [_thread_blocked, id=9721, stack(0x00007f587c56e000,0x00007f587c66f000)]
  0x00007f588007c800 JavaThread "Finalizer" daemon [_thread_blocked, id=9720, stack(0x00007f587c7f8000,0x00007f587c8f9000)]
  0x00007f588007a800 JavaThread "Reference Handler" daemon [_thread_blocked, id=9719, stack(0x00007f587c8f9000,0x00007f587c9fa000)]
  0x00007f588000a800 JavaThread "main" [_thread_blocked, id=9711, stack(0x00007f5888cad000,0x00007f5888dae000)]

Other Threads:
=>0x00007f5880076000 VMThread [stack: 0x00007f587c9fa000,0x00007f587cafb000] [id=9718]
  0x00007f58800bb800 WatcherThread [stack: 0x00007f587c16a000,0x00007f587c26b000] [id=9725]

VM state:at safepoint (normal execution)

VM Mutex/Monitor currently owned by a thread:  ([mutex/lock_event])
[0x00007f5880006b40] Threads_lock - owner thread: 0x00007f5880076000
[0x00007f5880007040] Heap_lock - owner thread: 0x00007f588019d800

Heap
 PSYoungGen      total 70656K, used 10208K [0x00000000eaa80000, 0x00000000efa80000, 0x0000000100000000)
  eden space 60416K, 0% used [0x00000000eaa80000,0x00000000eaa80000,0x00000000ee580000)
  from space 10240K, 99% used [0x00000000ee580000,0x00000000eef78010,0x00000000eef80000)
  to   space 9216K, 0% used [0x00000000eef80000,0x00000000eef80000,0x00000000ef880000)
 ParOldGen       total 40960K, used 15354K [0x00000000c0000000, 0x00000000c2800000, 0x00000000eaa80000)
  object space 40960K, 37% used [0x00000000c0000000,0x00000000c0efeb88,0x00000000c2800000)
 PSPermGen       total 21504K, used 6349K [0x00000000b5a00000, 0x00000000b6f00000, 0x00000000c0000000)
  object space 21504K, 29% used [0x00000000b5a00000,0x00000000b60337f0,0x00000000b6f00000)

Card table byte_map: [0x00007f5885675000,0x00007f58858c9000] byte_map_base: 0x00007f58850c8000

Polling page: 0x00007f5888dcd000

Code Cache  [0x00007f587d000000, 0x00007f587d270000, 0x00007f5880000000)
 total_blobs=486 nmethods=255 adapters=184 free_code_cache=48040Kb largest_free_block=49125952

Compilation events (10 events):
Event: 13,746 Thread 0x00007f58800ae800 nmethod 255 0x00007f587d0e0bd0 code [0x00007f587d0e0d00, 0x00007f587d0e0d58]
Event: 13,746 Thread 0x00007f58800ae800  256             com.android.dx.ssa.NormalSsaInsn::accept (25 bytes)
Event: 13,843 Thread 0x00007f58800ae800 nmethod 256 0x00007f587d0ffbd0 code [0x00007f587d0ffe60, 0x00007f587d100c70]
Event: 13,843 Thread 0x00007f58800ae800  257             com.android.dx.ssa.SCCP::simulateBlock (54 bytes)
Event: 14,977 Thread 0x00007f58800ae800 nmethod 257 0x00007f587d11ba90 code [0x00007f587d11c020, 0x00007f587d11efb8]
Event: 14,977 Thread 0x00007f58800ae800  258             com.android.dx.cf.code.Frame::getStack (5 bytes)
Event: 14,978 Thread 0x00007f58800ae800 nmethod 258 0x00007f587d0de7d0 code [0x00007f587d0de900, 0x00007f587d0de958]
Event: 14,978 Thread 0x00007f58800ae800  259             java.util.Arrays::hashCode (56 bytes)
Event: 14,980 Thread 0x00007f58800ae800 nmethod 259 0x00007f587d0de410 code [0x00007f587d0de560, 0x00007f587d0de6b8]
Event: 14,980 Thread 0x00007f58800ae800  260             com.android.dx.ssa.back.IdenticalBlockCombiner::process (323 bytes)

GC Heap History (10 events):
Event: 2,113 GC heap after
Heap after GC invocations=2 (full 0):
 PSYoungGen      total 17920K, used 2539K [0x00000000eaa80000, 0x00000000ecd80000, 0x0000000100000000)
  eden space 15360K, 0% used [0x00000000eaa80000,0x00000000eaa80000,0x00000000eb980000)
  from space 2560K, 99% used [0x00000000ebc00000,0x00000000ebe7ad38,0x00000000ebe80000)
  to   space 2560K, 0% used [0x00000000eb980000,0x00000000eb980000,0x00000000ebc00000)
 ParOldGen       total 40960K, used 559K [0x00000000c0000000, 0x00000000c2800000, 0x00000000eaa80000)
  object space 40960K, 1% used [0x00000000c0000000,0x00000000c008bf90,0x00000000c2800000)
 PSPermGen       total 21504K, used 5873K [0x00000000b5a00000, 0x00000000b6f00000, 0x00000000c0000000)
  object space 21504K, 27% used [0x00000000b5a00000,0x00000000b5fbc500,0x00000000b6f00000)
}
Event: 3,359 GC heap before
{Heap before GC invocations=3 (full 0):
 PSYoungGen      total 17920K, used 17899K [0x00000000eaa80000, 0x00000000ecd80000, 0x0000000100000000)
  eden space 15360K, 100% used [0x00000000eaa80000,0x00000000eb980000,0x00000000eb980000)
  from space 2560K, 99% used [0x00000000ebc00000,0x00000000ebe7ad38,0x00000000ebe80000)
  to   space 2560K, 0% used [0x00000000eb980000,0x00000000eb980000,0x00000000ebc00000)
 ParOldGen       total 40960K, used 559K [0x00000000c0000000, 0x00000000c2800000, 0x00000000eaa80000)
  object space 40960K, 1% used [0x00000000c0000000,0x00000000c008bf90,0x00000000c2800000)
 PSPermGen       total 21504K, used 6128K [0x00000000b5a00000, 0x00000000b6f00000, 0x00000000c0000000)
  object space 21504K, 28% used [0x00000000b5a00000,0x00000000b5ffc3d0,0x00000000b6f00000)
Event: 3,383 GC heap after
Heap after GC invocations=3 (full 0):
 PSYoungGen      total 17920K, used 2544K [0x00000000eaa80000, 0x00000000ecd80000, 0x0000000100000000)
  eden space 15360K, 0% used [0x00000000eaa80000,0x00000000eaa80000,0x00000000eb980000)
  from space 2560K, 99% used [0x00000000eb980000,0x00000000ebbfc048,0x00000000ebc00000)
  to   space 2560K, 0% used [0x00000000ecb00000,0x00000000ecb00000,0x00000000ecd80000)
 ParOldGen       total 40960K, used 2294K [0x00000000c0000000, 0x00000000c2800000, 0x00000000eaa80000)
  object space 40960K, 5% used [0x00000000c0000000,0x00000000c023db90,0x00000000c2800000)
 PSPermGen       total 21504K, used 6128K [0x00000000b5a00000, 0x00000000b6f00000, 0x00000000c0000000)
  object space 21504K, 28% used [0x00000000b5a00000,0x00000000b5ffc3d0,0x00000000b6f00000)
}
Event: 4,656 GC heap before
{Heap before GC invocations=4 (full 0):
 PSYoungGen      total 17920K, used 17904K [0x00000000eaa80000, 0x00000000ecd80000, 0x0000000100000000)
  eden space 15360K, 100% used [0x00000000eaa80000,0x00000000eb980000,0x00000000eb980000)
  from space 2560K, 99% used [0x00000000eb980000,0x00000000ebbfc048,0x00000000ebc00000)
  to   space 2560K, 0% used [0x00000000ecb00000,0x00000000ecb00000,0x00000000ecd80000)
 ParOldGen       total 40960K, used 2294K [0x00000000c0000000, 0x00000000c2800000, 0x00000000eaa80000)
  object space 40960K, 5% used [0x00000000c0000000,0x00000000c023db90,0x00000000c2800000)
 PSPermGen       total 21504K, used 6205K [0x00000000b5a00000, 0x00000000b6f00000, 0x00000000c0000000)
  object space 21504K, 28% used [0x00000000b5a00000,0x00000000b600f5d8,0x00000000b6f00000)
Event: 4,689 GC heap after
Heap after GC invocations=4 (full 0):
 PSYoungGen      total 33280K, used 2544K [0x00000000eaa80000, 0x00000000ecd80000, 0x0000000100000000)
  eden space 30720K, 0% used [0x00000000eaa80000,0x00000000eaa80000,0x00000000ec880000)
  from space 2560K, 99% used [0x00000000ecb00000,0x00000000ecd7c058,0x00000000ecd80000)
  to   space 2560K, 0% used [0x00000000ec880000,0x00000000ec880000,0x00000000ecb00000)
 ParOldGen       total 40960K, used 4748K [0x00000000c0000000, 0x00000000c2800000, 0x00000000eaa80000)
  object space 40960K, 11% used [0x00000000c0000000,0x00000000c04a3358,0x00000000c2800000)
 PSPermGen       total 21504K, used 6205K [0x00000000b5a00000, 0x00000000b6f00000, 0x00000000c0000000)
  object space 21504K, 28% used [0x00000000b5a00000,0x00000000b600f5d8,0x00000000b6f00000)
}
Event: 7,645 GC heap before
{Heap before GC invocations=5 (full 0):
 PSYoungGen      total 33280K, used 33264K [0x00000000eaa80000, 0x00000000ecd80000, 0x0000000100000000)
  eden space 30720K, 100% used [0x00000000eaa80000,0x00000000ec880000,0x00000000ec880000)
  from space 2560K, 99% used [0x00000000ecb00000,0x00000000ecd7c058,0x00000000ecd80000)
  to   space 2560K, 0% used [0x00000000ec880000,0x00000000ec880000,0x00000000ecb00000)
 ParOldGen       total 40960K, used 4748K [0x00000000c0000000, 0x00000000c2800000, 0x00000000eaa80000)
  object space 40960K, 11% used [0x00000000c0000000,0x00000000c04a3358,0x00000000c2800000)
 PSPermGen       total 21504K, used 6267K [0x00000000b5a00000, 0x00000000b6f00000, 0x00000000c0000000)
  object space 21504K, 29% used [0x00000000b5a00000,0x00000000b601ef20,0x00000000b6f00000)
Event: 7,689 GC heap after
Heap after GC invocations=5 (full 0):
 PSYoungGen      total 33280K, used 2528K [0x00000000eaa80000, 0x00000000ef880000, 0x0000000100000000)
  eden space 30720K, 0% used [0x00000000eaa80000,0x00000000eaa80000,0x00000000ec880000)
  from space 2560K, 98% used [0x00000000ec880000,0x00000000ecaf8048,0x00000000ecb00000)
  to   space 9216K, 0% used [0x00000000eef80000,0x00000000eef80000,0x00000000ef880000)
 ParOldGen       total 40960K, used 9771K [0x00000000c0000000, 0x00000000c2800000, 0x00000000eaa80000)
  object space 40960K, 23% used [0x00000000c0000000,0x00000000c098aed8,0x00000000c2800000)
 PSPermGen       total 21504K, used 6267K [0x00000000b5a00000, 0x00000000b6f00000, 0x00000000c0000000)
  object space 21504K, 29% used [0x00000000b5a00000,0x00000000b601ef20,0x00000000b6f00000)
}
Event: 11,228 GC heap before
{Heap before GC invocations=6 (full 0):
 PSYoungGen      total 33280K, used 33248K [0x00000000eaa80000, 0x00000000ef880000, 0x0000000100000000)
  eden space 30720K, 100% used [0x00000000eaa80000,0x00000000ec880000,0x00000000ec880000)
  from space 2560K, 98% used [0x00000000ec880000,0x00000000ecaf8048,0x00000000ecb00000)
  to   space 9216K, 0% used [0x00000000eef80000,0x00000000eef80000,0x00000000ef880000)
 ParOldGen       total 40960K, used 9771K [0x00000000c0000000, 0x00000000c2800000, 0x00000000eaa80000)
  object space 40960K, 23% used [0x00000000c0000000,0x00000000c098aed8,0x00000000c2800000)
 PSPermGen       total 21504K, used 6297K [0x00000000b5a00000, 0x00000000b6f00000, 0x00000000c0000000)
  object space 21504K, 29% used [0x00000000b5a00000,0x00000000b6026710,0x00000000b6f00000)
Event: 11,290 GC heap after
Heap after GC invocations=6 (full 0):
 PSYoungGen      total 69632K, used 7664K [0x00000000eaa80000, 0x00000000efa80000, 0x0000000100000000)
  eden space 60416K, 0% used [0x00000000eaa80000,0x00000000eaa80000,0x00000000ee580000)
  from space 9216K, 83% used [0x00000000eef80000,0x00000000ef6fc058,0x00000000ef880000)
  to   space 10240K, 0% used [0x00000000ee580000,0x00000000ee580000,0x00000000eef80000)
 ParOldGen       total 40960K, used 9771K [0x00000000c0000000, 0x00000000c2800000, 0x00000000eaa80000)
  object space 40960K, 23% used [0x00000000c0000000,0x00000000c098aed8,0x00000000c2800000)
 PSPermGen       total 21504K, used 6297K [0x00000000b5a00000, 0x00000000b6f00000, 0x00000000c0000000)
  object space 21504K, 29% used [0x00000000b5a00000,0x00000000b6026710,0x00000000b6f00000)
}
Event: 15,425 GC heap before
{Heap before GC invocations=7 (full 0):
 PSYoungGen      total 69632K, used 68080K [0x00000000eaa80000, 0x00000000efa80000, 0x0000000100000000)
  eden space 60416K, 100% used [0x00000000eaa80000,0x00000000ee580000,0x00000000ee580000)
  from space 9216K, 83% used [0x00000000eef80000,0x00000000ef6fc058,0x00000000ef880000)
  to   space 10240K, 0% used [0x00000000ee580000,0x00000000ee580000,0x00000000eef80000)
 ParOldGen       total 40960K, used 9771K [0x00000000c0000000, 0x00000000c2800000, 0x00000000eaa80000)
  object space 40960K, 23% used [0x00000000c0000000,0x00000000c098aed8,0x00000000c2800000)
 PSPermGen       total 21504K, used 6349K [0x00000000b5a00000, 0x00000000b6f00000, 0x00000000c0000000)
  object space 21504K, 29% used [0x00000000b5a00000,0x00000000b60337f0,0x00000000b6f00000)

Deoptimization events (10 events):
Event: 2,300 Thread 0x00007f58801a0800 Uncommon trap: reason=unstable_if action=reinterpret pc=0x00007f587d07acdc method=java.util.BitSet.nextSetBit(I)I @ 87
Event: 2,765 Thread 0x00007f588019e800 Uncommon trap: reason=null_check action=make_not_entrant pc=0x00007f587d08aba0 method=com.android.dx.rop.code.LocalItem.equals(Ljava/lang/Object;)Z @ 1
Event: 2,921 Thread 0x00007f588000a800 Uncommon trap: reason=class_check action=maybe_recompile pc=0x00007f587d07d4dc method=com.android.dx.ssa.NormalSsaInsn.accept(Lcom/android/dx/ssa/SsaInsn$Visitor;)V @ 9
Event: 3,279 Thread 0x00007f5880193800 Uncommon trap: reason=class_check action=maybe_recompile pc=0x00007f587d09c2a8 method=com.android.dx.ssa.NormalSsaInsn.accept(Lcom/android/dx/ssa/SsaInsn$Visitor;)V @ 9
Event: 3,332 Thread 0x00007f5880193800 Uncommon trap: reason=class_check action=maybe_recompile pc=0x00007f587d09c2a8 method=com.android.dx.ssa.NormalSsaInsn.accept(Lcom/android/dx/ssa/SsaInsn$Visitor;)V @ 9
Event: 3,440 Thread 0x00007f5880193800 Uncommon trap: reason=class_check action=maybe_recompile pc=0x00007f587d09c2a8 method=com.android.dx.ssa.NormalSsaInsn.accept(Lcom/android/dx/ssa/SsaInsn$Visitor;)V @ 9
Event: 3,440 Thread 0x00007f5880193800 Uncommon trap: reason=class_check action=maybe_recompile pc=0x00007f587d07d4dc method=com.android.dx.ssa.NormalSsaInsn.accept(Lcom/android/dx/ssa/SsaInsn$Visitor;)V @ 9
Event: 5,961 Thread 0x00007f588019e800 Uncommon trap: reason=unstable_if action=reinterpret pc=0x00007f587d094e34 method=com.android.dx.util.IntList.binarysearch(I)I @ 105
Event: 7,854 Thread 0x00007f5880193800 Uncommon trap: reason=unstable_if action=reinterpret pc=0x00007f587d0c056c method=java.util.BitSet.clone()Ljava/lang/Object; @ 4
Event: 10,856 Thread 0x00007f588000a800 Uncommon trap: reason=null_check action=make_not_entrant pc=0x00007f587d0dfffc method=com.android.dx.rop.type.Type.putIntern(Lcom/android/dx/rop/type/Type;)Lcom/android/dx/rop/type/Type; @ 18

Internal exceptions (10 events):
Event: 3,039 Thread 0x00007f588000a800 Threw 0x00000000eb4dbd20 at /home/jmm/jdk4/openjdk-7-7u101-2.6.6/build/openjdk/hotspot/src/share/vm/prims/jvm.cpp:1322
Event: 3,138 Thread 0x00007f588000a800 Threw 0x00000000eb6a4c88 at /home/jmm/jdk4/openjdk-7-7u101-2.6.6/build/openjdk/hotspot/src/share/vm/prims/jvm.cpp:1322
Event: 3,138 Thread 0x00007f588000a800 Threw 0x00000000eb6a7e78 at /home/jmm/jdk4/openjdk-7-7u101-2.6.6/build/openjdk/hotspot/src/share/vm/prims/jvm.cpp:1322
Event: 3,742 Thread 0x00007f58801a0800 Threw 0x00000000eafd6a60 at /home/jmm/jdk4/openjdk-7-7u101-2.6.6/build/openjdk/hotspot/src/share/vm/prims/jvm.cpp:1322
Event: 3,743 Thread 0x00007f58801a0800 Threw 0x00000000eafdccc8 at /home/jmm/jdk4/openjdk-7-7u101-2.6.6/build/openjdk/hotspot/src/share/vm/prims/jvm.cpp:1322
Event: 3,744 Thread 0x00007f58801a0800 Threw 0x00000000eafe2d88 at /home/jmm/jdk4/openjdk-7-7u101-2.6.6/build/openjdk/hotspot/src/share/vm/prims/jvm.cpp:1322
Event: 7,530 Thread 0x00007f588000a800 Threw 0x00000000ec61b790 at /home/jmm/jdk4/openjdk-7-7u101-2.6.6/build/openjdk/hotspot/src/share/vm/prims/jvm.cpp:1322
Event: 8,897 Thread 0x00007f588000a800 Threw 0x00000000eb5eac80 at /home/jmm/jdk4/openjdk-7-7u101-2.6.6/build/openjdk/hotspot/src/share/vm/prims/jvm.cpp:1322
Event: 10,856 Thread 0x00007f588000a800 Implicit null exception at 0x00007f587d0df90b to 0x00007f587d0dffed
Event: 12,587 Thread 0x00007f588019e800 Threw 0x00000000ebcfb560 at /home/jmm/jdk4/openjdk-7-7u101-2.6.6/build/openjdk/hotspot/src/share/vm/prims/jvm.cpp:1322

Events (10 events):
Event: 11,343 Executing VM operation: RevokeBias done
Event: 11,343 Executing VM operation: RevokeBias
Event: 11,343 Executing VM operation: RevokeBias done
Event: 11,343 Executing VM operation: RevokeBias
Event: 11,343 Executing VM operation: RevokeBias done
Event: 11,343 Executing VM operation: BulkRevokeBias
Event: 11,343 Executing VM operation: BulkRevokeBias done
Event: 12,587 loading class 0x00007f5844018980
Event: 12,587 loading class 0x00007f5844018980 done
Event: 15,412 Executing VM operation: ParallelGCFailedAllocation


Dynamic libraries:
00400000-00401000 r-xp 00000000 08:01 1582995                            /usr/lib/jvm/java-7-openjdk-amd64/jre/bin/java
00600000-00601000 r--p 00000000 08:01 1582995                            /usr/lib/jvm/java-7-openjdk-amd64/jre/bin/java
00601000-00602000 rw-p 00001000 08:01 1582995                            /usr/lib/jvm/java-7-openjdk-amd64/jre/bin/java
0234a000-0236b000 rw-p 00000000 00:00 0                                  [heap]
b5a00000-b6f00000 rw-p 00000000 00:00 0 
b6f00000-c0000000 rw-p 00000000 00:00 0 
c0000000-c2800000 rw-p 00000000 00:00 0 
c2800000-eaa80000 rw-p 00000000 00:00 0 
eaa80000-efa80000 rw-p 00000000 00:00 0 
f3e80000-100000000 rw-p 00000000 00:00 0 
7f5830000000-7f5830024000 rw-p 00000000 00:00 0 
7f5830024000-7f5834000000 ---p 00000000 00:00 0 
7f5834000000-7f5834021000 rw-p 00000000 00:00 0 
7f5834021000-7f5838000000 ---p 00000000 00:00 0 
7f5838000000-7f5838021000 rw-p 00000000 00:00 0 
7f5838021000-7f583c000000 ---p 00000000 00:00 0 
7f583c000000-7f583c023000 rw-p 00000000 00:00 0 
7f583c023000-7f5840000000 ---p 00000000 00:00 0 
7f5840000000-7f5840021000 rw-p 00000000 00:00 0 
7f5840021000-7f5844000000 ---p 00000000 00:00 0 
7f5844000000-7f584403f000 rw-p 00000000 00:00 0 
7f584403f000-7f5848000000 ---p 00000000 00:00 0 
7f5848000000-7f5849656000 rw-p 00000000 00:00 0 
7f5849656000-7f584c000000 ---p 00000000 00:00 0 
7f584c000000-7f584c021000 rw-p 00000000 00:00 0 
7f584c021000-7f5850000000 ---p 00000000 00:00 0 
7f5850000000-7f5850021000 rw-p 00000000 00:00 0 
7f5850021000-7f5854000000 ---p 00000000 00:00 0 
7f5854000000-7f5855541000 rw-p 00000000 00:00 0 
7f5855541000-7f5858000000 ---p 00000000 00:00 0 
7f5858000000-7f5858021000 rw-p 00000000 00:00 0 
7f5858021000-7f585c000000 ---p 00000000 00:00 0 
7f585c000000-7f585c021000 rw-p 00000000 00:00 0 
7f585c021000-7f5860000000 ---p 00000000 00:00 0 
7f5860000000-7f5860021000 rw-p 00000000 00:00 0 
7f5860021000-7f5864000000 ---p 00000000 00:00 0 
7f5864000000-7f5864021000 rw-p 00000000 00:00 0 
7f5864021000-7f5868000000 ---p 00000000 00:00 0 
7f5868000000-7f5868021000 rw-p 00000000 00:00 0 
7f5868021000-7f586c000000 ---p 00000000 00:00 0 
7f586fbfc000-7f586fbff000 ---p 00000000 00:00 0 
7f586fbff000-7f586fcfd000 rw-p 00000000 00:00 0                          [stack:9748]
7f586fcfd000-7f586fd00000 ---p 00000000 00:00 0 
7f586fd00000-7f586fdfe000 rw-p 00000000 00:00 0                          [stack:9747]
7f586fdfe000-7f586fe01000 ---p 00000000 00:00 0 
7f586fe01000-7f586feff000 rw-p 00000000 00:00 0                          [stack:9746]
7f586feff000-7f586ff02000 ---p 00000000 00:00 0 
7f586ff02000-7f5870000000 rw-p 00000000 00:00 0                          [stack:9745]
7f5870000000-7f5870021000 rw-p 00000000 00:00 0 
7f5870021000-7f5874000000 ---p 00000000 00:00 0 
7f5874012000-7f5874313000 rw-p 00000000 00:00 0 
7f5874313000-7f587437f000 r-xp 00000000 08:01 5373998                    /lib/x86_64-linux-gnu/libpcre.so.3.13.1
7f587437f000-7f587457f000 ---p 0006c000 08:01 5373998                    /lib/x86_64-linux-gnu/libpcre.so.3.13.1
7f587457f000-7f5874580000 r--p 0006c000 08:01 5373998                    /lib/x86_64-linux-gnu/libpcre.so.3.13.1
7f5874580000-7f5874581000 rw-p 0006d000 08:01 5373998                    /lib/x86_64-linux-gnu/libpcre.so.3.13.1
7f5874581000-7f5874588000 r-xp 00000000 08:01 790748                     /usr/lib/x86_64-linux-gnu/libffi.so.6.0.2
7f5874588000-7f5874787000 ---p 00007000 08:01 790748                     /usr/lib/x86_64-linux-gnu/libffi.so.6.0.2
7f5874787000-7f5874788000 r--p 00006000 08:01 790748                     /usr/lib/x86_64-linux-gnu/libffi.so.6.0.2
7f5874788000-7f5874789000 rw-p 00007000 08:01 790748                     /usr/lib/x86_64-linux-gnu/libffi.so.6.0.2
7f5874789000-7f587479d000 r-xp 00000000 08:01 5373974                    /lib/x86_64-linux-gnu/libresolv-2.19.so
7f587479d000-7f587499c000 ---p 00014000 08:01 5373974                    /lib/x86_64-linux-gnu/libresolv-2.19.so
7f587499c000-7f587499d000 r--p 00013000 08:01 5373974                    /lib/x86_64-linux-gnu/libresolv-2.19.so
7f587499d000-7f587499e000 rw-p 00014000 08:01 5373974                    /lib/x86_64-linux-gnu/libresolv-2.19.so
7f587499e000-7f58749a0000 rw-p 00000000 00:00 0 
7f58749a0000-7f58749c1000 r-xp 00000000 08:01 5374051                    /lib/x86_64-linux-gnu/libselinux.so.1
7f58749c1000-7f5874bc1000 ---p 00021000 08:01 5374051                    /lib/x86_64-linux-gnu/libselinux.so.1
7f5874bc1000-7f5874bc2000 r--p 00021000 08:01 5374051                    /lib/x86_64-linux-gnu/libselinux.so.1
7f5874bc2000-7f5874bc3000 rw-p 00022000 08:01 5374051                    /lib/x86_64-linux-gnu/libselinux.so.1
7f5874bc3000-7f5874bc5000 rw-p 00000000 00:00 0 
7f5874bc5000-7f5874bc8000 r-xp 00000000 08:01 793762                     /usr/lib/x86_64-linux-gnu/libgmodule-2.0.so.0.4200.1
7f5874bc8000-7f5874dc7000 ---p 00003000 08:01 793762                     /usr/lib/x86_64-linux-gnu/libgmodule-2.0.so.0.4200.1
7f5874dc7000-7f5874dc8000 r--p 00002000 08:01 793762                     /usr/lib/x86_64-linux-gnu/libgmodule-2.0.so.0.4200.1
7f5874dc8000-7f5874dc9000 rw-p 00003000 08:01 793762                     /usr/lib/x86_64-linux-gnu/libgmodule-2.0.so.0.4200.1
7f5874dc9000-7f5874ed5000 r-xp 00000000 08:01 5374471                    /lib/x86_64-linux-gnu/libglib-2.0.so.0.4200.1
7f5874ed5000-7f58750d5000 ---p 0010c000 08:01 5374471                    /lib/x86_64-linux-gnu/libglib-2.0.so.0.4200.1
7f58750d5000-7f58750d6000 r--p 0010c000 08:01 5374471                    /lib/x86_64-linux-gnu/libglib-2.0.so.0.4200.1
7f58750d6000-7f58750d7000 rw-p 0010d000 08:01 5374471                    /lib/x86_64-linux-gnu/libglib-2.0.so.0.4200.1
7f58750d7000-7f58750d8000 rw-p 00000000 00:00 0 
7f58750d8000-7f5875129000 r-xp 00000000 08:01 793761                     /usr/lib/x86_64-linux-gnu/libgobject-2.0.so.0.4200.1
7f5875129000-7f5875329000 ---p 00051000 08:01 793761                     /usr/lib/x86_64-linux-gnu/libgobject-2.0.so.0.4200.1
7f5875329000-7f587532a000 r--p 00051000 08:01 793761                     /usr/lib/x86_64-linux-gnu/libgobject-2.0.so.0.4200.1
7f587532a000-7f587532b000 rw-p 00052000 08:01 793761                     /usr/lib/x86_64-linux-gnu/libgobject-2.0.so.0.4200.1
7f587532b000-7f587549d000 r-xp 00000000 08:01 793764                     /usr/lib/x86_64-linux-gnu/libgio-2.0.so.0.4200.1
7f587549d000-7f587569d000 ---p 00172000 08:01 793764                     /usr/lib/x86_64-linux-gnu/libgio-2.0.so.0.4200.1
7f587569d000-7f58756a1000 r--p 00172000 08:01 793764                     /usr/lib/x86_64-linux-gnu/libgio-2.0.so.0.4200.1
7f58756a1000-7f58756a3000 rw-p 00176000 08:01 793764                     /usr/lib/x86_64-linux-gnu/libgio-2.0.so.0.4200.1
7f58756a3000-7f58756a5000 rw-p 00000000 00:00 0 
7f58756a5000-7f58756bd000 r-xp 00000000 08:01 1448978                    /usr/lib/jvm/java-7-openjdk-amd64/jre/lib/amd64/libnet.so
7f58756bd000-7f58758bc000 ---p 00018000 08:01 1448978                    /usr/lib/jvm/java-7-openjdk-amd64/jre/lib/amd64/libnet.so
7f58758bc000-7f58758bd000 r--p 00017000 08:01 1448978                    /usr/lib/jvm/java-7-openjdk-amd64/jre/lib/amd64/libnet.so
7f58758bd000-7f58758be000 rw-p 00018000 08:01 1448978                    /usr/lib/jvm/java-7-openjdk-amd64/jre/lib/amd64/libnet.so
7f58758be000-7f58758cf000 r-xp 00000000 08:01 1448965                    /usr/lib/jvm/java-7-openjdk-amd64/jre/lib/amd64/libnio.so
7f58758cf000-7f5875ace000 ---p 00011000 08:01 1448965                    /usr/lib/jvm/java-7-openjdk-amd64/jre/lib/amd64/libnio.so
7f5875ace000-7f5875acf000 r--p 00010000 08:01 1448965                    /usr/lib/jvm/java-7-openjdk-amd64/jre/lib/amd64/libnio.so
7f5875acf000-7f5875ad0000 rw-p 00011000 08:01 1448965                    /usr/lib/jvm/java-7-openjdk-amd64/jre/lib/amd64/libnio.so
7f5875ad0000-7f5878000000 rw-p 00000000 00:00 0 
7f5878000000-7f5878021000 rw-p 00000000 00:00 0 
7f5878021000-7f587c000000 ---p 00000000 00:00 0 
7f587c069000-7f587c06c000 ---p 00000000 00:00 0 
7f587c06c000-7f587c16a000 rw-p 00000000 00:00 0                          [stack:9744]
7f587c16a000-7f587c16b000 ---p 00000000 00:00 0 
7f587c16b000-7f587c26b000 rw-p 00000000 00:00 0                          [stack:9725]
7f587c26b000-7f587c26e000 ---p 00000000 00:00 0 
7f587c26e000-7f587c36c000 rw-p 00000000 00:00 0                          [stack:9724]
7f587c36c000-7f587c36f000 ---p 00000000 00:00 0 
7f587c36f000-7f587c46d000 rw-p 00000000 00:00 0                          [stack:9723]
7f587c46d000-7f587c470000 ---p 00000000 00:00 0 
7f587c470000-7f587c56e000 rw-p 00000000 00:00 0                          [stack:9722]
7f587c56e000-7f587c571000 ---p 00000000 00:00 0 
7f587c571000-7f587c66f000 rw-p 00000000 00:00 0                          [stack:9721]
7f587c66f000-7f587c7f8000 r--p 00000000 08:01 790100                     /usr/lib/locale/locale-archive
7f587c7f8000-7f587c7fb000 ---p 00000000 00:00 0 
7f587c7fb000-7f587c8f9000 rw-p 00000000 00:00 0                          [stack:9720]
7f587c8f9000-7f587c8fc000 ---p 00000000 00:00 0 
7f587c8fc000-7f587c9fa000 rw-p 00000000 00:00 0                          [stack:9719]
7f587c9fa000-7f587c9fb000 ---p 00000000 00:00 0 
7f587c9fb000-7f587d000000 rw-p 00000000 00:00 0                          [stack:9718]
7f587d000000-7f587d270000 rwxp 00000000 00:00 0 
7f587d270000-7f58801d0000 rw-p 00000000 00:00 0 
7f58801d0000-7f5884000000 ---p 00000000 00:00 0 
7f588407e000-7f5884085000 r--s 00000000 08:01 788991                     /usr/lib/x86_64-linux-gnu/gconv/gconv-modules.cache
7f5884085000-7f58840ab000 r--p 00000000 08:01 791914                     /usr/share/locale/fr/LC_MESSAGES/libc.mo
7f58840ab000-7f58840c3000 r--s 000f5000 08:01 3676754                    /home/yann/Documents/Programmation/Android/Groupe4/univLocation/app/build/intermediates/exploded-aar/com.google.android.gms/play-services-ads/8.4.0/jars/classes.jar
7f58840c3000-7f58840d2000 r--s 000df000 08:01 4338904                    /home/yann/Documents/Programmation/Android/android-sdk/build-tools/23.0.2/lib/dx.jar
7f58840d2000-7f5884bca000 rw-p 00000000 00:00 0 
7f5884bca000-7f5884d7c000 r--s 01d32000 08:01 1320128                    /usr/lib/jvm/java-7-openjdk-amd64/jre/lib/rt.jar
7f5884d7c000-7f58850c8000 rw-p 00000000 00:00 0 
7f58850c8000-7f58850c9000 ---p 00000000 00:00 0 
7f58850c9000-7f58851c9000 rw-p 00000000 00:00 0                          [stack:9717]
7f58851c9000-7f58851ca000 ---p 00000000 00:00 0 
7f58851ca000-7f58852ca000 rw-p 00000000 00:00 0                          [stack:9716]
7f58852ca000-7f58852cb000 ---p 00000000 00:00 0 
7f58852cb000-7f58853cb000 rw-p 00000000 00:00 0                          [stack:9715]
7f58853cb000-7f58853cc000 ---p 00000000 00:00 0 
7f58853cc000-7f58854d7000 rw-p 00000000 00:00 0                          [stack:9714]
7f58854d7000-7f588551f000 rw-p 00000000 00:00 0 
7f588551f000-7f5885533000 rw-p 00000000 00:00 0 
7f5885533000-7f5885675000 rw-p 00000000 00:00 0 
7f5885675000-7f5885680000 rw-p 00000000 00:00 0 
7f5885680000-7f58856c8000 rw-p 00000000 00:00 0 
7f58856c8000-7f58856dc000 rw-p 00000000 00:00 0 
7f58856dc000-7f588581d000 rw-p 00000000 00:00 0 
7f588581d000-7f5885846000 rw-p 00000000 00:00 0 
7f5885846000-7f58858c8000 rw-p 00000000 00:00 0 
7f58858c8000-7f58858c9000 rw-p 00000000 00:00 0 
7f58858c9000-7f58858d1000 r-xp 00000000 08:01 1448960                    /usr/lib/jvm/java-7-openjdk-amd64/jre/lib/amd64/libzip.so
7f58858d1000-7f5885ad0000 ---p 00008000 08:01 1448960                    /usr/lib/jvm/java-7-openjdk-amd64/jre/lib/amd64/libzip.so
7f5885ad0000-7f5885ad1000 r--p 00007000 08:01 1448960                    /usr/lib/jvm/java-7-openjdk-amd64/jre/lib/amd64/libzip.so
7f5885ad1000-7f5885ad2000 rw-p 00008000 08:01 1448960                    /usr/lib/jvm/java-7-openjdk-amd64/jre/lib/amd64/libzip.so
7f5885ad2000-7f5885add000 r-xp 00000000 08:01 5373969                    /lib/x86_64-linux-gnu/libnss_files-2.19.so
7f5885add000-7f5885cdc000 ---p 0000b000 08:01 5373969                    /lib/x86_64-linux-gnu/libnss_files-2.19.so
7f5885cdc000-7f5885cdd000 r--p 0000a000 08:01 5373969                    /lib/x86_64-linux-gnu/libnss_files-2.19.so
7f5885cdd000-7f5885cde000 rw-p 0000b000 08:01 5373969                    /lib/x86_64-linux-gnu/libnss_files-2.19.so
7f5885cde000-7f5885ce8000 r-xp 00000000 08:01 5373971                    /lib/x86_64-linux-gnu/libnss_nis-2.19.so
7f5885ce8000-7f5885ee7000 ---p 0000a000 08:01 5373971                    /lib/x86_64-linux-gnu/libnss_nis-2.19.so
7f5885ee7000-7f5885ee8000 r--p 00009000 08:01 5373971                    /lib/x86_64-linux-gnu/libnss_nis-2.19.so
7f5885ee8000-7f5885ee9000 rw-p 0000a000 08:01 5373971                    /lib/x86_64-linux-gnu/libnss_nis-2.19.so
7f5885ee9000-7f5885efe000 r-xp 00000000 08:01 5373966                    /lib/x86_64-linux-gnu/libnsl-2.19.so
7f5885efe000-7f58860fd000 ---p 00015000 08:01 5373966                    /lib/x86_64-linux-gnu/libnsl-2.19.so
7f58860fd000-7f58860fe000 r--p 00014000 08:01 5373966                    /lib/x86_64-linux-gnu/libnsl-2.19.so
7f58860fe000-7f58860ff000 rw-p 00015000 08:01 5373966                    /lib/x86_64-linux-gnu/libnsl-2.19.so
7f58860ff000-7f5886101000 rw-p 00000000 00:00 0 
7f5886101000-7f5886108000 r-xp 00000000 08:01 5373967                    /lib/x86_64-linux-gnu/libnss_compat-2.19.so
7f5886108000-7f5886307000 ---p 00007000 08:01 5373967                    /lib/x86_64-linux-gnu/libnss_compat-2.19.so
7f5886307000-7f5886308000 r--p 00006000 08:01 5373967                    /lib/x86_64-linux-gnu/libnss_compat-2.19.so
7f5886308000-7f5886309000 rw-p 00007000 08:01 5373967                    /lib/x86_64-linux-gnu/libnss_compat-2.19.so
7f5886309000-7f5886336000 r-xp 00000000 08:01 1448987                    /usr/lib/jvm/java-7-openjdk-amd64/jre/lib/amd64/libjava.so
7f5886336000-7f5886535000 ---p 0002d000 08:01 1448987                    /usr/lib/jvm/java-7-openjdk-amd64/jre/lib/amd64/libjava.so
7f5886535000-7f5886536000 r--p 0002c000 08:01 1448987                    /usr/lib/jvm/java-7-openjdk-amd64/jre/lib/amd64/libjava.so
7f5886536000-7f5886538000 rw-p 0002d000 08:01 1448987                    /usr/lib/jvm/java-7-openjdk-amd64/jre/lib/amd64/libjava.so
7f5886538000-7f5886547000 r-xp 00000000 08:01 1448956                    /usr/lib/jvm/java-7-openjdk-amd64/jre/lib/amd64/libverify.so
7f5886547000-7f5886746000 ---p 0000f000 08:01 1448956                    /usr/lib/jvm/java-7-openjdk-amd64/jre/lib/amd64/libverify.so
7f5886746000-7f5886749000 r--p 0000e000 08:01 1448956                    /usr/lib/jvm/java-7-openjdk-amd64/jre/lib/amd64/libverify.so
7f5886749000-7f588674a000 rw-p 00011000 08:01 1448956                    /usr/lib/jvm/java-7-openjdk-amd64/jre/lib/amd64/libverify.so
7f588674a000-7f5886751000 r-xp 00000000 08:01 5373975                    /lib/x86_64-linux-gnu/librt-2.19.so
7f5886751000-7f5886950000 ---p 00007000 08:01 5373975                    /lib/x86_64-linux-gnu/librt-2.19.so
7f5886950000-7f5886951000 r--p 00006000 08:01 5373975                    /lib/x86_64-linux-gnu/librt-2.19.so
7f5886951000-7f5886952000 rw-p 00007000 08:01 5373975                    /lib/x86_64-linux-gnu/librt-2.19.so
7f5886952000-7f5886968000 r-xp 00000000 08:01 5373956                    /lib/x86_64-linux-gnu/libgcc_s.so.1
7f5886968000-7f5886b67000 ---p 00016000 08:01 5373956                    /lib/x86_64-linux-gnu/libgcc_s.so.1
7f5886b67000-7f5886b68000 rw-p 00015000 08:01 5373956                    /lib/x86_64-linux-gnu/libgcc_s.so.1
7f5886b68000-7f5886c68000 r-xp 00000000 08:01 5373964                    /lib/x86_64-linux-gnu/libm-2.19.so
7f5886c68000-7f5886e67000 ---p 00100000 08:01 5373964                    /lib/x86_64-linux-gnu/libm-2.19.so
7f5886e67000-7f5886e68000 r--p 000ff000 08:01 5373964                    /lib/x86_64-linux-gnu/libm-2.19.so
7f5886e68000-7f5886e69000 rw-p 00100000 08:01 5373964                    /lib/x86_64-linux-gnu/libm-2.19.so
7f5886e69000-7f5886f55000 r-xp 00000000 08:01 791154                     /usr/lib/x86_64-linux-gnu/libstdc++.so.6.0.20
7f5886f55000-7f5887155000 ---p 000ec000 08:01 791154                     /usr/lib/x86_64-linux-gnu/libstdc++.so.6.0.20
7f5887155000-7f588715d000 r--p 000ec000 08:01 791154                     /usr/lib/x86_64-linux-gnu/libstdc++.so.6.0.20
7f588715d000-7f588715f000 rw-p 000f4000 08:01 791154                     /usr/lib/x86_64-linux-gnu/libstdc++.so.6.0.20
7f588715f000-7f5887174000 rw-p 00000000 00:00 0 
7f5887174000-7f5887ccb000 r-xp 00000000 08:01 1580483                    /usr/lib/jvm/java-7-openjdk-amd64/jre/lib/amd64/server/libjvm.so
7f5887ccb000-7f5887ecb000 ---p 00b57000 08:01 1580483                    /usr/lib/jvm/java-7-openjdk-amd64/jre/lib/amd64/server/libjvm.so
7f5887ecb000-7f5887f6a000 r--p 00b57000 08:01 1580483                    /usr/lib/jvm/java-7-openjdk-amd64/jre/lib/amd64/server/libjvm.so
7f5887f6a000-7f5887f8d000 rw-p 00bf6000 08:01 1580483                    /usr/lib/jvm/java-7-openjdk-amd64/jre/lib/amd64/server/libjvm.so
7f5887f8d000-7f5887fbb000 rw-p 00000000 00:00 0 
7f5887fbb000-7f5887fd5000 r-xp 00000000 08:01 5374052                    /lib/x86_64-linux-gnu/libz.so.1.2.8
7f5887fd5000-7f58881d4000 ---p 0001a000 08:01 5374052                    /lib/x86_64-linux-gnu/libz.so.1.2.8
7f58881d4000-7f58881d5000 r--p 00019000 08:01 5374052                    /lib/x86_64-linux-gnu/libz.so.1.2.8
7f58881d5000-7f58881d6000 rw-p 0001a000 08:01 5374052                    /lib/x86_64-linux-gnu/libz.so.1.2.8
7f58881d6000-7f5888378000 r-xp 00000000 08:01 5373960                    /lib/x86_64-linux-gnu/libc-2.19.so
7f5888378000-7f5888577000 ---p 001a2000 08:01 5373960                    /lib/x86_64-linux-gnu/libc-2.19.so
7f5888577000-7f588857b000 r--p 001a1000 08:01 5373960                    /lib/x86_64-linux-gnu/libc-2.19.so
7f588857b000-7f588857d000 rw-p 001a5000 08:01 5373960                    /lib/x86_64-linux-gnu/libc-2.19.so
7f588857d000-7f5888581000 rw-p 00000000 00:00 0 
7f5888581000-7f5888584000 r-xp 00000000 08:01 5373963                    /lib/x86_64-linux-gnu/libdl-2.19.so
7f5888584000-7f5888783000 ---p 00003000 08:01 5373963                    /lib/x86_64-linux-gnu/libdl-2.19.so
7f5888783000-7f5888784000 r--p 00002000 08:01 5373963                    /lib/x86_64-linux-gnu/libdl-2.19.so
7f5888784000-7f5888785000 rw-p 00003000 08:01 5373963                    /lib/x86_64-linux-gnu/libdl-2.19.so
7f5888785000-7f5888792000 r-xp 00000000 08:01 1580479                    /usr/lib/jvm/java-7-openjdk-amd64/jre/lib/amd64/jli/libjli.so
7f5888792000-7f5888991000 ---p 0000d000 08:01 1580479                    /usr/lib/jvm/java-7-openjdk-amd64/jre/lib/amd64/jli/libjli.so
7f5888991000-7f5888992000 r--p 0000c000 08:01 1580479                    /usr/lib/jvm/java-7-openjdk-amd64/jre/lib/amd64/jli/libjli.so
7f5888992000-7f5888993000 rw-p 0000d000 08:01 1580479                    /usr/lib/jvm/java-7-openjdk-amd64/jre/lib/amd64/jli/libjli.so
7f5888993000-7f58889ab000 r-xp 00000000 08:01 5373955                    /lib/x86_64-linux-gnu/libpthread-2.19.so
7f58889ab000-7f5888baa000 ---p 00018000 08:01 5373955                    /lib/x86_64-linux-gnu/libpthread-2.19.so
7f5888baa000-7f5888bab000 r--p 00017000 08:01 5373955                    /lib/x86_64-linux-gnu/libpthread-2.19.so
7f5888bab000-7f5888bac000 rw-p 00018000 08:01 5373955                    /lib/x86_64-linux-gnu/libpthread-2.19.so
7f5888bac000-7f5888bb0000 rw-p 00000000 00:00 0 
7f5888bb0000-7f5888bd0000 r-xp 00000000 08:01 5373957                    /lib/x86_64-linux-gnu/ld-2.19.so
7f5888bd1000-7f5888bd5000 r--s 00085000 08:01 1446929                    /usr/lib/jvm/java-7-openjdk-amd64/jre/lib/ext/localedata.jar
7f5888bd5000-7f5888bf7000 rw-p 00000000 00:00 0 
7f5888bf7000-7f5888cad000 rw-p 00000000 00:00 0 
7f5888cad000-7f5888cb0000 ---p 00000000 00:00 0 
7f5888cb0000-7f5888db4000 rw-p 00000000 00:00 0                          [stack:9711]
7f5888db4000-7f5888db6000 r--s 00012000 08:01 1446928                    /usr/lib/jvm/java-7-openjdk-amd64/jre/lib/ext/zipfs.jar
7f5888db6000-7f5888dba000 r--s 00034000 08:01 1446934                    /usr/lib/jvm/java-7-openjdk-amd64/jre/lib/ext/sunjce_provider.jar
7f5888dba000-7f5888dbb000 r--s 00002000 08:01 1446930                    /usr/lib/jvm/java-7-openjdk-amd64/jre/lib/ext/dnsns.jar
7f5888dbb000-7f5888dbe000 r--s 0000f000 08:01 1446932                    /usr/lib/jvm/java-7-openjdk-amd64/jre/lib/ext/icedtea-sound.jar
7f5888dbe000-7f5888dc2000 r--s 0003c000 08:01 1446933                    /usr/lib/jvm/java-7-openjdk-amd64/jre/lib/ext/sunpkcs11.jar
7f5888dc2000-7f5888dc4000 r--s 00006000 08:01 1317928                    /usr/share/java/java-atk-wrapper.jar
7f5888dc4000-7f5888dcc000 rw-s 00000000 08:01 3937020                    /tmp/hsperfdata_yann/9708
7f5888dcc000-7f5888dcd000 rw-p 00000000 00:00 0 
7f5888dcd000-7f5888dce000 ---p 00000000 00:00 0 
7f5888dce000-7f5888dd0000 rw-p 00000000 00:00 0 
7f5888dd0000-7f5888dd1000 r--p 00020000 08:01 5373957                    /lib/x86_64-linux-gnu/ld-2.19.so
7f5888dd1000-7f5888dd2000 rw-p 00021000 08:01 5373957                    /lib/x86_64-linux-gnu/ld-2.19.so
7f5888dd2000-7f5888dd3000 rw-p 00000000 00:00 0 
7ffcedd29000-7ffcedd4a000 rw-p 00000000 00:00 0                          [stack]
7ffcedd4d000-7ffcedd4f000 r-xp 00000000 00:00 0                          [vdso]
7ffcedd4f000-7ffcedd51000 r--p 00000000 00:00 0                          [vvar]
ffffffffff600000-ffffffffff601000 r-xp 00000000 00:00 0                  [vsyscall]

VM Arguments:
jvm_args: -Djava.awt.headless=true -Xmx1024M -Dfile.encoding=UTF-8 -Duser.country=FR -Duser.language=fr -Duser.variant 
java_command: com.android.dx.command.Main --dex --force-jumbo --num-threads=4 --output /home/yann/Documents/Programmation/Android/Groupe4/univLocation/app/build/intermediates/pre-dexed/debug/com.google.android.gms-play-services-ads-8.4.0_efa63fe02eeb9b34326be7b249930f3606b7ace7.jar /home/yann/Documents/Programmation/Android/Groupe4/univLocation/app/build/intermediates/exploded-aar/com.google.android.gms/play-services-ads/8.4.0/jars/classes.jar
Launcher Type: SUN_STANDARD

Environment Variables:
JAVA_HOME=/usr/lib/jvm/java-7-openjdk-amd64
PATH=/usr/local/bin:/usr/bin:/bin:/usr/local/games:/usr/games
USERNAME=yann
LD_LIBRARY_PATH=./android-studio/bin:
SHELL=/bin/bash
DISPLAY=:0

Signal Handlers:
SIGSEGV: [libjvm.so+0x989ea0], sa_mask[0]=0x7ffbfeff, sa_flags=0x10000004
SIGBUS: [libjvm.so+0x989ea0], sa_mask[0]=0x7ffbfeff, sa_flags=0x10000004
SIGFPE: [libjvm.so+0x7f6820], sa_mask[0]=0x7ffbfeff, sa_flags=0x10000004
SIGPIPE: [libjvm.so+0x7f6820], sa_mask[0]=0x7ffbfeff, sa_flags=0x10000004
SIGXFSZ: [libjvm.so+0x7f6820], sa_mask[0]=0x7ffbfeff, sa_flags=0x10000004
SIGILL: [libjvm.so+0x7f6820], sa_mask[0]=0x7ffbfeff, sa_flags=0x10000004
SIGUSR1: SIG_DFL, sa_mask[0]=0x00000000, sa_flags=0x00000000
SIGUSR2: [libjvm.so+0x7f66a0], sa_mask[0]=0x00000004, sa_flags=0x10000004
SIGHUP: [libjvm.so+0x7f68a0], sa_mask[0]=0x7ffbfeff, sa_flags=0x10000004
SIGINT: [libjvm.so+0x7f68a0], sa_mask[0]=0x7ffbfeff, sa_flags=0x10000004
SIGTERM: [libjvm.so+0x7f68a0], sa_mask[0]=0x7ffbfeff, sa_flags=0x10000004
SIGQUIT: [libjvm.so+0x7f68a0], sa_mask[0]=0x7ffbfeff, sa_flags=0x10000004
SIGTRAP: SIG_DFL, sa_mask[0]=0x00000000, sa_flags=0x00000000


---------------  S Y S T E M  ---------------

OS:8.4

uname:Linux 3.16.0-4-amd64 #1 SMP Debian 3.16.7-ckt25-2 (2016-04-08) x86_64
libc:glibc 2.19 NPTL 2.19 
rlimit: STACK 8192k, CORE 0k, NPROC 15318, NOFILE 65536, AS infinity
load average:13,35 6,20 5,39

/proc/meminfo:
MemTotal:        3938628 kB
MemFree:          104824 kB
MemAvailable:      49184 kB
Buffers:            1136 kB
Cached:           392688 kB
SwapCached:            0 kB
Active:          3321396 kB
Inactive:         376596 kB
Active(anon):    3308824 kB
Inactive(anon):   364708 kB
Active(file):      12572 kB
Inactive(file):    11888 kB
Unevictable:           0 kB
Mlocked:               0 kB
SwapTotal:             0 kB
SwapFree:              0 kB
Dirty:              3452 kB
Writeback:             0 kB
AnonPages:       3304208 kB
Mapped:            33540 kB
Shmem:            369260 kB
Slab:              63916 kB
SReclaimable:      33184 kB
SUnreclaim:        30732 kB
KernelStack:        9328 kB
PageTables:        32108 kB
NFS_Unstable:          0 kB
Bounce:                0 kB
WritebackTmp:          0 kB
CommitLimit:     1969312 kB
Committed_AS:    6804896 kB
VmallocTotal:   34359738367 kB
VmallocUsed:      347180 kB
VmallocChunk:   34359387100 kB
HardwareCorrupted:     0 kB
AnonHugePages:         0 kB
HugePages_Total:       0
HugePages_Free:        0
HugePages_Rsvd:        0
HugePages_Surp:        0
Hugepagesize:       2048 kB
DirectMap4k:       67200 kB
DirectMap2M:     4007936 kB


CPU:total 4 (2 cores per cpu, 2 threads per core) family 6 model 42 stepping 7, cmov, cx8, fxsr, mmx, sse, sse2, sse3, ssse3, sse4.1, sse4.2, popcnt, avx, aes, ht, tsc, tscinvbit

/proc/cpuinfo:
processor	: 0
vendor_id	: GenuineIntel
cpu family	: 6
model		: 42
model name	: Intel(R) Core(TM) i5-2520M CPU @ 2.50GHz
stepping	: 7
microcode	: 0x23
cpu MHz		: 3000.000
cache size	: 3072 KB
physical id	: 0
siblings	: 4
core id		: 0
cpu cores	: 2
apicid		: 0
initial apicid	: 0
fpu		: yes
fpu_exception	: yes
cpuid level	: 13
wp		: yes
flags		: fpu vme de pse tsc msr pae mce cx8 apic sep mtrr pge mca cmov pat pse36 clflush dts acpi mmx fxsr sse sse2 ss ht tm pbe syscall nx rdtscp lm constant_tsc arch_perfmon pebs bts nopl xtopology nonstop_tsc aperfmperf eagerfpu pni pclmulqdq dtes64 ds_cpl vmx smx est tm2 ssse3 cx16 xtpr pdcm pcid sse4_1 sse4_2 x2apic popcnt tsc_deadline_timer aes xsave avx lahf_lm ida arat epb xsaveopt pln pts dtherm tpr_shadow vnmi flexpriority ept vpid
bogomips	: 4983.71
clflush size	: 64
cache_alignment	: 64
address sizes	: 36 bits physical, 48 bits virtual
power management:

processor	: 1
vendor_id	: GenuineIntel
cpu family	: 6
model		: 42
model name	: Intel(R) Core(TM) i5-2520M CPU @ 2.50GHz
stepping	: 7
microcode	: 0x23
cpu MHz		: 3000.000
cache size	: 3072 KB
physical id	: 0
siblings	: 4
core id		: 0
cpu cores	: 2
apicid		: 1
initial apicid	: 1
fpu		: yes
fpu_exception	: yes
cpuid level	: 13
wp		: yes
flags		: fpu vme de pse tsc msr pae mce cx8 apic sep mtrr pge mca cmov pat pse36 clflush dts acpi mmx fxsr sse sse2 ss ht tm pbe syscall nx rdtscp lm constant_tsc arch_perfmon pebs bts nopl xtopology nonstop_tsc aperfmperf eagerfpu pni pclmulqdq dtes64 ds_cpl vmx smx est tm2 ssse3 cx16 xtpr pdcm pcid sse4_1 sse4_2 x2apic popcnt tsc_deadline_timer aes xsave avx lahf_lm ida arat epb xsaveopt pln pts dtherm tpr_shadow vnmi flexpriority ept vpid
bogomips	: 4983.71
clflush size	: 64
cache_alignment	: 64
address sizes	: 36 bits physical, 48 bits virtual
power management:

processor	: 2
vendor_id	: GenuineIntel
cpu family	: 6
model		: 42
model name	: Intel(R) Core(TM) i5-2520M CPU @ 2.50GHz
stepping	: 7
microcode	: 0x23
cpu MHz		: 3000.000
cache size	: 3072 KB
physical id	: 0
siblings	: 4
core id		: 1
cpu cores	: 2
apicid		: 2
initial apicid	: 2
fpu		: yes
fpu_exception	: yes
cpuid level	: 13
wp		: yes
flags		: fpu vme de pse tsc msr pae mce cx8 apic sep mtrr pge mca cmov pat pse36 clflush dts acpi mmx fxsr sse sse2 ss ht tm pbe syscall nx rdtscp lm constant_tsc arch_perfmon pebs bts nopl xtopology nonstop_tsc aperfmperf eagerfpu pni pclmulqdq dtes64 ds_cpl vmx smx est tm2 ssse3 cx16 xtpr pdcm pcid sse4_1 sse4_2 x2apic popcnt tsc_deadline_timer aes xsave avx lahf_lm ida arat epb xsaveopt pln pts dtherm tpr_shadow vnmi flexpriority ept vpid
bogomips	: 4983.71
clflush size	: 64
cache_alignment	: 64
address sizes	: 36 bits physical, 48 bits virtual
power management:

processor	: 3
vendor_id	: GenuineIntel
cpu family	: 6
model		: 42
model name	: Intel(R) Core(TM) i5-2520M CPU @ 2.50GHz
stepping	: 7
microcode	: 0x23
cpu MHz		: 3000.000
cache size	: 3072 KB
physical id	: 0
siblings	: 4
core id		: 1
cpu cores	: 2
apicid		: 3
initial apicid	: 3
fpu		: yes
fpu_exception	: yes
cpuid level	: 13
wp		: yes
flags		: fpu vme de pse tsc msr pae mce cx8 apic sep mtrr pge mca cmov pat pse36 clflush dts acpi mmx fxsr sse sse2 ss ht tm pbe syscall nx rdtscp lm constant_tsc arch_perfmon pebs bts nopl xtopology nonstop_tsc aperfmperf eagerfpu pni pclmulqdq dtes64 ds_cpl vmx smx est tm2 ssse3 cx16 xtpr pdcm pcid sse4_1 sse4_2 x2apic popcnt tsc_deadline_timer aes xsave avx lahf_lm ida arat epb xsaveopt pln pts dtherm tpr_shadow vnmi flexpriority ept vpid
bogomips	: 4983.71
clflush size	: 64
cache_alignment	: 64
address sizes	: 36 bits physical, 48 bits virtual
power management:



Memory: 4k page, physical 3938628k(104824k free), swap 0k(0k free)

vm_info: OpenJDK 64-Bit Server VM (24.95-b01) for linux-amd64 JRE (1.7.0_101-b00), built on Apr 25 2016 09:53:23 by "jmm" with gcc 4.9.2

time: Tue May 24 20:15:44 2016
elapsed time: 15 seconds

